         0.5        0.02    -1.00208 0.000981809    0.879861   0.0148068    0.281264   0.0129003     87.6735    0.702835
        0.51        0.02   -0.998038  0.00127584    0.842172     0.02381    0.320088   0.0153883     83.8299    0.796375
        0.52        0.02   -0.995183  0.00104363    0.829122   0.0188347    0.342458   0.0120236     80.6184    0.676687
        0.53        0.02   -0.992372  0.00124202    0.826383   0.0222441    0.365695    0.011578     77.3303    0.740628
        0.54        0.02   -0.988958  0.00117587     0.81464   0.0148126    0.392462   0.0111967     73.9405    0.783441
        0.55        0.02   -0.985679  0.00105186    0.804111   0.0115477    0.408017   0.0108327     70.9925    0.735511
        0.56        0.02   -0.981854  0.00114063    0.770481   0.0125384    0.426953   0.0108533     68.0554    0.771697
        0.57        0.02   -0.976939  0.00144827    0.739141    0.015884    0.445699   0.0114929      64.275    0.963819
        0.58        0.02   -0.972927  0.00126744     0.71135   0.0166549    0.461559  0.00976884     61.5558    0.815147
        0.59        0.02    -0.96899  0.00131848    0.701669   0.0145801    0.464814  0.00699809     58.5484    0.852883
         0.6        0.02   -0.962575  0.00147434    0.646538   0.0233285    0.479381  0.00583341     54.7555    0.855432
        0.61        0.02    -0.95728   0.0014134    0.627476   0.0161768    0.494137  0.00517807     51.6209    0.901652
        0.62        0.02   -0.953798  0.00135541    0.614119   0.0160779    0.506704  0.00547028      49.719    0.794527
        0.63        0.02   -0.947636  0.00134677    0.563479   0.0157516    0.510607  0.00716278     46.5761    0.767643
        0.64        0.02   -0.942409  0.00122694    0.554943   0.0153803    0.520888  0.00705803     43.8616    0.620058
        0.65        0.02   -0.936669  0.00127685    0.527289   0.0131812    0.516534  0.00586886     40.9685    0.599347
        0.66        0.02    -0.93227  0.00134295    0.520467    0.012945    0.522901  0.00591617     39.0348    0.635874
        0.67        0.02   -0.927464   0.0011446    0.504267   0.0143448    0.526512  0.00504538     37.0112    0.507897
        0.68        0.02   -0.924186 0.000980503    0.494746   0.0105289    0.529989  0.00622555     36.0575    0.396868
        0.69        0.02   -0.917389  0.00117341    0.460134   0.0117641     0.52912  0.00625446     33.1678     0.52827
         0.7        0.02   -0.914351 0.000890271    0.461183  0.00980974    0.531553  0.00625493      32.371    0.435525
        0.71        0.02   -0.909208  0.00105235    0.443333   0.0106289    0.529466  0.00674586     30.7288    0.441208
        0.72        0.02    -0.90421  0.00118459    0.427094   0.0102024    0.535771  0.00501971     29.4337     0.49825
        0.73        0.02   -0.898133  0.00108398    0.403632   0.0081372    0.523264  0.00685806     27.2527    0.475022
        0.74        0.02    -0.89206  0.00114688    0.372978  0.00998221    0.520634   0.0053667     25.3939    0.461006
        0.75        0.02   -0.887923    0.001266    0.370069   0.0124214    0.523886  0.00497826     24.4764    0.462427
        0.76        0.02   -0.882523  0.00125757    0.339893   0.0114755    0.514656  0.00523239      22.891    0.377827
        0.77        0.02   -0.877228  0.00116809    0.329697  0.00787147     0.50983   0.0039082     21.7773    0.316942
        0.78        0.02   -0.872078   0.0011804    0.314554   0.0111532    0.507628  0.00448248     20.6841    0.371251
        0.79        0.02   -0.867611 0.000764206    0.302661   0.0089415    0.505288  0.00521196     19.8118    0.248792
         0.8        0.02   -0.861594  0.00089649    0.285429   0.0107118     0.50391  0.00585222     18.4848    0.262962
        0.81        0.02   -0.856629 0.000788905    0.273522  0.00717794    0.498543  0.00624295     17.5721    0.244701
        0.82        0.02   -0.851113 0.000829241    0.250211  0.00923842    0.492889  0.00451993     16.5813    0.189634
        0.83        0.02   -0.846557 0.000700303    0.247145  0.00814549    0.488925  0.00402103     15.9413    0.167417
        0.84        0.02      -0.842 0.000780624    0.240422  0.00759802    0.490983   0.0039066     15.3482    0.185562
        0.85        0.02   -0.836899 0.000740743    0.223211  0.00693383    0.484686  0.00336482     14.6019    0.182366
        0.86        0.02   -0.831819 0.000731761    0.225997  0.00627377    0.479198  0.00365892     13.8994     0.19856
        0.87        0.02   -0.826987 0.000778668    0.215652   0.0061022    0.472826  0.00375327     13.2378    0.173416
        0.88        0.02   -0.822918 0.000786941    0.215468  0.00584496    0.474346  0.00398096     12.8873    0.170891
        0.89        0.02   -0.818629 0.000825787    0.210582  0.00706992    0.470701  0.00304879     12.4629    0.180604
         0.9        0.02   -0.813892 0.000932746    0.197078  0.00650787    0.467476  0.00315202     11.9685    0.155684
        0.91        0.02   -0.808258 0.000886888    0.186205   0.0061908    0.462358  0.00224453      11.319    0.158035
        0.92        0.02   -0.803058 0.000883093    0.182878  0.00568281    0.457594  0.00240599     10.7569    0.159531
        0.93        0.02   -0.798301 0.000744982    0.179274  0.00638485    0.456498   0.0028573      10.377    0.140075
        0.94        0.02   -0.794408 0.000806846    0.173681  0.00692227    0.456025  0.00284398     10.0989    0.131602
        0.95        0.02   -0.789773 0.000726661    0.163568  0.00590876    0.451395  0.00365244     9.67396    0.125202
        0.96        0.02   -0.785568  0.00072221    0.158004  0.00517511    0.449555  0.00311362     9.41945     0.12095
        0.97        0.02   -0.780448 0.000717801    0.152738  0.00503279    0.444704  0.00259775     9.06309    0.126549
        0.98        0.02   -0.776459 0.000643468    0.144668  0.00454465    0.441264   0.0026877     8.79689     0.10411
        0.99        0.02   -0.772172 0.000475257    0.146084   0.0033253    0.442519  0.00311933     8.46374   0.0907803
           1        0.02   -0.767581 0.000565224    0.140512  0.00312974    0.436596   0.0026534      8.1623    0.104224
        1.01        0.02   -0.763474 0.000560334    0.136778  0.00397018    0.432483  0.00300247     7.88487   0.0703758
        1.02        0.02   -0.759081 0.000641738    0.132522  0.00403744    0.429397   0.0026735     7.65299   0.0774249
        1.03        0.02   -0.754637 0.000602532     0.12831  0.00401795    0.428045  0.00193329     7.38132   0.0750719
        1.04        0.02    -0.74965 0.000693337    0.122399  0.00417799    0.424322  0.00208842     7.07107   0.0897956
        1.05        0.02    -0.74538 0.000533786    0.120141  0.00419431     0.42022  0.00242796     6.85158   0.0548248
        1.06        0.02   -0.741639 0.000643092    0.119119  0.00406856    0.416741  0.00167523     6.71994   0.0639353
        1.07        0.02   -0.737575 0.000454648    0.116807  0.00429981    0.417193  0.00219915     6.63737   0.0688111
        1.08        0.02   -0.733485 0.000498332    0.113536  0.00505918    0.414144  0.00203864     6.42533   0.0709662
        1.09        0.02   -0.729845 0.000555956     0.11221  0.00436899    0.412668   0.0022961     6.26239   0.0730897
         1.1        0.02   -0.725392 0.000605446    0.111579  0.00484209    0.409392  0.00217782     6.07053   0.0702156
        1.11        0.02   -0.721321 0.000613202    0.109874   0.0039201    0.407523  0.00199154     5.93059   0.0739362
        1.12        0.02   -0.716709 0.000591907    0.102322  0.00267866    0.402172  0.00221224     5.70592   0.0526625
        1.13        0.02   -0.712234  0.00056673    0.100177  0.00352078    0.401114  0.00174781     5.51412   0.0524364
        1.14        0.02   -0.708798 0.000511064   0.0970106  0.00267195    0.395082  0.00196465      5.3789   0.0448862
        1.15        0.02   -0.704673 0.000439307   0.0910918  0.00302174     0.39342  0.00190755      5.2318   0.0359723
        1.16        0.02   -0.700507 0.000522774   0.0914802  0.00285588    0.389887  0.00180593     5.10147   0.0414161
        1.17        0.02   -0.697006 0.000516729   0.0916878  0.00346625    0.386138  0.00219521     4.99017   0.0538422
        1.18        0.02   -0.692804 0.000565339   0.0872446  0.00351952    0.383658  0.00216599      4.9173   0.0490546
        1.19        0.02   -0.688992 0.000415337   0.0857952  0.00337469    0.381777  0.00209897     4.75388   0.0360618
         1.2        0.02   -0.685069 0.000498514    0.082616  0.00258309    0.377901  0.00205106     4.60859   0.0438051
        1.21        0.02   -0.681544 0.000410777   0.0821088  0.00243606    0.375125  0.00184211     4.56725   0.0424536
        1.22        0.02   -0.678172 0.000455049   0.0813172  0.00297023    0.373937  0.00158125     4.47328   0.0511291
        1.23        0.02    -0.67399 0.000390212   0.0777154  0.00276601    0.370094  0.00139617     4.31041   0.0315014
        1.24        0.02   -0.670501 0.000387018   0.0736054  0.00248472    0.367931  0.00153972     4.21025    0.038977
        1.25        0.02   -0.666693 0.000444567   0.0759836  0.00321731    0.363878 0.000991523      4.1509   0.0271673
        1.26        0.02   -0.662904 0.000376902   0.0751008  0.00224611    0.361674 0.000886821     4.02722   0.0373079
        1.27        0.02   -0.659581  0.00034972   0.0734566  0.00240452     0.35982  0.00134481     3.97209   0.0295612
        1.28        0.02   -0.655961 0.000399799   0.0724032  0.00244477     0.35557   0.0011099     3.86684   0.0272212
        1.29        0.02   -0.652506 0.000437067   0.0704574  0.00213781    0.350554  0.00123049      3.8045   0.0319101
         1.3        0.02    -0.64897 0.000477219   0.0707322  0.00261173    0.348649  0.00130304     3.74673   0.0302917
        1.31        0.02    -0.64569 0.000519918    0.069226  0.00226723    0.345618  0.00151099     3.65139   0.0327147
        1.32        0.02    -0.64226 0.000483425   0.0658086   0.0018581    0.342859  0.00148449     3.57663   0.0277933
        1.33        0.02   -0.638795 0.000475712   0.0657674  0.00199929     0.33988  0.00116206     3.53698   0.0289313
        1.34        0.02   -0.635493  0.00046444     0.06673  0.00213892    0.338358  0.00139842     3.43947    0.027683
        1.35        0.02   -0.632071 0.000524544   0.0636102  0.00217582    0.336284  0.00126933     3.38931   0.0236963
        1.36        0.02   -0.628493 0.000523139    0.060989  0.00203403    0.333824  0.00127861     3.30973   0.0223286
        1.37        0.02   -0.625213 0.000488468   0.0615276  0.00166342    0.330516 0.000923267     3.24499   0.0228487
        1.38        0.02   -0.621318  0.00044459   0.0593992  0.00190164    0.328188  0.00146083     3.19305    0.023145
        1.39        0.02   -0.618615 0.000422417    0.059416  0.00230921    0.324937  0.00135209     3.16333   0.0213496
         1.4        0.02   -0.615234 0.000437531   0.0582908  0.00207414    0.321314  0.00132502     3.08356   0.0246267
        1.41        0.02   -0.611808 0.000510375   0.0555086  0.00246692    0.318615  0.00112782     3.01501   0.0179783
        1.42        0.02   -0.608585 0.000458367   0.0552994  0.00240162    0.315523   0.0010577     2.93512   0.0172381
        1.43        0.02   -0.605387 0.000470042    0.053369  0.00195715     0.31343 0.000912164     2.91351   0.0172858
        1.44        0.02   -0.602504 0.000447012   0.0530662  0.00222992    0.310398  0.00107998     2.87995   0.0123414
        1.45        0.02   -0.599656 0.000425036   0.0503498    0.002645    0.308568  0.00138772      2.8403   0.0177139
        1.46        0.02   -0.596296 0.000415671    0.052902  0.00246215    0.306093  0.00121013     2.78869   0.0203702
        1.47        0.02   -0.593289 0.000485951   0.0522486  0.00192511    0.304943  0.00143775     2.73978    0.022054
        1.48        0.02   -0.590624 0.000477959   0.0520214  0.00163378    0.302568  0.00130687     2.71017   0.0168238
        1.49        0.02   -0.587556 0.000398221   0.0512798  0.00164674    0.300112  0.00119179     2.68383   0.0150707
         1.5        0.02   -0.584492 0.000420874   0.0498408  0.00119909    0.297845  0.00102803     2.63116   0.0149669
        1.51        0.02   -0.581523 0.000535003    0.050052  0.00118884    0.295252  0.00094336     2.56841   0.0145402
        1.52        0.02   -0.578322 0.000551279   0.0470566  0.00124665    0.291401 0.000899981     2.50638   0.0165266
        1.53        0.02   -0.575511 0.000543876    0.047192  0.00185277    0.289985 0.000820793     2.48698   0.0181823
        1.54        0.02   -0.572629 0.000503688   0.0439478  0.00153342     0.28704 0.000684319     2.43287   0.0166123
        1.55        0.02    -0.56968 0.000516377   0.0454572  0.00165604    0.285541 0.000867622     2.38996   0.0131427
        1.56        0.02   -0.566811 0.000492256   0.0451724  0.00152695    0.283285 0.000716391     2.36234   0.0106038
        1.57        0.02    -0.56418 0.000564735   0.0458202  0.00129554    0.280436 0.000792518     2.35041   0.0152014
        1.58        0.02   -0.561289 0.000523141    0.044765  0.00150533    0.278255 0.000652985     2.30112   0.0144425
        1.59        0.02   -0.558756 0.000543682    0.043816  0.00160547    0.276495 0.000731191      2.2672   0.0148859
         1.6        0.02   -0.556056 0.000577459   0.0435736  0.00171861     0.27331 0.000749631     2.21294   0.0122079
        1.61        0.02   -0.553396 0.000541827   0.0432394  0.00166904     0.27107  0.00090026     2.18938    0.013424
        1.62        0.02   -0.550608 0.000552265   0.0411978  0.00164222    0.269506 0.000970464     2.15983   0.0145867
        1.63        0.02   -0.547905 0.000509932    0.041333   0.0015456    0.266847  0.00103421     2.12476   0.0132693
        1.64        0.02   -0.545273 0.000451677   0.0416526  0.00129765    0.264239 0.000758612     2.11385   0.0126459
        1.65        0.02   -0.542623 0.000471505   0.0411164  0.00148582    0.261667 0.000740221      2.0983   0.0120661
        1.66        0.02   -0.540122 0.000440726   0.0413752  0.00142961    0.260291 0.000665791     2.06562   0.0120841
        1.67        0.02   -0.537105 0.000512254   0.0398264  0.00153597    0.257833 0.000936501     2.03415    0.012962
        1.68        0.02   -0.534542 0.000539257    0.039735  0.00129981    0.254608 0.000639743     2.00791   0.0153595
        1.69        0.02   -0.532093 0.000454777   0.0395812  0.00124442    0.252309 0.000759657     1.97336  0.00923751
         1.7        0.02   -0.529923 0.000473351    0.039568  0.00143858    0.250662 0.000816116     1.94969   0.0136642
        1.71        0.02   -0.527435 0.000423994   0.0395044  0.00163704    0.247668 0.000707567      1.9263   0.0110462
        1.72        0.02   -0.524834 0.000558736   0.0395554  0.00180927    0.246716 0.000611422      1.8969   0.0137169
        1.73        0.02   -0.522109 0.000477901   0.0373312  0.00177217    0.244029 0.000711501     1.86706   0.0127421
        1.74        0.02   -0.520035 0.000441207   0.0366428  0.00152948    0.242493 0.000644267     1.85478   0.0116302
        1.75        0.02   -0.517807 0.000424938    0.036084  0.00126019    0.240798 0.000613192     1.82869  0.00919886
        1.76        0.02   -0.515127 0.000368867   0.0360896  0.00116876    0.238592 0.000733873      1.7915   0.0114327
        1.77        0.02   -0.512905  0.00039055   0.0368528  0.00126118     0.23672 0.000900825     1.76414   0.0106547
        1.78        0.02   -0.510367 0.000392504    0.037369   0.0014967    0.235233 0.000580814     1.75651  0.00914953
        1.79        0.02   -0.508254 0.000445398   0.0359706  0.00186776    0.233445 0.000713185     1.72924   0.0107645
         1.8        0.02   -0.505933 0.000418129    0.036348  0.00154465    0.231833 0.000811245     1.71043   0.0101043
        1.81        0.02   -0.503503 0.000421706   0.0343138  0.00127438     0.22973 0.000701412     1.69428  0.00963677
        1.82        0.02   -0.501147 0.000421857   0.0343288  0.00118538    0.228636 0.000638625     1.67626  0.00943602
        1.83        0.02   -0.498982 0.000479806   0.0321168 0.000963231    0.226581 0.000707539      1.6567  0.00938704
        1.84        0.02   -0.496562 0.000444976    0.030842 0.000798897    0.224711 0.000584778      1.6319   0.0103548
        1.85        0.02   -0.494369 0.000452917    0.030515   0.0012265    0.222859 0.000414824     1.61493  0.00955461
        1.86        0.02    -0.49199 0.000445424    0.029893     0.00119    0.221049 0.000570863     1.60339  0.00670247
        1.87        0.02   -0.489832 0.000453867   0.0302596  0.00114634    0.219551 0.000625898     1.57866  0.00799461
        1.88        0.02   -0.487708 0.000423088   0.0305368   0.0016126    0.218049 0.000862235     1.56122  0.00792816
        1.89        0.02   -0.485629 0.000430742    0.028297  0.00131255    0.216231   0.0007556     1.54877  0.00689196
         1.9        0.02   -0.483333 0.000415214   0.0295008   0.0014444    0.214339 0.000732392     1.53411  0.00686609
        1.91        0.02   -0.481349 0.000434502    0.029531  0.00147777    0.212699 0.000718963     1.51798  0.00583599
        1.92        0.02   -0.479183 0.000386868   0.0295078  0.00126016    0.211454 0.000627901     1.50545  0.00523937
        1.93        0.02   -0.477088 0.000384311   0.0286304  0.00149185    0.209492 0.000708611     1.48064  0.00727986
        1.94        0.02   -0.475039 0.000338408   0.0296314  0.00130774     0.20795 0.000686585     1.46234   0.0065015
        1.95        0.02   -0.472961 0.000368971   0.0294336  0.00134916    0.206032 0.000756248     1.44754  0.00445102
        1.96        0.02   -0.470758 0.000425601   0.0295016  0.00135765     0.20464 0.000785919     1.43569  0.00666323
        1.97        0.02   -0.469114  0.00038139   0.0286818  0.00155248    0.203111 0.000602801     1.42161  0.00576928
        1.98        0.02    -0.46678 0.000348551   0.0287498  0.00149999    0.202272 0.000568863     1.40393  0.00674865
        1.99        0.02   -0.465076 0.000389668   0.0273482  0.00147715     0.20084 0.000606272     1.39225  0.00756628
