         0.5        0.02    -1.00325  0.00109565    0.900147   0.0205288    0.257245   0.0140521     90.3035    0.760585
        0.51        0.02    -1.00077   0.0012592    0.879442   0.0249881    0.279042   0.0130502     87.3152    0.738102
        0.52        0.02   -0.996945  0.00131242    0.850489   0.0265566    0.317877   0.0128661     83.3947    0.773994
        0.53        0.02   -0.994233  0.00142278    0.848079   0.0218992    0.338894   0.0125506     80.1768    0.893413
        0.54        0.02   -0.990957  0.00166847    0.829009   0.0301526    0.359911   0.0126649     76.9055    0.986061
        0.55        0.02   -0.986624  0.00188531    0.798076   0.0309522    0.386999    0.014777     73.1035     1.14048
        0.56        0.02   -0.983746  0.00176404    0.789767   0.0303249    0.400933   0.0137123     70.3204      1.0303
        0.57        0.02    -0.97909  0.00158543    0.762957   0.0276343    0.429584   0.0126276     66.5675    0.885323
        0.58        0.02   -0.974606  0.00136937     0.72242   0.0271055    0.448194   0.0104493     63.5378    0.765316
        0.59        0.02   -0.969573  0.00154481    0.691874   0.0272067    0.466745   0.0095216     59.9627    0.946455
         0.6        0.02   -0.965164  0.00164659    0.689144   0.0211769    0.481804  0.00862717      56.918     1.04093
        0.61        0.02   -0.961394  0.00173627    0.668865   0.0239663    0.485723  0.00867091     54.6881      1.1223
        0.62        0.02   -0.955499  0.00142095    0.656618   0.0177881    0.504317  0.00691568      50.923     0.90666
        0.63        0.02   -0.949996  0.00140371    0.628832   0.0197789    0.510748  0.00664592     47.9586    0.820638
        0.64        0.02   -0.943518  0.00130171     0.58419   0.0164981    0.512442  0.00694168     44.7089     0.70692
        0.65        0.02   -0.938715  0.00128531    0.560279   0.0175024    0.513789  0.00666259      42.488    0.680018
        0.66        0.02     -0.9327  0.00109816    0.524204   0.0196725    0.517689  0.00654829     39.7971    0.484736
        0.67        0.02   -0.927357    0.001168    0.510504   0.0186158    0.523819  0.00593145     37.8169    0.509747
        0.68        0.02   -0.922428  0.00100939    0.495886   0.0140999    0.524133  0.00456441     35.6371    0.441968
        0.69        0.02   -0.917218 0.000789066    0.471844   0.0117029    0.524635   0.0043346     33.8221    0.352864
         0.7        0.02   -0.911959 0.000695094    0.453686  0.00974088    0.519491  0.00592843     31.9458    0.326711
        0.71        0.02   -0.905941 0.000782135    0.421592  0.00908852    0.512926  0.00558106      29.793    0.329717
        0.72        0.02   -0.900051  0.00078897    0.398239   0.0100175    0.510109  0.00376472     27.6823    0.359649
        0.73        0.02   -0.895612 0.000852974    0.384312   0.0100528    0.507043  0.00559919     26.4919    0.314901
        0.74        0.02   -0.891282 0.000883943    0.373477   0.0101306    0.510167  0.00612744     25.5089     0.30976
        0.75        0.02   -0.886351  0.00102081    0.357787   0.0111856    0.506087  0.00574268     24.0558    0.373793
        0.76        0.02   -0.881283  0.00127224    0.346075   0.0112996    0.506073  0.00524019     22.8148     0.40625
        0.77        0.02   -0.876551  0.00117547    0.332629   0.0100306    0.501515  0.00581666     21.8344    0.356769
        0.78        0.02    -0.87121  0.00107099    0.314951  0.00935455     0.49611  0.00551826     20.5268    0.316915
        0.79        0.02   -0.866154  0.00107356      0.3021  0.00983153    0.497604   0.0049038     19.4993     0.38135
         0.8        0.02   -0.861169 0.000994216    0.294925   0.0083724    0.496323  0.00503548      18.661    0.362488
        0.81        0.02   -0.856402  0.00114368    0.283481  0.00859801    0.491814  0.00505268     17.7216    0.373428
        0.82        0.02   -0.852027  0.00106989     0.27052  0.00884482    0.489594  0.00499596     17.0415     0.37974
        0.83        0.02    -0.84662 0.000967476    0.260802  0.00765971    0.490572  0.00514199     16.1437    0.357798
        0.84        0.02   -0.841818 0.000866992    0.257333  0.00716817    0.482414  0.00490933      15.289    0.307264
        0.85        0.02   -0.837069  0.00078173    0.250334  0.00717483    0.481344  0.00453623     14.7309     0.30818
        0.86        0.02   -0.831918 0.000836053     0.23854  0.00730786    0.476985  0.00450363     13.9315     0.28787
        0.87        0.02   -0.827346 0.000792784    0.228854  0.00728806    0.475648  0.00416227      13.437    0.289183
        0.88        0.02   -0.822373  0.00084782    0.219795  0.00671052    0.471234  0.00413563     12.8281     0.25963
        0.89        0.02   -0.817835 0.000888537    0.211594   0.0058454    0.465706  0.00446508     12.3292    0.245547
         0.9        0.02   -0.813185 0.000823362    0.203138  0.00619448    0.462069  0.00423575     11.8281     0.22523
        0.91        0.02   -0.808492 0.000832645    0.197444  0.00573512    0.459797  0.00421991     11.3668    0.232169
        0.92        0.02    -0.80391 0.000771992     0.19076  0.00535915    0.456131  0.00362526     10.9362    0.199293
        0.93        0.02   -0.799472 0.000721441    0.187295  0.00576452    0.456284  0.00356217     10.5165    0.164833
        0.94        0.02   -0.794946 0.000697533    0.181256  0.00594014     0.45148  0.00355412     10.0745     0.17002
        0.95        0.02    -0.79021 0.000744898    0.176922  0.00592042    0.449426  0.00295742     9.69535     0.17844
        0.96        0.02   -0.785672 0.000752131    0.173321  0.00491108    0.448587     0.00268     9.42937    0.185055
        0.97        0.02   -0.781271 0.000756439    0.169889  0.00518159    0.447127  0.00271886     9.15311    0.172555
        0.98        0.02   -0.776689 0.000725872    0.165091  0.00491395    0.443677  0.00252679     8.87701    0.159772
        0.99        0.02   -0.772189 0.000659747    0.159491  0.00479066    0.440343  0.00238135     8.58575    0.142744
           1        0.02   -0.767656 0.000593788    0.153665  0.00535603    0.438342  0.00239935     8.28405    0.149539
        1.01        0.02   -0.763023 0.000530646    0.148162  0.00475467    0.434241  0.00236842     7.95881    0.133406
        1.02        0.02    -0.75888 0.000504056    0.142443  0.00468075    0.429568  0.00236276     7.67733    0.116724
        1.03        0.02   -0.754637 0.000514173     0.14011  0.00472471    0.427735  0.00239424     7.44639     0.11386
        1.04        0.02   -0.750285 0.000436699    0.134196  0.00450042    0.426226   0.0024156     7.19136   0.0972933
        1.05        0.02   -0.745916 0.000468139    0.130175   0.0044825    0.422919  0.00239666     6.96044   0.0960314
        1.06        0.02   -0.741803 0.000502212    0.127371  0.00419263    0.420113   0.0027098     6.77435    0.083955
        1.07        0.02   -0.737615 0.000494502    0.125878  0.00424236     0.41758  0.00293706     6.58441   0.0789588
        1.08        0.02    -0.73356 0.000452217    0.121895  0.00415537    0.415307  0.00287302     6.42061   0.0730786
        1.09        0.02   -0.729231 0.000449282    0.118814  0.00349638    0.411298  0.00304967     6.20755   0.0640337
         1.1        0.02   -0.724998 0.000410097    0.114611  0.00346756    0.407414   0.0029676     5.99018   0.0598458
        1.11        0.02   -0.720986 0.000408066    0.113583  0.00318105    0.403615  0.00279016     5.82437   0.0487575
        1.12        0.02   -0.717189 0.000405779    0.110068  0.00345074    0.400503  0.00269786     5.68519   0.0435181
        1.13        0.02   -0.713171 0.000416556    0.105953  0.00331153    0.398292  0.00272671     5.53627   0.0394689
        1.14        0.02   -0.709158 0.000353844    0.104038  0.00353954    0.394804  0.00276437     5.39863   0.0443176
        1.15        0.02   -0.704988 0.000347956    0.101044  0.00336026    0.392304  0.00269268     5.24029   0.0411617
        1.16        0.02   -0.701121 0.000353198   0.0987292  0.00355085    0.389205  0.00241644     5.10361    0.046625
        1.17        0.02   -0.697452 0.000339185   0.0971742  0.00328396    0.386572  0.00261706     4.96502   0.0429084
        1.18        0.02   -0.693553 0.000364184   0.0948416  0.00334754    0.383612  0.00251279     4.81511   0.0399869
        1.19        0.02   -0.689916 0.000351051   0.0943032  0.00324624    0.381125  0.00237309     4.73693   0.0439111
         1.2        0.02   -0.686127 0.000344394    0.091393  0.00328986    0.378454  0.00241957     4.64237   0.0404138
        1.21        0.02   -0.682463 0.000378212    0.088683  0.00315796    0.374964  0.00238792      4.5443   0.0376016
        1.22        0.02   -0.678791 0.000403941   0.0869874  0.00314024     0.37163  0.00233599      4.4551   0.0391698
        1.23        0.02   -0.675111 0.000454652   0.0856508  0.00286842    0.368205  0.00229109     4.34632   0.0360703
        1.24        0.02   -0.671234 0.000467171     0.08291  0.00282789    0.365762  0.00227057      4.2376   0.0385169
        1.25        0.02   -0.667408 0.000450085   0.0813362  0.00277801     0.36273   0.0023357     4.13343   0.0352189
        1.26        0.02   -0.663848 0.000484046   0.0797028   0.0027144    0.359965  0.00234564     4.06436    0.038349
        1.27        0.02   -0.660211 0.000526584   0.0782498  0.00254391    0.356571  0.00225123     3.98496   0.0407787
        1.28        0.02   -0.656499 0.000511423   0.0761466  0.00242229    0.353706  0.00217206     3.88675   0.0403264
        1.29        0.02   -0.652826 0.000540471   0.0749776  0.00231993    0.351446  0.00215962     3.82314   0.0375664
         1.3        0.02   -0.649162 0.000543241    0.073311  0.00256786    0.349104  0.00200936     3.75566   0.0363247
        1.31        0.02   -0.645269  0.00053828   0.0714978  0.00267364    0.346726   0.0017865     3.67061   0.0325668
        1.32        0.02   -0.641848 0.000504914     0.07102  0.00257572    0.343322  0.00173473     3.60656   0.0332692
        1.33        0.02   -0.638373 0.000451054   0.0698604  0.00232829    0.340736  0.00163953     3.53515   0.0310968
        1.34        0.02   -0.635038 0.000413254   0.0688808  0.00229144    0.337932  0.00161065     3.45959   0.0299903
        1.35        0.02   -0.631848  0.00039689   0.0674506   0.0022697    0.335102  0.00157252     3.39823   0.0295593
        1.36        0.02   -0.628593 0.000407658    0.066761  0.00230307    0.332637  0.00159113     3.33552   0.0300679
        1.37        0.02   -0.625372 0.000388368   0.0651134  0.00233016    0.330051    0.001411     3.27726   0.0304057
        1.38        0.02   -0.622053 0.000427038   0.0646974  0.00234443    0.327245  0.00137563      3.2022   0.0286231
        1.39        0.02   -0.618885 0.000404346   0.0628182   0.0024724    0.324378  0.00136025     3.14275   0.0275949
         1.4        0.02   -0.615354 0.000369969   0.0614732  0.00245899    0.321839  0.00140994     3.08208   0.0255239
        1.41        0.02   -0.612153 0.000367256   0.0601576  0.00243286    0.319272  0.00144159     3.02986   0.0233425
        1.42        0.02   -0.608856 0.000338413   0.0587592  0.00233694    0.316844  0.00132875     2.96944   0.0220138
        1.43        0.02   -0.605654 0.000344449   0.0582772  0.00212095    0.313928  0.00138609     2.91444   0.0214275
        1.44        0.02   -0.602493 0.000347501   0.0576854  0.00217731    0.311303  0.00145032     2.86243   0.0209134
        1.45        0.02   -0.599316 0.000332252   0.0562096  0.00225031     0.30888  0.00135283     2.80969   0.0187881
        1.46        0.02   -0.596165 0.000302882   0.0559082  0.00222461    0.306152  0.00131069     2.75689   0.0185682
        1.47        0.02   -0.592914 0.000298286   0.0547208  0.00214727    0.303952  0.00131861     2.70319   0.0182949
        1.48        0.02    -0.58996 0.000334031   0.0537238  0.00216477    0.301679  0.00125709     2.66368   0.0167141
        1.49        0.02   -0.587037 0.000329792   0.0528154  0.00215328    0.299681  0.00127778     2.62068   0.0167573
         1.5        0.02   -0.584035 0.000326327   0.0511012  0.00206798    0.296925  0.00127693     2.58267   0.0164047
        1.51        0.02    -0.58121 0.000318637   0.0503416  0.00210326    0.294049  0.00126424     2.54676   0.0149244
        1.52        0.02   -0.578374  0.00031251   0.0495174   0.0020925     0.29191  0.00119133     2.50815   0.0157789
        1.53        0.02   -0.575488 0.000288431    0.048843  0.00202549    0.289719  0.00121463     2.47882   0.0149066
        1.54        0.02   -0.572601 0.000297459    0.048265  0.00203479    0.287441  0.00112447     2.43933   0.0155905
        1.55        0.02   -0.569843 0.000303256   0.0467858  0.00204959    0.284593  0.00119319     2.39963    0.015597
        1.56        0.02   -0.567002 0.000330473   0.0459756  0.00212138    0.282061  0.00117544     2.36275   0.0150129
        1.57        0.02   -0.564119 0.000335946   0.0448416  0.00200198    0.280132  0.00120354     2.32849    0.013479
        1.58        0.02   -0.561324 0.000326204   0.0447844  0.00202732    0.277678  0.00125258     2.29274   0.0109987
        1.59        0.02   -0.558479 0.000308256   0.0439546  0.00199734    0.275901  0.00125443     2.25718   0.0110863
         1.6        0.02   -0.555611 0.000317985    0.043229  0.00196659    0.273113  0.00116331     2.22141   0.0109782
        1.61        0.02   -0.552994 0.000287146   0.0430918  0.00191316    0.270411   0.0012034     2.19278   0.0104551
        1.62        0.02   -0.550251 0.000309539     0.04232  0.00187813    0.268356  0.00111349     2.15789   0.0105888
        1.63        0.02   -0.547528 0.000319393   0.0415626  0.00183092    0.266416  0.00104358     2.12805   0.0100184
        1.64        0.02    -0.54488 0.000328358   0.0408858  0.00173089    0.264642   0.0010489     2.09746   0.0097638
        1.65        0.02   -0.542241 0.000336013   0.0408444  0.00178605    0.262267  0.00109623     2.06682   0.0111519
        1.66        0.02   -0.539654 0.000317964   0.0399646   0.0017866    0.260242  0.00111437     2.03508   0.0111116
        1.67        0.02   -0.537155 0.000309297   0.0400022  0.00180888    0.258221  0.00113807     2.00909   0.0115083
        1.68        0.02   -0.534525 0.000313586   0.0392524  0.00173355    0.256227  0.00118072     1.98074   0.0115155
        1.69        0.02   -0.532024 0.000319452   0.0390842  0.00171641    0.254376  0.00119721     1.95381   0.0109366
         1.7        0.02   -0.529371 0.000302066   0.0384952  0.00168173    0.252146  0.00119437     1.92955   0.0104023
        1.71        0.02   -0.526823 0.000294051    0.038131  0.00163529    0.249987  0.00117947     1.89904   0.0108986
        1.72        0.02   -0.524413 0.000287567   0.0377124  0.00156896    0.247573  0.00116408     1.86987   0.0109059
        1.73        0.02   -0.521917 0.000296868   0.0372374  0.00152458    0.245552  0.00113021     1.84318   0.0111088
        1.74        0.02   -0.519375 0.000320942   0.0364698  0.00142432    0.243645   0.0010948     1.81734   0.0103997
        1.75        0.02   -0.517053   0.0003046   0.0359528  0.00146155    0.241736  0.00104216     1.79763   0.0100111
        1.76        0.02    -0.51462 0.000333731   0.0356602  0.00145139    0.240142  0.00102958     1.77794  0.00913173
        1.77        0.02    -0.51216 0.000335086   0.0351792  0.00144026    0.238316  0.00104789     1.75692  0.00888121
        1.78        0.02   -0.509719 0.000315466   0.0347304  0.00156043    0.236322  0.00107133      1.7367  0.00881714
        1.79        0.02   -0.507455  0.00031984   0.0345834  0.00155192    0.234283   0.0010732     1.71682  0.00858893
         1.8        0.02   -0.505153 0.000320069   0.0342264  0.00157455    0.232539  0.00102303     1.69862  0.00844503
        1.81        0.02    -0.50291 0.000311908   0.0340452  0.00157457    0.230786  0.00102525      1.6796  0.00839565
        1.82        0.02   -0.500692 0.000322125   0.0335712  0.00161033     0.22892  0.00102465     1.66018  0.00857445
        1.83        0.02   -0.498512 0.000338014   0.0331994  0.00161022    0.227039 0.000957198     1.64235   0.0087343
        1.84        0.02   -0.496264 0.000314273   0.0327086  0.00155489    0.225215 0.000956143     1.62023  0.00877279
        1.85        0.02   -0.494151 0.000334552   0.0324894  0.00157072    0.223297 0.000925204      1.6026  0.00941169
        1.86        0.02    -0.49193 0.000325523   0.0321642  0.00150512    0.221315 0.000847502     1.58614   0.0094125
        1.87        0.02    -0.48976 0.000320838   0.0318916  0.00148401    0.219573 0.000846577     1.56841  0.00877255
        1.88        0.02   -0.487602 0.000333089   0.0315356  0.00150063     0.21775  0.00083768      1.5493  0.00892903
        1.89        0.02   -0.485413 0.000367841   0.0309706  0.00157238    0.216017 0.000831979     1.53259  0.00841918
         1.9        0.02   -0.483308 0.000371536   0.0305506  0.00155268    0.214129 0.000807409     1.51663  0.00749285
        1.91        0.02   -0.481243  0.00036145   0.0304998  0.00161185    0.212188  0.00077194     1.50202    0.007247
        1.92        0.02   -0.479124 0.000356504    0.029828    0.001679     0.21067 0.000834983     1.48363  0.00724116
        1.93        0.02   -0.477062 0.000379543   0.0296978  0.00170536    0.209246 0.000808226     1.46864  0.00687834
        1.94        0.02   -0.475012 0.000374456   0.0293464   0.0016374     0.20747 0.000784387     1.45333  0.00664625
        1.95        0.02   -0.473053 0.000358776   0.0288036  0.00165402    0.205966 0.000811359     1.43972  0.00687186
        1.96        0.02   -0.471064 0.000351178   0.0287356  0.00169521    0.204356 0.000767721     1.42665   0.0067346
        1.97        0.02   -0.468985 0.000339622    0.028412  0.00171658     0.20273 0.000726296     1.40867  0.00676021
        1.98        0.02   -0.466939 0.000348069   0.0281492  0.00167966    0.201141 0.000744982      1.3926  0.00655192
        1.99        0.02   -0.465012 0.000350061   0.0278928  0.00163508    0.199414 0.000756869     1.37761  0.00595212
