         0.5           0   -0.973478  0.00107335    0.105548   0.0638994    0.331321  0.00846952     78.2355      1.0176
        0.51           0   -0.970205   0.0012292   0.0320972   0.0535941    0.345635  0.00884114     74.3816     1.18294
        0.52           0    -0.96621  0.00124288   0.0560498   0.0701501      0.3646    0.007661     69.9332     1.15795
        0.53           0   -0.961496  0.00134798     0.11274   0.0543558    0.378466  0.00634482     65.2708     1.22528
        0.54           0   -0.957701    0.001167  -0.0772822   0.0580673    0.391636  0.00682461     61.6767    0.952544
        0.55           0   -0.952902  0.00114986  -0.0188368   0.0494266    0.399357  0.00587486     57.3662    0.924465
        0.56           0   -0.950371  0.00112349    0.106074   0.0448685    0.402397  0.00517132     55.0574    0.884842
        0.57           0   -0.946075   0.0011029   0.0059524   0.0491002    0.410938   0.0049255     51.7891    0.852159
        0.58           0   -0.942094  0.00108943   0.0113768   0.0408538    0.418541  0.00443414     49.0697    0.845502
        0.59           0   -0.937007  0.00118538  -0.0624202   0.0314808    0.416443  0.00516149     45.3695    0.879408
         0.6           0   -0.934371  0.00113367   0.0150318   0.0346562    0.423603  0.00631524     43.8535    0.896316
        0.61           0   -0.929886 0.000960442   0.0388634    0.031625    0.424231  0.00610463     40.9785    0.706086
        0.62           0   -0.926772   0.0011464   0.0145018   0.0309207     0.42384  0.00581866     39.3388    0.796166
        0.63           0   -0.922032  0.00109742   0.0351804   0.0269256    0.424938  0.00595221     36.7993    0.735453
        0.64           0   -0.917254  0.00112648   -0.029588   0.0164955    0.433802  0.00515329     34.6247    0.751592
        0.65           0   -0.913325  0.00111529   0.0052156   0.0180761    0.435076  0.00442223     32.7667    0.708096
        0.66           0   -0.908594   0.0010787    0.009835   0.0178253    0.429709  0.00375063     30.2481    0.652019
        0.67           0   -0.905339   0.0010823   0.0071644   0.0209745    0.432813  0.00545638     29.0972    0.614714
        0.68           0   -0.900876  0.00104615   -0.006425   0.0250644    0.426057  0.00529654     27.3119    0.515742
        0.69           0   -0.896937  0.00117889   -0.032911   0.0183315    0.428714  0.00483234     25.9713    0.572988
         0.7           0   -0.892482 0.000994291   0.0102778   0.0157169    0.431683  0.00418201      24.434    0.440745
        0.71           0   -0.888791 0.000988526  -0.0076876   0.0136571    0.438384  0.00450729     23.7921    0.542788
        0.72           0    -0.88412 0.000945586  -0.0184594   0.0126564    0.444378  0.00495712     22.7294    0.429536
        0.73           0   -0.879396 0.000770348   0.0110626   0.0134669    0.442709  0.00515706     21.1779    0.322383
        0.74           0   -0.874671 0.000833598  -0.0113282   0.0121596    0.443899  0.00524423     20.0869    0.350314
        0.75           0   -0.870942 0.000852483   0.0195288  0.00983143    0.445241  0.00501162     19.4794    0.354606
        0.76           0   -0.867137  0.00078251   0.0125246   0.0104123    0.442977    0.004155     18.8873    0.285978
        0.77           0   -0.862323 0.000712609   0.0013036  0.00953959     0.44238  0.00393159     17.7502    0.190264
        0.78           0   -0.858148 0.000603715   0.0084946  0.00973515     0.44438   0.0044415     16.9259    0.228291
        0.79           0   -0.853648  0.00064968   0.0012486  0.00928367    0.446737   0.0051366     16.0265    0.250643
         0.8           0   -0.849277 0.000673757  -0.0073528   0.0101045    0.448082  0.00347174      15.476    0.192899
        0.81           0   -0.844749 0.000660857  -0.0064286  0.00882338     0.44614  0.00382001     14.8175    0.195733
        0.82           0   -0.839994 0.000700124   0.0104184  0.00868079    0.448242  0.00357262     14.3025    0.169464
        0.83           0    -0.83544 0.000676963  -0.0034292  0.00690025     0.45228   0.0028915     13.4024    0.164195
        0.84           0   -0.830766 0.000695646   0.0060238  0.00683697    0.446091  0.00303558     12.7753     0.15466
        0.85           0   -0.826523 0.000693789   -0.005501  0.00699112    0.442015  0.00342762      12.248    0.124559
        0.86           0   -0.822349 0.000713524   0.0029178  0.00774326    0.442187  0.00341031     11.8978    0.176875
        0.87           0   -0.817308 0.000751998   0.0048248  0.00387953    0.442486  0.00219325     11.2234    0.134224
        0.88           0   -0.813304  0.00074233  -0.0101076  0.00680301    0.437918  0.00298583     10.9611     0.13033
        0.89           0    -0.80916 0.000684884   0.0004862  0.00471945    0.436378  0.00329956     10.6418    0.132805
         0.9           0   -0.804744 0.000626883   0.0107752  0.00635737    0.437703  0.00353901     10.3519    0.127149
        0.91           0    -0.79992   0.0006332  -0.0004832  0.00844387    0.435107  0.00270566     9.92701    0.113698
        0.92           0   -0.796093 0.000701892  -0.0096872  0.00663906    0.432134  0.00335914     9.60693    0.104498
        0.93           0   -0.791357 0.000657367  -0.0006386  0.00655492    0.429311  0.00304181     9.33505    0.088484
        0.94           0   -0.786654 0.000660086  -0.0117892  0.00728729    0.428812  0.00350552     8.94268    0.101873
        0.95           0   -0.782531 0.000680725  -0.0002086   0.0062489    0.428329  0.00331565     8.67474    0.103126
        0.96           0   -0.778471 0.000730258  -0.0028586  0.00531138    0.425719  0.00309884     8.40662    0.102954
        0.97           0   -0.774192  0.00076213   0.0014144  0.00500444    0.420606  0.00305208     8.05368    0.124023
        0.98           0   -0.770127 0.000629992   0.0001554  0.00541606     0.42041  0.00328878      7.8575   0.0815969
        0.99           0   -0.766267 0.000592625    0.000143  0.00509001    0.422976  0.00311414     7.72633   0.0841648
           1           0   -0.761919 0.000565724   0.0004314  0.00516538    0.418877  0.00255782     7.47488   0.0582489
        1.01           0   -0.757611 0.000518906   0.0029474  0.00604147    0.414387  0.00218859     7.12622    0.072948
        1.02           0   -0.753731 0.000572776   0.0017792  0.00526507    0.416103  0.00223341     7.04898   0.0663065
        1.03           0   -0.749459 0.000486295   0.0050722  0.00413184    0.412629  0.00275188     6.80448   0.0762971
        1.04           0   -0.744818 0.000496111    2.76e-05  0.00510509    0.411693  0.00237287     6.52331   0.0484996
        1.05           0   -0.740758 0.000540024    0.008799   0.0034894    0.409182  0.00207984     6.46859   0.0475044
        1.06           0    -0.73645 0.000553399  -0.0012974   0.0031257     0.40609  0.00199896     6.14747   0.0682836
        1.07           0     -0.7332 0.000468709   0.0008356  0.00405551    0.405353  0.00234014     6.12303   0.0622595
        1.08           0   -0.728996 0.000533216   0.0012168  0.00496262    0.403889  0.00205554     5.98426   0.0398816
        1.09           0   -0.724842 0.000591482   -0.002947  0.00344388    0.399913  0.00228286     5.78943   0.0492242
         1.1           0   -0.720652 0.000496568   0.0018304  0.00279485    0.395843  0.00222274     5.60803   0.0470695
        1.11           0   -0.716354  0.00054922   0.0007074  0.00275346    0.393381  0.00202392     5.49499   0.0339523
        1.12           0   -0.712575 0.000537395  -0.0036182  0.00275565    0.392248  0.00200246     5.38553   0.0520581
        1.13           0   -0.708384 0.000572783  -0.0003186  0.00273138    0.388909  0.00197255     5.20171   0.0489815
        1.14           0   -0.704478 0.000449794   0.0029676   0.0033468    0.387086  0.00191972     5.08038   0.0501943
        1.15           0   -0.700969 0.000438258   0.0014886  0.00319562    0.385493  0.00169351     4.91057   0.0297691
        1.16           0   -0.697293 0.000502013  -0.0008036  0.00382205    0.382865  0.00189797     4.81935    0.047557
        1.17           0   -0.693424 0.000535655   0.0026082  0.00318357    0.379971    0.001609     4.68927   0.0499677
        1.18           0   -0.689962 0.000502459  -0.0031374   0.0024788    0.373921  0.00189449     4.56344   0.0250783
        1.19           0   -0.686062 0.000500745   0.0009392  0.00356051    0.370942  0.00202064     4.57855   0.0360345
         1.2           0   -0.682719  0.00045453  -0.0043448  0.00266798    0.366443   0.0017742     4.42047   0.0351704
        1.21           0   -0.679085 0.000376246  -0.0033844    0.003444    0.366687  0.00166517     4.37002   0.0444356
        1.22           0   -0.675349 0.000422891   0.0007398   0.0030859    0.365497  0.00184168     4.27208   0.0359124
        1.23           0   -0.671869 0.000413222   0.0001868  0.00272928    0.361312  0.00125915       4.215   0.0367892
        1.24           0   -0.668101 0.000469046  -0.0008104  0.00245338    0.360481  0.00108504     4.09772   0.0369004
        1.25           0   -0.664362 0.000354055   0.0016158  0.00223831    0.358683  0.00121997      4.0015   0.0320064
        1.26           0   -0.661203 0.000346538  -0.0026856  0.00302369    0.353986  0.00107795     3.91281    0.030416
        1.27           0   -0.656942 0.000379386  -0.0024562  0.00271113    0.350617  0.00135438     3.79275   0.0295334
        1.28           0   -0.653581 0.000412799  -0.0014138  0.00192022    0.348135  0.00114258     3.66848   0.0219569
        1.29           0   -0.649924 0.000441755   0.0049748   0.0028122    0.345266   0.0010493     3.61066    0.027702
         1.3           0   -0.646452 0.000413357  -0.0008918  0.00243052    0.344627  0.00124562      3.5571   0.0272123
        1.31           0   -0.643268 0.000341175   0.0005162  0.00277572    0.341104  0.00139064     3.50431    0.025315
        1.32           0   -0.639869 0.000416207   0.0030392  0.00233482    0.338271  0.00135598     3.45432   0.0238239
        1.33           0    -0.63646     0.00035  -0.0034314  0.00215216    0.335134  0.00126668     3.39434   0.0242021
        1.34           0   -0.633108 0.000348149  -0.0033806  0.00299072     0.33327  0.00098325     3.31371   0.0245414
        1.35           0   -0.629806 0.000471106  -0.0024436  0.00185396    0.330507  0.00119004       3.266   0.0220298
        1.36           0   -0.626255 0.000359563    2.66e-05  0.00158116    0.327429  0.00103079     3.19218   0.0146047
        1.37           0   -0.622913 0.000411795  -0.0033314  0.00218934    0.324788  0.00130552     3.14746   0.0194908
        1.38           0   -0.619786  0.00046257   0.0050918  0.00157962    0.321617  0.00151943     3.07419   0.0207879
        1.39           0   -0.615887 0.000448957  -0.0012282   0.0020489    0.318864   0.0011586     3.02307     0.01745
         1.4           0   -0.612768 0.000405998   -0.001024  0.00304065    0.315894  0.00118169     2.93425   0.0192978
        1.41           0   -0.609761 0.000404075   0.0006088  0.00231469    0.314527 0.000985191     2.91024   0.0190533
        1.42           0   -0.606811 0.000436144  -0.0013168  0.00236162    0.312919  0.00117142     2.86205    0.014492
        1.43           0   -0.603673 0.000501063   0.0019502  0.00167322    0.309148  0.00118369     2.82715   0.0140052
        1.44           0    -0.60104 0.000497671  -0.0015744  0.00188645    0.307713  0.00138078     2.79711   0.0209757
        1.45           0   -0.597558 0.000402543    1.12e-05  0.00153183    0.304381  0.00140137     2.74565   0.0184449
        1.46           0   -0.594577 0.000413241   0.0015272  0.00158976     0.30114  0.00110202     2.71883   0.0220628
        1.47           0   -0.591414 0.000508411   0.0002546  0.00279112     0.30062 0.000995249     2.67174   0.0162922
        1.48           0   -0.588489 0.000476928  -0.0018616  0.00219214    0.297345  0.00099956      2.6106   0.0150966
        1.49           0      -0.586 0.000430855   0.0015572  0.00137892    0.296723   0.0013005     2.56938   0.0180953
         1.5           0   -0.583036  0.00038157  -0.0027394  0.00159861    0.293545  0.00126101     2.52815   0.0195068
        1.51           0   -0.580079    0.000375   0.0010458  0.00182622     0.28991  0.00113998     2.48723   0.0136584
        1.52           0   -0.577093 0.000418847    0.000929  0.00134478     0.28829  0.00107577     2.46827    0.012295
        1.53           0   -0.574199 0.000371337  -0.0004132  0.00158014    0.285273 0.000850339     2.42847   0.0139567
        1.54           0   -0.571112 0.000403301   0.0030598   0.0019866    0.283298 0.000995426     2.39168   0.0170221
        1.55           0   -0.568394  0.00039476  -0.0004252  0.00222671    0.281323 0.000765235     2.34704    0.016045
        1.56           0   -0.565365 0.000413153    0.002492  0.00146878    0.278476 0.000929888     2.29927   0.0147053
        1.57           0   -0.562812 0.000397592  -0.0037772  0.00147437    0.276343 0.000688397     2.28192   0.0122014
        1.58           0   -0.559835 0.000471688   0.0018044  0.00121978    0.273782 0.000526314     2.23663   0.0109674
        1.59           0   -0.557052 0.000475653  -0.0019798  0.00165186    0.271835 0.000605766     2.19753   0.0121992
         1.6           0   -0.554297 0.000463396      -7e-05  0.00149734    0.270008 0.000790268     2.18607   0.0107956
        1.61           0   -0.551826 0.000476688  -0.0010262  0.00210692    0.267933  0.00074893     2.15944   0.0103175
        1.62           0   -0.548811 0.000474907    0.000424  0.00171952     0.26545 0.000894986     2.12395   0.0106561
        1.63           0   -0.546156   0.0004916   0.0001086  0.00118736    0.264007 0.000705506     2.08385  0.00659325
        1.64           0   -0.543545 0.000422996  -0.0021098  0.00186925    0.261785 0.000639159     2.05266   0.0112664
        1.65           0   -0.540946 0.000427376  -0.0011332   0.0016222    0.259051 0.000680362     2.02863   0.0138998
        1.66           0   -0.538114 0.000478126   0.0011148  0.00183631    0.256553 0.000734042     1.99723   0.0110889
        1.67           0   -0.535592 0.000393754   0.0006776  0.00163791    0.254088 0.000739042     1.96192   0.0102318
        1.68           0   -0.533114 0.000413201     0.00096  0.00116414    0.252447 0.000664479     1.93784   0.0111025
        1.69           0     -0.5305 0.000437704   0.0005888  0.00100686    0.249926 0.000645293     1.91423  0.00779948
         1.7           0    -0.52799 0.000429245   0.0004586  0.00143915    0.247388 0.000727865      1.8844   0.0100256
        1.71           0   -0.525836 0.000438153  -0.0029964  0.00201871    0.245611 0.000793736     1.86429  0.00857738
        1.72           0   -0.523646 0.000439037   -0.002536  0.00157465    0.244018  0.00072913     1.84524   0.0112051
        1.73           0   -0.521177 0.000527344   0.0015466  0.00125467    0.241714 0.000751477     1.83363   0.0107762
        1.74           0   -0.518608 0.000461218    0.000152  0.00128805    0.240765 0.000605195     1.81926    0.010339
        1.75           0   -0.516095 0.000386327  -0.0032368  0.00142081    0.239122 0.000803813     1.78848  0.00877489
        1.76           0   -0.513565 0.000442239    0.000383  0.00188422     0.23717 0.000658793     1.75592  0.00957464
        1.77           0   -0.511429 0.000454204   0.0002364  0.00149916    0.235199 0.000721783      1.7488  0.00902803
        1.78           0   -0.508983  0.00043889   0.0025698  0.00142557    0.233592 0.000675261       1.738   0.0101632
        1.79           0   -0.506555 0.000447385   -0.000139  0.00135587    0.231721 0.000770695     1.70323  0.00942221
         1.8           0   -0.504477 0.000435235   0.0006192  0.00108869    0.229135 0.000497714     1.67874   0.0107728
        1.81           0   -0.502263  0.00046231  -0.0009752  0.00103522    0.227482 0.000723058     1.65622   0.0104777
        1.82           0   -0.499905   0.0004096  -0.0010226  0.00141406     0.22622 0.000653737     1.64239  0.00832981
        1.83           0   -0.497635 0.000398498   0.0005288   0.0012508    0.224324 0.000713474     1.61409  0.00703576
        1.84           0   -0.495622 0.000447658   0.0006516  0.00109249    0.223097 0.000722276     1.61262  0.00914277
        1.85           0   -0.493527 0.000445508  -0.0007486  0.00144586    0.221039 0.000593126     1.59805   0.0083548
        1.86           0   -0.491217 0.000388042   -0.000395  0.00123056    0.219641 0.000816564     1.58271  0.00898826
        1.87           0   -0.488986 0.000409673   -0.001334 0.000831809    0.218288 0.000808175     1.56934   0.0072471
        1.88           0   -0.486987  0.00038087    0.001459  0.00100878    0.216416 0.000868951     1.54151  0.00820947
        1.89           0   -0.484836  0.00039431  -0.0002818  0.00114503    0.214529 0.000711527     1.54365  0.00847167
         1.9           0   -0.482526  0.00040739   0.0010976  0.00164189    0.212861 0.000971257     1.50702  0.00829394
        1.91           0   -0.480572 0.000448438  -0.0018634  0.00125778    0.212112 0.000983479     1.50711   0.0063637
        1.92           0   -0.478373 0.000441361    -8.2e-06  0.00129441    0.210338 0.000756527     1.48456  0.00713513
        1.93           0   -0.476405 0.000402041   0.0013226 0.000936854    0.208539  0.00085072     1.48046  0.00838836
        1.94           0   -0.474275  0.00040386  -0.0011954   0.0012488    0.207274 0.000765755     1.45061  0.00625896
        1.95           0    -0.47228 0.000382532   -5.74e-05  0.00132674    0.205833 0.000743006     1.43296  0.00618883
        1.96           0   -0.470124 0.000376739  -0.0012666  0.00121454    0.204339 0.000726925     1.41877  0.00799718
        1.97           0    -0.46812 0.000416607    0.000506  0.00116499    0.202127  0.00075591     1.40398  0.00600125
        1.98           0   -0.466219 0.000412988   0.0004686 0.000995104    0.200673 0.000634115     1.38147  0.00525134
        1.99           0   -0.464116  0.00043442     0.00072  0.00113265    0.199399 0.000671144     1.36891  0.00612704
