         100     6     7
         400     6     7
        1800     6     7
        2300     7     8
        2700     6     7
        2800     5     6
        3000     7     8
        3100     6     7
        3200     6     7
        3700     5     6
        4300     5     6
        4500     6     7
        4700     7     8
        4900     6     7
        5100     7     8
        5200     7     8
        5400     4     5
        5500     4     5
        5600     6     7
        5900     7     8
        6000     5     6
        6200     7     8
        6500     5     6
        6700     4     5
        7200     6     7
        7400     6     7
        8600     6     7
        8700     6     7
        9300     5     6
        9500     7     8
        9800     5     6
        9900     7     8
