1	6
2	2
3	6
4	2
5	5
6	5
7	1
8	1
9	4
10	4
11	3
12	2
13	4
14	6
15	4
16	5
17	4
18	2
19	6
20	4
21	5
22	4
23	5
24	3
25	1
26	4
27	1
28	1
29	4
30	6
31	5
32	6
33	1
34	6
35	2
36	5
37	5
38	4
39	2
40	4
41	6
42	3
43	2
44	2
45	3
46	4
47	2
48	1
49	6
50	3
51	2
52	5
53	6
54	1
55	2
56	5
57	5
58	3
59	5
60	6
61	1
62	5
63	5
64	1
65	6
66	2
67	6
68	1
69	6
70	6
71	2
72	1
73	5
74	3
75	3
76	4
77	1
78	4
79	3
80	5
81	3
82	2
83	5
84	2
85	4
86	4
87	1
88	4
89	3
90	5
91	6
92	5
93	2
94	4
95	2
96	2
97	2
98	1
99	2
100	1
101	3
102	1
103	2
104	3
105	5
106	1
107	5
108	5
109	4
110	5
111	2
112	2
113	6
114	6
115	3
116	1
117	2
118	6
119	1
120	1
121	3
122	4
123	5
124	2
125	5
126	6
127	5
128	1
129	6
130	1
131	1
132	6
133	6
134	2
135	1
136	2
137	5
138	4
139	2
140	2
141	6
142	3
143	5
144	1
145	6
146	1
147	5
148	5
149	5
150	5
151	1
152	2
153	3
154	6
155	1
156	4
157	5
158	1
159	5
160	5
161	6
162	5
163	5
164	5
165	3
166	6
167	4
168	4
169	2
170	6
171	1
172	3
173	4
174	5
175	2
176	6
177	4
178	5
179	6
180	3
181	6
182	3
183	1
184	1
185	3
186	2
187	1
188	2
189	6
190	5
191	2
192	1
193	1
194	2
195	4
196	3
197	3
198	4
199	3
200	1
201	1
202	5
203	4
204	2
205	2
206	4
207	1
208	4
209	4
210	3
211	1
212	5
213	5
214	6
215	1
216	4
217	5
218	2
219	5
220	6
221	6
222	6
223	6
224	2
225	5
226	6
227	5
228	5
229	6
230	5
231	4
232	2
233	1
234	1
235	1
236	5
237	6
238	2
239	1
240	4
241	1
242	2
243	3
244	6
245	6
246	3
247	1
248	1
249	1
250	4
251	1
252	2
253	4
254	3
255	4
256	1
257	2
258	4
259	6
260	2
261	6
262	6
263	1
264	1
265	6
266	1
267	6
268	3
269	5
270	2
271	1
272	3
273	5
274	2
275	3
276	1
277	4
278	1
279	1
280	6
281	6
282	4
283	3
284	6
285	4
286	4
287	2
288	4
289	6
290	3
291	1
292	6
293	1
294	6
295	4
296	4
297	1
298	1
299	1
300	3
301	6
302	5
303	4
304	3
305	5
306	4
307	3
308	4
309	1
310	4
311	5
312	2
313	5
314	1
315	3
316	4
317	4
318	3
319	1
320	6
321	2
322	1
323	5
324	2
325	6
326	6
327	3
328	2
329	5
330	4
331	4
332	3
333	5
334	4
335	6
336	4
337	6
338	1
339	2
340	5
341	5
342	6
343	3
344	5
345	5
346	2
347	3
348	3
349	1
350	1
351	6
352	1
353	3
354	1
355	4
356	6
357	3
358	5
359	2
360	2
361	2
362	5
363	5
364	5
365	3
366	6
367	3
368	3
369	4
370	3
371	4
372	6
373	4
374	2
375	2
376	2
377	1
378	1
379	1
380	1
381	6
382	1
383	1
384	1
385	5
386	3
387	2
388	4
389	4
390	4
391	5
392	2
393	6
394	1
395	5
396	2
397	1
398	3
399	3
400	3
401	3
402	4
403	4
404	4
405	4
406	2
407	2
408	4
409	5
410	2
411	5
412	6
413	2
414	3
415	2
416	6
417	1
418	3
419	5
420	1
421	4
422	4
423	3
424	4
425	4
426	2
427	2
428	1
429	3
430	6
431	3
432	1
433	5
434	2
435	6
436	1
437	4
438	5
439	5
440	4
441	1
442	3
443	2
444	2
445	5
446	3
447	6
448	4
449	6
450	2
451	4
452	5
453	1
454	4
455	4
456	2
457	3
458	2
459	3
460	1
461	4
462	5
463	3
464	3
465	4
466	1
467	2
468	4
469	2
470	3
471	2
472	3
473	5
474	6
475	6
476	2
477	5
478	2
479	6
480	4
481	5
482	1
483	2
484	3
485	5
486	5
487	3
488	3
489	2
490	3
491	2
492	3
493	1
494	4
495	2
496	3
497	2
498	2
499	2
500	1
501	1
502	4
503	2
504	6
505	4
506	6
507	2
508	1
509	3
510	2
511	3
512	4
513	4
514	4
515	6
516	1
517	6
518	3
519	1
520	5
521	3
522	6
523	1
524	2
525	4
526	4
527	5
528	5
529	3
530	1
531	3
532	2
533	5
534	4
535	5
536	1
537	2
538	5
539	6
540	3
541	4
542	6
543	4
544	2
545	1
546	5
547	2
548	2
549	5
550	4
551	1
552	5
553	2
554	6
555	1
556	5
557	6
558	6
559	5
560	6
561	5
562	2
563	5
564	6
565	3
566	6
567	2
568	5
569	2
570	1
571	5
572	4
573	3
574	2
575	4
576	6
577	3
578	3
579	5
580	6
581	3
582	2
583	3
584	2
585	4
586	5
587	1
588	1
589	1
590	4
591	5
592	1
593	5
594	6
595	1
596	2
597	4
598	1
599	5
600	1
601	1
602	1
603	2
604	4
605	3
606	5
607	3
608	6
609	2
610	4
611	5
612	2
613	4
614	5
615	3
616	3
617	2
618	6
619	5
620	1
621	6
622	6
623	3
624	2
625	2
626	5
627	4
628	6
629	2
630	4
631	6
632	4
633	5
634	2
635	2
636	1
637	5
638	6
639	2
640	6
641	1
642	6
643	2
644	4
645	4
646	3
647	1
648	6
649	2
650	4
651	6
652	3
653	3
654	2
655	1
656	1
657	4
658	3
659	4
660	4
661	2
662	2
663	3
664	1
665	5
666	6
667	6
668	6
669	6
670	1
671	3
672	6
673	5
674	4
675	5
676	3
677	3
678	5
679	4
680	4
681	4
682	1
683	5
684	3
685	2
686	3
687	5
688	2
689	6
690	1
691	4
692	4
693	4
694	1
695	5
696	6
697	4
698	1
699	1
700	6
701	1
702	1
703	6
704	1
705	6
706	1
707	2
708	1
709	4
710	4
711	2
712	5
713	2
714	4
715	4
716	6
717	5
718	4
719	4
720	3
721	6
722	3
723	3
724	4
725	5
726	4
727	2
728	6
729	1
730	2
731	3
732	5
733	4
734	5
735	4
736	1
737	5
738	5
739	1
740	5
741	5
742	3
743	1
744	6
745	2
746	1
747	3
748	5
749	5
750	4
751	1
752	6
753	1
754	4
755	3
756	5
757	3
758	2
759	1
760	2
761	4
762	2
763	6
764	4
765	5
766	2
767	2
768	1
769	4
770	2
771	4
772	1
773	2
774	5
775	3
776	6
777	5
778	2
779	6
780	3
781	4
782	3
783	6
784	2
785	2
786	4
787	4
788	6
789	4
790	6
791	3
792	2
793	3
794	3
795	6
796	5
797	6
798	1
799	5
800	6
801	2
802	2
803	2
804	4
805	5
806	1
807	6
808	2
809	2
810	4
811	6
812	3
813	3
814	2
815	4
816	3
817	3
818	6
819	4
820	6
821	4
822	6
823	5
824	4
825	4
826	2
827	5
828	4
829	5
830	4
831	5
832	3
833	1
834	5
835	4
836	4
837	4
838	4
839	4
840	3
841	3
842	2
843	5
844	4
845	4
846	3
847	1
848	5
849	3
850	3
851	2
852	3
853	2
854	2
855	2
856	1
857	4
858	2
859	5
860	6
861	1
862	3
863	2
864	6
865	1
866	1
867	6
868	4
869	1
870	1
871	2
872	5
873	5
874	4
875	2
876	1
877	1
878	3
879	2
880	2
881	1
882	3
883	5
884	6
885	1
886	3
887	1
888	5
889	2
890	1
891	4
892	6
893	2
894	4
895	6
896	6
897	5
898	4
899	2
900	2
901	1
902	4
903	2
904	2
905	2
906	6
907	4
908	1
909	2
910	3
911	4
912	1
913	3
914	5
915	3
916	3
917	4
918	1
919	3
920	4
921	4
922	5
923	3
924	5
925	6
926	4
927	2
928	3
929	1
930	6
931	6
932	4
933	6
934	2
935	2
936	1
937	4
938	2
939	3
940	3
941	4
942	5
943	6
944	1
945	2
946	3
947	4
948	4
949	5
950	4
951	1
952	6
953	1
954	3
955	6
956	2
957	6
958	2
959	6
960	2
961	1
962	2
963	2
964	6
965	2
966	6
967	6
968	3
969	5
970	2
971	2
972	4
973	6
974	3
975	4
976	2
977	5
978	4
979	6
980	5
981	2
982	1
983	3
984	6
985	5
986	3
987	2
988	1
989	5
990	5
991	4
992	4
993	6
994	3
995	4
996	1
997	6
998	6
999	6
1000	1
1001	2
1002	4
1003	1
1004	5
1005	1
1006	5
1007	3
1008	3
1009	6
1010	4
1011	6
1012	6
1013	4
1014	1
1015	4
1016	2
1017	5
1018	5
1019	1
1020	4
1021	3
1022	1
1023	3
1024	3
1025	2
1026	6
1027	1
1028	3
1029	4
1030	1
1031	5
1032	2
1033	5
1034	3
1035	3
1036	1
1037	3
1038	1
1039	3
1040	2
1041	6
1042	2
1043	1
1044	1
1045	5
1046	3
1047	3
1048	4
1049	4
1050	1
1051	6
1052	4
1053	1
1054	4
1055	2
1056	1
1057	1
1058	4
1059	5
1060	2
1061	2
1062	4
1063	6
1064	6
1065	2
1066	1
1067	6
1068	5
1069	3
1070	3
1071	6
1072	1
1073	3
1074	5
1075	5
1076	6
1077	4
1078	2
1079	2
1080	6
1081	5
1082	4
1083	4
1084	1
1085	6
1086	6
1087	5
1088	3
1089	4
1090	5
1091	4
1092	1
1093	2
1094	3
1095	5
1096	1
1097	3
1098	6
1099	5
1100	1
1101	6
1102	3
1103	3
1104	5
1105	6
1106	1
1107	1
1108	2
1109	1
1110	6
1111	2
1112	1
1113	6
1114	4
1115	6
1116	3
1117	6
1118	3
1119	1
1120	2
1121	2
1122	3
1123	1
1124	2
1125	4
1126	4
1127	2
1128	1
1129	1
1130	4
1131	2
1132	3
1133	6
1134	5
1135	4
1136	3
1137	4
1138	2
1139	3
1140	6
1141	2
1142	5
1143	2
1144	6
1145	1
1146	3
1147	4
1148	6
1149	4
1150	6
1151	4
1152	3
1153	2
1154	2
1155	5
1156	6
1157	5
1158	3
1159	5
1160	4
1161	2
1162	3
1163	1
1164	2
1165	4
1166	5
1167	2
1168	1
1169	3
1170	5
1171	6
1172	2
1173	2
1174	6
1175	6
1176	1
1177	4
1178	4
1179	1
1180	3
1181	5
1182	2
1183	2
1184	2
1185	3
1186	3
1187	3
1188	6
1189	2
1190	6
1191	5
1192	6
1193	5
1194	2
1195	5
1196	6
1197	6
1198	2
1199	3
1200	1
1201	4
1202	5
1203	3
1204	5
1205	5
1206	3
1207	4
1208	4
1209	2
1210	1
1211	5
1212	6
1213	2
1214	2
1215	1
1216	2
1217	6
1218	2
1219	4
1220	4
1221	5
1222	3
1223	4
1224	6
1225	4
1226	6
1227	5
1228	2
1229	3
1230	1
1231	5
1232	4
1233	3
1234	6
1235	5
1236	5
1237	2
1238	3
1239	5
1240	3
1241	3
1242	4
1243	2
1244	3
1245	3
1246	5
1247	6
1248	5
1249	1
1250	3
1251	3
1252	3
1253	3
1254	4
1255	5
1256	1
1257	3
1258	4
1259	3
1260	4
1261	1
1262	6
1263	6
1264	2
1265	6
1266	5
1267	1
1268	6
1269	2
1270	4
1271	2
1272	4
1273	5
1274	3
1275	4
1276	1
1277	6
1278	4
1279	2
1280	3
1281	2
1282	6
1283	6
1284	1
1285	1
1286	6
1287	1
1288	6
1289	1
1290	1
1291	2
1292	2
1293	3
1294	6
1295	6
1296	1
1297	3
1298	2
1299	6
1300	6
1301	4
1302	5
1303	4
1304	3
1305	4
1306	2
1307	2
1308	1
1309	3
1310	1
1311	6
1312	3
1313	2
1314	5
1315	5
1316	1
1317	2
1318	5
1319	1
1320	4
1321	2
1322	1
1323	5
1324	2
1325	1
1326	3
1327	2
1328	1
1329	5
1330	5
1331	5
1332	5
1333	5
1334	5
1335	4
1336	6
1337	6
1338	3
1339	3
1340	2
1341	2
1342	5
1343	4
1344	5
1345	2
1346	2
1347	5
1348	3
1349	6
1350	2
1351	5
1352	3
1353	4
1354	6
1355	4
1356	6
1357	5
1358	1
1359	2
1360	5
1361	2
1362	4
1363	1
1364	6
1365	2
1366	2
1367	2
1368	4
1369	5
1370	1
1371	1
1372	6
1373	6
1374	6
1375	2
1376	6
1377	6
1378	2
1379	1
1380	4
1381	1
1382	3
1383	5
1384	1
1385	3
1386	6
1387	3
1388	2
1389	1
1390	4
1391	3
1392	5
1393	5
1394	4
1395	5
1396	3
1397	6
1398	2
1399	5
1400	2
1401	5
1402	5
1403	2
1404	2
1405	5
1406	1
1407	6
1408	3
1409	3
1410	2
1411	6
1412	3
1413	3
1414	4
1415	5
1416	6
1417	5
1418	4
1419	2
1420	5
1421	3
1422	2
1423	5
1424	2
1425	6
1426	6
1427	5
1428	1
1429	5
1430	4
1431	4
1432	5
1433	1
1434	4
1435	6
1436	4
1437	3
1438	3
1439	6
1440	1
1441	2
1442	1
1443	1
1444	2
1445	4
1446	6
1447	5
1448	2
1449	5
1450	3
1451	1
1452	1
1453	3
1454	6
1455	6
1456	5
1457	1
1458	6
1459	5
1460	5
1461	6
1462	1
1463	1
1464	2
1465	5
1466	3
1467	1
1468	2
1469	3
1470	5
1471	2
1472	2
1473	2
1474	6
1475	6
1476	2
1477	3
1478	1
1479	5
1480	4
1481	1
1482	5
1483	3
1484	3
1485	3
1486	5
1487	3
1488	3
1489	2
1490	6
1491	5
1492	5
1493	5
1494	2
1495	6
1496	3
1497	1
1498	1
1499	2
1500	5
1501	5
1502	3
1503	6
1504	5
1505	1
1506	2
1507	4
1508	6
1509	2
1510	5
1511	6
1512	3
1513	2
1514	1
1515	1
1516	5
1517	5
1518	1
1519	6
1520	6
1521	4
1522	6
1523	3
1524	2
1525	2
1526	3
1527	6
1528	5
1529	4
1530	1
1531	4
1532	2
1533	5
1534	1
1535	4
1536	5
1537	5
1538	2
1539	2
1540	4
1541	6
1542	3
1543	5
1544	2
1545	2
1546	1
1547	1
1548	1
1549	4
1550	6
1551	5
1552	3
1553	4
1554	6
1555	1
1556	3
1557	1
1558	4
1559	6
1560	2
1561	3
1562	1
1563	3
1564	4
1565	1
1566	4
1567	5
1568	2
1569	1
1570	3
1571	4
1572	3
1573	1
1574	6
1575	4
1576	6
1577	1
1578	2
1579	1
1580	6
1581	4
1582	2
1583	1
1584	3
1585	6
1586	2
1587	1
1588	6
1589	2
1590	2
1591	1
1592	1
1593	5
1594	2
1595	4
1596	3
1597	6
1598	3
1599	2
1600	4
1601	4
1602	3
1603	1
1604	5
1605	2
1606	3
1607	5
1608	6
1609	4
1610	4
1611	2
1612	5
1613	6
1614	5
1615	5
1616	4
1617	2
1618	4
1619	4
1620	1
1621	4
1622	2
1623	2
1624	3
1625	5
1626	5
1627	6
1628	6
1629	4
1630	3
1631	1
1632	2
1633	2
1634	1
1635	3
1636	1
1637	1
1638	6
1639	3
1640	5
1641	3
1642	6
1643	6
1644	3
1645	1
1646	5
1647	5
1648	4
1649	2
1650	3
1651	5
1652	1
1653	4
1654	6
1655	5
1656	5
1657	4
1658	3
1659	2
1660	5
1661	1
1662	5
1663	6
1664	5
1665	1
1666	4
1667	2
1668	5
1669	3
1670	3
1671	3
1672	3
1673	1
1674	1
1675	5
1676	5
1677	4
1678	6
1679	4
1680	5
1681	6
1682	5
1683	2
1684	3
1685	3
1686	1
1687	4
1688	1
1689	5
1690	2
1691	5
1692	4
1693	4
1694	3
1695	2
1696	1
1697	1
1698	2
1699	5
1700	6
1701	1
1702	3
1703	3
1704	1
1705	3
1706	5
1707	5
1708	6
1709	3
1710	5
1711	6
1712	5
1713	4
1714	6
1715	4
1716	1
1717	6
1718	5
1719	4
1720	5
1721	5
1722	5
1723	3
1724	5
1725	1
1726	5
1727	6
1728	3
1729	6
1730	6
1731	2
1732	1
1733	2
1734	4
1735	1
1736	6
1737	5
1738	5
1739	3
1740	6
1741	1
1742	5
1743	4
1744	6
1745	2
1746	2
1747	2
1748	5
1749	5
1750	2
1751	1
1752	3
1753	3
1754	2
1755	6
1756	3
1757	6
1758	5
1759	2
1760	3
1761	1
1762	1
1763	2
1764	6
1765	5
1766	1
1767	4
1768	6
1769	3
1770	3
1771	3
1772	4
1773	6
1774	2
1775	5
1776	3
1777	1
1778	2
1779	6
1780	6
1781	4
1782	2
1783	4
1784	2
1785	6
1786	1
1787	3
1788	6
1789	4
1790	6
1791	4
1792	1
1793	1
1794	5
1795	6
1796	3
1797	6
1798	4
1799	5
1800	4
1801	6
1802	6
1803	2
1804	4
1805	4
1806	3
1807	1
1808	2
1809	3
1810	5
1811	1
1812	2
1813	4
1814	2
1815	3
1816	4
1817	1
1818	1
1819	3
1820	6
1821	5
1822	2
1823	2
1824	6
1825	6
1826	4
1827	6
1828	1
1829	6
1830	3
1831	2
1832	6
1833	1
1834	1
1835	4
1836	1
1837	6
1838	4
1839	3
1840	5
1841	6
1842	5
1843	5
1844	1
1845	4
1846	4
1847	1
1848	3
1849	6
1850	1
1851	2
1852	3
1853	2
1854	2
1855	6
1856	3
1857	1
1858	4
1859	6
1860	5
1861	3
1862	2
1863	3
1864	6
1865	5
1866	3
1867	6
1868	2
1869	2
1870	4
1871	4
1872	1
1873	1
1874	6
1875	3
1876	4
1877	2
1878	2
1879	1
1880	2
1881	5
1882	4
1883	5
1884	2
1885	3
1886	1
1887	5
1888	2
1889	2
1890	5
1891	2
1892	2
1893	6
1894	3
1895	5
1896	4
1897	6
1898	3
1899	6
1900	5
1901	4
1902	5
1903	2
1904	4
1905	1
1906	2
1907	3
1908	3
1909	6
1910	6
1911	1
1912	2
1913	5
1914	5
1915	1
1916	4
1917	3
1918	1
1919	3
1920	5
1921	2
1922	1
1923	1
1924	3
1925	2
1926	3
1927	6
1928	5
1929	4
1930	2
1931	4
1932	6
1933	3
1934	3
1935	6
1936	2
1937	4
1938	3
1939	2
1940	4
1941	1
1942	6
1943	4
1944	2
1945	2
1946	1
1947	3
1948	6
1949	4
1950	3
1951	6
1952	5
1953	1
1954	1
1955	4
1956	6
1957	2
1958	1
1959	2
1960	4
1961	4
1962	1
1963	3
1964	1
1965	3
1966	2
1967	6
1968	6
1969	2
1970	2
1971	5
1972	1
1973	4
1974	2
1975	5
1976	2
1977	1
1978	2
1979	4
1980	2
1981	3
1982	1
1983	6
1984	6
1985	4
1986	5
1987	2
1988	2
1989	1
1990	5
1991	6
1992	4
1993	6
1994	2
1995	3
1996	4
1997	1
1998	1
1999	1
2000	2
2001	4
2002	2
2003	3
2004	1
2005	6
2006	1
2007	1
2008	3
2009	1
2010	2
2011	1
2012	2
2013	4
2014	6
2015	1
2016	4
2017	2
2018	3
2019	6
2020	3
2021	1
2022	3
2023	4
2024	3
2025	5
2026	6
2027	2
2028	3
2029	1
2030	4
2031	6
2032	6
2033	5
2034	2
2035	2
2036	3
2037	3
2038	6
2039	4
2040	2
2041	3
2042	5
2043	4
2044	2
2045	1
2046	2
2047	4
2048	2
2049	4
2050	5
2051	5
2052	4
2053	4
2054	5
2055	2
2056	6
2057	5
2058	6
2059	2
2060	1
2061	3
2062	1
2063	5
2064	2
2065	2
2066	5
2067	2
2068	4
2069	2
2070	3
2071	4
2072	2
2073	5
2074	6
2075	1
2076	5
2077	1
2078	5
2079	3
2080	6
2081	1
2082	4
2083	3
2084	3
2085	1
2086	1
2087	1
2088	2
2089	1
2090	2
2091	1
2092	5
2093	1
2094	3
2095	5
2096	1
2097	2
2098	1
2099	3
2100	2
2101	3
2102	6
2103	6
2104	3
2105	4
2106	1
2107	6
2108	6
2109	4
2110	6
2111	3
2112	3
2113	2
2114	2
2115	1
2116	2
2117	2
2118	6
2119	3
2120	2
2121	2
2122	5
2123	6
2124	3
2125	6
2126	5
2127	4
2128	3
2129	3
2130	5
2131	3
2132	5
2133	1
2134	5
2135	6
2136	3
2137	3
2138	5
2139	3
2140	2
2141	2
2142	4
2143	3
2144	2
2145	4
2146	4
2147	1
2148	3
2149	2
2150	4
2151	6
2152	3
2153	4
2154	6
2155	3
2156	1
2157	5
2158	6
2159	5
2160	5
2161	5
2162	4
2163	5
2164	5
2165	3
2166	6
2167	5
2168	3
2169	6
2170	4
2171	6
2172	2
2173	6
2174	6
2175	5
2176	1
2177	2
2178	2
2179	2
2180	4
2181	4
2182	4
2183	6
2184	1
2185	4
2186	6
2187	6
2188	4
2189	1
2190	3
2191	1
2192	5
2193	1
2194	1
2195	2
2196	2
2197	3
2198	3
2199	3
2200	6
2201	1
2202	5
2203	4
2204	6
2205	5
2206	2
2207	5
2208	2
2209	2
2210	2
2211	1
2212	4
2213	6
2214	3
2215	5
2216	5
2217	5
2218	4
2219	5
2220	5
2221	5
2222	5
2223	3
2224	1
2225	6
2226	6
2227	5
2228	1
2229	6
2230	4
2231	2
2232	2
2233	1
2234	3
2235	5
2236	5
2237	3
2238	5
2239	3
2240	6
2241	6
2242	5
2243	6
2244	5
2245	6
2246	3
2247	6
2248	2
2249	6
2250	6
2251	2
2252	3
2253	1
2254	6
2255	2
2256	6
2257	3
2258	6
2259	4
2260	3
2261	4
2262	1
2263	6
2264	3
2265	3
2266	2
2267	3
2268	6
2269	5
2270	2
2271	6
2272	4
2273	3
2274	4
2275	1
2276	5
2277	2
2278	5
2279	3
2280	4
2281	2
2282	3
2283	1
2284	5
2285	6
2286	2
2287	4
2288	4
2289	5
2290	4
2291	6
2292	4
2293	1
2294	2
2295	4
2296	1
2297	2
2298	1
2299	6
2300	2
2301	2
2302	3
2303	1
2304	4
2305	4
2306	3
2307	6
2308	3
2309	3
2310	5
2311	1
2312	1
2313	6
2314	1
2315	6
2316	4
2317	6
2318	6
2319	3
2320	6
2321	3
2322	1
2323	3
2324	4
2325	1
2326	4
2327	3
2328	6
2329	4
2330	6
2331	1
2332	2
2333	3
2334	3
2335	3
2336	5
2337	2
2338	5
2339	2
2340	4
2341	5
2342	2
2343	2
2344	4
2345	2
2346	6
2347	3
2348	1
2349	5
2350	3
2351	2
2352	1
2353	6
2354	3
2355	5
2356	5
2357	4
2358	1
2359	2
2360	3
2361	1
2362	5
2363	1
2364	5
2365	5
2366	3
2367	5
2368	4
2369	1
2370	1
2371	6
2372	2
2373	6
2374	5
2375	2
2376	1
2377	3
2378	6
2379	3
2380	5
2381	5
2382	2
2383	1
2384	5
2385	5
2386	5
2387	5
2388	5
2389	5
2390	6
2391	4
2392	2
2393	6
2394	2
2395	5
2396	2
2397	6
2398	4
2399	4
2400	5
2401	1
2402	1
2403	2
2404	2
2405	2
2406	4
2407	4
2408	5
2409	6
2410	5
2411	4
2412	3
2413	5
2414	1
2415	2
2416	5
2417	4
2418	4
2419	4
2420	2
2421	3
2422	3
2423	2
2424	1
2425	2
2426	5
2427	4
2428	3
2429	2
2430	4
2431	6
2432	4
2433	1
2434	4
2435	5
2436	4
2437	4
2438	5
2439	6
2440	6
2441	6
2442	3
2443	6
2444	5
2445	5
2446	2
2447	2
2448	4
2449	1
2450	1
2451	4
2452	6
2453	1
2454	1
2455	3
2456	3
2457	1
2458	3
2459	6
2460	5
2461	5
2462	3
2463	5
2464	5
2465	6
2466	3
2467	2
2468	6
2469	5
2470	3
2471	3
2472	4
2473	2
2474	6
2475	3
2476	4
2477	5
2478	6
2479	1
2480	1
2481	5
2482	6
2483	1
2484	1
2485	6
2486	5
2487	2
2488	5
2489	2
2490	1
2491	6
2492	2
2493	6
2494	4
2495	1
2496	2
2497	4
2498	3
2499	2
2500	4
2501	5
2502	3
2503	3
2504	2
2505	5
2506	1
2507	2
2508	5
2509	3
2510	1
2511	3
2512	3
2513	3
2514	1
2515	3
2516	6
2517	2
2518	1
2519	4
2520	3
2521	2
2522	1
2523	4
2524	3
2525	1
2526	5
2527	4
2528	3
2529	1
2530	6
2531	6
2532	1
2533	5
2534	3
2535	3
2536	6
2537	2
2538	4
2539	5
2540	4
2541	3
2542	6
2543	1
2544	3
2545	6
2546	5
2547	3
2548	5
2549	1
2550	2
2551	4
2552	4
2553	4
2554	2
2555	3
2556	5
2557	2
2558	3
2559	2
2560	5
2561	5
2562	4
2563	2
2564	3
2565	5
2566	4
2567	3
2568	4
2569	6
2570	5
2571	3
2572	3
2573	4
2574	3
2575	3
2576	3
2577	4
2578	5
2579	2
2580	3
2581	5
2582	2
2583	2
2584	5
2585	1
2586	5
2587	1
2588	6
2589	5
2590	4
2591	5
2592	5
2593	5
2594	2
2595	6
2596	6
2597	2
2598	1
2599	5
2600	1
2601	5
2602	3
2603	5
2604	1
2605	4
2606	1
2607	3
2608	3
2609	4
2610	5
2611	2
2612	5
2613	1
2614	3
2615	6
2616	5
2617	4
2618	4
2619	5
2620	3
2621	2
2622	5
2623	5
2624	3
2625	5
2626	3
2627	4
2628	2
2629	5
2630	6
2631	6
2632	3
2633	4
2634	2
2635	4
2636	1
2637	3
2638	4
2639	1
2640	4
2641	2
2642	3
2643	1
2644	6
2645	2
2646	6
2647	3
2648	4
2649	6
2650	2
2651	4
2652	5
2653	6
2654	4
2655	3
2656	6
2657	2
2658	1
2659	5
2660	1
2661	5
2662	1
2663	5
2664	4
2665	6
2666	2
2667	1
2668	6
2669	3
2670	5
2671	4
2672	3
2673	6
2674	4
2675	2
2676	2
2677	4
2678	3
2679	5
2680	3
2681	5
2682	3
2683	5
2684	2
2685	6
2686	5
2687	2
2688	4
2689	3
2690	6
2691	2
2692	1
2693	4
2694	2
2695	3
2696	4
2697	1
2698	1
2699	6
2700	2
2701	1
2702	3
2703	3
2704	3
2705	2
2706	4
2707	1
2708	6
2709	6
2710	6
2711	2
2712	6
2713	1
2714	1
2715	3
2716	5
2717	4
2718	4
2719	3
2720	1
2721	4
2722	2
2723	4
2724	2
2725	5
2726	6
2727	3
2728	1
2729	3
2730	6
2731	2
2732	3
2733	2
2734	3
2735	3
2736	2
2737	5
2738	5
2739	4
2740	3
2741	2
2742	1
2743	6
2744	4
2745	5
2746	4
2747	4
2748	2
2749	5
2750	6
2751	3
2752	2
2753	6
2754	5
2755	1
2756	5
2757	2
2758	6
2759	4
2760	5
2761	5
2762	4
2763	1
2764	3
2765	2
2766	3
2767	3
2768	4
2769	3
2770	4
2771	5
2772	5
2773	3
2774	4
2775	2
2776	4
2777	4
2778	4
2779	2
2780	4
2781	2
2782	2
2783	1
2784	6
2785	2
2786	2
2787	4
2788	5
2789	5
2790	5
2791	2
2792	3
2793	1
2794	6
2795	2
2796	2
2797	6
2798	6
2799	6
2800	3
2801	1
2802	1
2803	1
2804	1
2805	1
2806	4
2807	5
2808	5
2809	3
2810	3
2811	1
2812	6
2813	1
2814	5
2815	2
2816	4
2817	6
2818	6
2819	5
2820	1
2821	3
2822	2
2823	5
2824	5
2825	2
2826	4
2827	4
2828	1
2829	2
2830	2
2831	6
2832	3
2833	5
2834	5
2835	5
2836	4
2837	3
2838	4
2839	2
2840	3
2841	1
2842	1
2843	6
2844	2
2845	4
2846	3
2847	4
2848	5
2849	2
2850	1
2851	5
2852	2
2853	1
2854	4
2855	3
2856	1
2857	1
2858	6
2859	2
2860	6
2861	6
2862	3
2863	1
2864	5
2865	6
2866	4
2867	2
2868	3
2869	6
2870	6
2871	3
2872	5
2873	5
2874	6
2875	4
2876	6
2877	1
2878	5
2879	1
2880	4
2881	5
2882	1
2883	1
2884	5
2885	1
2886	3
2887	4
2888	1
2889	5
2890	3
2891	6
2892	4
2893	6
2894	5
2895	3
2896	4
2897	6
2898	5
2899	2
2900	6
2901	5
2902	4
2903	2
2904	1
2905	3
2906	6
2907	1
2908	1
2909	4
2910	3
2911	3
2912	1
2913	6
2914	5
2915	6
2916	3
2917	2
2918	4
2919	1
2920	3
2921	3
2922	4
2923	6
2924	6
2925	6
2926	6
2927	2
2928	2
2929	5
2930	2
2931	4
2932	5
2933	3
2934	3
2935	4
2936	5
2937	2
2938	1
2939	4
2940	1
2941	3
2942	3
2943	2
2944	5
2945	4
2946	6
2947	3
2948	6
2949	2
2950	1
2951	2
2952	2
2953	1
2954	5
2955	5
2956	3
2957	3
2958	1
2959	3
2960	4
2961	1
2962	2
2963	2
2964	5
2965	2
2966	4
2967	2
2968	5
2969	4
2970	1
2971	2
2972	5
2973	1
2974	2
2975	6
2976	3
2977	3
2978	4
2979	6
2980	4
2981	4
2982	3
2983	3
2984	2
2985	1
2986	1
2987	6
2988	6
2989	2
2990	1
2991	5
2992	4
2993	5
2994	4
2995	1
2996	5
2997	1
2998	5
2999	1
3000	5
3001	5
3002	6
3003	5
3004	1
3005	6
3006	6
3007	4
3008	5
3009	6
3010	6
3011	3
3012	5
3013	1
3014	6
3015	5
3016	5
3017	1
3018	2
3019	6
3020	3
3021	1
3022	3
3023	2
3024	3
3025	4
3026	3
3027	6
3028	3
3029	5
3030	5
3031	2
3032	3
3033	5
3034	5
3035	5
3036	4
3037	5
3038	1
3039	1
3040	5
3041	2
3042	2
3043	5
3044	1
3045	4
3046	3
3047	3
3048	4
3049	3
3050	6
3051	4
3052	6
3053	4
3054	6
3055	1
3056	1
3057	6
3058	4
3059	2
3060	1
3061	6
3062	6
3063	6
3064	2
3065	3
3066	3
3067	4
3068	6
3069	2
3070	3
3071	1
3072	2
3073	5
3074	5
3075	4
3076	4
3077	3
3078	3
3079	1
3080	2
3081	1
3082	1
3083	5
3084	5
3085	4
3086	5
3087	4
3088	3
3089	2
3090	6
3091	1
3092	6
3093	3
3094	5
3095	1
3096	3
3097	3
3098	3
3099	6
3100	6
3101	4
3102	2
3103	2
3104	2
3105	4
3106	5
3107	1
3108	2
3109	4
3110	3
3111	4
3112	4
3113	5
3114	4
3115	5
3116	3
3117	2
3118	1
3119	5
3120	4
3121	6
3122	3
3123	6
3124	3
3125	4
3126	5
3127	2
3128	1
3129	3
3130	5
3131	2
3132	4
3133	2
3134	2
3135	4
3136	3
3137	6
3138	6
3139	6
3140	5
3141	3
3142	2
3143	5
3144	2
3145	1
3146	2
3147	1
3148	5
3149	5
3150	2
3151	5
3152	4
3153	4
3154	2
3155	1
3156	3
3157	2
3158	3
3159	5
3160	3
3161	6
3162	3
3163	5
3164	1
3165	4
3166	2
3167	1
3168	6
3169	6
3170	4
3171	6
3172	1
3173	1
3174	3
3175	6
3176	1
3177	5
3178	6
3179	6
3180	4
3181	4
3182	4
3183	3
3184	6
3185	1
3186	5
3187	6
3188	4
3189	2
3190	3
3191	5
3192	3
3193	5
3194	6
3195	1
3196	4
3197	6
3198	5
3199	2
3200	4
3201	4
3202	6
3203	4
3204	3
3205	4
3206	5
3207	1
3208	6
3209	5
3210	4
3211	2
3212	5
3213	4
3214	2
3215	4
3216	6
3217	4
3218	2
3219	1
3220	1
3221	4
3222	1
3223	3
3224	2
3225	1
3226	2
3227	3
3228	6
3229	5
3230	6
3231	1
3232	1
3233	5
3234	5
3235	3
3236	3
3237	4
3238	1
3239	2
3240	6
3241	2
3242	2
3243	4
3244	6
3245	1
3246	6
3247	5
3248	1
3249	1
3250	2
3251	2
3252	2
3253	6
3254	6
3255	6
3256	6
3257	5
3258	2
3259	4
3260	2
3261	1
3262	2
3263	6
3264	4
3265	1
3266	6
3267	2
3268	4
3269	3
3270	4
3271	6
3272	4
3273	5
3274	3
3275	4
3276	3
3277	1
3278	6
3279	1
3280	1
3281	2
3282	5
3283	4
3284	1
3285	6
3286	3
3287	4
3288	1
3289	6
3290	4
3291	5
3292	3
3293	5
3294	4
3295	4
3296	6
3297	2
3298	6
3299	1
3300	2
3301	4
3302	6
3303	3
3304	1
3305	1
3306	5
3307	4
3308	4
3309	6
3310	6
3311	2
3312	4
3313	3
3314	3
3315	6
3316	5
3317	4
3318	4
3319	4
3320	5
3321	2
3322	2
3323	2
3324	3
3325	2
3326	6
3327	3
3328	1
3329	3
3330	6
3331	4
3332	2
3333	1
3334	1
3335	1
3336	1
3337	5
3338	1
3339	3
3340	3
3341	5
3342	2
3343	1
3344	3
3345	4
3346	3
3347	2
3348	5
3349	5
3350	2
3351	6
3352	5
3353	2
3354	4
3355	6
3356	4
3357	6
3358	5
3359	2
3360	1
3361	1
3362	6
3363	5
3364	5
3365	6
3366	4
3367	3
3368	2
3369	4
3370	2
3371	5
3372	3
3373	3
3374	3
3375	5
3376	1
3377	1
3378	6
3379	6
3380	4
3381	3
3382	4
3383	2
3384	6
3385	6
3386	6
3387	6
3388	1
3389	1
3390	4
3391	2
3392	6
3393	1
3394	2
3395	2
3396	2
3397	3
3398	3
3399	6
3400	3
3401	3
3402	3
3403	4
3404	5
3405	2
3406	5
3407	3
3408	4
3409	4
3410	1
3411	5
3412	1
3413	5
3414	2
3415	4
3416	6
3417	2
3418	1
3419	3
3420	1
3421	6
3422	3
3423	4
3424	6
3425	1
3426	1
3427	4
3428	2
3429	2
3430	3
3431	3
3432	1
3433	2
3434	3
3435	3
3436	5
3437	2
3438	6
3439	5
3440	6
3441	5
3442	3
3443	5
3444	4
3445	4
3446	6
3447	6
3448	3
3449	2
3450	3
3451	6
3452	1
3453	1
3454	4
3455	2
3456	3
3457	6
3458	3
3459	2
3460	4
3461	4
3462	5
3463	6
3464	6
3465	1
3466	2
3467	6
3468	4
3469	1
3470	1
3471	1
3472	3
3473	4
3474	5
3475	5
3476	5
3477	3
3478	4
3479	1
3480	3
3481	2
3482	6
3483	1
3484	1
3485	6
3486	5
3487	1
3488	6
3489	2
3490	4
3491	6
3492	5
3493	2
3494	5
3495	4
3496	3
3497	1
3498	4
3499	1
3500	5
3501	6
3502	6
3503	6
3504	3
3505	5
3506	4
3507	6
3508	3
3509	6
3510	6
3511	2
3512	4
3513	5
3514	2
3515	6
3516	5
3517	3
3518	3
3519	6
3520	6
3521	2
3522	4
3523	3
3524	2
3525	3
3526	4
3527	2
3528	6
3529	5
3530	2
3531	1
3532	1
3533	1
3534	5
3535	1
3536	5
3537	1
3538	5
3539	3
3540	6
3541	1
3542	1
3543	5
3544	2
3545	1
3546	5
3547	6
3548	2
3549	4
3550	3
3551	6
3552	4
3553	6
3554	3
3555	6
3556	4
3557	2
3558	4
3559	6
3560	5
3561	6
3562	6
3563	3
3564	3
3565	1
3566	4
3567	4
3568	3
3569	3
3570	3
3571	3
3572	2
3573	2
3574	2
3575	3
3576	5
3577	4
3578	6
3579	1
3580	4
3581	4
3582	2
3583	4
3584	1
3585	1
3586	4
3587	1
3588	4
3589	6
3590	6
3591	3
3592	4
3593	2
3594	5
3595	1
3596	2
3597	3
3598	1
3599	5
3600	3
3601	3
3602	3
3603	4
3604	2
3605	6
3606	1
3607	2
3608	6
3609	3
3610	6
3611	1
3612	6
3613	2
3614	2
3615	5
3616	5
3617	4
3618	1
3619	3
3620	2
3621	1
3622	3
3623	5
3624	5
3625	4
3626	1
3627	4
3628	6
3629	5
3630	1
3631	2
3632	1
3633	4
3634	1
3635	6
3636	4
3637	1
3638	3
3639	5
3640	6
3641	4
3642	2
3643	4
3644	4
3645	4
3646	2
3647	1
3648	6
3649	1
3650	1
3651	2
3652	5
3653	6
3654	5
3655	1
3656	4
3657	1
3658	1
3659	6
3660	4
3661	2
3662	1
3663	2
3664	4
3665	2
3666	6
3667	4
3668	1
3669	6
3670	6
3671	3
3672	3
3673	5
3674	1
3675	5
3676	1
3677	4
3678	3
3679	2
3680	4
3681	1
3682	4
3683	5
3684	4
3685	2
3686	1
3687	1
3688	1
3689	5
3690	6
3691	3
3692	6
3693	2
3694	6
3695	1
3696	4
3697	3
3698	1
3699	1
3700	5
3701	1
3702	2
3703	5
3704	3
3705	3
3706	4
3707	5
3708	6
3709	1
3710	1
3711	6
3712	5
3713	4
3714	1
3715	3
3716	4
3717	6
3718	3
3719	6
3720	5
3721	1
3722	1
3723	2
3724	2
3725	6
3726	4
3727	6
3728	2
3729	6
3730	6
3731	2
3732	3
3733	5
3734	4
3735	3
3736	2
3737	2
3738	2
3739	2
3740	3
3741	4
3742	3
3743	3
3744	5
3745	2
3746	3
3747	5
3748	6
3749	1
3750	6
3751	5
3752	3
3753	6
3754	4
3755	5
3756	3
3757	5
3758	2
3759	3
3760	5
3761	4
3762	3
3763	4
3764	1
3765	6
3766	2
3767	1
3768	2
3769	6
3770	3
3771	3
3772	3
3773	3
3774	4
3775	2
3776	5
3777	5
3778	3
3779	1
3780	6
3781	6
3782	1
3783	6
3784	3
3785	1
3786	6
3787	2
3788	6
3789	4
3790	6
3791	3
3792	1
3793	6
3794	5
3795	1
3796	1
3797	5
3798	5
3799	6
3800	3
3801	2
3802	6
3803	3
3804	3
3805	6
3806	5
3807	3
3808	2
3809	2
3810	5
3811	2
3812	3
3813	1
3814	3
3815	4
3816	1
3817	4
3818	2
3819	3
3820	3
3821	2
3822	2
3823	2
3824	2
3825	5
3826	1
3827	3
3828	2
3829	1
3830	6
3831	2
3832	3
3833	1
3834	1
3835	6
3836	4
3837	2
3838	6
3839	2
3840	2
3841	5
3842	6
3843	6
3844	2
3845	1
3846	4
3847	3
3848	1
3849	5
3850	5
3851	4
3852	1
3853	1
3854	1
3855	4
3856	4
3857	5
3858	1
3859	6
3860	1
3861	1
3862	4
3863	5
3864	2
3865	3
3866	4
3867	4
3868	1
3869	3
3870	4
3871	2
3872	3
3873	1
3874	6
3875	5
3876	5
3877	2
3878	1
3879	4
3880	5
3881	1
3882	4
3883	4
3884	5
3885	5
3886	6
3887	2
3888	3
3889	6
3890	2
3891	1
3892	2
3893	3
3894	6
3895	6
3896	4
3897	5
3898	5
3899	5
3900	3
3901	5
3902	3
3903	1
3904	3
3905	2
3906	3
3907	2
3908	1
3909	3
3910	3
3911	5
3912	1
3913	4
3914	4
3915	6
3916	1
3917	3
3918	6
3919	3
3920	6
3921	4
3922	2
3923	4
3924	3
3925	5
3926	6
3927	4
3928	2
3929	5
3930	4
3931	4
3932	4
3933	1
3934	1
3935	2
3936	3
3937	1
3938	3
3939	6
3940	6
3941	5
3942	4
3943	4
3944	5
3945	6
3946	3
3947	2
3948	4
3949	4
3950	2
3951	1
3952	1
3953	1
3954	5
3955	3
3956	2
3957	6
3958	2
3959	5
3960	3
3961	3
3962	5
3963	3
3964	5
3965	3
3966	2
3967	1
3968	1
3969	5
3970	3
3971	1
3972	6
3973	2
3974	1
3975	1
3976	2
3977	4
3978	5
3979	4
3980	2
3981	5
3982	1
3983	5
3984	3
3985	4
3986	6
3987	6
3988	5
3989	5
3990	1
3991	6
3992	2
3993	6
3994	4
3995	1
3996	5
3997	3
3998	4
3999	5
4000	2
4001	2
4002	2
4003	1
4004	2
4005	4
4006	6
4007	6
4008	6
4009	2
4010	3
4011	5
4012	1
4013	1
4014	3
4015	2
4016	4
4017	5
4018	6
4019	4
4020	3
4021	6
4022	2
4023	2
4024	2
4025	5
4026	1
4027	6
4028	1
4029	6
4030	4
4031	4
4032	3
4033	3
4034	3
4035	3
4036	2
4037	5
4038	5
4039	4
4040	1
4041	3
4042	2
4043	3
4044	2
4045	5
4046	6
4047	4
4048	4
4049	6
4050	2
4051	4
4052	2
4053	5
4054	4
4055	3
4056	4
4057	2
4058	3
4059	5
4060	3
4061	1
4062	5
4063	4
4064	2
4065	1
4066	2
4067	6
4068	2
4069	3
4070	5
4071	4
4072	4
4073	6
4074	1
4075	5
4076	4
4077	1
4078	6
4079	4
4080	3
4081	3
4082	1
4083	1
4084	5
4085	5
4086	1
4087	3
4088	1
4089	3
4090	4
4091	1
4092	1
4093	6
4094	6
4095	6
4096	1
4097	1
4098	1
4099	3
4100	4
4101	3
4102	4
4103	6
4104	2
4105	3
4106	6
4107	1
4108	4
4109	4
4110	1
4111	2
4112	3
4113	6
4114	6
4115	4
4116	6
4117	6
4118	1
4119	1
4120	4
4121	5
4122	6
4123	1
4124	5
4125	5
4126	4
4127	4
4128	3
4129	1
4130	6
4131	5
4132	1
4133	1
4134	3
4135	4
4136	1
4137	1
4138	6
4139	2
4140	4
4141	3
4142	5
4143	2
4144	5
4145	1
4146	6
4147	1
4148	4
4149	2
4150	3
4151	6
4152	4
4153	1
4154	6
4155	5
4156	2
4157	3
4158	5
4159	1
4160	5
4161	3
4162	5
4163	4
4164	1
4165	3
4166	5
4167	1
4168	4
4169	2
4170	2
4171	5
4172	3
4173	4
4174	2
4175	2
4176	1
4177	2
4178	1
4179	5
4180	3
4181	5
4182	1
4183	4
4184	4
4185	4
4186	2
4187	3
4188	6
4189	6
4190	5
4191	4
4192	2
4193	6
4194	1
4195	2
4196	4
4197	4
4198	1
4199	6
4200	6
4201	4
4202	3
4203	1
4204	6
4205	5
4206	1
4207	5
4208	6
4209	4
4210	1
4211	3
4212	6
4213	6
4214	2
4215	5
4216	6
4217	1
4218	6
4219	6
4220	5
4221	2
4222	5
4223	4
4224	4
4225	5
4226	5
4227	3
4228	1
4229	6
4230	3
4231	2
4232	4
4233	2
4234	3
4235	1
4236	2
4237	6
4238	4
4239	6
4240	6
4241	1
4242	4
4243	3
4244	3
4245	6
4246	2
4247	4
4248	4
4249	1
4250	1
4251	1
4252	5
4253	1
4254	5
4255	5
4256	2
4257	1
4258	1
4259	4
4260	1
4261	1
4262	5
4263	4
4264	6
4265	6
4266	4
4267	3
4268	4
4269	5
4270	6
4271	3
4272	5
4273	3
4274	5
4275	2
4276	2
4277	2
4278	4
4279	5
4280	4
4281	2
4282	1
4283	6
4284	3
4285	5
4286	2
4287	6
4288	3
4289	5
4290	6
4291	2
4292	2
4293	1
4294	2
4295	1
4296	4
4297	6
4298	6
4299	2
4300	2
4301	5
4302	1
4303	1
4304	2
4305	3
4306	5
4307	6
4308	5
4309	4
4310	3
4311	6
4312	2
4313	4
4314	1
4315	2
4316	3
4317	3
4318	6
4319	2
4320	1
4321	5
4322	6
4323	6
4324	2
4325	5
4326	1
4327	6
4328	1
4329	6
4330	3
4331	6
4332	5
4333	4
4334	6
4335	1
4336	5
4337	1
4338	6
4339	5
4340	3
4341	4
4342	5
4343	5
4344	4
4345	1
4346	4
4347	1
4348	1
4349	4
4350	4
4351	4
4352	5
4353	3
4354	2
4355	3
4356	5
4357	5
4358	4
4359	6
4360	6
4361	1
4362	2
4363	2
4364	1
4365	5
4366	2
4367	4
4368	3
4369	2
4370	2
4371	4
4372	4
4373	5
4374	4
4375	4
4376	3
4377	2
4378	2
4379	5
4380	6
4381	2
4382	5
4383	4
4384	6
4385	3
4386	4
4387	4
4388	6
4389	6
4390	1
4391	1
4392	2
4393	4
4394	2
4395	2
4396	2
4397	1
4398	5
4399	3
4400	5
4401	6
4402	2
4403	6
4404	3
4405	5
4406	4
4407	5
4408	1
4409	4
4410	4
4411	5
4412	6
4413	6
4414	4
4415	6
4416	2
4417	4
4418	4
4419	4
4420	6
4421	5
4422	5
4423	6
4424	2
4425	3
4426	4
4427	1
4428	5
4429	4
4430	6
4431	6
4432	6
4433	1
4434	6
4435	2
4436	3
4437	4
4438	1
4439	3
4440	1
4441	5
4442	2
4443	5
4444	4
4445	6
4446	4
4447	5
4448	4
4449	4
4450	5
4451	5
4452	2
4453	3
4454	1
4455	6
4456	5
4457	1
4458	5
4459	4
4460	6
4461	2
4462	3
4463	4
4464	2
4465	5
4466	4
4467	3
4468	1
4469	2
4470	6
4471	6
4472	4
4473	1
4474	2
4475	4
4476	2
4477	1
4478	6
4479	6
4480	4
4481	4
4482	2
4483	4
4484	3
4485	1
4486	2
4487	2
4488	5
4489	6
4490	5
4491	3
4492	4
4493	3
4494	2
4495	5
4496	6
4497	2
4498	6
4499	3
4500	1
4501	5
4502	5
4503	2
4504	5
4505	3
4506	2
4507	3
4508	3
4509	3
4510	6
4511	3
4512	6
4513	1
4514	5
4515	3
4516	4
4517	5
4518	6
4519	2
4520	2
4521	5
4522	4
4523	1
4524	2
4525	6
4526	1
4527	3
4528	5
4529	4
4530	6
4531	6
4532	4
4533	3
4534	5
4535	2
4536	2
4537	2
4538	4
4539	3
4540	5
4541	4
4542	4
4543	6
4544	6
4545	2
4546	2
4547	5
4548	5
4549	4
4550	2
4551	4
4552	6
4553	1
4554	5
4555	4
4556	2
4557	2
4558	2
4559	6
4560	6
4561	1
4562	5
4563	3
4564	3
4565	2
4566	5
4567	4
4568	5
4569	3
4570	2
4571	2
4572	2
4573	5
4574	6
4575	4
4576	1
4577	5
4578	4
4579	1
4580	6
4581	5
4582	2
4583	1
4584	6
4585	1
4586	5
4587	2
4588	6
4589	2
4590	5
4591	4
4592	3
4593	5
4594	3
4595	3
4596	6
4597	5
4598	6
4599	5
4600	1
4601	6
4602	1
4603	3
4604	6
4605	6
4606	2
4607	2
4608	6
4609	4
4610	6
4611	3
4612	4
4613	4
4614	1
4615	6
4616	3
4617	6
4618	4
4619	5
4620	5
4621	3
4622	1
4623	4
4624	2
4625	6
4626	6
4627	6
4628	5
4629	4
4630	2
4631	1
4632	4
4633	6
4634	5
4635	2
4636	6
4637	5
4638	1
4639	1
4640	6
4641	3
4642	2
4643	1
4644	6
4645	6
4646	6
4647	5
4648	6
4649	1
4650	4
4651	2
4652	3
4653	1
4654	6
4655	5
4656	5
4657	6
4658	4
4659	2
4660	5
4661	2
4662	1
4663	5
4664	2
4665	4
4666	5
4667	3
4668	6
4669	6
4670	4
4671	3
4672	6
4673	5
4674	3
4675	3
4676	1
4677	4
4678	5
4679	3
4680	6
4681	1
4682	3
4683	4
4684	6
4685	3
4686	5
4687	4
4688	1
4689	6
4690	4
4691	2
4692	1
4693	5
4694	3
4695	2
4696	6
4697	5
4698	1
4699	3
4700	1
4701	2
4702	3
4703	5
4704	3
4705	3
4706	4
4707	3
4708	4
4709	2
4710	6
4711	5
4712	2
4713	6
4714	1
4715	1
4716	3
4717	2
4718	4
4719	4
4720	1
4721	4
4722	4
4723	6
4724	6
4725	3
4726	1
4727	1
4728	3
4729	3
4730	3
4731	6
4732	6
4733	6
4734	5
4735	1
4736	4
4737	6
4738	5
4739	5
4740	5
4741	3
4742	1
4743	1
4744	4
4745	1
4746	1
4747	4
4748	5
4749	3
4750	5
4751	6
4752	4
4753	4
4754	6
4755	3
4756	6
4757	3
4758	1
4759	6
4760	5
4761	4
4762	1
4763	6
4764	2
4765	5
4766	6
4767	3
4768	6
4769	1
4770	3
4771	3
4772	3
4773	4
4774	4
4775	5
4776	5
4777	5
4778	1
4779	1
4780	3
4781	2
4782	6
4783	6
4784	1
4785	2
4786	5
4787	4
4788	6
4789	6
4790	5
4791	3
4792	2
4793	5
4794	1
4795	4
4796	3
4797	2
4798	5
4799	1
4800	1
4801	2
4802	6
4803	6
4804	1
4805	6
4806	5
4807	3
4808	2
4809	6
4810	5
4811	5
4812	6
4813	5
4814	2
4815	1
4816	6
4817	5
4818	6
4819	3
4820	2
4821	4
4822	2
4823	2
4824	6
4825	5
4826	6
4827	1
4828	1
4829	5
4830	6
4831	3
4832	6
4833	3
4834	4
4835	2
4836	3
4837	6
4838	1
4839	5
4840	1
4841	5
4842	2
4843	3
4844	6
4845	5
4846	6
4847	4
4848	4
4849	2
4850	1
4851	3
4852	4
4853	6
4854	3
4855	5
4856	1
4857	2
4858	2
4859	1
4860	3
4861	5
4862	1
4863	5
4864	3
4865	2
4866	3
4867	3
4868	4
4869	6
4870	3
4871	2
4872	6
4873	5
4874	4
4875	6
4876	2
4877	5
4878	1
4879	3
4880	6
4881	3
4882	2
4883	4
4884	1
4885	4
4886	3
4887	3
4888	1
4889	3
4890	6
4891	3
4892	5
4893	5
4894	5
4895	6
4896	2
4897	5
4898	4
4899	5
4900	2
4901	1
4902	3
4903	5
4904	6
4905	5
4906	5
4907	5
4908	5
4909	6
4910	3
4911	4
4912	4
4913	2
4914	4
4915	4
4916	6
4917	1
4918	4
4919	4
4920	1
4921	5
4922	3
4923	3
4924	1
4925	4
4926	6
4927	6
4928	6
4929	5
4930	4
4931	5
4932	4
4933	3
4934	6
4935	3
4936	1
4937	6
4938	3
4939	5
4940	3
4941	2
4942	5
4943	1
4944	5
4945	2
4946	3
4947	3
4948	6
4949	4
4950	5
4951	1
4952	6
4953	1
4954	6
4955	4
4956	1
4957	6
4958	5
4959	1
4960	3
4961	2
4962	1
4963	4
4964	3
4965	5
4966	4
4967	6
4968	5
4969	3
4970	5
4971	3
4972	1
4973	1
4974	1
4975	1
4976	3
4977	1
4978	3
4979	5
4980	6
4981	1
4982	2
4983	6
4984	6
4985	1
4986	6
4987	4
4988	1
4989	2
4990	1
4991	4
4992	5
4993	2
4994	3
4995	1
4996	1
4997	6
4998	1
4999	2
5000	4
5001	4
5002	5
5003	2
5004	5
5005	3
5006	2
5007	1
5008	4
5009	4
5010	1
5011	4
5012	2
5013	5
5014	5
5015	4
5016	6
5017	5
5018	3
5019	3
5020	4
5021	3
5022	3
5023	2
5024	3
5025	1
5026	5
5027	2
5028	3
5029	5
5030	6
5031	2
5032	4
5033	4
5034	3
5035	1
5036	4
5037	5
5038	6
5039	2
5040	2
5041	3
5042	4
5043	3
5044	1
5045	4
5046	4
5047	3
5048	1
5049	2
5050	1
5051	4
5052	3
5053	1
5054	3
5055	2
5056	4
5057	5
5058	6
5059	1
5060	2
5061	1
5062	5
5063	3
5064	2
5065	5
5066	1
5067	4
5068	3
5069	5
5070	5
5071	3
5072	4
5073	5
5074	1
5075	4
5076	6
5077	3
5078	1
5079	3
5080	1
5081	3
5082	4
5083	6
5084	1
5085	6
5086	6
5087	3
5088	1
5089	2
5090	4
5091	5
5092	4
5093	6
5094	5
5095	2
5096	5
5097	5
5098	4
5099	6
5100	4
5101	1
5102	2
5103	3
5104	5
5105	4
5106	4
5107	2
5108	6
5109	3
5110	3
5111	3
5112	4
5113	4
5114	5
5115	6
5116	2
5117	5
5118	3
5119	2
5120	6
5121	2
5122	6
5123	4
5124	3
5125	3
5126	6
5127	1
5128	1
5129	2
5130	3
5131	1
5132	1
5133	5
5134	6
5135	5
5136	3
5137	4
5138	2
5139	5
5140	1
5141	6
5142	6
5143	2
5144	6
5145	5
5146	1
5147	2
5148	4
5149	4
5150	4
5151	3
5152	6
5153	2
5154	5
5155	6
5156	4
5157	5
5158	3
5159	5
5160	4
5161	4
5162	6
5163	6
5164	6
5165	3
5166	1
5167	1
5168	3
5169	5
5170	3
5171	3
5172	5
5173	6
5174	4
5175	2
5176	5
5177	1
5178	4
5179	4
5180	6
5181	4
5182	1
5183	5
5184	5
5185	1
5186	2
5187	5
5188	2
5189	5
5190	1
5191	5
5192	3
5193	4
5194	5
5195	6
5196	4
5197	3
5198	1
5199	4
5200	6
5201	2
5202	2
5203	1
5204	6
5205	3
5206	5
5207	6
5208	5
5209	4
5210	4
5211	6
5212	2
5213	4
5214	1
5215	6
5216	4
5217	2
5218	2
5219	6
5220	1
5221	1
5222	5
5223	6
5224	6
5225	4
5226	2
5227	5
5228	6
5229	3
5230	1
5231	3
5232	2
5233	5
5234	2
5235	5
5236	5
5237	4
5238	4
5239	4
5240	6
5241	4
5242	2
5243	4
5244	5
5245	1
5246	6
5247	5
5248	6
5249	4
5250	4
5251	5
5252	6
5253	5
5254	1
5255	4
5256	6
5257	6
5258	3
5259	5
5260	4
5261	4
5262	6
5263	5
5264	4
5265	3
5266	3
5267	5
5268	2
5269	3
5270	5
5271	3
5272	1
5273	6
5274	1
5275	4
5276	1
5277	5
5278	4
5279	3
5280	3
5281	2
5282	6
5283	3
5284	2
5285	5
5286	5
5287	4
5288	2
5289	3
5290	6
5291	5
5292	6
5293	4
5294	3
5295	5
5296	4
5297	3
5298	5
5299	1
5300	3
5301	2
5302	5
5303	5
5304	4
5305	6
5306	5
5307	1
5308	4
5309	1
5310	5
5311	6
5312	1
5313	2
5314	1
5315	3
5316	1
5317	5
5318	2
5319	1
5320	4
5321	3
5322	2
5323	5
5324	2
5325	2
5326	2
5327	5
5328	2
5329	2
5330	2
5331	2
5332	6
5333	5
5334	3
5335	5
5336	3
5337	3
5338	1
5339	6
5340	3
5341	2
5342	3
5343	3
5344	2
5345	6
5346	5
5347	5
5348	3
5349	3
5350	3
5351	5
5352	6
5353	4
5354	1
5355	4
5356	4
5357	4
5358	3
5359	1
5360	1
5361	4
5362	4
5363	2
5364	2
5365	2
5366	1
5367	3
5368	5
5369	1
5370	5
5371	4
5372	6
5373	5
5374	4
5375	2
5376	2
5377	4
5378	1
5379	1
5380	6
5381	3
5382	1
5383	3
5384	6
5385	3
5386	5
5387	4
5388	3
5389	5
5390	4
5391	2
5392	2
5393	3
5394	4
5395	1
5396	5
5397	3
5398	1
5399	3
5400	2
5401	5
5402	4
5403	3
5404	1
5405	6
5406	1
5407	6
5408	2
5409	3
5410	3
5411	5
5412	1
5413	1
5414	6
5415	3
5416	6
5417	6
5418	4
5419	4
5420	2
5421	5
5422	1
5423	2
5424	4
5425	6
5426	3
5427	2
5428	2
5429	3
5430	2
5431	1
5432	5
5433	5
5434	5
5435	1
5436	3
5437	6
5438	4
5439	1
5440	1
5441	6
5442	4
5443	5
5444	2
5445	6
5446	3
5447	3
5448	5
5449	4
5450	4
5451	2
5452	6
5453	6
5454	4
5455	6
5456	1
5457	1
5458	3
5459	3
5460	6
5461	4
5462	1
5463	2
5464	4
5465	5
5466	2
5467	5
5468	3
5469	1
5470	3
5471	5
5472	4
5473	5
5474	3
5475	2
5476	4
5477	6
5478	6
5479	3
5480	1
5481	1
5482	5
5483	3
5484	3
5485	4
5486	4
5487	5
5488	3
5489	6
5490	6
5491	2
5492	4
5493	1
5494	5
5495	3
5496	4
5497	5
5498	3
5499	1
5500	1
5501	6
5502	4
5503	1
5504	1
5505	3
5506	2
5507	2
5508	3
5509	4
5510	3
5511	4
5512	4
5513	4
5514	3
5515	3
5516	5
5517	4
5518	4
5519	1
5520	2
5521	6
5522	4
5523	3
5524	1
5525	1
5526	3
5527	3
5528	4
5529	6
5530	1
5531	2
5532	3
5533	1
5534	6
5535	2
5536	1
5537	6
5538	4
5539	1
5540	2
5541	3
5542	2
5543	3
5544	6
5545	6
5546	5
5547	4
5548	6
5549	2
5550	3
5551	6
5552	2
5553	2
5554	3
5555	5
5556	2
5557	2
5558	5
5559	1
5560	1
5561	1
5562	1
5563	5
5564	6
5565	5
5566	3
5567	4
5568	1
5569	6
5570	1
5571	5
5572	3
5573	2
5574	3
5575	6
5576	2
5577	2
5578	4
5579	6
5580	2
5581	1
5582	1
5583	5
5584	5
5585	2
5586	2
5587	4
5588	2
5589	6
5590	6
5591	5
5592	3
5593	3
5594	6
5595	3
5596	3
5597	4
5598	3
5599	4
5600	2
5601	5
5602	6
5603	4
5604	5
5605	1
5606	5
5607	1
5608	4
5609	4
5610	4
5611	1
5612	4
5613	2
5614	2
5615	6
5616	3
5617	1
5618	6
5619	4
5620	4
5621	2
5622	3
5623	4
5624	1
5625	4
5626	5
5627	1
5628	6
5629	1
5630	4
5631	6
5632	5
5633	5
5634	4
5635	3
5636	3
5637	6
5638	6
5639	3
5640	3
5641	5
5642	2
5643	6
5644	1
5645	6
5646	3
5647	6
5648	4
5649	1
5650	3
5651	5
5652	2
5653	6
5654	1
5655	6
5656	2
5657	6
5658	2
5659	3
5660	2
5661	5
5662	2
5663	4
5664	6
5665	6
5666	5
5667	1
5668	1
5669	3
5670	3
5671	6
5672	2
5673	2
5674	3
5675	4
5676	3
5677	4
5678	2
5679	4
5680	3
5681	6
5682	3
5683	6
5684	2
5685	5
5686	2
5687	6
5688	6
5689	4
5690	2
5691	2
5692	4
5693	4
5694	1
5695	3
5696	6
5697	2
5698	3
5699	4
5700	3
5701	5
5702	6
5703	6
5704	6
5705	3
5706	2
5707	4
5708	3
5709	3
5710	3
5711	3
5712	5
5713	5
5714	1
5715	6
5716	1
5717	1
5718	6
5719	6
5720	6
5721	3
5722	5
5723	5
5724	4
5725	6
5726	5
5727	5
5728	3
5729	1
5730	4
5731	4
5732	4
5733	2
5734	2
5735	3
5736	2
5737	2
5738	5
5739	5
5740	4
5741	5
5742	1
5743	1
5744	5
5745	1
5746	1
5747	4
5748	3
5749	3
5750	6
5751	3
5752	3
5753	5
5754	2
5755	2
5756	5
5757	4
5758	4
5759	4
5760	4
5761	6
5762	1
5763	2
5764	5
5765	6
5766	5
5767	5
5768	2
5769	1
5770	5
5771	2
5772	3
5773	1
5774	2
5775	5
5776	5
5777	6
5778	4
5779	6
5780	6
5781	2
5782	2
5783	6
5784	1
5785	6
5786	4
5787	1
5788	2
5789	6
5790	1
5791	5
5792	2
5793	6
5794	6
5795	4
5796	1
5797	3
5798	3
5799	1
5800	2
5801	2
5802	1
5803	5
5804	4
5805	6
5806	1
5807	2
5808	5
5809	1
5810	2
5811	5
5812	6
5813	4
5814	5
5815	2
5816	6
5817	5
5818	6
5819	3
5820	6
5821	4
5822	4
5823	4
5824	3
5825	4
5826	1
5827	5
5828	1
5829	5
5830	6
5831	2
5832	2
5833	1
5834	6
5835	2
5836	3
5837	1
5838	6
5839	6
5840	6
5841	3
5842	1
5843	3
5844	4
5845	5
5846	5
5847	4
5848	4
5849	1
5850	2
5851	2
5852	5
5853	2
5854	5
5855	2
5856	3
5857	3
5858	1
5859	5
5860	5
5861	5
5862	3
5863	5
5864	4
5865	1
5866	2
5867	3
5868	3
5869	1
5870	1
5871	1
5872	6
5873	1
5874	1
5875	3
5876	6
5877	4
5878	5
5879	6
5880	4
5881	6
5882	5
5883	3
5884	3
5885	6
5886	6
5887	5
5888	5
5889	5
5890	5
5891	4
5892	2
5893	1
5894	6
5895	1
5896	6
5897	1
5898	5
5899	2
5900	5
5901	5
5902	4
5903	5
5904	1
5905	4
5906	3
5907	5
5908	3
5909	2
5910	6
5911	5
5912	3
5913	1
5914	1
5915	1
5916	6
5917	3
5918	2
5919	6
5920	4
5921	1
5922	1
5923	5
5924	1
5925	1
5926	6
5927	6
5928	1
5929	4
5930	2
5931	2
5932	5
5933	3
5934	2
5935	6
5936	1
5937	4
5938	4
5939	1
5940	4
5941	4
5942	5
5943	2
5944	3
5945	2
5946	3
5947	5
5948	5
5949	2
5950	4
5951	5
5952	5
5953	1
5954	4
5955	2
5956	4
5957	3
5958	1
5959	6
5960	5
5961	4
5962	1
5963	5
5964	2
5965	2
5966	1
5967	1
5968	4
5969	3
5970	4
5971	6
5972	5
5973	2
5974	3
5975	4
5976	1
5977	4
5978	3
5979	5
5980	3
5981	5
5982	5
5983	5
5984	2
5985	2
5986	1
5987	3
5988	4
5989	2
5990	1
5991	6
5992	3
5993	4
5994	1
5995	1
5996	4
5997	6
5998	3
5999	1
6000	6
6001	3
6002	4
6003	2
6004	6
6005	6
6006	5
6007	3
6008	2
6009	6
6010	4
6011	5
6012	3
6013	3
6014	3
6015	5
6016	6
6017	2
6018	2
6019	4
6020	4
6021	1
6022	2
6023	3
6024	3
6025	4
6026	3
6027	2
6028	3
6029	5
6030	4
6031	3
6032	2
6033	5
6034	4
6035	3
6036	6
6037	3
6038	1
6039	5
6040	6
6041	2
6042	2
6043	5
6044	3
6045	1
6046	5
6047	2
6048	4
6049	6
6050	2
6051	3
6052	5
6053	6
6054	2
6055	2
6056	2
6057	3
6058	1
6059	5
6060	3
6061	5
6062	4
6063	5
6064	6
6065	5
6066	3
6067	1
6068	4
6069	5
6070	2
6071	5
6072	2
6073	6
6074	5
6075	4
6076	5
6077	3
6078	1
6079	4
6080	4
6081	6
6082	6
6083	2
6084	5
6085	1
6086	4
6087	5
6088	2
6089	1
6090	6
6091	2
6092	5
6093	2
6094	2
6095	6
6096	6
6097	1
6098	2
6099	6
6100	3
6101	5
6102	6
6103	4
6104	5
6105	1
6106	5
6107	6
6108	5
6109	6
6110	5
6111	5
6112	6
6113	6
6114	6
6115	5
6116	1
6117	2
6118	2
6119	1
6120	3
6121	2
6122	4
6123	4
6124	4
6125	3
6126	6
6127	6
6128	4
6129	3
6130	1
6131	6
6132	4
6133	3
6134	3
6135	4
6136	5
6137	6
6138	3
6139	2
6140	4
6141	3
6142	4
6143	5
6144	6
6145	2
6146	2
6147	1
6148	1
6149	4
6150	6
6151	1
6152	1
6153	6
6154	3
6155	1
6156	4
6157	5
6158	1
6159	4
6160	3
6161	1
6162	6
6163	6
6164	5
6165	1
6166	2
6167	5
6168	1
6169	3
6170	6
6171	2
6172	3
6173	1
6174	5
6175	3
6176	2
6177	3
6178	5
6179	5
6180	4
6181	2
6182	3
6183	1
6184	2
6185	5
6186	2
6187	5
6188	6
6189	6
6190	2
6191	3
6192	4
6193	4
6194	1
6195	4
6196	5
6197	4
6198	4
6199	4
6200	1
6201	2
6202	1
6203	2
6204	2
6205	5
6206	6
6207	1
6208	1
6209	6
6210	1
6211	3
6212	5
6213	2
6214	1
6215	1
6216	2
6217	4
6218	6
6219	3
6220	4
6221	2
6222	2
6223	3
6224	4
6225	4
6226	4
6227	2
6228	1
6229	4
6230	4
6231	1
6232	2
6233	1
6234	6
6235	4
6236	2
6237	4
6238	3
6239	4
6240	1
6241	1
6242	5
6243	3
6244	4
6245	5
6246	3
6247	3
6248	4
6249	3
6250	6
6251	1
6252	4
6253	1
6254	6
6255	4
6256	5
6257	6
6258	4
6259	3
6260	4
6261	6
6262	5
6263	5
6264	4
6265	1
6266	5
6267	2
6268	4
6269	3
6270	5
6271	5
6272	1
6273	3
6274	6
6275	2
6276	5
6277	4
6278	4
6279	2
6280	2
6281	4
6282	4
6283	2
6284	4
6285	3
6286	3
6287	2
6288	1
6289	4
6290	6
6291	1
6292	2
6293	1
6294	3
6295	6
6296	3
6297	1
6298	4
6299	4
6300	4
6301	3
6302	1
6303	2
6304	1
6305	6
6306	5
6307	2
6308	6
6309	2
6310	6
6311	6
6312	4
6313	4
6314	3
6315	6
6316	2
6317	3
6318	6
6319	2
6320	1
6321	4
6322	1
6323	1
6324	2
6325	2
6326	5
6327	2
6328	1
6329	6
6330	5
6331	2
6332	1
6333	3
6334	1
6335	4
6336	6
6337	5
6338	4
6339	4
6340	2
6341	3
6342	2
6343	2
6344	6
6345	5
6346	4
6347	5
6348	6
6349	1
6350	5
6351	2
6352	6
6353	3
6354	4
6355	1
6356	2
6357	3
6358	2
6359	1
6360	3
6361	6
6362	2
6363	6
6364	6
6365	2
6366	5
6367	2
6368	2
6369	4
6370	3
6371	1
6372	2
6373	1
6374	1
6375	5
6376	5
6377	6
6378	5
6379	3
6380	4
6381	2
6382	2
6383	3
6384	1
6385	2
6386	1
6387	5
6388	1
6389	3
6390	4
6391	5
6392	1
6393	3
6394	5
6395	1
6396	1
6397	4
6398	2
6399	1
6400	3
6401	4
6402	1
6403	6
6404	2
6405	6
6406	6
6407	3
6408	3
6409	6
6410	4
6411	6
6412	5
6413	3
6414	3
6415	5
6416	6
6417	2
6418	2
6419	6
6420	4
6421	6
6422	5
6423	2
6424	6
6425	3
6426	2
6427	1
6428	4
6429	4
6430	3
6431	1
6432	1
6433	4
6434	6
6435	5
6436	5
6437	3
6438	2
6439	5
6440	2
6441	4
6442	2
6443	1
6444	1
6445	3
6446	6
6447	3
6448	1
6449	5
6450	5
6451	3
6452	3
6453	5
6454	6
6455	3
6456	5
6457	6
6458	1
6459	4
6460	5
6461	6
6462	2
6463	6
6464	6
6465	6
6466	3
6467	5
6468	2
6469	5
6470	2
6471	5
6472	4
6473	4
6474	4
6475	1
6476	6
6477	6
6478	2
6479	5
6480	5
6481	2
6482	3
6483	3
6484	6
6485	3
6486	1
6487	3
6488	6
6489	5
6490	5
6491	1
6492	1
6493	2
6494	3
6495	2
6496	5
6497	4
6498	6
6499	4
6500	2
6501	1
6502	1
6503	6
6504	5
6505	3
6506	2
6507	2
6508	4
6509	5
6510	3
6511	5
6512	4
6513	2
6514	5
6515	2
6516	1
6517	6
6518	6
6519	2
6520	5
6521	3
6522	1
6523	6
6524	3
6525	5
6526	6
6527	4
6528	2
6529	1
6530	6
6531	6
6532	4
6533	5
6534	4
6535	2
6536	5
6537	2
6538	2
6539	6
6540	1
6541	6
6542	2
6543	5
6544	6
6545	3
6546	4
6547	2
6548	5
6549	3
6550	3
6551	6
6552	5
6553	4
6554	1
6555	4
6556	6
6557	3
6558	4
6559	1
6560	1
6561	2
6562	5
6563	3
6564	6
6565	5
6566	6
6567	1
6568	1
6569	2
6570	2
6571	6
6572	3
6573	1
6574	1
6575	5
6576	6
6577	4
6578	1
6579	1
6580	1
6581	1
6582	2
6583	3
6584	3
6585	3
6586	3
6587	3
6588	4
6589	3
6590	2
6591	2
6592	3
6593	6
6594	1
6595	2
6596	6
6597	6
6598	4
6599	3
6600	1
6601	2
6602	2
6603	5
6604	1
6605	3
6606	6
6607	5
6608	3
6609	3
6610	6
6611	4
6612	3
6613	6
6614	4
6615	4
6616	4
6617	3
6618	4
6619	4
6620	5
6621	3
6622	4
6623	3
6624	3
6625	6
6626	2
6627	5
6628	4
6629	3
6630	3
6631	3
6632	4
6633	6
6634	6
6635	3
6636	2
6637	4
6638	3
6639	5
6640	2
6641	1
6642	3
6643	5
6644	2
6645	6
6646	1
6647	5
6648	4
6649	2
6650	4
6651	5
6652	6
6653	4
6654	5
6655	1
6656	5
6657	4
6658	4
6659	5
6660	4
6661	2
6662	2
6663	6
6664	1
6665	4
6666	2
6667	6
6668	5
6669	6
6670	4
6671	4
6672	2
6673	6
6674	5
6675	2
6676	5
6677	3
6678	6
6679	6
6680	4
6681	3
6682	4
6683	3
6684	1
6685	3
6686	2
6687	5
6688	4
6689	1
6690	6
6691	3
6692	3
6693	1
6694	6
6695	4
6696	4
6697	5
6698	1
6699	5
6700	5
6701	1
6702	5
6703	5
6704	3
6705	2
6706	6
6707	2
6708	4
6709	1
6710	5
6711	4
6712	4
6713	2
6714	4
6715	2
6716	1
6717	3
6718	2
6719	5
6720	4
6721	5
6722	6
6723	3
6724	5
6725	1
6726	5
6727	4
6728	5
6729	6
6730	1
6731	1
6732	5
6733	2
6734	4
6735	4
6736	2
6737	3
6738	6
6739	1
6740	5
6741	2
6742	4
6743	3
6744	1
6745	6
6746	6
6747	5
6748	6
6749	4
6750	2
6751	2
6752	5
6753	2
6754	4
6755	1
6756	3
6757	2
6758	1
6759	3
6760	6
6761	5
6762	5
6763	2
6764	4
6765	5
6766	3
6767	6
6768	6
6769	3
6770	1
6771	5
6772	5
6773	3
6774	2
6775	6
6776	6
6777	1
6778	4
6779	4
6780	2
6781	3
6782	4
6783	2
6784	1
6785	5
6786	5
6787	3
6788	1
6789	5
6790	6
6791	5
6792	3
6793	6
6794	2
6795	4
6796	2
6797	3
6798	2
6799	2
6800	2
6801	5
6802	2
6803	2
6804	6
6805	4
6806	1
6807	6
6808	5
6809	3
6810	2
6811	6
6812	2
6813	3
6814	5
6815	5
6816	6
6817	4
6818	3
6819	6
6820	2
6821	2
6822	5
6823	5
6824	4
6825	1
6826	1
6827	2
6828	5
6829	6
6830	3
6831	5
6832	4
6833	1
6834	2
6835	2
6836	5
6837	5
6838	6
6839	5
6840	6
6841	5
6842	3
6843	2
6844	2
6845	5
6846	5
6847	5
6848	1
6849	6
6850	1
6851	1
6852	2
6853	6
6854	2
6855	1
6856	5
6857	1
6858	1
6859	6
6860	3
6861	6
6862	6
6863	2
6864	4
6865	6
6866	2
6867	6
6868	3
6869	5
6870	1
6871	2
6872	6
6873	4
6874	5
6875	6
6876	4
6877	2
6878	2
6879	1
6880	4
6881	4
6882	2
6883	4
6884	6
6885	6
6886	5
6887	1
6888	6
6889	1
6890	1
6891	3
6892	4
6893	1
6894	6
6895	3
6896	6
6897	2
6898	4
6899	6
6900	5
6901	5
6902	2
6903	3
6904	6
6905	2
6906	4
6907	1
6908	2
6909	2
6910	5
6911	4
6912	3
6913	1
6914	4
6915	4
6916	6
6917	6
6918	5
6919	1
6920	4
6921	2
6922	3
6923	2
6924	1
6925	4
6926	1
6927	6
6928	1
6929	1
6930	4
6931	6
6932	5
6933	6
6934	1
6935	3
6936	6
6937	5
6938	5
6939	4
6940	4
6941	1
6942	4
6943	5
6944	1
6945	4
6946	6
6947	5
6948	5
6949	4
6950	1
6951	1
6952	5
6953	5
6954	3
6955	2
6956	6
6957	5
6958	5
6959	5
6960	4
6961	5
6962	1
6963	1
6964	6
6965	6
6966	3
6967	1
6968	4
6969	2
6970	3
6971	3
6972	4
6973	1
6974	2
6975	6
6976	4
6977	1
6978	3
6979	2
6980	1
6981	3
6982	5
6983	5
6984	6
6985	6
6986	2
6987	3
6988	3
6989	5
6990	3
6991	1
6992	4
6993	3
6994	5
6995	4
6996	3
6997	6
6998	3
6999	1
7000	5
7001	4
7002	5
7003	5
7004	2
7005	3
7006	5
7007	6
7008	1
7009	5
7010	3
7011	4
7012	5
7013	2
7014	5
7015	4
7016	6
7017	2
7018	3
7019	6
7020	5
7021	2
7022	1
7023	3
7024	2
7025	4
7026	4
7027	4
7028	2
7029	3
7030	3
7031	5
7032	2
7033	1
7034	6
7035	6
7036	5
7037	4
7038	1
7039	2
7040	2
7041	6
7042	5
7043	3
7044	3
7045	4
7046	3
7047	5
7048	5
7049	5
7050	5
7051	5
7052	3
7053	6
7054	5
7055	4
7056	2
7057	3
7058	6
7059	6
7060	4
7061	6
7062	4
7063	4
7064	5
7065	6
7066	1
7067	3
7068	6
7069	6
7070	3
7071	1
7072	6
7073	2
7074	2
7075	5
7076	4
7077	4
7078	6
7079	4
7080	5
7081	1
7082	5
7083	5
7084	4
7085	4
7086	1
7087	5
7088	6
7089	6
7090	3
7091	2
7092	6
7093	5
7094	5
7095	4
7096	1
7097	6
7098	4
7099	2
7100	6
7101	1
7102	3
7103	6
7104	4
7105	3
7106	6
7107	5
7108	1
7109	6
7110	5
7111	3
7112	5
7113	2
7114	3
7115	5
7116	5
7117	5
7118	1
7119	4
7120	4
7121	1
7122	4
7123	5
7124	5
7125	4
7126	4
7127	6
7128	1
7129	2
7130	6
7131	4
7132	3
7133	2
7134	1
7135	6
7136	2
7137	5
7138	2
7139	3
7140	4
7141	5
7142	3
7143	5
7144	6
7145	1
7146	2
7147	6
7148	4
7149	3
7150	5
7151	1
7152	4
7153	3
7154	2
7155	3
7156	6
7157	6
7158	3
7159	2
7160	4
7161	2
7162	3
7163	5
7164	6
7165	6
7166	2
7167	3
7168	3
7169	6
7170	3
7171	2
7172	5
7173	5
7174	1
7175	5
7176	1
7177	2
7178	2
7179	6
7180	6
7181	3
7182	2
7183	3
7184	5
7185	2
7186	3
7187	3
7188	3
7189	4
7190	1
7191	4
7192	6
7193	6
7194	2
7195	1
7196	2
7197	3
7198	6
7199	5
7200	6
7201	1
7202	1
7203	6
7204	4
7205	3
7206	4
7207	5
7208	2
7209	1
7210	6
7211	6
7212	2
7213	5
7214	4
7215	3
7216	1
7217	1
7218	5
7219	3
7220	4
7221	3
7222	2
7223	3
7224	4
7225	5
7226	2
7227	5
7228	1
7229	4
7230	6
7231	3
7232	5
7233	4
7234	6
7235	5
7236	5
7237	2
7238	1
7239	4
7240	3
7241	6
7242	5
7243	2
7244	4
7245	1
7246	1
7247	2
7248	2
7249	5
7250	5
7251	5
7252	6
7253	6
7254	5
7255	4
7256	1
7257	6
7258	2
7259	6
7260	3
7261	2
7262	1
7263	4
7264	1
7265	4
7266	6
7267	4
7268	1
7269	4
7270	4
7271	3
7272	6
7273	4
7274	4
7275	1
7276	4
7277	6
7278	1
7279	6
7280	6
7281	3
7282	1
7283	6
7284	2
7285	6
7286	4
7287	3
7288	4
7289	2
7290	6
7291	2
7292	1
7293	1
7294	2
7295	5
7296	6
7297	3
7298	4
7299	1
7300	6
7301	1
7302	3
7303	4
7304	5
7305	5
7306	1
7307	2
7308	3
7309	4
7310	1
7311	1
7312	4
7313	2
7314	5
7315	4
7316	4
7317	2
7318	3
7319	1
7320	5
7321	4
7322	6
7323	1
7324	6
7325	1
7326	1
7327	3
7328	4
7329	4
7330	6
7331	4
7332	2
7333	6
7334	6
7335	1
7336	4
7337	1
7338	5
7339	1
7340	4
7341	3
7342	5
7343	6
7344	3
7345	3
7346	6
7347	4
7348	3
7349	6
7350	4
7351	6
7352	5
7353	5
7354	1
7355	3
7356	1
7357	4
7358	2
7359	3
7360	3
7361	3
7362	4
7363	4
7364	3
7365	3
7366	5
7367	2
7368	2
7369	6
7370	6
7371	5
7372	3
7373	6
7374	2
7375	5
7376	2
7377	4
7378	1
7379	6
7380	4
7381	1
7382	3
7383	1
7384	5
7385	2
7386	5
7387	4
7388	6
7389	3
7390	4
7391	3
7392	6
7393	3
7394	6
7395	2
7396	1
7397	4
7398	3
7399	6
7400	1
7401	5
7402	2
7403	1
7404	1
7405	1
7406	3
7407	3
7408	5
7409	5
7410	2
7411	2
7412	4
7413	3
7414	4
7415	5
7416	5
7417	6
7418	6
7419	5
7420	4
7421	3
7422	4
7423	1
7424	6
7425	2
7426	2
7427	4
7428	3
7429	2
7430	2
7431	1
7432	4
7433	1
7434	1
7435	4
7436	6
7437	5
7438	5
7439	4
7440	6
7441	4
7442	6
7443	3
7444	5
7445	6
7446	6
7447	6
7448	4
7449	3
7450	4
7451	3
7452	1
7453	2
7454	5
7455	5
7456	5
7457	1
7458	5
7459	3
7460	1
7461	3
7462	3
7463	3
7464	4
7465	4
7466	6
7467	3
7468	4
7469	3
7470	5
7471	5
7472	6
7473	2
7474	3
7475	6
7476	4
7477	4
7478	4
7479	2
7480	1
7481	3
7482	2
7483	6
7484	2
7485	5
7486	2
7487	5
7488	1
7489	4
7490	4
7491	3
7492	5
7493	2
7494	1
7495	2
7496	3
7497	4
7498	5
7499	2
7500	5
7501	5
7502	3
7503	5
7504	6
7505	3
7506	6
7507	5
7508	3
7509	1
7510	5
7511	5
7512	1
7513	2
7514	1
7515	5
7516	6
7517	4
7518	4
7519	5
7520	1
7521	1
7522	4
7523	2
7524	3
7525	2
7526	1
7527	6
7528	6
7529	6
7530	2
7531	3
7532	2
7533	4
7534	1
7535	6
7536	1
7537	1
7538	2
7539	2
7540	3
7541	1
7542	1
7543	6
7544	6
7545	6
7546	6
7547	4
7548	4
7549	2
7550	1
7551	3
7552	3
7553	1
7554	2
7555	2
7556	3
7557	1
7558	5
7559	1
7560	3
7561	1
7562	4
7563	1
7564	2
7565	6
7566	1
7567	4
7568	6
7569	3
7570	6
7571	4
7572	2
7573	4
7574	2
7575	4
7576	3
7577	6
7578	5
7579	5
7580	4
7581	6
7582	4
7583	1
7584	4
7585	4
7586	6
7587	5
7588	5
7589	2
7590	3
7591	1
7592	4
7593	3
7594	4
7595	3
7596	5
7597	5
7598	1
7599	4
7600	1
7601	4
7602	1
7603	5
7604	4
7605	6
7606	1
7607	5
7608	6
7609	2
7610	5
7611	2
7612	1
7613	6
7614	2
7615	1
7616	6
7617	5
7618	1
7619	4
7620	5
7621	3
7622	5
7623	5
7624	3
7625	3
7626	4
7627	1
7628	4
7629	4
7630	3
7631	6
7632	4
7633	5
7634	6
7635	4
7636	2
7637	5
7638	2
7639	2
7640	3
7641	5
7642	3
7643	5
7644	3
7645	2
7646	3
7647	1
7648	2
7649	5
7650	5
7651	5
7652	3
7653	5
7654	5
7655	1
7656	6
7657	1
7658	1
7659	5
7660	6
7661	3
7662	1
7663	1
7664	1
7665	6
7666	4
7667	3
7668	4
7669	3
7670	2
7671	2
7672	2
7673	6
7674	4
7675	1
7676	5
7677	6
7678	1
7679	6
7680	4
7681	3
7682	4
7683	3
7684	1
7685	1
7686	1
7687	6
7688	6
7689	6
7690	4
7691	6
7692	4
7693	3
7694	3
7695	4
7696	1
7697	4
7698	6
7699	4
7700	2
7701	6
7702	2
7703	4
7704	6
7705	1
7706	6
7707	1
7708	5
7709	2
7710	4
7711	2
7712	5
7713	2
7714	4
7715	3
7716	1
7717	4
7718	6
7719	4
7720	3
7721	5
7722	3
7723	4
7724	1
7725	3
7726	1
7727	6
7728	4
7729	2
7730	4
7731	5
7732	4
7733	4
7734	3
7735	5
7736	4
7737	3
7738	5
7739	1
7740	4
7741	6
7742	2
7743	6
7744	3
7745	4
7746	5
7747	5
7748	1
7749	5
7750	3
7751	6
7752	4
7753	4
7754	1
7755	1
7756	2
7757	2
7758	2
7759	6
7760	6
7761	3
7762	3
7763	2
7764	1
7765	4
7766	1
7767	1
7768	4
7769	6
7770	1
7771	1
7772	6
7773	1
7774	1
7775	1
7776	2
7777	2
7778	5
7779	6
7780	3
7781	4
7782	2
7783	4
7784	3
7785	2
7786	3
7787	2
7788	4
7789	2
7790	5
7791	3
7792	1
7793	2
7794	4
7795	2
7796	3
7797	1
7798	4
7799	2
7800	5
7801	5
7802	6
7803	6
7804	6
7805	4
7806	5
7807	6
7808	4
7809	1
7810	1
7811	5
7812	5
7813	3
7814	5
7815	2
7816	2
7817	4
7818	5
7819	2
7820	5
7821	3
7822	5
7823	6
7824	3
7825	4
7826	3
7827	4
7828	4
7829	6
7830	2
7831	6
7832	4
7833	5
7834	1
7835	3
7836	2
7837	6
7838	1
7839	5
7840	2
7841	2
7842	1
7843	3
7844	6
7845	5
7846	1
7847	3
7848	4
7849	4
7850	5
7851	3
7852	1
7853	1
7854	5
7855	2
7856	3
7857	5
7858	2
7859	3
7860	6
7861	1
7862	3
7863	4
7864	5
7865	5
7866	6
7867	2
7868	2
7869	2
7870	3
7871	6
7872	1
7873	5
7874	5
7875	3
7876	3
7877	1
7878	6
7879	5
7880	1
7881	4
7882	2
7883	1
7884	1
7885	6
7886	4
7887	4
7888	5
7889	6
7890	5
7891	3
7892	3
7893	5
7894	3
7895	2
7896	4
7897	6
7898	1
7899	6
7900	4
7901	6
7902	4
7903	1
7904	4
7905	4
7906	5
7907	3
7908	5
7909	6
7910	4
7911	5
7912	6
7913	4
7914	1
7915	2
7916	1
7917	3
7918	5
7919	4
7920	5
7921	2
7922	5
7923	2
7924	4
7925	3
7926	2
7927	5
7928	3
7929	3
7930	5
7931	1
7932	6
7933	6
7934	6
7935	1
7936	1
7937	4
7938	3
7939	1
7940	4
7941	3
7942	1
7943	3
7944	3
7945	1
7946	1
7947	4
7948	3
7949	4
7950	3
7951	1
7952	6
7953	5
7954	5
7955	5
7956	5
7957	4
7958	4
7959	1
7960	3
7961	3
7962	5
7963	1
7964	5
7965	2
7966	2
7967	1
7968	5
7969	6
7970	1
7971	3
7972	6
7973	1
7974	4
7975	4
7976	2
7977	3
7978	1
7979	1
7980	1
7981	2
7982	6
7983	1
7984	6
7985	4
7986	5
7987	4
7988	1
7989	5
7990	6
7991	1
7992	5
7993	2
7994	4
7995	3
7996	6
7997	6
7998	1
7999	1
8000	1
8001	2
8002	1
8003	5
8004	4
8005	6
8006	1
8007	4
8008	2
8009	2
8010	2
8011	2
8012	2
8013	6
8014	1
8015	5
8016	6
8017	1
8018	1
8019	6
8020	2
8021	5
8022	3
8023	3
8024	5
8025	2
8026	6
8027	6
8028	3
8029	5
8030	1
8031	5
8032	1
8033	4
8034	6
8035	2
8036	1
8037	5
8038	1
8039	6
8040	5
8041	1
8042	6
8043	4
8044	2
8045	6
8046	6
8047	5
8048	6
8049	2
8050	5
8051	2
8052	2
8053	4
8054	3
8055	6
8056	5
8057	6
8058	6
8059	2
8060	1
8061	2
8062	2
8063	6
8064	2
8065	3
8066	1
8067	4
8068	1
8069	3
8070	5
8071	5
8072	5
8073	2
8074	4
8075	1
8076	3
8077	2
8078	5
8079	5
8080	4
8081	2
8082	1
8083	2
8084	1
8085	5
8086	6
8087	4
8088	4
8089	6
8090	5
8091	5
8092	3
8093	2
8094	1
8095	6
8096	1
8097	3
8098	5
8099	4
8100	5
8101	3
8102	1
8103	2
8104	3
8105	1
8106	3
8107	3
8108	2
8109	5
8110	4
8111	6
8112	4
8113	6
8114	2
8115	2
8116	6
8117	2
8118	4
8119	6
8120	4
8121	5
8122	1
8123	3
8124	3
8125	1
8126	4
8127	1
8128	6
8129	4
8130	6
8131	3
8132	3
8133	1
8134	5
8135	5
8136	6
8137	2
8138	5
8139	1
8140	3
8141	3
8142	2
8143	5
8144	3
8145	1
8146	4
8147	3
8148	6
8149	6
8150	4
8151	5
8152	5
8153	6
8154	5
8155	4
8156	6
8157	5
8158	3
8159	3
8160	1
8161	6
8162	2
8163	2
8164	6
8165	3
8166	2
8167	6
8168	1
8169	4
8170	1
8171	2
8172	1
8173	1
8174	4
8175	5
8176	2
8177	3
8178	4
8179	2
8180	2
8181	6
8182	2
8183	1
8184	6
8185	4
8186	3
8187	4
8188	1
8189	6
8190	4
8191	2
8192	1
8193	3
8194	3
8195	6
8196	3
8197	1
8198	1
8199	1
8200	3
8201	3
8202	4
8203	4
8204	1
8205	6
8206	6
8207	6
8208	6
8209	5
8210	5
8211	6
8212	1
8213	1
8214	3
8215	5
8216	2
8217	2
8218	6
8219	6
8220	2
8221	4
8222	3
8223	6
8224	2
8225	5
8226	2
8227	2
8228	2
8229	1
8230	5
8231	3
8232	2
8233	2
8234	4
8235	4
8236	4
8237	3
8238	5
8239	1
8240	6
8241	4
8242	4
8243	2
8244	2
8245	5
8246	6
8247	1
8248	4
8249	4
8250	4
8251	4
8252	4
8253	2
8254	3
8255	1
8256	3
8257	5
8258	4
8259	5
8260	4
8261	5
8262	5
8263	2
8264	4
8265	1
8266	2
8267	1
8268	6
8269	6
8270	1
8271	3
8272	2
8273	6
8274	3
8275	4
8276	4
8277	6
8278	2
8279	3
8280	2
8281	5
8282	4
8283	3
8284	6
8285	4
8286	2
8287	3
8288	6
8289	5
8290	2
8291	6
8292	2
8293	3
8294	5
8295	4
8296	4
8297	1
8298	6
8299	4
8300	1
8301	1
8302	6
8303	4
8304	4
8305	4
8306	5
8307	6
8308	4
8309	1
8310	3
8311	6
8312	2
8313	4
8314	5
8315	2
8316	3
8317	1
8318	4
8319	2
8320	6
8321	4
8322	2
8323	5
8324	2
8325	1
8326	2
8327	4
8328	5
8329	1
8330	5
8331	3
8332	6
8333	2
8334	5
8335	1
8336	3
8337	4
8338	5
8339	2
8340	1
8341	6
8342	5
8343	2
8344	3
8345	6
8346	4
8347	5
8348	3
8349	2
8350	6
8351	1
8352	6
8353	1
8354	5
8355	1
8356	3
8357	3
8358	3
8359	5
8360	4
8361	5
8362	5
8363	1
8364	2
8365	2
8366	3
8367	2
8368	5
8369	1
8370	2
8371	1
8372	3
8373	3
8374	3
8375	2
8376	2
8377	4
8378	2
8379	4
8380	5
8381	5
8382	6
8383	4
8384	1
8385	4
8386	2
8387	6
8388	5
8389	1
8390	4
8391	5
8392	6
8393	5
8394	4
8395	2
8396	1
8397	3
8398	6
8399	2
8400	1
8401	5
8402	2
8403	2
8404	3
8405	5
8406	1
8407	3
8408	2
8409	6
8410	3
8411	5
8412	2
8413	3
8414	4
8415	2
8416	5
8417	1
8418	6
8419	4
8420	4
8421	3
8422	3
8423	4
8424	3
8425	6
8426	3
8427	3
8428	6
8429	4
8430	1
8431	6
8432	5
8433	4
8434	2
8435	2
8436	5
8437	5
8438	2
8439	2
8440	6
8441	3
8442	3
8443	1
8444	4
8445	2
8446	1
8447	2
8448	3
8449	3
8450	6
8451	3
8452	6
8453	2
8454	4
8455	6
8456	4
8457	3
8458	1
8459	1
8460	2
8461	3
8462	4
8463	4
8464	6
8465	1
8466	5
8467	2
8468	4
8469	2
8470	4
8471	1
8472	6
8473	3
8474	1
8475	6
8476	2
8477	5
8478	5
8479	6
8480	1
8481	3
8482	6
8483	2
8484	4
8485	5
8486	3
8487	4
8488	1
8489	1
8490	6
8491	2
8492	3
8493	4
8494	1
8495	1
8496	4
8497	6
8498	3
8499	3
8500	1
8501	2
8502	4
8503	3
8504	2
8505	5
8506	1
8507	5
8508	4
8509	5
8510	3
8511	3
8512	4
8513	3
8514	1
8515	3
8516	4
8517	5
8518	3
8519	6
8520	5
8521	5
8522	2
8523	4
8524	1
8525	1
8526	3
8527	3
8528	5
8529	1
8530	5
8531	2
8532	6
8533	3
8534	5
8535	6
8536	5
8537	6
8538	1
8539	2
8540	2
8541	2
8542	4
8543	6
8544	3
8545	6
8546	2
8547	1
8548	5
8549	5
8550	5
8551	2
8552	1
8553	6
8554	3
8555	4
8556	5
8557	3
8558	4
8559	4
8560	2
8561	5
8562	4
8563	2
8564	2
8565	4
8566	1
8567	1
8568	4
8569	3
8570	5
8571	3
8572	4
8573	2
8574	5
8575	5
8576	6
8577	6
8578	6
8579	1
8580	5
8581	2
8582	4
8583	3
8584	2
8585	6
8586	3
8587	1
8588	5
8589	1
8590	4
8591	1
8592	5
8593	4
8594	4
8595	5
8596	3
8597	1
8598	6
8599	5
8600	3
8601	5
8602	4
8603	5
8604	6
8605	4
8606	6
8607	6
8608	4
8609	4
8610	2
8611	2
8612	2
8613	1
8614	5
8615	4
8616	6
8617	5
8618	2
8619	2
8620	4
8621	2
8622	5
8623	1
8624	4
8625	5
8626	4
8627	3
8628	5
8629	2
8630	2
8631	4
8632	4
8633	6
8634	3
8635	2
8636	5
8637	5
8638	1
8639	6
8640	6
8641	2
8642	6
8643	3
8644	1
8645	2
8646	4
8647	2
8648	4
8649	3
8650	2
8651	6
8652	5
8653	4
8654	1
8655	3
8656	4
8657	5
8658	2
8659	1
8660	6
8661	1
8662	1
8663	2
8664	2
8665	2
8666	4
8667	6
8668	2
8669	4
8670	4
8671	2
8672	2
8673	1
8674	3
8675	6
8676	2
8677	5
8678	5
8679	5
8680	5
8681	2
8682	5
8683	5
8684	6
8685	2
8686	4
8687	6
8688	3
8689	3
8690	2
8691	1
8692	1
8693	5
8694	2
8695	3
8696	5
8697	6
8698	4
8699	5
8700	5
8701	2
8702	6
8703	4
8704	2
8705	2
8706	3
8707	3
8708	4
8709	2
8710	6
8711	3
8712	1
8713	6
8714	5
8715	1
8716	2
8717	6
8718	1
8719	6
8720	1
8721	4
8722	6
8723	6
8724	1
8725	5
8726	2
8727	5
8728	2
8729	6
8730	3
8731	1
8732	4
8733	1
8734	4
8735	4
8736	5
8737	4
8738	2
8739	4
8740	5
8741	3
8742	4
8743	3
8744	1
8745	3
8746	3
8747	6
8748	5
8749	1
8750	5
8751	2
8752	5
8753	3
8754	1
8755	4
8756	6
8757	1
8758	1
8759	4
8760	5
8761	6
8762	3
8763	2
8764	1
8765	5
8766	6
8767	3
8768	2
8769	6
8770	1
8771	4
8772	2
8773	3
8774	3
8775	3
8776	2
8777	1
8778	4
8779	6
8780	5
8781	5
8782	4
8783	2
8784	4
8785	3
8786	2
8787	2
8788	4
8789	1
8790	3
8791	5
8792	1
8793	4
8794	1
8795	4
8796	1
8797	2
8798	5
8799	4
8800	1
8801	3
8802	1
8803	1
8804	5
8805	1
8806	5
8807	2
8808	5
8809	3
8810	5
8811	5
8812	5
8813	3
8814	3
8815	3
8816	4
8817	2
8818	3
8819	5
8820	6
8821	6
8822	2
8823	6
8824	4
8825	3
8826	3
8827	5
8828	5
8829	2
8830	6
8831	5
8832	3
8833	1
8834	4
8835	6
8836	4
8837	1
8838	5
8839	6
8840	4
8841	2
8842	5
8843	4
8844	1
8845	4
8846	2
8847	4
8848	3
8849	1
8850	5
8851	6
8852	5
8853	4
8854	1
8855	1
8856	1
8857	2
8858	2
8859	6
8860	5
8861	4
8862	6
8863	1
8864	2
8865	5
8866	1
8867	4
8868	6
8869	4
8870	4
8871	1
8872	1
8873	2
8874	3
8875	4
8876	1
8877	1
8878	4
8879	2
8880	6
8881	6
8882	2
8883	5
8884	5
8885	2
8886	6
8887	4
8888	6
8889	5
8890	2
8891	4
8892	6
8893	1
8894	3
8895	2
8896	6
8897	3
8898	1
8899	2
8900	5
8901	6
8902	5
8903	5
8904	3
8905	5
8906	1
8907	5
8908	3
8909	3
8910	1
8911	4
8912	5
8913	1
8914	3
8915	2
8916	5
8917	3
8918	4
8919	1
8920	3
8921	3
8922	1
8923	6
8924	6
8925	2
8926	4
8927	2
8928	3
8929	6
8930	2
8931	6
8932	6
8933	6
8934	1
8935	1
8936	5
8937	1
8938	1
8939	6
8940	6
8941	6
8942	5
8943	2
8944	3
8945	2
8946	2
8947	1
8948	5
8949	6
8950	2
8951	5
8952	3
8953	2
8954	2
8955	5
8956	6
8957	4
8958	3
8959	3
8960	2
8961	1
8962	4
8963	5
8964	6
8965	5
8966	6
8967	3
8968	5
8969	6
8970	5
8971	4
8972	2
8973	6
8974	2
8975	5
8976	3
8977	3
8978	3
8979	4
8980	2
8981	3
8982	6
8983	1
8984	4
8985	3
8986	4
8987	5
8988	3
8989	5
8990	5
8991	2
8992	2
8993	4
8994	2
8995	1
8996	1
8997	1
8998	3
8999	1
9000	5
9001	4
9002	4
9003	6
9004	3
9005	3
9006	3
9007	2
9008	6
9009	3
9010	6
9011	6
9012	3
9013	2
9014	4
9015	1
9016	6
9017	1
9018	5
9019	5
9020	2
9021	5
9022	1
9023	3
9024	3
9025	2
9026	6
9027	6
9028	6
9029	1
9030	5
9031	4
9032	4
9033	6
9034	3
9035	5
9036	3
9037	5
9038	4
9039	4
9040	4
9041	2
9042	5
9043	3
9044	1
9045	1
9046	4
9047	6
9048	1
9049	1
9050	5
9051	1
9052	3
9053	3
9054	5
9055	5
9056	3
9057	2
9058	3
9059	6
9060	5
9061	1
9062	2
9063	4
9064	5
9065	2
9066	5
9067	4
9068	6
9069	6
9070	4
9071	3
9072	3
9073	4
9074	5
9075	1
9076	5
9077	2
9078	5
9079	6
9080	5
9081	5
9082	4
9083	1
9084	1
9085	1
9086	6
9087	3
9088	4
9089	3
9090	2
9091	6
9092	2
9093	2
9094	2
9095	3
9096	2
9097	6
9098	1
9099	4
9100	5
9101	5
9102	1
9103	5
9104	2
9105	4
9106	2
9107	5
9108	1
9109	6
9110	2
9111	4
9112	5
9113	5
9114	6
9115	3
9116	4
9117	5
9118	3
9119	1
9120	3
9121	5
9122	3
9123	6
9124	5
9125	2
9126	4
9127	4
9128	4
9129	4
9130	4
9131	2
9132	3
9133	1
9134	3
9135	4
9136	3
9137	5
9138	3
9139	4
9140	3
9141	5
9142	2
9143	2
9144	1
9145	6
9146	6
9147	3
9148	5
9149	1
9150	4
9151	4
9152	1
9153	5
9154	6
9155	1
9156	6
9157	5
9158	3
9159	6
9160	1
9161	6
9162	5
9163	4
9164	2
9165	5
9166	2
9167	4
9168	5
9169	6
9170	2
9171	6
9172	1
9173	1
9174	3
9175	6
9176	6
9177	6
9178	2
9179	6
9180	1
9181	4
9182	5
9183	5
9184	6
9185	1
9186	6
9187	4
9188	6
9189	6
9190	6
9191	6
9192	5
9193	1
9194	6
9195	1
9196	3
9197	6
9198	3
9199	4
9200	4
9201	5
9202	5
9203	4
9204	5
9205	3
9206	3
9207	5
9208	5
9209	2
9210	4
9211	3
9212	1
9213	1
9214	4
9215	3
9216	2
9217	4
9218	1
9219	5
9220	5
9221	4
9222	4
9223	1
9224	2
9225	3
9226	5
9227	6
9228	6
9229	1
9230	2
9231	6
9232	3
9233	2
9234	3
9235	6
9236	3
9237	6
9238	4
9239	6
9240	6
9241	3
9242	5
9243	1
9244	2
9245	5
9246	2
9247	2
9248	1
9249	6
9250	4
9251	4
9252	3
9253	2
9254	2
9255	1
9256	4
9257	5
9258	6
9259	1
9260	3
9261	5
9262	6
9263	4
9264	1
9265	2
9266	4
9267	2
9268	4
9269	1
9270	4
9271	5
9272	2
9273	1
9274	6
9275	5
9276	1
9277	3
9278	4
9279	3
9280	2
9281	5
9282	3
9283	1
9284	4
9285	6
9286	5
9287	6
9288	6
9289	6
9290	3
9291	6
9292	6
9293	6
9294	6
9295	5
9296	1
9297	4
9298	5
9299	5
9300	2
9301	1
9302	3
9303	1
9304	6
9305	2
9306	6
9307	4
9308	2
9309	6
9310	5
9311	6
9312	6
9313	5
9314	5
9315	1
9316	2
9317	1
9318	4
9319	5
9320	5
9321	1
9322	4
9323	6
9324	4
9325	3
9326	6
9327	3
9328	3
9329	1
9330	3
9331	4
9332	2
9333	5
9334	2
9335	2
9336	2
9337	6
9338	3
9339	5
9340	3
9341	4
9342	6
9343	6
9344	5
9345	1
9346	4
9347	2
9348	1
9349	3
9350	6
9351	5
9352	1
9353	4
9354	6
9355	2
9356	3
9357	3
9358	3
9359	1
9360	2
9361	2
9362	5
9363	5
9364	4
9365	3
9366	6
9367	5
9368	1
9369	6
9370	1
9371	2
9372	1
9373	5
9374	6
9375	6
9376	2
9377	1
9378	6
9379	1
9380	6
9381	1
9382	6
9383	3
9384	3
9385	3
9386	2
9387	6
9388	2
9389	1
9390	4
9391	3
9392	6
9393	4
9394	3
9395	6
9396	4
9397	2
9398	2
9399	6
9400	3
9401	4
9402	1
9403	4
9404	3
9405	6
9406	6
9407	6
9408	2
9409	2
9410	1
9411	2
9412	5
9413	6
9414	3
9415	6
9416	5
9417	6
9418	3
9419	6
9420	2
9421	3
9422	3
9423	3
9424	1
9425	6
9426	2
9427	5
9428	3
9429	5
9430	2
9431	3
9432	3
9433	1
9434	4
9435	6
9436	6
9437	1
9438	5
9439	2
9440	1
9441	5
9442	6
9443	4
9444	1
9445	1
9446	2
9447	1
9448	6
9449	2
9450	2
9451	1
9452	1
9453	2
9454	1
9455	2
9456	1
9457	3
9458	6
9459	4
9460	2
9461	6
9462	5
9463	1
9464	5
9465	5
9466	5
9467	3
9468	5
9469	4
9470	6
9471	1
9472	3
9473	6
9474	2
9475	2
9476	5
9477	6
9478	4
9479	2
9480	6
9481	1
9482	1
9483	4
9484	5
9485	2
9486	5
9487	5
9488	3
9489	1
9490	3
9491	2
9492	3
9493	4
9494	2
9495	6
9496	2
9497	4
9498	3
9499	6
9500	6
9501	2
9502	3
9503	1
9504	3
9505	6
9506	4
9507	2
9508	2
9509	1
9510	5
9511	5
9512	5
9513	3
9514	5
9515	1
9516	3
9517	2
9518	5
9519	5
9520	4
9521	3
9522	6
9523	2
9524	1
9525	5
9526	1
9527	4
9528	4
9529	3
9530	3
9531	4
9532	4
9533	1
9534	5
9535	4
9536	2
9537	6
9538	3
9539	6
9540	6
9541	5
9542	1
9543	1
9544	6
9545	5
9546	2
9547	4
9548	2
9549	6
9550	1
9551	1
9552	6
9553	6
9554	6
9555	3
9556	2
9557	3
9558	1
9559	5
9560	4
9561	1
9562	5
9563	5
9564	5
9565	6
9566	2
9567	1
9568	4
9569	3
9570	1
9571	2
9572	5
9573	5
9574	5
9575	2
9576	4
9577	1
9578	6
9579	5
9580	4
9581	4
9582	6
9583	6
9584	3
9585	2
9586	6
9587	6
9588	6
9589	1
9590	6
9591	2
9592	3
9593	1
9594	2
9595	2
9596	4
9597	3
9598	6
9599	5
9600	6
9601	1
9602	6
9603	1
9604	1
9605	6
9606	6
9607	1
9608	1
9609	6
9610	2
9611	5
9612	3
9613	6
9614	2
9615	3
9616	2
9617	1
9618	3
9619	4
9620	3
9621	2
9622	2
9623	1
9624	6
9625	2
9626	2
9627	6
9628	2
9629	4
9630	3
9631	6
9632	2
9633	4
9634	5
9635	5
9636	5
9637	6
9638	4
9639	3
9640	6
9641	3
9642	4
9643	5
9644	6
9645	3
9646	6
9647	1
9648	6
9649	2
9650	1
9651	1
9652	5
9653	2
9654	2
9655	1
9656	1
9657	3
9658	4
9659	2
9660	1
9661	1
9662	6
9663	5
9664	2
9665	6
9666	3
9667	2
9668	5
9669	2
9670	6
9671	3
9672	3
9673	1
9674	6
9675	2
9676	4
9677	4
9678	5
9679	2
9680	1
9681	4
9682	6
9683	2
9684	1
9685	3
9686	4
9687	2
9688	4
9689	4
9690	1
9691	1
9692	3
9693	3
9694	2
9695	6
9696	3
9697	1
9698	4
9699	1
9700	3
9701	5
9702	6
9703	4
9704	5
9705	6
9706	1
9707	2
9708	2
9709	3
9710	1
9711	1
9712	4
9713	4
9714	1
9715	3
9716	1
9717	4
9718	3
9719	2
9720	4
9721	2
9722	2
9723	3
9724	1
9725	5
9726	5
9727	3
9728	2
9729	4
9730	2
9731	3
9732	5
9733	4
9734	6
9735	6
9736	1
9737	1
9738	5
9739	1
9740	4
9741	2
9742	5
9743	2
9744	4
9745	3
9746	6
9747	6
9748	5
9749	1
9750	2
9751	6
9752	4
9753	2
9754	1
9755	5
9756	6
9757	6
9758	3
9759	4
9760	6
9761	3
9762	5
9763	4
9764	3
9765	2
9766	4
9767	1
9768	5
9769	2
9770	6
9771	6
9772	2
9773	3
9774	4
9775	1
9776	3
9777	3
9778	2
9779	3
9780	3
9781	5
9782	5
9783	2
9784	1
9785	6
9786	5
9787	2
9788	3
9789	2
9790	2
9791	1
9792	3
9793	3
9794	2
9795	2
9796	5
9797	1
9798	1
9799	5
9800	3
9801	2
9802	5
9803	3
9804	2
9805	1
9806	4
9807	1
9808	3
9809	4
9810	1
9811	3
9812	5
9813	2
9814	2
9815	4
9816	4
9817	3
9818	2
9819	4
9820	6
9821	2
9822	4
9823	2
9824	6
9825	2
9826	1
9827	3
9828	4
9829	3
9830	1
9831	6
9832	2
9833	5
9834	5
9835	2
9836	1
9837	2
9838	2
9839	3
9840	6
9841	6
9842	2
9843	1
9844	3
9845	4
9846	4
9847	3
9848	3
9849	2
9850	5
9851	2
9852	1
9853	3
9854	1
9855	3
9856	1
9857	2
9858	4
9859	4
9860	2
9861	6
9862	2
9863	6
9864	4
9865	3
9866	3
9867	6
9868	4
9869	3
9870	4
9871	4
9872	5
9873	6
9874	6
9875	6
9876	5
9877	5
9878	6
9879	1
9880	1
9881	5
9882	6
9883	5
9884	1
9885	2
9886	2
9887	1
9888	5
9889	5
9890	3
9891	2
9892	1
9893	5
9894	6
9895	4
9896	6
9897	4
9898	6
9899	6
9900	1
9901	4
9902	1
9903	6
9904	4
9905	2
9906	6
9907	6
9908	3
9909	6
9910	5
9911	4
9912	1
9913	1
9914	2
9915	4
9916	2
9917	4
9918	6
9919	2
9920	3
9921	5
9922	6
9923	5
9924	3
9925	5
9926	5
9927	2
9928	6
9929	4
9930	4
9931	4
9932	3
9933	6
9934	5
9935	3
9936	3
9937	2
9938	4
9939	4
9940	1
9941	3
9942	2
9943	5
9944	3
9945	1
9946	2
9947	6
9948	5
9949	4
9950	2
9951	1
9952	3
9953	1
9954	3
9955	2
9956	2
9957	2
9958	2
9959	2
9960	4
9961	1
9962	4
9963	4
9964	3
9965	2
9966	2
9967	3
9968	6
9969	5
9970	1
9971	5
9972	2
9973	3
9974	6
9975	1
9976	3
9977	2
9978	6
9979	5
9980	2
9981	3
9982	2
9983	5
9984	3
9985	6
9986	5
9987	4
9988	1
9989	6
9990	6
9991	5
9992	3
9993	5
9994	3
9995	2
9996	6
9997	3
9998	3
9999	1
10000	2
