1	3.52
2	3.47
3	3.4
4	3.41
5	3.26
6	3.51
7	3.58
8	3.53
9	3.34
10	3.53
11	3.39
12	3.46
13	3.59
14	3.49
15	3.54
16	3.32
17	3.55
18	3.76
19	3.45
20	3.19
21	3.09
22	3.7
23	3.78
24	3.58
25	3.54
26	3.45
27	3.57
28	3.51
29	3.5
30	3.31
31	3.7
32	3.6
33	3.49
34	3.49
35	3.45
36	3.61
37	3.26
38	3.61
39	3.27
40	3.41
41	3.34
42	3.45
43	3.57
44	3.55
45	3.8
46	3.7
47	3.81
48	3.6
49	3.7
50	3.52
51	3.42
52	3.7
53	3.85
54	3.23
55	3.52
56	3.3
57	3.62
58	3.63
59	3.61
60	3.29
61	3.62
62	3.62
63	3.27
64	3.19
65	3.77
66	3.41
67	3.77
68	3.51
69	3.69
70	3.52
71	3.95
72	3.65
73	3.57
74	3.51
75	3.57
76	3.39
77	3.55
78	3.28
79	3.66
80	3.37
81	3.52
82	3.37
83	3.61
84	3.4
85	3.37
86	3.54
87	3.59
88	3.32
89	3.53
90	3.52
91	3.61
92	3.84
93	3.67
94	3.56
95	3.47
96	3.62
97	3.25
98	3.3
99	3.41
100	3.47
101	3.48
102	3.73
103	3.63
104	3.71
105	3.43
106	3.46
107	3.68
108	3.61
109	3.59
110	3.67
111	3.55
112	3.45
113	3.26
114	3.74
115	3.73
116	3.76
117	3.68
118	3.55
119	3.48
120	3.54
121	3.63
122	3.62
123	3.8
124	3.58
125	3.64
126	3.53
127	3.53
128	3.52
129	3.52
130	3.22
131	3.31
132	3.31
133	3.4
134	3.79
135	3.38
136	3.49
137	3.4
138	3.58
139	3.69
140	3.45
141	3.23
142	3.2
143	3.64
144	3.45
145	3.61
146	3.6
147	3.47
148	3.23
149	3.44
150	3.61
151	3.55
152	3.65
153	3.51
154	3.65
155	3.56
156	3.48
157	3.45
158	3.76
159	3.48
160	3.31
161	3.4
162	3.37
163	3.4
164	3.91
165	3.5
166	3.47
167	3.53
168	3.41
169	3.7
170	3.5
171	3.76
172	3.49
173	3.47
174	3.28
175	3.66
176	3.48
177	3.67
178	3.26
179	3.65
180	3.82
181	3.54
182	3.63
183	3.56
184	3.42
185	3.35
186	3.6
187	3.52
188	3.4
189	3.45
190	3.19
191	3.79
192	3.57
193	3.17
194	3.75
195	3.84
196	3.48
197	3.78
198	3.62
199	3.72
200	3.58
201	3.41
202	3.72
203	3.45
204	3.5
205	3.65
206	3.72
207	3.4
208	3.4
209	3.63
210	3.29
211	3.64
212	3.55
213	3.45
214	3.5
215	3.41
216	3.9
217	3.3
218	3.67
219	3.08
220	3.23
221	3.33
222	3.32
223	3.5
224	3.78
225	3.52
226	3.67
227	3.35
228	3.33
229	3.49
230	3.34
231	3.37
232	3.57
233	3.53
234	3.48
235	3.48
236	3.5
237	3.68
238	3.68
239	3.43
240	3.55
241	3.33
242	3.53
243	3.38
244	3.43
245	3.49
246	3.31
247	3.49
248	3.48
249	3.89
250	3.27
251	3.28
252	3.56
253	3.72
254	3.68
255	3.61
256	3.24
257	3.49
258	3.35
259	3.51
260	3.53
261	3.5
262	3.56
263	3.71
264	3.76
265	3.49
266	3.72
267	3.86
268	3.58
269	3.55
270	3.38
271	3.54
272	4.01
273	3.58
274	3.27
275	3.55
276	3.75
277	3.44
278	3.42
279	3.91
280	3.58
281	3.73
282	3.55
283	3.56
284	3.35
285	3.57
286	3.66
287	3.62
288	3.21
289	3.4
290	3.56
291	3.9
292	3.71
293	3.45
294	3.5
295	3.41
296	3.36
297	3.3
298	3.55
299	3.52
300	3.47
301	3.71
302	3.35
303	3.61
304	3.59
305	3.49
306	3.61
307	3.74
308	3.34
309	3.49
310	3.49
311	3.66
312	3.51
313	3.53
314	3.61
315	3.69
316	3.76
317	3.84
318	3.47
319	3.77
320	3.28
321	3.72
322	3.35
323	3.7
324	3.38
325	3.48
326	3.5
327	3.49
328	3.76
329	3.75
330	3.23
331	3.55
332	3.61
333	3.4
334	3.36
335	3.46
336	3.54
337	3.35
338	3.65
339	3.5
340	3.51
341	3.75
342	3.62
343	3.65
344	3.41
345	3.56
346	3.5
347	3.42
348	3.55
349	3.61
350	3.41
351	3.35
352	3.35
353	3.4
354	3.58
355	3.99
356	3.26
357	3.69
358	3.58
359	3.75
360	3.7
361	3.43
362	3.68
363	3.49
364	3.85
365	3.62
366	3.45
367	3.57
368	3.37
369	3.59
370	3.66
371	3.44
372	3.15
373	3.67
374	3.47
375	3.33
376	3.33
377	3.12
378	3.44
379	3.26
380	3.7
381	3.37
382	3.28
383	3.68
384	3.54
385	3.74
386	3.35
387	3.18
388	3.23
389	3.51
390	3.47
391	3.34
392	3.76
393	3.4
394	3.78
395	3.24
396	3.66
397	3.78
398	3.47
399	3.26
400	3.3
401	3.69
402	3.39
403	3.63
404	3.24
405	3.56
406	3.69
407	3.51
408	3.1
409	3.59
410	3.58
411	3.21
412	3.18
413	3.45
414	3.09
415	3.37
416	3.41
417	3.48
418	3.3
419	3.6
420	3.21
421	3.57
422	3.94
423	3.45
424	3.43
425	3.59
426	3.3
427	3.34
428	3.16
429	3.38
430	3.58
431	3.37
432	3.67
433	3.63
434	3.44
435	3.26
436	3.91
437	3.27
438	3.61
439	3.53
440	3.4
441	3.53
442	3.65
443	3.72
444	3.67
445	3.61
446	3.36
447	3.69
448	3.51
449	3.47
450	3.09
451	3.48
452	3.74
453	3.57
454	3.16
455	3.71
456	3.33
457	3.39
458	3.43
459	3.35
460	3.22
461	3.71
462	3.62
463	3.43
464	3.41
465	3.61
466	3.4
467	3.58
468	3.34
469	3.56
470	3.63
471	3.61
472	3.55
473	3.81
474	3.77
475	3.62
476	3.94
477	3.21
478	3.64
479	3.43
480	3.24
481	3.46
482	3.35
483	3.47
484	3.46
485	3.44
486	3.65
487	3.33
488	3.74
489	3.88
490	3.4
491	3.52
492	3.59
493	3.61
494	3.37
495	3.65
496	3.8
497	3.46
498	3.6
499	3.69
500	3.68
501	3.45
502	3.24
503	3.49
504	3.73
505	3.62
506	3.59
507	3.34
508	3.47
509	3.31
510	3.59
511	3.39
512	3.13
513	3.28
514	3.4
515	3.45
516	3.48
517	3.26
518	3.53
519	3.45
520	3.37
521	3.23
522	3.52
523	3.88
524	3.66
525	3.59
526	3.38
527	3.65
528	3.43
529	3.45
530	3.27
531	3.47
532	3.51
533	3.07
534	3.52
535	3.54
536	3.27
537	3.47
538	3.36
539	3.43
540	3.57
541	3.46
542	3.27
543	3.19
544	3.44
545	3.38
546	3.62
547	3.56
548	3.75
549	3.33
550	3.41
551	3.62
552	3.37
553	3.77
554	3.31
555	3.34
556	3.56
557	3.47
558	3.61
559	3.4
560	3.52
561	3.57
562	3.43
563	3.46
564	3.28
565	3.38
566	3.8
567	3.83
568	4.21
569	3.4
570	3.58
571	3.62
572	3.57
573	3.8
574	3.3
575	3.56
576	3.35
577	3.69
578	3.43
579	3.48
580	3.48
581	3.28
582	3.77
583	3.6
584	3.57
585	3.25
586	3.36
587	3.36
588	3.38
589	3.75
590	3.56
591	3.22
592	3.45
593	3.53
594	3.78
595	3.31
596	3.24
597	3.88
598	3.49
599	3.64
600	3.64
601	3.55
602	3.45
603	3.45
604	3.87
605	3.49
606	3.35
607	3.58
608	3.35
609	3.58
610	3.72
611	3.29
612	3.69
613	3.15
614	3.44
615	3.7
616	3.5
617	3.48
618	3.55
619	3.37
620	3.33
621	3.37
622	3.63
623	3.46
624	3.52
625	3.59
626	3.52
627	3.42
628	3.56
629	3.75
630	3.65
631	3.59
632	3.44
633	3.33
634	3.57
635	3.46
636	3.51
637	3.69
638	3.33
639	3.6
640	3.49
641	3.48
642	3.32
643	3.35
644	3.22
645	3.5
646	3.57
647	3.27
648	3.85
649	3.63
650	3.47
651	3.59
652	3.65
653	3.45
654	3.52
655	3.49
656	3.55
657	3.24
658	3.43
659	3.53
660	3.48
661	3.43
662	4
663	3.59
664	3.36
665	3.7
666	3.58
667	3.65
668	3.58
669	3.72
670	3.31
671	3.08
672	4.18
673	3.32
674	3.25
675	3.21
676	3.41
677	3.39
678	3.36
679	3.26
680	3.64
681	3.61
682	3.79
683	3.82
684	3.72
685	3.36
686	3.71
687	3.49
688	3.71
689	3.6
690	3.49
691	3.29
692	3.69
693	3.8
694	3.2
695	3.29
696	3.5
697	3.44
698	3.69
699	3.55
700	3.35
701	3.26
702	3.33
703	3.29
704	3.78
705	3.55
706	3.7
707	3.48
708	3.34
709	3.32
710	3.44
711	3.55
712	3.77
713	3.5
714	3.15
715	3.49
716	3.64
717	3.35
718	3.81
719	3.52
720	3.31
721	3.44
722	3.31
723	3.71
724	3.66
725	3.5
726	3.46
727	3.27
728	3.49
729	3.53
730	3.37
731	3.59
732	3.49
733	3.36
734	3.63
735	3.5
736	3.56
737	3.58
738	3.73
739	3.51
740	3.75
741	3.45
742	3.4
743	3.59
744	3.51
745	3.73
746	3.62
747	3.67
748	3.46
749	3.41
750	3.44
751	3.22
752	3.71
753	3.29
754	3.47
755	3.34
756	3.41
757	3.41
758	3.52
759	3.17
760	3.36
761	3.19
762	3.55
763	3.43
764	3.28
765	3.72
766	3.85
767	3.3
768	3.58
769	3.69
770	3.36
771	3.53
772	3.48
773	3.64
774	3.16
775	3.38
776	3.67
777	3.54
778	3.13
779	3.46
780	3.42
781	3.61
782	3.31
783	3.22
784	3.6
785	3.59
786	3.41
787	3.45
788	3.5
789	3.76
790	3.6
791	3.37
792	3.73
793	3.35
794	3.76
795	3.67
796	3.82
797	3.9
798	3.66
799	3.23
800	3.53
801	3.56
802	3.23
803	3.49
804	3.64
805	3.75
806	3.46
807	3.74
808	3.54
809	3.79
810	3.16
811	3.31
812	3.57
813	3.32
814	3.9
815	3.42
816	3.35
817	3.42
818	3.44
819	3.63
820	3.45
821	3.57
822	3.46
823	3.54
824	3.67
825	3.52
826	3.7
827	3.37
828	3.3
829	3.53
830	3.21
831	3.68
832	3.59
833	3.6
834	3.56
835	3.34
836	3.44
837	3.91
838	3.7
839	3.35
840	3.56
841	3.44
842	3.46
843	3.56
844	3.53
845	3.55
846	3.35
847	3.76
848	3.38
849	3.42
850	3.38
851	3.32
852	3.24
853	3.32
854	3.26
855	3.35
856	3.18
857	3.49
858	3.28
859	3.28
860	3.51
861	3.6
862	3.25
863	3.51
864	3.73
865	3.47
866	3.39
867	3.54
868	3.56
869	3.44
870	3.38
871	3.51
872	3.45
873	3.54
874	3.57
875	3.21
876	3.16
877	3.64
878	3.57
879	3.84
880	3.36
881	3.61
882	3.57
883	3.43
884	3.69
885	3.42
886	3.79
887	3.56
888	3.47
889	3.64
890	3.48
891	3.51
892	3.53
893	3.42
894	3.4
895	3.44
896	3.42
897	3.44
898	3.48
899	3.39
900	3.62
901	3.53
902	3.79
903	3.73
904	3.57
905	3.26
906	3.28
907	3.33
908	3.75
909	3.43
910	3.6
911	3.71
912	3.7
913	3.64
914	3.68
915	3.69
916	3.35
917	3.43
918	3.56
919	3.39
920	3.37
921	3.46
922	3.61
923	3.7
924	3.73
925	3.57
926	3.41
927	3.5
928	3.23
929	3.63
930	3.36
931	3.53
932	3.53
933	3.42
934	3.55
935	3.44
936	3.55
937	3.27
938	3.41
939	3.41
940	2.96
941	3.76
942	3.4
943	3.28
944	3.39
945	3.66
946	3.24
947	3.52
948	3.89
949	3.78
950	3.76
951	3.57
952	3.61
953	3.38
954	3.5
955	3.88
956	3.57
957	3.54
958	3.4
959	3.41
960	3.35
961	3.46
962	3.68
963	3.66
964	3.42
965	3.87
966	3.3
967	3.31
968	3.48
969	3.45
970	3.74
971	3.51
972	3.72
973	3.69
974	3.49
975	3.77
976	3.38
977	3.58
978	3.63
979	3.52
980	3.43
981	3.88
982	3.55
983	3.67
984	3.51
985	3.64
986	3.78
987	3.28
988	3.51
989	3.65
990	3.59
991	3.34
992	3.4
993	3.37
994	3.46
995	3.49
996	3.27
997	3.51
998	3.42
999	3.57
1000	3.54
1001	3.64
1002	3.58
1003	3.44
1004	3.32
1005	3.56
1006	3.56
1007	3.36
1008	3.83
1009	3.62
1010	3.89
1011	3.39
1012	3.59
1013	3.62
1014	3.45
1015	3.64
1016	3.81
1017	3.57
1018	3.34
1019	3.52
1020	3.37
1021	3.63
1022	3.62
1023	3.64
1024	3.49
1025	3.38
1026	3.42
1027	3.5
1028	3.56
1029	3.31
1030	3.73
1031	3.5
1032	3.53
1033	3.68
1034	3.31
1035	3.61
1036	3.6
1037	3.79
1038	3.6
1039	3.43
1040	3.73
1041	3.25
1042	3.44
1043	3.48
1044	3.5
1045	3.42
1046	3.43
1047	3.7
1048	3.63
1049	3.63
1050	3.47
1051	3.37
1052	3.48
1053	3.7
1054	3.65
1055	3.17
1056	3.51
1057	3.43
1058	3.32
1059	3.56
1060	3.11
1061	3.38
1062	3.51
1063	3.28
1064	3.09
1065	3.37
1066	3.37
1067	3.67
1068	3.45
1069	3.38
1070	3.76
1071	3.54
1072	3.47
1073	3.72
1074	3.75
1075	3.65
1076	3.35
1077	3.75
1078	3.72
1079	3.19
1080	3.26
1081	3.42
1082	3.6
1083	3.42
1084	3.72
1085	3.28
1086	3.4
1087	3.58
1088	3.26
1089	3.71
1090	3.2
1091	3.27
1092	3.58
1093	3.5
1094	3.49
1095	3.34
1096	3.25
1097	3.47
1098	3.62
1099	3.89
1100	3.46
1101	3.59
1102	3.87
1103	3.64
1104	3.67
1105	3.86
1106	3.58
1107	3.2
1108	3.33
1109	3.27
1110	3.38
1111	3.79
1112	3.89
1113	3.63
1114	3.69
1115	3.33
1116	3.49
1117	3.23
1118	3.63
1119	3.77
1120	3.37
1121	3.49
1122	3.58
1123	3.37
1124	3.39
1125	3.52
1126	3.59
1127	3.48
1128	3.6
1129	3.23
1130	3.36
1131	3.63
1132	3.5
1133	3.35
1134	3.65
1135	3.62
1136	3.52
1137	3.28
1138	3.5
1139	3.24
1140	3.38
1141	3.28
1142	3.61
1143	3.5
1144	3.59
1145	3.58
1146	3.29
1147	3.69
1148	3.56
1149	3.5
1150	3.41
1151	3.59
1152	3.67
1153	3.17
1154	3.35
1155	3.2
1156	3.4
1157	3.59
1158	3.67
1159	3.37
1160	3.63
1161	3.53
1162	3.43
1163	3.45
1164	3.52
1165	3.41
1166	3.55
1167	3.23
1168	3.44
1169	3.47
1170	3.65
1171	3.2
1172	3.34
1173	3.47
1174	3.66
1175	3.3
1176	3.39
1177	3.27
1178	3.35
1179	3.31
1180	3.68
1181	3.1
1182	3.68
1183	3.6
1184	3.55
1185	3.68
1186	3.87
1187	3.67
1188	3.49
1189	3.13
1190	3.41
1191	3.54
1192	3.24
1193	3.62
1194	3.66
1195	3.23
1196	3.51
1197	3.51
1198	3.67
1199	3.43
1200	3.37
1201	3.45
1202	3.31
1203	3.34
1204	3.43
1205	3.26
1206	3.38
1207	3.39
1208	3.72
1209	3.4
1210	3.48
1211	3.45
1212	3.68
1213	3.26
1214	3.5
1215	3.4
1216	3.04
1217	3.39
1218	3.67
1219	3.63
1220	3.42
1221	3.34
1222	3.47
1223	3.45
1224	3.29
1225	3.69
1226	3.95
1227	3.56
1228	3.52
1229	3.5
1230	3.4
1231	3.33
1232	3.43
1233	3.42
1234	3.42
1235	3.49
1236	3.34
1237	3.32
1238	3.35
1239	3.47
1240	3.63
1241	3.6
1242	3.69
1243	3.41
1244	3.28
1245	3.48
1246	3.57
1247	3.31
1248	3.44
1249	3.32
1250	3.33
1251	3.36
1252	3.46
1253	3.47
1254	3.45
1255	3.46
1256	3.62
1257	3.47
1258	3.24
1259	3.58
1260	3.14
1261	3.34
1262	3.51
1263	3.53
1264	3.59
1265	3.45
1266	3.49
1267	3.27
1268	3.54
1269	3.77
1270	3.52
1271	3.43
1272	3.63
1273	3.51
1274	3.48
1275	3.71
1276	3.45
1277	3.46
1278	3.56
1279	3.67
1280	3.38
1281	3.33
1282	3.65
1283	3.62
1284	3.48
1285	3.51
1286	3.51
1287	3.54
1288	3.47
1289	3.46
1290	3.46
1291	3.61
1292	3.42
1293	3.5
1294	3.82
1295	3.49
1296	3.32
1297	3.57
1298	3.29
1299	3.68
1300	3.57
1301	3.59
1302	3.63
1303	3.66
1304	3.69
1305	3.44
1306	3.44
1307	3.76
1308	3.58
1309	3.73
1310	3.55
1311	3.76
1312	3.42
1313	3.54
1314	3.41
1315	3.58
1316	3.7
1317	3.61
1318	3.65
1319	3.47
1320	3.34
1321	3.27
1322	3.61
1323	3.12
1324	3.37
1325	3.53
1326	3.39
1327	3.49
1328	3.93
1329	3.4
1330	3.33
1331	3.08
1332	3.51
1333	3.58
1334	3.62
1335	3.57
1336	3.48
1337	3.51
1338	3.47
1339	3.4
1340	3.25
1341	3.25
1342	3.41
1343	3.86
1344	3.59
1345	3.5
1346	3.52
1347	3.33
1348	3.52
1349	3.48
1350	3.59
1351	3.57
1352	3.84
1353	3.32
1354	3.32
1355	3.31
1356	3.31
1357	3.42
1358	3.46
1359	3.26
1360	3.45
1361	3.47
1362	3.5
1363	3.5
1364	3.51
1365	3.41
1366	3.73
1367	3.46
1368	3.42
1369	3.42
1370	3.63
1371	3.63
1372	3.78
1373	3.36
1374	3.45
1375	3.4
1376	3.67
1377	3.52
1378	3.33
1379	3.42
1380	3.34
1381	3.54
1382	3.48
1383	3.69
1384	3.46
1385	3.46
1386	3.81
1387	3.63
1388	3.79
1389	3.71
1390	3.44
1391	3.77
1392	3.6
1393	3.5
1394	3.42
1395	3.55
1396	3.75
1397	3.57
1398	3.64
1399	3.68
1400	3.64
1401	3.41
1402	3.38
1403	3.32
1404	3.35
1405	3.4
1406	3.4
1407	3.43
1408	3.41
1409	3.49
1410	3.75
1411	3.3
1412	3.63
1413	3.62
1414	3.13
1415	3.38
1416	3.58
1417	3.35
1418	3.49
1419	3.66
1420	3.61
1421	3.53
1422	3.83
1423	3.65
1424	3.27
1425	3.72
1426	3.35
1427	3.33
1428	3.26
1429	3.14
1430	3.56
1431	3.76
1432	3.39
1433	3.76
1434	3.44
1435	3.02
1436	3.27
1437	3.5
1438	3.45
1439	3.71
1440	3.16
1441	3.61
1442	3.31
1443	3.48
1444	3.53
1445	3.35
1446	3.55
1447	3.53
1448	3.45
1449	3.78
1450	3.3
1451	3.41
1452	3.64
1453	3.7
1454	3.25
1455	3.45
1456	3.48
1457	3.44
1458	3.3
1459	3.5
1460	3.45
1461	3.32
1462	3.61
1463	3.82
1464	3.47
1465	3.36
1466	3.65
1467	3.38
1468	3.57
1469	3.36
1470	3.31
1471	3.66
1472	3.69
1473	3.42
1474	3.72
1475	3.44
1476	3.53
1477	3.86
1478	3.33
1479	3.44
1480	3.53
1481	3.65
1482	3.67
1483	3.41
1484	3.33
1485	3.47
1486	3.5
1487	3.44
1488	3.44
1489	3.78
1490	3.62
1491	3.31
1492	3.57
1493	3.72
1494	3.9
1495	3.61
1496	3.36
1497	3.42
1498	3.66
1499	3.64
1500	3.14
1501	3.61
1502	3.73
1503	3.51
1504	3.66
1505	3.69
1506	3.54
1507	3.63
1508	3.45
1509	3.38
1510	3.63
1511	3.49
1512	3.37
1513	3.63
1514	3.61
1515	3.33
1516	3.74
1517	3.7
1518	3.45
1519	3.52
1520	3.67
1521	3.34
1522	3.75
1523	3.25
1524	3.62
1525	3.36
1526	3.24
1527	3.55
1528	3.58
1529	3.32
1530	3.55
1531	3.45
1532	3.32
1533	3.43
1534	3.72
1535	3.55
1536	3.59
1537	3.39
1538	3.64
1539	3.67
1540	3.54
1541	3.5
1542	3.79
1543	3.38
1544	3.46
1545	3.28
1546	3.71
1547	3.3
1548	3.46
1549	3.3
1550	3.49
1551	3.15
1552	3.48
1553	3.48
1554	3.62
1555	3.13
1556	3.58
1557	3.46
1558	3.59
1559	3.8
1560	3.22
1561	3.54
1562	3.61
1563	3.62
1564	3.79
1565	3.49
1566	3.78
1567	3.47
1568	3.65
1569	3.05
1570	3.78
1571	3.52
1572	3.81
1573	3.41
1574	3.81
1575	3.66
1576	3.61
1577	3.6
1578	3.42
1579	3.37
1580	3.56
1581	3.66
1582	3.53
1583	3.37
1584	3.47
1585	3.5
1586	3.41
1587	3.68
1588	3.42
1589	3.53
1590	3.45
1591	3.51
1592	3.91
1593	3.1
1594	3.65
1595	3.39
1596	3.49
1597	3.43
1598	3.42
1599	3.49
1600	3.27
1601	3.3
1602	3.39
1603	3.74
1604	3.22
1605	3.84
1606	3.2
1607	3.68
1608	3.53
1609	3.49
1610	3.84
1611	3.63
1612	3.67
1613	3.63
1614	3.41
1615	3.34
1616	3.55
1617	3.54
1618	3.47
1619	3.6
1620	3.41
1621	3.54
1622	3.6
1623	3.64
1624	3.63
1625	3.55
1626	3.64
1627	3.42
1628	3.37
1629	3.46
1630	3.22
1631	3.75
1632	3.85
1633	4.12
1634	3.29
1635	3.5
1636	3.42
1637	3.43
1638	3.59
1639	3.2
1640	3.41
1641	3.29
1642	3.5
1643	3.46
1644	3.69
1645	3.49
1646	3.35
1647	3.54
1648	3.61
1649	3.48
1650	3.47
1651	3.46
1652	3.6
1653	3.53
1654	3.77
1655	3.39
1656	3.38
1657	3.8
1658	3.45
1659	3.22
1660	3.61
1661	3.54
1662	3.5
1663	3.67
1664	3.7
1665	3.78
1666	3.49
1667	3.41
1668	3.68
1669	3.59
1670	3.61
1671	3.65
1672	3.49
1673	3.5
1674	3.41
1675	3.69
1676	3.21
1677	3.42
1678	3.62
1679	3.51
1680	3.46
1681	3.4
1682	3.43
1683	3.51
1684	3.58
1685	3.23
1686	3.59
1687	3.36
1688	3.41
1689	3.63
1690	3.42
1691	3.59
1692	3.52
1693	3.57
1694	3.62
1695	3.41
1696	3.6
1697	3.51
1698	3.51
1699	3.89
1700	3.25
1701	3.57
1702	3.25
1703	3.46
1704	3.42
1705	3.45
1706	3.25
1707	3.51
1708	3.43
1709	3.37
1710	3.45
1711	3.47
1712	3.58
1713	3.62
1714	3.29
1715	3.47
1716	3.5
1717	3.44
1718	3.48
1719	3.69
1720	3.63
1721	3.53
1722	3.52
1723	3.81
1724	3.6
1725	3.2
1726	3.75
1727	3.62
1728	3.47
1729	3.58
1730	3.67
1731	3.45
1732	3.55
1733	3.74
1734	3.6
1735	3.61
1736	3.45
1737	3.52
1738	3.78
1739	3.62
1740	3.48
1741	3.39
1742	3.37
1743	3.11
1744	3.53
1745	3.55
1746	3.38
1747	3.42
1748	3.49
1749	3.49
1750	3.83
1751	3.62
1752	3.41
1753	3.5
1754	3.41
1755	3.67
1756	3.46
1757	3.53
1758	3.41
1759	3.2
1760	3.29
1761	3.47
1762	3.42
1763	3.62
1764	3.71
1765	3.65
1766	3.53
1767	3.74
1768	3.49
1769	3.67
1770	3.68
1771	3.52
1772	3.67
1773	3.47
1774	3.54
1775	3.61
1776	3.47
1777	3.35
1778	3.55
1779	3.63
1780	3.27
1781	3.31
1782	3.67
1783	3.64
1784	3.58
1785	3.56
1786	3.66
1787	3.62
1788	3.39
1789	3.37
1790	3.23
1791	3.45
1792	3.88
1793	3.51
1794	3.22
1795	3.49
1796	3.62
1797	3.76
1798	3.44
1799	3.57
1800	3.29
1801	3.53
1802	3.41
1803	3.7
1804	3.58
1805	3.79
1806	3.59
1807	3.51
1808	3.43
1809	3.84
1810	3.41
1811	3.12
1812	3.35
1813	3.21
1814	3.65
1815	3.62
1816	3.24
1817	3.43
1818	3.45
1819	3.6
1820	3.74
1821	3.33
1822	3.33
1823	3.49
1824	3.45
1825	3.49
1826	3.55
1827	3.51
1828	3.68
1829	3.54
1830	3.42
1831	3.48
1832	3.35
1833	3.25
1834	3.18
1835	3.61
1836	3.28
1837	3.42
1838	3.72
1839	3.41
1840	3.55
1841	3.31
1842	3.22
1843	4.01
1844	3.7
1845	3.28
1846	3.58
1847	3.27
1848	3.44
1849	3.43
1850	3.55
1851	3.23
1852	3.66
1853	3.82
1854	3.54
1855	3.49
1856	3.52
1857	3.61
1858	3.49
1859	3.53
1860	3.49
1861	3.52
1862	3.36
1863	3.71
1864	3.54
1865	3.76
1866	3.43
1867	3.53
1868	3.52
1869	3.36
1870	3.59
1871	3.69
1872	3.73
1873	3.6
1874	3.41
1875	3.65
1876	3.37
1877	3.65
1878	3.61
1879	3.66
1880	3.46
1881	3.2
1882	3.61
1883	3.57
1884	3.52
1885	3.82
1886	3.28
1887	3.65
1888	3.47
1889	3.63
1890	3.48
1891	3.39
1892	3.66
1893	3.36
1894	3.32
1895	3.32
1896	3.44
1897	3.35
1898	3.81
1899	3.56
1900	3.46
1901	3.22
1902	3.68
1903	3.55
1904	3.32
1905	3.41
1906	3.13
1907	3.24
1908	3.28
1909	3.25
1910	3.56
1911	3.74
1912	3.5
1913	3.3
1914	3.64
1915	3.27
1916	3.34
1917	3.43
1918	3.48
1919	3.63
1920	3.4
1921	3.69
1922	3.61
1923	3.43
1924	3.38
1925	3.73
1926	3.1
1927	3.71
1928	3.43
1929	3.65
1930	3.33
1931	3.48
1932	3.69
1933	3.61
1934	3.47
1935	3.69
1936	3.41
1937	3.49
1938	3.63
1939	3.44
1940	3.37
1941	3.53
1942	3.61
1943	3.5
1944	3.42
1945	3.47
1946	3.45
1947	3.7
1948	3.53
1949	3.5
1950	3.3
1951	3.87
1952	3.37
1953	3.51
1954	3.19
1955	3.48
1956	3.43
1957	3.35
1958	3.52
1959	3.58
1960	3.37
1961	3.62
1962	3.49
1963	3.48
1964	3.42
1965	3.42
1966	3.85
1967	3.34
1968	3.57
1969	3.6
1970	3.35
1971	3.53
1972	3.63
1973	3.31
1974	3.46
1975	3.48
1976	3.48
1977	3.43
1978	3.4
1979	3.72
1980	3.02
1981	3.21
1982	3.52
1983	3.3
1984	3.41
1985	3.37
1986	3.54
1987	3.41
1988	3.45
1989	3.35
1990	3.67
1991	3.68
1992	3.29
1993	3.48
1994	3.34
1995	3.39
1996	3.15
1997	3.39
1998	3.33
1999	3.31
2000	3.53
2001	3.65
2002	3.34
2003	3.55
2004	3.29
2005	3.63
2006	3.64
2007	3.68
2008	3.42
2009	3.56
2010	3.81
2011	3.31
2012	3.2
2013	3.51
2014	3.33
2015	3.39
2016	3.82
2017	3.29
2018	3.59
2019	3.75
2020	3.85
2021	3.33
2022	3.63
2023	3.76
2024	3.31
2025	3.42
2026	3.72
2027	3.65
2028	3.72
2029	3.29
2030	3.21
2031	3.49
2032	3.43
2033	3.37
2034	3.69
2035	3.54
2036	3.79
2037	3.55
2038	3.27
2039	3.48
2040	3.59
2041	3.23
2042	3.45
2043	3.52
2044	3.39
2045	3.61
2046	3.36
2047	3.65
2048	3.61
2049	3.47
2050	3.51
2051	3.58
2052	3.62
2053	3.76
2054	3.36
2055	3.08
2056	3.37
2057	3.63
2058	3.22
2059	3.57
2060	3.52
2061	3.58
2062	3.33
2063	3.24
2064	3.55
2065	3.64
2066	3.32
2067	3.35
2068	3.46
2069	3.22
2070	3.51
2071	3.68
2072	3.77
2073	3.51
2074	3.48
2075	3.81
2076	3.39
2077	3.53
2078	3.54
2079	3.38
2080	3.63
2081	3.45
2082	3.85
2083	3.45
2084	3.56
2085	3.36
2086	3.52
2087	3.7
2088	3.62
2089	3.42
2090	3.26
2091	3.21
2092	3.51
2093	3.61
2094	3.55
2095	3.73
2096	3.53
2097	3.87
2098	3.67
2099	3.46
2100	3.89
2101	3.46
2102	3.54
2103	3.52
2104	3.67
2105	3.63
2106	3.46
2107	3.35
2108	3.64
2109	3.44
2110	3.41
2111	3.57
2112	3.56
2113	3.48
2114	3.54
2115	3.66
2116	3.62
2117	3.39
2118	3.63
2119	3.51
2120	3.63
2121	3.43
2122	3.55
2123	3.41
2124	3.39
2125	3.17
2126	3.75
2127	3.37
2128	3.47
2129	3.54
2130	3.34
2131	3.57
2132	3.6
2133	3.55
2134	3.45
2135	3.49
2136	3.31
2137	3.63
2138	3.5
2139	3.85
2140	3.48
2141	3.6
2142	3.32
2143	3.81
2144	3.5
2145	3.69
2146	3.42
2147	3.49
2148	3.37
2149	3.89
2150	3.36
2151	3.83
2152	3.52
2153	3.8
2154	3.51
2155	3.2
2156	3.64
2157	3.82
2158	3.51
2159	3.49
2160	3.7
2161	3.3
2162	3.46
2163	3.43
2164	3.55
2165	3.35
2166	3.57
2167	3.68
2168	3.27
2169	3.48
2170	3.73
2171	3.93
2172	3.77
2173	3.41
2174	3.45
2175	3.37
2176	3.24
2177	3.5
2178	3.45
2179	3.53
2180	3.46
2181	3.48
2182	3.62
2183	3.66
2184	3.85
2185	3.42
2186	3.32
2187	3.48
2188	3.26
2189	3.62
2190	3.56
2191	3.57
2192	3.6
2193	3.56
2194	3.53
2195	3.68
2196	3.54
2197	3.38
2198	3.56
2199	3.38
2200	3.64
2201	3.99
2202	3.73
2203	3.39
2204	3.38
2205	3.57
2206	3.36
2207	3.71
2208	3.74
2209	3.51
2210	3.6
2211	3.24
2212	3.24
2213	3.44
2214	3.64
2215	3.52
2216	3.15
2217	3.58
2218	3.83
2219	3.09
2220	3.8
2221	3.53
2222	3.33
2223	3.39
2224	3.29
2225	3.47
2226	3.59
2227	3.73
2228	3.49
2229	3.73
2230	3.61
2231	3.43
2232	3.33
2233	3.35
2234	3.53
2235	3.36
2236	3.53
2237	3.39
2238	3.46
2239	3.66
2240	3.59
2241	3.64
2242	3.14
2243	3.69
2244	3.49
2245	3.45
2246	3.4
2247	3.64
2248	3.4
2249	3.34
2250	3.66
2251	3.49
2252	3.39
2253	3.33
2254	3.66
2255	3.61
2256	3.04
2257	3.6
2258	3.28
2259	3.44
2260	3.07
2261	3.75
2262	3.6
2263	3.35
2264	3.67
2265	3.56
2266	3.36
2267	3.6
2268	3.61
2269	3.18
2270	3.09
2271	3.69
2272	3.63
2273	3.71
2274	3.42
2275	3.45
2276	3.34
2277	3.5
2278	3.22
2279	3.64
2280	3.47
2281	3.59
2282	3.14
2283	3.53
2284	3.35
2285	3.68
2286	3.69
2287	3.53
2288	3.24
2289	3.78
2290	3.55
2291	3.52
2292	3.41
2293	3.59
2294	3.54
2295	3.69
2296	3.78
2297	3.23
2298	3.55
2299	3.33
2300	3.54
2301	3.31
2302	3.93
2303	3.59
2304	3.67
2305	3.63
2306	3.57
2307	3.54
2308	3.59
2309	3.65
2310	3.44
2311	3.61
2312	3.7
2313	3.43
2314	3.2
2315	3.6
2316	3.64
2317	3.29
2318	3.35
2319	3.59
2320	3.71
2321	3.29
2322	3.56
2323	3.54
2324	3.52
2325	3.45
2326	3.69
2327	3.7
2328	3.37
2329	3.59
2330	3.5
2331	3.85
2332	3.82
2333	3.51
2334	3.61
2335	3.25
2336	3.7
2337	3.63
2338	3.42
2339	3.64
2340	3.25
2341	3.65
2342	3.44
2343	3.6
2344	3.21
2345	3.44
2346	3.71
2347	3.49
2348	3.61
2349	3.84
2350	3.54
2351	3.49
2352	3.6
2353	3.35
2354	3.16
2355	3.39
2356	3.57
2357	3.23
2358	3.75
2359	3.61
2360	3.59
2361	4
2362	3.5
2363	3.62
2364	3.88
2365	3.48
2366	3.33
2367	3.71
2368	3.32
2369	3.78
2370	3.62
2371	3.54
2372	3.73
2373	3.58
2374	3.69
2375	3.44
2376	3.87
2377	3.63
2378	3.81
2379	3.27
2380	3.69
2381	3.4
2382	3.66
2383	3.59
2384	3.49
2385	3.47
2386	3.69
2387	3.4
2388	3.56
2389	3.38
2390	3.3
2391	3.78
2392	3.58
2393	3.46
2394	3.68
2395	3.33
2396	3.4
2397	3.54
2398	3.74
2399	3.61
2400	3.24
2401	2.97
2402	3.47
2403	3.66
2404	3.27
2405	3.6
2406	3.51
2407	3.53
2408	3.66
2409	3.47
2410	3.26
2411	3.26
2412	3.53
2413	3.48
2414	3.67
2415	3.42
2416	3.21
2417	3.81
2418	3.71
2419	3.53
2420	3.55
2421	3.64
2422	3.6
2423	3.47
2424	3.67
2425	3.53
2426	3.63
2427	3.75
2428	3.68
2429	3.55
2430	3.65
2431	3.16
2432	3.35
2433	3.59
2434	3.6
2435	3.44
2436	3.66
2437	3.66
2438	3.68
2439	3.56
2440	3.21
2441	3.68
2442	3.89
2443	3.55
2444	3.8
2445	3.41
2446	3.59
2447	3.59
2448	3.68
2449	3.44
2450	3.52
2451	3.59
2452	3.85
2453	3.49
2454	3.53
2455	3.53
2456	3.79
2457	3.4
2458	3.87
2459	3.45
2460	3.83
2461	3.59
2462	3.49
2463	3.45
2464	3.44
2465	3.29
2466	3.58
2467	3.52
2468	3.39
2469	3.7
2470	3.23
2471	3.55
2472	3.36
2473	3.48
2474	3.54
2475	3.69
2476	3.73
2477	3.44
2478	3.55
2479	3.72
2480	3.47
2481	3.5
2482	3.53
2483	3.7
2484	3.72
2485	3.41
2486	3.19
2487	3.73
2488	3.7
2489	3.31
2490	3.37
2491	3.61
2492	3.6
2493	3.33
2494	3.42
2495	3.77
2496	3.64
2497	3.33
2498	3.65
2499	3.44
2500	3.42
2501	3.3
2502	3.47
2503	3.63
2504	3.03
2505	3.84
2506	3.96
2507	3.22
2508	3.46
2509	3.35
2510	3.49
2511	3.45
2512	3.37
2513	3.59
2514	3.61
2515	3.2
2516	3.22
2517	3.71
2518	3.15
2519	3.63
2520	3.35
2521	3.48
2522	3.32
2523	3.24
2524	3.51
2525	3.32
2526	3.5
2527	3.81
2528	3.56
2529	3.29
2530	3.45
2531	3.75
2532	3.34
2533	3.63
2534	3.68
2535	3.76
2536	3.71
2537	3.56
2538	3.26
2539	3.36
2540	3.33
2541	3.53
2542	3.86
2543	3.43
2544	3.73
2545	3.54
2546	3.45
2547	3.47
2548	3.52
2549	3.93
2550	3.51
2551	3.43
2552	3.62
2553	3.8
2554	3.18
2555	3.09
2556	3.32
2557	3.9
2558	3.8
2559	3.67
2560	3.69
2561	3.89
2562	3.48
2563	3.48
2564	3.5
2565	3.44
2566	3.42
2567	3.76
2568	3.49
2569	3.54
2570	3.78
2571	3.6
2572	3.64
2573	3.31
2574	3.56
2575	3.56
2576	3.06
2577	3.35
2578	3.58
2579	3.6
2580	3.7
2581	3.66
2582	3.38
2583	3.29
2584	3.58
2585	3.32
2586	3.27
2587	3.18
2588	3.71
2589	3.43
2590	3.54
2591	3.45
2592	3.57
2593	3.52
2594	3.46
2595	3.52
2596	3.61
2597	3.63
2598	3.6
2599	3.66
2600	3.49
2601	3.37
2602	3.52
2603	3.59
2604	3.71
2605	3.29
2606	3.6
2607	3.54
2608	3.59
2609	3.46
2610	3.46
2611	3.73
2612	3.71
2613	3.27
2614	3.43
2615	3.67
2616	3.56
2617	3.45
2618	3.31
2619	3.47
2620	3.7
2621	3.47
2622	3.55
2623	3.4
2624	3.44
2625	3.54
2626	3.44
2627	3.32
2628	3.48
2629	3.21
2630	3.14
2631	3.9
2632	3.33
2633	3.51
2634	3.58
2635	3.18
2636	3.57
2637	3.82
2638	3.63
2639	3.38
2640	3.52
2641	3.62
2642	3.81
2643	3.41
2644	3.66
2645	3.6
2646	3.43
2647	3.45
2648	3.67
2649	3.47
2650	3.31
2651	3.48
2652	3.53
2653	3.43
2654	3.4
2655	3.46
2656	3.32
2657	3.43
2658	3.56
2659	3.59
2660	3.72
2661	3.46
2662	3.76
2663	3.64
2664	3.42
2665	3.52
2666	4.04
2667	3.33
2668	3.58
2669	3.62
2670	3.49
2671	3.49
2672	3.28
2673	3.46
2674	3.41
2675	3.63
2676	3.3
2677	3.25
2678	3.2
2679	3.32
2680	3.22
2681	3.26
2682	3.41
2683	3.51
2684	3.21
2685	3.64
2686	3.31
2687	3.97
2688	3.53
2689	3.63
2690	3.04
2691	3.31
2692	3.31
2693	3.39
2694	3.74
2695	3.61
2696	3.57
2697	3.45
2698	3.46
2699	3.8
2700	3.41
2701	3.46
2702	3.35
2703	3.52
2704	3.47
2705	3.46
2706	3.77
2707	3.07
2708	3.26
2709	3.58
2710	3.31
2711	3.41
2712	3.64
2713	3.43
2714	3.35
2715	3.34
2716	3.41
2717	3.62
2718	3.56
2719	3.51
2720	3.33
2721	3.62
2722	3.27
2723	3.84
2724	3.46
2725	3.23
2726	3.61
2727	3.87
2728	3.74
2729	3.44
2730	3.24
2731	3.49
2732	3.71
2733	3.44
2734	3.77
2735	3.48
2736	3.34
2737	3.38
2738	3.57
2739	3.75
2740	3.47
2741	3.69
2742	3.79
2743	3.41
2744	3.55
2745	3.64
2746	3.48
2747	3.42
2748	3.48
2749	3.58
2750	3.74
2751	3.29
2752	3.66
2753	3.56
2754	3.62
2755	3.45
2756	3.56
2757	3.45
2758	3.55
2759	3.46
2760	3.32
2761	3.54
2762	3.25
2763	3.66
2764	3.58
2765	3.65
2766	3.48
2767	3.51
2768	3.31
2769	3.7
2770	3.3
2771	3.6
2772	3.32
2773	3.55
2774	3.8
2775	3.5
2776	3.54
2777	3.69
2778	3.81
2779	3.19
2780	3.33
2781	3.49
2782	3.8
2783	3.66
2784	3.37
2785	3.23
2786	3.36
2787	3.55
2788	3.51
2789	3.4
2790	3.48
2791	3.59
2792	3.43
2793	3.5
2794	3.46
2795	3.38
2796	3.74
2797	3.5
2798	3.62
2799	3.47
2800	3.59
2801	3.47
2802	3.67
2803	3.6
2804	3.63
2805	3.71
2806	3.48
2807	3.49
2808	3.46
2809	3.53
2810	3.76
2811	3.42
2812	3.2
2813	3.4
2814	3.49
2815	3.33
2816	3.34
2817	3.43
2818	3.55
2819	3.42
2820	3.41
2821	3.61
2822	3.46
2823	3.92
2824	3.64
2825	3.31
2826	3.63
2827	3.63
2828	3.67
2829	3.55
2830	3.51
2831	3.52
2832	3.95
2833	3.47
2834	3.43
2835	3.45
2836	3.35
2837	3.72
2838	3.35
2839	3.14
2840	3.46
2841	3.44
2842	3.57
2843	3.1
2844	3.52
2845	3.33
2846	3.26
2847	3.64
2848	3.59
2849	3.21
2850	3.26
2851	3.68
2852	3.37
2853	3.46
2854	3.48
2855	3.47
2856	3.45
2857	3.22
2858	3.39
2859	3.52
2860	3.63
2861	3.77
2862	3.5
2863	3.51
2864	3.35
2865	3.2
2866	3.28
2867	3.35
2868	3.33
2869	3.56
2870	3.95
2871	3.65
2872	3.07
2873	3.6
2874	3.78
2875	3.29
2876	3.59
2877	3.19
2878	3.47
2879	3.44
2880	3.41
2881	3.59
2882	3.43
2883	3.53
2884	3.75
2885	3.67
2886	3.7
2887	3.49
2888	3.55
2889	3.3
2890	3.75
2891	3.48
2892	3.46
2893	3.42
2894	3.76
2895	3.45
2896	3.38
2897	3.64
2898	3.31
2899	3.32
2900	3.67
2901	3.51
2902	3.38
2903	3.52
2904	3.47
2905	3.23
2906	3.6
2907	3.58
2908	3.54
2909	3.58
2910	3.56
2911	3.67
2912	3.45
2913	3.53
2914	3.41
2915	3.48
2916	3.2
2917	3.77
2918	3.39
2919	3.67
2920	3.18
2921	3.32
2922	3.59
2923	3.61
2924	3.41
2925	3.43
2926	3.39
2927	3.36
2928	3.19
2929	3.34
2930	3.68
2931	3.48
2932	3.51
2933	3.69
2934	3.5
2935	3.46
2936	3.42
2937	3.4
2938	3.38
2939	3.55
2940	3.51
2941	3.39
2942	3.46
2943	3.71
2944	3.42
2945	3.16
2946	3.63
2947	3.1
2948	3.43
2949	3.09
2950	3.2
2951	3.49
2952	3.55
2953	3.37
2954	3.56
2955	3.61
2956	3.52
2957	3.67
2958	3.37
2959	3.42
2960	3.48
2961	3.54
2962	3.23
2963	3.79
2964	3.6
2965	3.34
2966	3.56
2967	3.72
2968	3.57
2969	3.23
2970	3.9
2971	3.48
2972	3.57
2973	3.39
2974	3.46
2975	3.65
2976	3.47
2977	3.13
2978	3.57
2979	3.52
2980	3.31
2981	3.56
2982	3.55
2983	3.73
2984	3.46
2985	3.42
2986	3.36
2987	3.1
2988	3.52
2989	3.49
2990	3.52
2991	3.55
2992	3.4
2993	3.77
2994	3.31
2995	3.34
2996	3.39
2997	3.54
2998	3.55
2999	3.59
3000	4
3001	3.4
3002	3.24
3003	3.68
3004	3.8
3005	3.5
3006	3.49
3007	3.19
3008	3.22
3009	3.43
3010	3.9
3011	3.34
3012	3.33
3013	3.57
3014	3.4
3015	3.36
3016	3.56
3017	3.26
3018	3.4
3019	3.55
3020	3.54
3021	3.12
3022	3.47
3023	3.4
3024	3.91
3025	3.29
3026	3.57
3027	3.78
3028	3.45
3029	3.43
3030	3.4
3031	3.2
3032	3.51
3033	3.17
3034	3.62
3035	3.86
3036	3.37
3037	4.06
3038	3.28
3039	3.8
3040	3.31
3041	3.48
3042	3.62
3043	3.75
3044	3.21
3045	3.38
3046	3.52
3047	3.71
3048	3.36
3049	3.49
3050	3.57
3051	3.35
3052	3.53
3053	3.7
3054	3.72
3055	3.7
3056	3.24
3057	3.6
3058	3.36
3059	3.72
3060	3.45
3061	3.69
3062	3.46
3063	3.59
3064	3.49
3065	3.46
3066	3.54
3067	3.22
3068	3.32
3069	3.33
3070	3.63
3071	3.51
3072	3.43
3073	3.79
3074	3.22
3075	3.57
3076	3.25
3077	3.83
3078	3.57
3079	3.74
3080	3.23
3081	3.61
3082	3.66
3083	3.2
3084	3.2
3085	3.37
3086	3.57
3087	3.31
3088	3.37
3089	3.52
3090	3.44
3091	3.32
3092	3.71
3093	3.45
3094	3.46
3095	3.68
3096	3.32
3097	3.68
3098	3.68
3099	3.49
3100	3.51
3101	3.29
3102	3.09
3103	3.66
3104	3.89
3105	3.48
3106	3.7
3107	3.57
3108	3.65
3109	3.39
3110	3.35
3111	3.22
3112	3.52
3113	3.46
3114	3.65
3115	3.63
3116	3.19
3117	3.51
3118	3.67
3119	3.75
3120	3.4
3121	3.42
3122	3.39
3123	3.34
3124	3.41
3125	3.79
3126	3.22
3127	3.59
3128	3.71
3129	3.35
3130	3.2
3131	3.45
3132	3.39
3133	3.36
3134	3.7
3135	3.25
3136	3.4
3137	3.61
3138	3.57
3139	3.34
3140	3.57
3141	3.41
3142	3.34
3143	3.36
3144	3.49
3145	3.08
3146	3.54
3147	3.54
3148	3.31
3149	3.65
3150	3.51
3151	3.79
3152	3.55
3153	3.07
3154	3.35
3155	3.71
3156	3.38
3157	3.4
3158	3.57
3159	3.28
3160	3.35
3161	3.37
3162	3.34
3163	3.64
3164	3.69
3165	3.39
3166	3.45
3167	3.72
3168	3.66
3169	3.63
3170	3.96
3171	3.62
3172	3.72
3173	3.44
3174	3.47
3175	3.21
3176	3.38
3177	3.78
3178	3.61
3179	3.52
3180	3.69
3181	3.84
3182	3.31
3183	3.72
3184	3.23
3185	3.34
3186	3.43
3187	3.37
3188	3.49
3189	3.62
3190	3.53
3191	3.57
3192	3.34
3193	3.36
3194	3.33
3195	3.48
3196	3.17
3197	3.71
3198	3.33
3199	3.55
3200	3.55
3201	3.65
3202	3.64
3203	3.51
3204	3.38
3205	3.8
3206	3.55
3207	3.46
3208	3.4
3209	3.59
3210	3.68
3211	3.41
3212	3.66
3213	3.55
3214	3.43
3215	3.68
3216	3.58
3217	3.9
3218	3.62
3219	3.38
3220	3.52
3221	3.46
3222	3.36
3223	3.62
3224	3.51
3225	3.59
3226	3.64
3227	3.54
3228	3.38
3229	3.82
3230	3.4
3231	3.65
3232	3.49
3233	3.63
3234	3.33
3235	3.36
3236	3.67
3237	3.49
3238	3.42
3239	3.39
3240	3.55
3241	3.45
3242	3.31
3243	3.26
3244	3.65
3245	3.62
3246	3.53
3247	3
3248	3.87
3249	3.54
3250	3.65
3251	3.54
3252	3.49
3253	3.63
3254	3.41
3255	3.3
3256	3.27
3257	3.29
3258	3.81
3259	3.69
3260	3.64
3261	3.26
3262	3.43
3263	3.85
3264	3.59
3265	3.36
3266	3.65
3267	3.42
3268	3.65
3269	3.36
3270	3.43
3271	3.52
3272	3.47
3273	3.45
3274	3.54
3275	3.81
3276	3.42
3277	3.58
3278	3.66
3279	3.5
3280	3.58
3281	3.25
3282	3.49
3283	3.42
3284	3.46
3285	3.56
3286	3.41
3287	3.55
3288	3.55
3289	3.6
3290	3.44
3291	3.41
3292	3.52
3293	3.53
3294	3.47
3295	3.68
3296	3.28
3297	3.36
3298	3.36
3299	3.36
3300	3.7
3301	3.63
3302	3.68
3303	3.25
3304	3.41
3305	3.54
3306	3.54
3307	3.47
3308	3.32
3309	3.53
3310	3.52
3311	3.36
3312	3.49
3313	3.5
3314	3.58
3315	3.35
3316	3.47
3317	3.67
3318	3.7
3319	3.36
3320	3.47
3321	3.38
3322	3.52
3323	3.66
3324	3.43
3325	3.68
3326	3.7
3327	3.56
3328	3.7
3329	3.33
3330	3.49
3331	3.51
3332	3.42
3333	3.4
3334	3.63
3335	3.62
3336	3.45
3337	3.52
3338	3.32
3339	3.2
3340	3.48
3341	3.74
3342	3.34
3343	3.2
3344	3.86
3345	3.64
3346	3.56
3347	3.49
3348	3.52
3349	3.6
3350	3.6
3351	3.55
3352	3.61
3353	3.48
3354	3.62
3355	3.59
3356	3.35
3357	3.42
3358	3.54
3359	3.24
3360	3.59
3361	3.7
3362	3.3
3363	3.38
3364	3.54
3365	3.52
3366	3.55
3367	3.43
3368	3.06
3369	3.54
3370	3.68
3371	3.32
3372	3.24
3373	3.36
3374	3.77
3375	3.55
3376	3.56
3377	3.64
3378	3.89
3379	3.54
3380	3.42
3381	3.49
3382	3.81
3383	3.74
3384	3.61
3385	3.61
3386	3.49
3387	3.7
3388	3.67
3389	3.26
3390	3.38
3391	3.81
3392	3.3
3393	3.56
3394	3.6
3395	3.85
3396	3.73
3397	3.62
3398	3.71
3399	3.66
3400	3.62
3401	3.92
3402	3.7
3403	3.56
3404	3.67
3405	3.4
3406	3.68
3407	3.36
3408	3.51
3409	3.33
3410	3.58
3411	3.37
3412	3.58
3413	3.66
3414	3.36
3415	3.6
3416	3.41
3417	3.53
3418	3.54
3419	3.47
3420	3.59
3421	3.53
3422	3.2
3423	3.34
3424	3.41
3425	3.49
3426	3.6
3427	3.44
3428	3.62
3429	3.57
3430	3.55
3431	3.55
3432	3.34
3433	3.59
3434	3.23
3435	3.47
3436	3.4
3437	3.51
3438	3.65
3439	3.5
3440	3.22
3441	3.77
3442	3.65
3443	3.38
3444	3.21
3445	3.56
3446	3.22
3447	3.57
3448	3.19
3449	3.6
3450	3.67
3451	3.47
3452	3.18
3453	3.4
3454	3.51
3455	3.33
3456	3.86
3457	3.18
3458	3.75
3459	3.31
3460	3.78
3461	3.81
3462	3.28
3463	3.54
3464	3.51
3465	3.72
3466	3.57
3467	3.5
3468	3.66
3469	3.16
3470	3.6
3471	3.58
3472	3.56
3473	3.9
3474	3.51
3475	3.71
3476	3.67
3477	3.47
3478	3.6
3479	3.56
3480	3.45
3481	3.39
3482	3.28
3483	3.57
3484	3.4
3485	3.21
3486	3.4
3487	3.35
3488	3.19
3489	3.45
3490	3.56
3491	3.52
3492	3.67
3493	3.41
3494	3.68
3495	3.34
3496	3.34
3497	3.47
3498	3.68
3499	3.58
3500	3.68
3501	3.18
3502	3.57
3503	3.3
3504	3.34
3505	3.36
3506	3.39
3507	4.02
3508	3.43
3509	3.54
3510	4.15
3511	3.8
3512	3.8
3513	3.82
3514	3.63
3515	3.64
3516	3.74
3517	3.35
3518	3.56
3519	3.32
3520	3.47
3521	3.4
3522	3.7
3523	3.55
3524	3.79
3525	3.58
3526	3.64
3527	3.74
3528	3.49
3529	3.75
3530	3.43
3531	3.76
3532	3.5
3533	3.21
3534	3.19
3535	3.79
3536	3.67
3537	3.57
3538	3.49
3539	3.57
3540	3.4
3541	3.52
3542	3.2
3543	3.31
3544	3.44
3545	3.36
3546	3.9
3547	3.75
3548	3.55
3549	3.52
3550	3.63
3551	3.48
3552	3.65
3553	3.43
3554	3.74
3555	3.45
3556	3.62
3557	3.92
3558	3.27
3559	3.52
3560	3.36
3561	3.46
3562	3.4
3563	3.41
3564	3.47
3565	3.55
3566	3.83
3567	3.42
3568	3.63
3569	3.6
3570	3.34
3571	3.62
3572	3.25
3573	3.19
3574	3.56
3575	3.46
3576	3.52
3577	3.54
3578	3.33
3579	3.27
3580	3.68
3581	3.33
3582	3.3
3583	3.65
3584	3.27
3585	3.66
3586	3.47
3587	3.39
3588	3.66
3589	3.62
3590	3.39
3591	3.41
3592	3.38
3593	3.49
3594	3.47
3595	3.63
3596	3.5
3597	3.35
3598	3.58
3599	3.79
3600	3.54
3601	3.6
3602	3.7
3603	3.42
3604	3.61
3605	3.43
3606	3.39
3607	3.54
3608	3.59
3609	3.71
3610	3.52
3611	3.6
3612	3.78
3613	3.33
3614	3.34
3615	3.65
3616	3.68
3617	3.34
3618	3.48
3619	3.86
3620	3.44
3621	3.64
3622	3.32
3623	3.36
3624	3.58
3625	3.54
3626	3.53
3627	3.81
3628	3.57
3629	3.41
3630	3.32
3631	3.63
3632	3.46
3633	3.41
3634	3.28
3635	3.7
3636	3.39
3637	3.45
3638	3.36
3639	3.41
3640	3.38
3641	3.45
3642	3.39
3643	3.67
3644	3.66
3645	3.8
3646	3.38
3647	3.25
3648	3.76
3649	3.97
3650	3.42
3651	3.26
3652	3.57
3653	3.74
3654	3.5
3655	3.53
3656	3.32
3657	3.37
3658	3.44
3659	3.51
3660	3.52
3661	3.76
3662	3.5
3663	3.29
3664	3.22
3665	3.3
3666	3.39
3667	3.44
3668	3.62
3669	3.48
3670	3.39
3671	3.68
3672	3.18
3673	3.82
3674	3.59
3675	3.33
3676	3.74
3677	3.49
3678	3.26
3679	3.24
3680	3.25
3681	3.33
3682	3.24
3683	3.53
3684	3.37
3685	3.44
3686	3.34
3687	3.48
3688	3.63
3689	3.75
3690	3.33
3691	3.48
3692	3.46
3693	3.36
3694	3.51
3695	3.44
3696	3.58
3697	3.54
3698	3.57
3699	3.35
3700	3.64
3701	3.61
3702	3.41
3703	3.86
3704	3.66
3705	3.74
3706	3.58
3707	3.59
3708	3.38
3709	3.57
3710	3.5
3711	3.4
3712	3.51
3713	3.5
3714	3.56
3715	3.9
3716	3.72
3717	3.17
3718	3.71
3719	3.37
3720	3.33
3721	3.56
3722	3.56
3723	3.49
3724	3.62
3725	3.44
3726	3.56
3727	3.36
3728	3.61
3729	3.34
3730	3.66
3731	3.33
3732	3.56
3733	3.38
3734	3.38
3735	3.64
3736	3.86
3737	3.23
3738	3.79
3739	3.26
3740	3.36
3741	3.86
3742	3.17
3743	3.36
3744	3.45
3745	3.44
3746	3.46
3747	3.44
3748	3.43
3749	3.37
3750	3.61
3751	3.38
3752	3.33
3753	3.42
3754	3.47
3755	3.78
3756	3.56
3757	3.56
3758	3.36
3759	3.48
3760	3.58
3761	3.62
3762	3.77
3763	3.46
3764	3.64
3765	3.28
3766	3.47
3767	3.48
3768	3.4
3769	3.72
3770	3.64
3771	3.69
3772	3.33
3773	3.08
3774	3.59
3775	3.42
3776	3.47
3777	3.61
3778	3.41
3779	3.63
3780	3.78
3781	3.55
3782	3.03
3783	3.49
3784	3.94
3785	3.56
3786	3.54
3787	3.61
3788	3.83
3789	3.45
3790	3.46
3791	3.47
3792	3.81
3793	3.29
3794	3.32
3795	3.23
3796	3.43
3797	3.63
3798	3.74
3799	3.38
3800	3.28
3801	3.82
3802	3.53
3803	3.58
3804	3.41
3805	3.19
3806	3.74
3807	3.8
3808	3.64
3809	3.48
3810	3.42
3811	3.67
3812	3.43
3813	3.55
3814	3.96
3815	3.57
3816	3.76
3817	3.83
3818	3.2
3819	3.86
3820	3.41
3821	3.25
3822	3.58
3823	3.59
3824	3.25
3825	3.1
3826	3.64
3827	3.69
3828	3.53
3829	3.73
3830	3.07
3831	3.61
3832	3.66
3833	3.42
3834	3.33
3835	3.43
3836	3.5
3837	3.49
3838	3.31
3839	3.36
3840	3.4
3841	3.62
3842	3.6
3843	3.34
3844	3.78
3845	3.55
3846	3.5
3847	3.31
3848	3.63
3849	3.35
3850	3.11
3851	3.76
3852	3.38
3853	3.38
3854	3.41
3855	3.72
3856	3.3
3857	3.41
3858	3.47
3859	3.61
3860	3.54
3861	3.44
3862	3.61
3863	3.58
3864	3.38
3865	3.41
3866	3.59
3867	3.73
3868	3.44
3869	3.48
3870	3.55
3871	3.79
3872	3.26
3873	3.62
3874	3.47
3875	3.48
3876	3.4
3877	3.44
3878	3.32
3879	3.55
3880	3.59
3881	3.76
3882	3.5
3883	3.61
3884	3.42
3885	3.7
3886	3.55
3887	3.56
3888	3.49
3889	3.39
3890	3.56
3891	3.56
3892	3.61
3893	3.58
3894	3.42
3895	3.84
3896	3.46
3897	3.61
3898	3.14
3899	3.43
3900	3.43
3901	3.62
3902	3.8
3903	3.37
3904	3.45
3905	3.49
3906	3.66
3907	3.5
3908	3.29
3909	3.51
3910	3.5
3911	3.5
3912	3.49
3913	3.7
3914	3.58
3915	3.32
3916	3.58
3917	3.58
3918	3.47
3919	3.45
3920	3.83
3921	3.52
3922	3.1
3923	3.68
3924	3.61
3925	3.34
3926	3.49
3927	3.48
3928	3.28
3929	3.88
3930	3.84
3931	3.3
3932	3.46
3933	3.35
3934	3.55
3935	3.38
3936	3.78
3937	3.48
3938	3.77
3939	3.65
3940	3.26
3941	3.4
3942	3.62
3943	3.29
3944	3.46
3945	3.62
3946	3.53
3947	3.77
3948	3.3
3949	3.44
3950	3.46
3951	3.55
3952	3.23
3953	3.36
3954	3.53
3955	3.55
3956	3.47
3957	3.61
3958	3.35
3959	3.65
3960	3.25
3961	3.43
3962	3.85
3963	3.57
3964	3.55
3965	3.31
3966	3.59
3967	3.56
3968	3.4
3969	3.4
3970	3.34
3971	3.48
3972	3.54
3973	3.47
3974	3.72
3975	3.47
3976	3.37
3977	3.16
3978	3.4
3979	3.41
3980	3.35
3981	3.62
3982	3.69
3983	3.62
3984	3.47
3985	3.58
3986	3.44
3987	3.51
3988	3.48
3989	3.45
3990	3.63
3991	3.75
3992	3.21
3993	3.24
3994	3.51
3995	3.74
3996	3.05
3997	3.38
3998	3.9
3999	3.61
4000	3.31
4001	3.34
4002	3.67
4003	3.78
4004	3.35
4005	3.38
4006	3.8
4007	3.06
4008	3.66
4009	3.43
4010	3.1
4011	3.5
4012	3.42
4013	3.44
4014	3.48
4015	3.36
4016	3.28
4017	3.21
4018	3.42
4019	3.87
4020	3.53
4021	3.26
4022	3.62
4023	3.22
4024	3.48
4025	3.28
4026	3.37
4027	3.66
4028	3.71
4029	3.6
4030	3.5
4031	3.58
4032	3.62
4033	3.15
4034	3.45
4035	3.63
4036	3.54
4037	3.5
4038	3.55
4039	3.65
4040	3.37
4041	3.12
4042	3.39
4043	3.45
4044	3.36
4045	3.15
4046	3.41
4047	3.6
4048	3.61
4049	3.48
4050	3.54
4051	3.31
4052	3.63
4053	3.64
4054	3.37
4055	3.38
4056	3.45
4057	3.43
4058	3.15
4059	3.46
4060	3.59
4061	3.78
4062	3.75
4063	3.59
4064	3.72
4065	3.51
4066	3.62
4067	3.46
4068	3.19
4069	3.36
4070	3.55
4071	3.51
4072	3.6
4073	3.49
4074	3.7
4075	3.59
4076	3.52
4077	3.59
4078	3.53
4079	3.38
4080	3.65
4081	3.66
4082	3.53
4083	3.67
4084	3.53
4085	3.44
4086	3.24
4087	3.5
4088	3.43
4089	3.48
4090	3.38
4091	3.41
4092	3.48
4093	3.24
4094	3.44
4095	3.46
4096	3.27
4097	3.31
4098	3.39
4099	3.33
4100	3.54
4101	3.85
4102	3.6
4103	3.88
4104	3.38
4105	3.26
4106	3.49
4107	3.65
4108	3.54
4109	3.7
4110	3.54
4111	3.32
4112	3.61
4113	3.46
4114	3.45
4115	3.37
4116	3.51
4117	3.45
4118	3.94
4119	3.46
4120	3.2
4121	3.78
4122	3.65
4123	3.24
4124	3.57
4125	3.63
4126	3.41
4127	3.63
4128	3.56
4129	3.56
4130	3.77
4131	3.5
4132	3.52
4133	3.31
4134	3.6
4135	3.69
4136	3.61
4137	3.54
4138	3.42
4139	3.33
4140	3.64
4141	3.53
4142	3.5
4143	3.63
4144	3.77
4145	3.49
4146	3.58
4147	3.6
4148	3.53
4149	3.43
4150	3.28
4151	3.35
4152	3.57
4153	3.35
4154	3.41
4155	3.78
4156	3.45
4157	3.48
4158	3.39
4159	3.42
4160	3.34
4161	3.33
4162	3.6
4163	3.55
4164	3.41
4165	3.73
4166	3.57
4167	3.59
4168	3.65
4169	3.19
4170	3.51
4171	3.52
4172	3.32
4173	3.14
4174	3.27
4175	3.4
4176	3.93
4177	3.49
4178	3.43
4179	3.7
4180	3.74
4181	3.48
4182	3.78
4183	3.63
4184	3.46
4185	3.51
4186	3.51
4187	3.79
4188	3.42
4189	3.48
4190	3.8
4191	3.57
4192	3.58
4193	3.47
4194	3.64
4195	3.88
4196	3.43
4197	3.74
4198	3.24
4199	3.77
4200	3.43
4201	3.56
4202	3.67
4203	3.62
4204	3.49
4205	3.52
4206	3.47
4207	3.65
4208	3.72
4209	3.3
4210	3.34
4211	3.39
4212	3.42
4213	3.29
4214	3.48
4215	3.85
4216	3.32
4217	3.78
4218	3.73
4219	3.66
4220	3.41
4221	3.61
4222	3.57
4223	3.63
4224	3.39
4225	3.35
4226	3.64
4227	3.49
4228	3.35
4229	3.4
4230	3.45
4231	3.21
4232	3.56
4233	3.49
4234	3.39
4235	3.59
4236	3.44
4237	3.62
4238	3.45
4239	3.32
4240	3.65
4241	3.68
4242	3.43
4243	3.34
4244	3.57
4245	3.35
4246	3.48
4247	3.68
4248	3.73
4249	3.55
4250	3.65
4251	3.74
4252	3.4
4253	3.28
4254	3.46
4255	3.24
4256	3.33
4257	3.38
4258	3.27
4259	3.61
4260	3.82
4261	3.46
4262	3.57
4263	3.47
4264	3.33
4265	3.2
4266	3.17
4267	3.25
4268	3.38
4269	3.5
4270	3.41
4271	3.64
4272	3.58
4273	3.66
4274	3.64
4275	3.7
4276	3.62
4277	3.64
4278	3.55
4279	3.5
4280	3.35
4281	3.42
4282	3.36
4283	3.62
4284	3.34
4285	3.45
4286	3.35
4287	3.41
4288	3.52
4289	3.53
4290	3.36
4291	3.96
4292	3.31
4293	3.51
4294	3.6
4295	3.54
4296	3.4
4297	3.21
4298	3.81
4299	3.51
4300	3.53
4301	3.24
4302	3.46
4303	3.53
4304	3.49
4305	3.25
4306	3.2
4307	3.5
4308	3.43
4309	3.63
4310	3.32
4311	3.28
4312	3.51
4313	3.6
4314	3.48
4315	3.8
4316	3.57
4317	3.47
4318	3.29
4319	3.16
4320	3.43
4321	3.58
4322	3.59
4323	3.74
4324	3.27
4325	3.6
4326	3.33
4327	3.42
4328	3.32
4329	3.45
4330	3.59
4331	3.73
4332	3.21
4333	3.6
4334	3.66
4335	3.35
4336	3.33
4337	3.47
4338	3.51
4339	3.71
4340	3.56
4341	3.45
4342	3.58
4343	3.46
4344	3.71
4345	3.52
4346	3.64
4347	3.65
4348	3.5
4349	3.4
4350	3.41
4351	3.22
4352	3.74
4353	3.48
4354	3.46
4355	3.46
4356	3.65
4357	3.28
4358	3.58
4359	3.52
4360	3.66
4361	3.73
4362	3.51
4363	3.43
4364	3.32
4365	3.43
4366	3.86
4367	3.28
4368	3.76
4369	3.27
4370	3.31
4371	3.56
4372	3.26
4373	3.22
4374	3.87
4375	3.49
4376	3.33
4377	3.57
4378	3.44
4379	3.5
4380	3.35
4381	3.39
4382	3.54
4383	3.4
4384	3.25
4385	3.17
4386	3.61
4387	3.18
4388	3.23
4389	3.42
4390	3.27
4391	3.57
4392	3.55
4393	3.26
4394	3.31
4395	3.44
4396	3.86
4397	3.43
4398	4.02
4399	3.65
4400	3.51
4401	3.86
4402	3.5
4403	3.37
4404	3.5
4405	3.31
4406	3.48
4407	3.4
4408	3.7
4409	3.33
4410	3.38
4411	3.46
4412	3.41
4413	3.64
4414	3.63
4415	3.57
4416	3.4
4417	3.41
4418	3.69
4419	3.48
4420	3.42
4421	3.46
4422	3.64
4423	3.64
4424	3.48
4425	3.34
4426	3.5
4427	3.28
4428	3.36
4429	3.58
4430	3.34
4431	3.38
4432	3.35
4433	3.38
4434	3.33
4435	3.51
4436	3.37
4437	3.18
4438	3.34
4439	3.31
4440	3.6
4441	3.39
4442	3.45
4443	3.52
4444	3.55
4445	3.58
4446	3.6
4447	3.38
4448	3.25
4449	3.4
4450	3.66
4451	3.39
4452	3.33
4453	3.43
4454	3.75
4455	3.6
4456	3.52
4457	3.38
4458	3.51
4459	3.12
4460	3.35
4461	3.38
4462	3.77
4463	3.61
4464	3.44
4465	3.33
4466	3.46
4467	3.62
4468	3.72
4469	3.55
4470	3.41
4471	3.34
4472	3.37
4473	3.3
4474	3.59
4475	3.46
4476	3.5
4477	3.47
4478	3.37
4479	3.19
4480	3.54
4481	3.47
4482	3.56
4483	3.41
4484	3.47
4485	3.27
4486	3.46
4487	3.24
4488	3.6
4489	3.68
4490	3.63
4491	3.53
4492	3.75
4493	3.37
4494	3.27
4495	3.44
4496	3.39
4497	3.69
4498	3.58
4499	3.5
4500	3.31
4501	3.36
4502	3.61
4503	3.39
4504	3.37
4505	3.35
4506	3.21
4507	3.31
4508	3.18
4509	3.68
4510	3.7
4511	3.15
4512	3.36
4513	3.41
4514	3.32
4515	3.64
4516	3.49
4517	3.78
4518	3.17
4519	3.38
4520	3.5
4521	3.48
4522	3.6
4523	3.58
4524	3.66
4525	3.27
4526	3.13
4527	3.39
4528	3.48
4529	3.66
4530	3.45
4531	3.72
4532	3.4
4533	3.44
4534	3.52
4535	3.72
4536	3.61
4537	3.59
4538	3.21
4539	3.48
4540	3.53
4541	3.27
4542	3.41
4543	3.29
4544	3.74
4545	3.6
4546	3.58
4547	3.57
4548	3.43
4549	3.65
4550	3.5
4551	3.75
4552	3.73
4553	3.25
4554	3.43
4555	3.59
4556	3.29
4557	3.58
4558	3.36
4559	3.35
4560	3.65
4561	3.51
4562	3.42
4563	3.64
4564	3.68
4565	3.55
4566	3.46
4567	3.47
4568	3.64
4569	3.59
4570	3.64
4571	3.2
4572	3.22
4573	3.66
4574	3.72
4575	3.62
4576	3.66
4577	3.58
4578	3.63
4579	3.62
4580	3.46
4581	3.3
4582	3.44
4583	3.43
4584	3.66
4585	3.26
4586	3.36
4587	3.49
4588	3.35
4589	3.72
4590	4.03
4591	3.45
4592	3.77
4593	3.56
4594	3.53
4595	3.68
4596	3.19
4597	3.63
4598	3.59
4599	3.3
4600	3.61
4601	3.54
4602	3.47
4603	3.49
4604	3.35
4605	3.77
4606	3.42
4607	3.49
4608	3.71
4609	3.85
4610	3.4
4611	3.34
4612	3.44
4613	3.48
4614	3.69
4615	3.46
4616	3.42
4617	3.43
4618	3.58
4619	3.29
4620	3.38
4621	3.6
4622	3.71
4623	3.76
4624	3.65
4625	3.24
4626	3.46
4627	3.74
4628	3.81
4629	3.32
4630	3.37
4631	3.6
4632	3.72
4633	3.41
4634	3.32
4635	3.6
4636	3.51
4637	3.62
4638	3.37
4639	3.65
4640	3.44
4641	3.43
4642	3.66
4643	3.67
4644	3.3
4645	3.44
4646	3.45
4647	3.89
4648	3.48
4649	3.54
4650	3.39
4651	3.38
4652	3.48
4653	3.84
4654	3.41
4655	3.87
4656	3.45
4657	3.51
4658	3.47
4659	3.56
4660	3.21
4661	3.52
4662	3.35
4663	3.46
4664	3.75
4665	3.35
4666	3.39
4667	3.4
4668	3.72
4669	3.55
4670	3.42
4671	3.62
4672	3.49
4673	3.41
4674	3.69
4675	3.45
4676	3.47
4677	3.72
4678	3.47
4679	3.33
4680	3.61
4681	3.41
4682	3.34
4683	3.51
4684	3.63
4685	3.59
4686	3.61
4687	3.52
4688	3.64
4689	3.43
4690	3.34
4691	3.47
4692	3.42
4693	3.22
4694	3.4
4695	3.77
4696	3.34
4697	3.37
4698	3.63
4699	3.25
4700	3.5
4701	3.16
4702	3.57
4703	3.67
4704	3.14
4705	3.43
4706	3.4
4707	3.45
4708	3.55
4709	3.72
4710	3.33
4711	3.5
4712	3.87
4713	3.41
4714	3.76
4715	3.55
4716	3.45
4717	3.49
4718	3.47
4719	3.72
4720	3.57
4721	3.4
4722	3.45
4723	3.15
4724	3.61
4725	3.28
4726	3.45
4727	3.28
4728	3.24
4729	3.49
4730	3.33
4731	3.7
4732	3.5
4733	3.54
4734	3.36
4735	3.47
4736	3.46
4737	3.37
4738	3.45
4739	3.29
4740	3.4
4741	3.85
4742	3.51
4743	3.53
4744	3.7
4745	3.43
4746	3.43
4747	3.37
4748	3.52
4749	3.55
4750	3.65
4751	3.45
4752	3.53
4753	3.55
4754	3.54
4755	3.5
4756	3.58
4757	3.25
4758	3.51
4759	3.3
4760	3.47
4761	3.61
4762	3.78
4763	3.32
4764	3.22
4765	3.61
4766	3.48
4767	3.37
4768	3.69
4769	3.46
4770	3.46
4771	3.64
4772	3.5
4773	3.81
4774	3.57
4775	3.36
4776	3.53
4777	3.26
4778	3.58
4779	3.22
4780	3.28
4781	3.49
4782	3.32
4783	3.55
4784	3.61
4785	3.38
4786	3.33
4787	3.38
4788	3.49
4789	3.4
4790	3.57
4791	3.46
4792	3.61
4793	3.32
4794	3.51
4795	3.5
4796	3.43
4797	3.52
4798	3.34
4799	3.7
4800	3.55
4801	3.28
4802	3.39
4803	3.54
4804	3.77
4805	3.34
4806	3.38
4807	3.56
4808	3.46
4809	3.34
4810	3.55
4811	3.4
4812	3.96
4813	3.45
4814	3.46
4815	3.35
4816	3.29
4817	3.16
4818	3.41
4819	3.26
4820	3.62
4821	3.48
4822	3.8
4823	3.41
4824	3.56
4825	3.66
4826	3.6
4827	3.52
4828	3.41
4829	3.54
4830	3.76
4831	3.47
4832	3.72
4833	3.63
4834	3.86
4835	3.55
4836	3.61
4837	3.29
4838	3.47
4839	3.42
4840	3.42
4841	3.65
4842	3.45
4843	3.69
4844	3.28
4845	3.76
4846	3.06
4847	3.91
4848	3.53
4849	3.62
4850	3.5
4851	3.59
4852	3.84
4853	3.48
4854	3.49
4855	3.63
4856	3.6
4857	3.48
4858	3.65
4859	3.75
4860	4.02
4861	3.49
4862	3.51
4863	3.48
4864	3.78
4865	3.58
4866	3.4
4867	3.52
4868	3.89
4869	3.23
4870	3.29
4871	3.77
4872	3.14
4873	3.22
4874	3.45
4875	3.47
4876	3.26
4877	3.61
4878	3.53
4879	3.41
4880	3.58
4881	3.52
4882	3.3
4883	3.53
4884	3.37
4885	3.6
4886	3.39
4887	3.48
4888	3.34
4889	3.61
4890	3.54
4891	3.91
4892	3.53
4893	3.19
4894	3.28
4895	3.58
4896	3.62
4897	3.56
4898	3.52
4899	3.55
4900	3.16
4901	3.5
4902	3.61
4903	3.42
4904	3.64
4905	3.5
4906	3.61
4907	3.42
4908	3.19
4909	3.56
4910	3.54
4911	3.84
4912	3.56
4913	3.64
4914	3.6
4915	3.41
4916	3.63
4917	3.55
4918	3.48
4919	3.51
4920	3.42
4921	3.52
4922	3.52
4923	3.36
4924	3.58
4925	3.59
4926	3.57
4927	3.53
4928	3.66
4929	3.64
4930	3.54
4931	3.33
4932	3.48
4933	3.26
4934	3.33
4935	3.71
4936	3.58
4937	3.47
4938	3.31
4939	3.78
4940	3.73
4941	3.16
4942	3.38
4943	3.13
4944	3.69
4945	3.64
4946	3.36
4947	3.43
4948	3.58
4949	3.53
4950	3.39
4951	3.67
4952	3.34
4953	3.58
4954	3.44
4955	3.56
4956	3.48
4957	3.49
4958	3.78
4959	3.64
4960	3.61
4961	3.51
4962	3.26
4963	3.4
4964	3.48
4965	3.16
4966	3.71
4967	3.37
4968	3.49
4969	3.54
4970	3.51
4971	3.58
4972	3.48
4973	3.38
4974	3.18
4975	3.39
4976	3.48
4977	3.32
4978	3.59
4979	3.69
4980	3.46
4981	3.56
4982	3.34
4983	3.44
4984	3.61
4985	3.58
4986	3.52
4987	3.3
4988	3.43
4989	3.49
4990	3.53
4991	3.58
4992	3.56
4993	3.42
4994	3.28
4995	3.36
4996	3.84
4997	3.54
4998	3.44
4999	3.46
5000	3.43
5001	3.39
5002	3.47
5003	3.51
5004	3.47
5005	3.43
5006	3.32
5007	3.64
5008	3.53
5009	3.29
5010	3.46
5011	3.65
5012	3.29
5013	3.76
5014	3.27
5015	3.48
5016	3.6
5017	3.59
5018	3.48
5019	3.65
5020	3.05
5021	3.34
5022	3.49
5023	3.44
5024	3.35
5025	3.47
5026	3.73
5027	3.17
5028	3.41
5029	3.49
5030	3.56
5031	3.29
5032	3.25
5033	3.6
5034	3.54
5035	3.48
5036	3.31
5037	3.69
5038	3.41
5039	3.61
5040	3.5
5041	3.27
5042	3.64
5043	3.37
5044	3.66
5045	3.47
5046	3.66
5047	3.6
5048	3.59
5049	3.54
5050	3.5
5051	3.38
5052	3.4
5053	3.6
5054	3.25
5055	3.53
5056	3.64
5057	3.68
5058	3.45
5059	3.18
5060	3.48
5061	3.52
5062	3.31
5063	3.49
5064	3.37
5065	3.56
5066	3.52
5067	3.48
5068	3.57
5069	3.34
5070	3.65
5071	3.58
5072	3.34
5073	3.4
5074	3.67
5075	3.88
5076	3.5
5077	3.42
5078	3.53
5079	3.47
5080	3.7
5081	3.36
5082	3.24
5083	3.71
5084	3.17
5085	3.56
5086	3.57
5087	3.7
5088	3.46
5089	3.26
5090	3.32
5091	3.62
5092	3.4
5093	3.78
5094	3.3
5095	3.17
5096	3.58
5097	3.26
5098	3.09
5099	3.47
5100	3.56
5101	3.37
5102	3.41
5103	3.47
5104	3.17
5105	3.64
5106	3.77
5107	3.37
5108	3.46
5109	3.33
5110	3.96
5111	3.51
5112	3.5
5113	3.4
5114	3.27
5115	3.24
5116	3.3
5117	3.35
5118	4.08
5119	3.46
5120	3.59
5121	3.22
5122	3.31
5123	3.74
5124	3.51
5125	3.44
5126	3.61
5127	3.5
5128	3.47
5129	3.44
5130	3.68
5131	3.54
5132	3.17
5133	3.49
5134	3.58
5135	3.63
5136	3.81
5137	3.68
5138	3.31
5139	3.64
5140	3.09
5141	3.45
5142	3.58
5143	3.66
5144	3.72
5145	3.43
5146	3.7
5147	3.65
5148	3.45
5149	3.84
5150	3.46
5151	3.5
5152	3.49
5153	3.44
5154	3.84
5155	3.42
5156	3.58
5157	3.52
5158	3.57
5159	3.28
5160	3.59
5161	3.56
5162	3.35
5163	3.47
5164	3.41
5165	3.56
5166	3.68
5167	3.43
5168	3.35
5169	3.62
5170	3.47
5171	3.38
5172	3.62
5173	3.42
5174	3.55
5175	3.45
5176	3.4
5177	3.49
5178	3.68
5179	3.32
5180	3.46
5181	3.44
5182	3.8
5183	3.28
5184	3.63
5185	3.86
5186	3.58
5187	3.59
5188	3.41
5189	3.68
5190	3.29
5191	3.29
5192	3.54
5193	3.8
5194	3.4
5195	3.64
5196	3.49
5197	3.79
5198	3.67
5199	3.48
5200	3.29
5201	3.47
5202	3.61
5203	3.79
5204	3.63
5205	3.28
5206	3.79
5207	3.42
5208	3.74
5209	3.43
5210	3.4
5211	3.42
5212	3.36
5213	3.41
5214	3.88
5215	3.77
5216	3.65
5217	3.36
5218	3.27
5219	3.31
5220	3.83
5221	3.6
5222	3.31
5223	3.37
5224	3.47
5225	3.5
5226	3.3
5227	3.73
5228	3.64
5229	3.74
5230	3.62
5231	3.48
5232	3.22
5233	3.61
5234	3.36
5235	3.48
5236	3.37
5237	3.52
5238	3.44
5239	3.36
5240	3.47
5241	3.31
5242	3.4
5243	3.67
5244	3.56
5245	3.92
5246	3.47
5247	3.7
5248	3.23
5249	3.63
5250	3.65
5251	3.43
5252	3.4
5253	3.51
5254	3.52
5255	3.58
5256	3.14
5257	3.55
5258	3.47
5259	3.34
5260	3.33
5261	3.91
5262	3.58
5263	3.7
5264	3.46
5265	3.39
5266	3.51
5267	3.47
5268	3.21
5269	3.69
5270	3.55
5271	3.32
5272	3.36
5273	3.44
5274	3.56
5275	3.47
5276	3.7
5277	3.6
5278	3.63
5279	3.41
5280	3.38
5281	3.53
5282	3.44
5283	3.52
5284	3.79
5285	3.47
5286	3.66
5287	3.37
5288	3.5
5289	3.45
5290	3.68
5291	3.49
5292	3.45
5293	3.48
5294	3.4
5295	3.58
5296	3.34
5297	3.53
5298	3.38
5299	3.48
5300	3.62
5301	3.52
5302	3.82
5303	3.54
5304	3.33
5305	3.4
5306	3.25
5307	3.65
5308	3.4
5309	3.38
5310	3.6
5311	3.58
5312	3.21
5313	3.64
5314	3.58
5315	3.07
5316	3.38
5317	3.44
5318	3.62
5319	3.46
5320	3.36
5321	3.28
5322	3.71
5323	3.33
5324	3.58
5325	3.49
5326	3.38
5327	3.55
5328	3.5
5329	3.5
5330	3.91
5331	3.6
5332	3.66
5333	3.27
5334	3.5
5335	3.55
5336	3.39
5337	3.46
5338	3.86
5339	3.42
5340	3.64
5341	3.12
5342	3.46
5343	3.45
5344	3.68
5345	3.49
5346	3.5
5347	3.39
5348	3.63
5349	3.54
5350	3.72
5351	3.45
5352	3.39
5353	3.4
5354	3.46
5355	3.18
5356	3.29
5357	3.48
5358	3.79
5359	3.43
5360	3.21
5361	3.39
5362	3.73
5363	3.55
5364	3.71
5365	3.38
5366	3.67
5367	3.44
5368	3.48
5369	3.58
5370	3.46
5371	3.42
5372	3.2
5373	3.47
5374	3.16
5375	3.58
5376	3.37
5377	3.51
5378	3.63
5379	3.79
5380	3.55
5381	3.98
5382	3.78
5383	3.67
5384	3.64
5385	3.5
5386	3.51
5387	3.58
5388	3.16
5389	3.45
5390	3.51
5391	3.61
5392	3.44
5393	3.77
5394	3.44
5395	3.48
5396	3.26
5397	3.34
5398	3.6
5399	3.43
5400	3.75
5401	3.23
5402	3.44
5403	3.44
5404	3.73
5405	3.31
5406	3.41
5407	3.42
5408	3.56
5409	3.63
5410	3.47
5411	3.4
5412	3.42
5413	3.59
5414	3.59
5415	3.47
5416	3.63
5417	3.13
5418	3.46
5419	3.27
5420	3.38
5421	3.59
5422	3.54
5423	3.23
5424	3.39
5425	3.45
5426	3.63
5427	3.7
5428	3.74
5429	3.77
5430	3.26
5431	3.54
5432	3.41
5433	3.48
5434	3.38
5435	3.49
5436	3.67
5437	3.5
5438	3.54
5439	3.52
5440	3.68
5441	3.79
5442	3.68
5443	3.64
5444	3.37
5445	3.45
5446	3.54
5447	3.76
5448	3.22
5449	3.47
5450	3.42
5451	3.47
5452	3.69
5453	3.68
5454	3.71
5455	3.32
5456	3.55
5457	3.43
5458	3.28
5459	3.04
5460	3.58
5461	3.37
5462	3.6
5463	3.63
5464	3.42
5465	3.5
5466	3.42
5467	3.61
5468	3.59
5469	3.4
5470	3.64
5471	3.26
5472	3.67
5473	3.84
5474	3.69
5475	3.54
5476	3.21
5477	3.38
5478	3.27
5479	3.54
5480	2.95
5481	3.52
5482	3.31
5483	3.65
5484	3.43
5485	3.32
5486	3.62
5487	3.63
5488	3.36
5489	3.4
5490	3.49
5491	3.6
5492	3.61
5493	3.62
5494	3.74
5495	3.42
5496	3.7
5497	3.43
5498	3.71
5499	3.59
5500	3.73
5501	3.52
5502	3.4
5503	3.31
5504	3.3
5505	3.66
5506	3.22
5507	3.51
5508	3.35
5509	3.54
5510	3.35
5511	3.38
5512	3.25
5513	3.59
5514	3.4
5515	3.98
5516	3.4
5517	3.33
5518	3.56
5519	3.66
5520	4.02
5521	3.49
5522	3.55
5523	3.47
5524	3.43
5525	3.45
5526	3.41
5527	3.6
5528	3.3
5529	3.56
5530	3.77
5531	3.44
5532	3.73
5533	3.48
5534	3.61
5535	3.61
5536	3.53
5537	3.64
5538	3.48
5539	3.44
5540	3.56
5541	3.84
5542	3.65
5543	3.45
5544	3.39
5545	3.52
5546	3.67
5547	3.54
5548	3.63
5549	3.44
5550	3.41
5551	3.39
5552	3.6
5553	3.58
5554	3.27
5555	3.71
5556	3.37
5557	3.71
5558	3.37
5559	3.34
5560	3.41
5561	3.26
5562	3.33
5563	3.42
5564	3.6
5565	3.56
5566	3.68
5567	3.53
5568	3.59
5569	3.5
5570	3.32
5571	3.79
5572	3.62
5573	3.35
5574	3.31
5575	3.6
5576	3.56
5577	3.46
5578	3.4
5579	3.53
5580	3.63
5581	3.4
5582	3.47
5583	3.33
5584	3.48
5585	3.47
5586	3.36
5587	3.47
5588	3.37
5589	3.56
5590	3.49
5591	3.62
5592	3.69
5593	3.57
5594	3.58
5595	3.49
5596	3.73
5597	3.71
5598	3.72
5599	3.4
5600	3.52
5601	3.67
5602	3.51
5603	3.4
5604	3.51
5605	3.6
5606	3.59
5607	3.43
5608	3.62
5609	3.64
5610	3.73
5611	3.6
5612	3.5
5613	3.58
5614	3.46
5615	3.51
5616	3.82
5617	3.4
5618	3.5
5619	3.44
5620	3.44
5621	3.54
5622	3.46
5623	3.64
5624	3.62
5625	3.48
5626	3.49
5627	3.48
5628	3.54
5629	3.36
5630	3.6
5631	3.23
5632	3.36
5633	3.04
5634	3.49
5635	3.52
5636	3.77
5637	3.5
5638	3.18
5639	3.5
5640	3.5
5641	3.61
5642	3.19
5643	3.49
5644	3.49
5645	3.21
5646	3.65
5647	3.45
5648	3.33
5649	3.64
5650	3.82
5651	3.14
5652	3.72
5653	3.47
5654	3.68
5655	3.47
5656	3.39
5657	3.49
5658	3.38
5659	3.23
5660	3.32
5661	3.11
5662	3.55
5663	3.42
5664	3.44
5665	3.49
5666	3.26
5667	3.51
5668	3.59
5669	3.59
5670	3.19
5671	3.39
5672	3.37
5673	3.52
5674	3.35
5675	3.46
5676	3.56
5677	3.64
5678	3.28
5679	3.32
5680	3.41
5681	3.7
5682	3.62
5683	3.5
5684	3.54
5685	3.36
5686	3.48
5687	3.63
5688	3.7
5689	3.77
5690	3.3
5691	3.85
5692	3.48
5693	3.33
5694	3.65
5695	3.44
5696	3.66
5697	3.65
5698	3.65
5699	3.59
5700	3.62
5701	3.51
5702	3.61
5703	3.62
5704	3.3
5705	3.54
5706	3.68
5707	3.48
5708	3.46
5709	3.44
5710	3.47
5711	3.48
5712	3.5
5713	3.15
5714	3.42
5715	3.85
5716	3.45
5717	3.78
5718	3.53
5719	3.5
5720	3.66
5721	3.57
5722	3.25
5723	3.63
5724	3.38
5725	3.45
5726	3.46
5727	3.25
5728	3.54
5729	3.53
5730	3.53
5731	3.46
5732	3
5733	3.8
5734	3.42
5735	3.37
5736	3.53
5737	3.37
5738	3.48
5739	3.55
5740	3.36
5741	3.64
5742	3.63
5743	3.66
5744	3.47
5745	3.56
5746	3.52
5747	3.43
5748	3.22
5749	3.8
5750	3.52
5751	3.33
5752	3.41
5753	3.37
5754	3.53
5755	3.39
5756	3.57
5757	3.78
5758	3.47
5759	3.6
5760	3.41
5761	3.53
5762	3.43
5763	3.49
5764	3.76
5765	3.41
5766	3.42
5767	3.3
5768	3.53
5769	3.27
5770	3.35
5771	3.5
5772	3.68
5773	3.53
5774	3.44
5775	3.3
5776	3.48
5777	3.53
5778	3.36
5779	3.43
5780	3.26
5781	3.23
5782	3.29
5783	3.83
5784	3.46
5785	3.72
5786	3.22
5787	3.29
5788	3.66
5789	3.5
5790	3.61
5791	3.32
5792	3.4
5793	3.18
5794	3.31
5795	3.82
5796	3.4
5797	3.51
5798	3.77
5799	3.6
5800	3.23
5801	3.55
5802	3.55
5803	3.37
5804	3.54
5805	3.46
5806	3.68
5807	3.4
5808	3.55
5809	3.29
5810	3.63
5811	3.54
5812	3.54
5813	3.41
5814	3.44
5815	3.29
5816	3.53
5817	3.53
5818	3.35
5819	3.45
5820	3.29
5821	3.4
5822	3.88
5823	3.52
5824	3.43
5825	3.76
5826	3.53
5827	3.73
5828	3.63
5829	3.56
5830	3.49
5831	3.37
5832	3.34
5833	3.31
5834	3.5
5835	3.61
5836	3.27
5837	3.65
5838	3.44
5839	3.66
5840	3.46
5841	3.57
5842	3.66
5843	3.62
5844	3.56
5845	3.36
5846	3.23
5847	3.69
5848	3.21
5849	3.54
5850	3.4
5851	3.68
5852	3.47
5853	3.51
5854	3.73
5855	3.51
5856	3.37
5857	3.53
5858	3.45
5859	3.46
5860	3.31
5861	3.42
5862	3.36
5863	3.31
5864	3.29
5865	3.33
5866	3.66
5867	3.5
5868	3.41
5869	3.37
5870	3.14
5871	3.28
5872	3.5
5873	3.48
5874	3.65
5875	3.63
5876	3.48
5877	3.3
5878	3.47
5879	3.43
5880	3.17
5881	3.59
5882	4.07
5883	3.65
5884	3.91
5885	3.7
5886	3.46
5887	3.32
5888	3.26
5889	3.29
5890	3.34
5891	3.57
5892	3.53
5893	3.57
5894	3.52
5895	3.66
5896	3.64
5897	3.57
5898	3.53
5899	3.33
5900	3.54
5901	3.25
5902	3.67
5903	3.25
5904	3.43
5905	3.52
5906	3.61
5907	3.78
5908	3.42
5909	3.48
5910	3.51
5911	3.53
5912	3.47
5913	3.47
5914	3.64
5915	3.27
5916	3.39
5917	3.48
5918	3.63
5919	3.68
5920	3.56
5921	3.69
5922	3.56
5923	3.53
5924	3.61
5925	3.31
5926	3.6
5927	3.29
5928	3.27
5929	3.36
5930	3.73
5931	3.29
5932	3.45
5933	3.47
5934	3.24
5935	3.61
5936	3.48
5937	3.6
5938	3.55
5939	3.54
5940	3.51
5941	3.66
5942	3.47
5943	3.41
5944	3.53
5945	3.39
5946	3.31
5947	3.67
5948	3.33
5949	3.49
5950	3.45
5951	3.46
5952	3.46
5953	3.37
5954	3.55
5955	3.35
5956	3.4
5957	3.35
5958	3.67
5959	3.48
5960	3.69
5961	3.54
5962	3.42
5963	3.75
5964	3.56
5965	3.43
5966	3.43
5967	3.3
5968	3.44
5969	3.81
5970	3.73
5971	3.21
5972	3.53
5973	3.58
5974	3.6
5975	3.27
5976	3.31
5977	3.43
5978	3.53
5979	3.26
5980	3.47
5981	3.4
5982	3.48
5983	3.32
5984	3.53
5985	3.41
5986	3.54
5987	3.3
5988	3.63
5989	3.74
5990	3.23
5991	3.72
5992	3.48
5993	3.64
5994	3.47
5995	3.52
5996	3.57
5997	3.72
5998	3.32
5999	3.28
6000	3.66
6001	3.45
6002	3.45
6003	3.74
6004	3.33
6005	3.34
6006	3.47
6007	3.2
6008	3.36
6009	3.52
6010	3.49
6011	3.51
6012	3.52
6013	3.5
6014	3.44
6015	3.15
6016	3.53
6017	3.38
6018	3.57
6019	3.27
6020	3.19
6021	3.42
6022	3.74
6023	3.64
6024	3.7
6025	3.62
6026	3.33
6027	3.35
6028	3.41
6029	3.42
6030	3.44
6031	3.43
6032	3.49
6033	3.51
6034	3.41
6035	3.62
6036	3.43
6037	3.52
6038	3.58
6039	3.61
6040	3.56
6041	3.27
6042	3.45
6043	3.69
6044	3.67
6045	3.61
6046	3.5
6047	3.26
6048	3.65
6049	3.43
6050	3.64
6051	3.57
6052	3.29
6053	3.54
6054	3.45
6055	3.65
6056	3.58
6057	3.52
6058	3.79
6059	3.71
6060	3.61
6061	3.42
6062	3.46
6063	3.57
6064	3.38
6065	3.6
6066	3.61
6067	3.63
6068	3.52
6069	3.36
6070	3.5
6071	3.51
6072	2.92
6073	3.92
6074	3.42
6075	3.83
6076	3.74
6077	3.68
6078	3.5
6079	3.31
6080	3.47
6081	3.59
6082	3.38
6083	3.5
6084	3.12
6085	3.71
6086	3.77
6087	3.27
6088	3.12
6089	3.49
6090	3.19
6091	3.4
6092	3.44
6093	3.42
6094	3.23
6095	3.5
6096	3.36
6097	3.84
6098	3.54
6099	3.51
6100	3.58
6101	3.34
6102	3.56
6103	3.54
6104	3.47
6105	3.47
6106	3.57
6107	3.6
6108	3.46
6109	3.64
6110	3.34
6111	3.36
6112	3.52
6113	3.61
6114	3.64
6115	3.4
6116	3.3
6117	3.26
6118	3.47
6119	3.56
6120	3.51
6121	3.56
6122	3.57
6123	3.35
6124	3.6
6125	3.74
6126	3.27
6127	3.55
6128	3.04
6129	3.77
6130	3.73
6131	3.21
6132	3.49
6133	3.17
6134	3.67
6135	3.5
6136	3.94
6137	3.78
6138	3.59
6139	3.37
6140	3.23
6141	3.57
6142	3.17
6143	3.16
6144	3.72
6145	3.41
6146	3.7
6147	3.39
6148	3.3
6149	3.26
6150	3.76
6151	3.73
6152	3.3
6153	3.44
6154	3.42
6155	3.65
6156	3.55
6157	3.49
6158	3.28
6159	3.24
6160	3.39
6161	3.39
6162	3.4
6163	3.33
6164	3.41
6165	3.47
6166	3.9
6167	3.58
6168	3.47
6169	3.57
6170	3.33
6171	3.65
6172	3.66
6173	3.35
6174	3.37
6175	3.45
6176	3.59
6177	3.36
6178	3.6
6179	3.16
6180	3.38
6181	3.66
6182	3.49
6183	3.31
6184	3.41
6185	3.34
6186	3.76
6187	3.38
6188	3.15
6189	3.35
6190	3.33
6191	3.74
6192	3.43
6193	3.35
6194	3.47
6195	3.71
6196	3.58
6197	3.61
6198	3.57
6199	3.36
6200	3.79
6201	3.36
6202	3.41
6203	3.81
6204	3.43
6205	3.34
6206	3.71
6207	3.57
6208	3.5
6209	3.28
6210	3.5
6211	3.38
6212	3.75
6213	3.3
6214	3.63
6215	3.47
6216	3.7
6217	3.76
6218	3.34
6219	3.22
6220	3.6
6221	3.65
6222	3.26
6223	3.57
6224	3.71
6225	3.26
6226	3.51
6227	3.41
6228	3.94
6229	3.74
6230	3.59
6231	3.42
6232	3.52
6233	3.41
6234	3.65
6235	3.31
6236	3.4
6237	3.44
6238	3.45
6239	3.23
6240	3.47
6241	3.83
6242	3.24
6243	3.58
6244	3.39
6245	2.96
6246	3.69
6247	3.65
6248	3.53
6249	3.82
6250	3.22
6251	3.56
6252	3.66
6253	3.41
6254	3.25
6255	3.5
6256	3.61
6257	3.55
6258	3.45
6259	3.78
6260	3.46
6261	3.43
6262	3.5
6263	3.62
6264	3.44
6265	3.71
6266	3.33
6267	3.72
6268	3.56
6269	3.46
6270	3.67
6271	3.61
6272	3.44
6273	3.39
6274	3.15
6275	3.43
6276	3.54
6277	3.23
6278	3.75
6279	3.58
6280	3.56
6281	3.49
6282	3.5
6283	3.62
6284	3.63
6285	3.18
6286	3.4
6287	3.69
6288	3.46
6289	3.14
6290	3.61
6291	3.32
6292	3.54
6293	3.87
6294	3.5
6295	3.58
6296	3.36
6297	3.61
6298	3.44
6299	3.37
6300	3.8
6301	3.22
6302	3.48
6303	3.27
6304	3.25
6305	3.52
6306	3.46
6307	3.61
6308	3.46
6309	3.44
6310	3.31
6311	3.31
6312	3.55
6313	3.53
6314	3.39
6315	3.79
6316	3.35
6317	3.6
6318	3.49
6319	3.57
6320	3.38
6321	3.63
6322	3.31
6323	3.64
6324	3.23
6325	3.19
6326	3.48
6327	3.37
6328	3.33
6329	3.64
6330	3.34
6331	3.44
6332	3.73
6333	3.58
6334	3.49
6335	3.68
6336	3.41
6337	3.39
6338	3.44
6339	3.67
6340	3.51
6341	3.64
6342	3.63
6343	3.21
6344	3.45
6345	3.61
6346	3.87
6347	3.51
6348	3.33
6349	3.62
6350	3.38
6351	3.6
6352	3.56
6353	3.55
6354	3.18
6355	3.48
6356	3.32
6357	3.4
6358	3.65
6359	3.72
6360	3.53
6361	3.51
6362	3.26
6363	3.57
6364	3.35
6365	3.7
6366	3.59
6367	3.21
6368	3.53
6369	3.52
6370	3.4
6371	3.51
6372	3.3
6373	3.8
6374	3.59
6375	3.55
6376	3.35
6377	3.45
6378	3.71
6379	3.68
6380	3.22
6381	3.35
6382	3.56
6383	3.66
6384	3.44
6385	3.37
6386	3.55
6387	3.42
6388	3.7
6389	3.54
6390	3.43
6391	3.63
6392	3.4
6393	3.53
6394	3.59
6395	3.54
6396	3.72
6397	3.57
6398	3.65
6399	3.48
6400	3.22
6401	3.22
6402	3.31
6403	3.41
6404	3.68
6405	3.34
6406	3.43
6407	3.54
6408	3.49
6409	3.47
6410	3.2
6411	3.82
6412	3.31
6413	3.78
6414	3.62
6415	3.52
6416	3.59
6417	3.28
6418	3.49
6419	3.73
6420	3.58
6421	3.5
6422	3.65
6423	3.6
6424	3.36
6425	3.48
6426	3.65
6427	3.6
6428	3.61
6429	3.35
6430	3.24
6431	3.61
6432	3.56
6433	3.44
6434	3.77
6435	3.54
6436	3.76
6437	3.6
6438	3.54
6439	3.67
6440	3.6
6441	3.68
6442	3.62
6443	3.48
6444	3.45
6445	3.67
6446	3.5
6447	3.74
6448	3.63
6449	3.4
6450	3.43
6451	3.31
6452	3.4
6453	3.62
6454	3.9
6455	3.4
6456	3.72
6457	3.24
6458	3.51
6459	3.85
6460	3.77
6461	3.53
6462	3.23
6463	3.75
6464	3.53
6465	3.55
6466	3.45
6467	3.66
6468	3.34
6469	3.63
6470	3.59
6471	3.34
6472	3.52
6473	3.69
6474	3.63
6475	3.57
6476	3.54
6477	3.5
6478	3.21
6479	3.52
6480	3.4
6481	3.21
6482	3.61
6483	3.97
6484	3.52
6485	3.62
6486	3.36
6487	3.11
6488	3.71
6489	3.31
6490	3.33
6491	3.9
6492	3.23
6493	3.49
6494	3.62
6495	3.57
6496	3.58
6497	3.39
6498	3.48
6499	3.2
6500	3.84
6501	3.76
6502	3.38
6503	3.46
6504	3.9
6505	3.65
6506	3.54
6507	3.23
6508	3.76
6509	3.41
6510	3.51
6511	3.66
6512	3.5
6513	3.42
6514	3.31
6515	3.43
6516	3.26
6517	3.36
6518	3.45
6519	3.42
6520	3.64
6521	3.54
6522	3.31
6523	3.35
6524	3.24
6525	3.4
6526	3.49
6527	3.6
6528	3.74
6529	3.47
6530	3.34
6531	3.21
6532	3.29
6533	3.96
6534	3.22
6535	3.57
6536	3.62
6537	3.54
6538	3.44
6539	3.1
6540	3.54
6541	3.42
6542	3.54
6543	3.48
6544	3.41
6545	3.62
6546	3.42
6547	3.48
6548	3.68
6549	3.32
6550	3.61
6551	3.45
6552	3.33
6553	3.31
6554	3.41
6555	3.52
6556	3.53
6557	3.92
6558	3.23
6559	3.62
6560	3.82
6561	3.66
6562	3.81
6563	3.48
6564	3.56
6565	3.56
6566	3.33
6567	3.38
6568	3.79
6569	3.64
6570	3.45
6571	3.67
6572	3.31
6573	3.39
6574	3.5
6575	3.53
6576	3.38
6577	3.62
6578	3.4
6579	3.72
6580	3.35
6581	3.54
6582	3.6
6583	3.5
6584	3.52
6585	3.26
6586	3.58
6587	3.35
6588	3.64
6589	3.52
6590	3.34
6591	3.31
6592	3.13
6593	3.42
6594	3.45
6595	3.62
6596	3.34
6597	3.58
6598	3.51
6599	3.55
6600	3.43
6601	3.66
6602	3.23
6603	3.25
6604	3.26
6605	3.29
6606	3.56
6607	3.43
6608	3.64
6609	3.6
6610	3.73
6611	3.71
6612	3.59
6613	3.25
6614	3.74
6615	3.56
6616	3.42
6617	3.72
6618	3.45
6619	3.56
6620	3.68
6621	3.39
6622	4
6623	3.37
6624	3.47
6625	3.63
6626	3.5
6627	3.41
6628	3.48
6629	3.65
6630	3.56
6631	3.49
6632	3.68
6633	3.5
6634	3.56
6635	3.81
6636	3.91
6637	3.52
6638	3.86
6639	3.49
6640	3.68
6641	3.51
6642	3.57
6643	3.61
6644	3.41
6645	3.53
6646	3.52
6647	3.76
6648	3.41
6649	3.44
6650	3.68
6651	3.74
6652	3.61
6653	3.49
6654	3.85
6655	3.29
6656	3.34
6657	3.42
6658	3.72
6659	3.38
6660	3.85
6661	3.56
6662	3.74
6663	3.13
6664	3.2
6665	3.55
6666	3.64
6667	3.32
6668	3.37
6669	3.53
6670	3.37
6671	3.35
6672	3.69
6673	3.41
6674	3.44
6675	3.87
6676	3.64
6677	3.85
6678	3.25
6679	3.46
6680	3.41
6681	3.51
6682	3.42
6683	3.53
6684	3.31
6685	3.58
6686	3.37
6687	3.57
6688	3.35
6689	3.52
6690	3.65
6691	3.57
6692	3.66
6693	3.48
6694	3.39
6695	3.36
6696	3.64
6697	3.55
6698	3.65
6699	3.03
6700	3.44
6701	3.31
6702	3.59
6703	3.62
6704	3.38
6705	3.74
6706	3.07
6707	3.42
6708	3.48
6709	3.31
6710	3.76
6711	3.53
6712	3.4
6713	3.34
6714	3.49
6715	3.63
6716	3.13
6717	3.77
6718	3.54
6719	3.31
6720	3.92
6721	3.49
6722	3.36
6723	3.43
6724	3.54
6725	3.67
6726	3.6
6727	3.18
6728	3.32
6729	3.43
6730	3.39
6731	3.55
6732	3.63
6733	3.29
6734	3.57
6735	3.37
6736	3.62
6737	3.63
6738	3.71
6739	3.43
6740	3.49
6741	3.47
6742	3.36
6743	3.54
6744	3.22
6745	3.61
6746	3.4
6747	3.43
6748	3.63
6749	3.81
6750	3.52
6751	3.78
6752	3.73
6753	3.55
6754	3.65
6755	3.43
6756	3.27
6757	3.29
6758	3.85
6759	3.57
6760	3.49
6761	3.53
6762	3.38
6763	3.56
6764	3.64
6765	3.4
6766	3.69
6767	3.25
6768	3.56
6769	3.54
6770	3.38
6771	3.59
6772	3.57
6773	3.22
6774	3.61
6775	3.32
6776	3.31
6777	3.79
6778	3.3
6779	3.5
6780	3.85
6781	3.85
6782	3.34
6783	3.41
6784	3.58
6785	3.5
6786	3.83
6787	3.42
6788	3.51
6789	3.5
6790	3.52
6791	3.14
6792	3.49
6793	3.42
6794	3.78
6795	3.62
6796	3.6
6797	3.43
6798	3.44
6799	3.55
6800	3.45
6801	3.33
6802	3.37
6803	3.47
6804	3.42
6805	3.28
6806	3.3
6807	3.49
6808	3.3
6809	3.55
6810	3.45
6811	3.54
6812	3.34
6813	3.54
6814	3.64
6815	3.7
6816	3.48
6817	3.73
6818	3.61
6819	3.89
6820	3.39
6821	3.44
6822	3.26
6823	3.68
6824	3.57
6825	3.41
6826	3.5
6827	3.4
6828	3.36
6829	3.67
6830	3.8
6831	3.41
6832	3.34
6833	3.46
6834	3.58
6835	3.61
6836	3.54
6837	3.32
6838	3.63
6839	3.41
6840	3.77
6841	3.59
6842	3.32
6843	3.38
6844	3.6
6845	3.65
6846	3.2
6847	3.38
6848	3.44
6849	3.55
6850	3.62
6851	3.47
6852	3.71
6853	3.39
6854	3.59
6855	3.47
6856	3.52
6857	3.63
6858	3.56
6859	3.25
6860	3.37
6861	3.21
6862	3.58
6863	3.56
6864	3.45
6865	3.67
6866	3.73
6867	3.53
6868	3.37
6869	3.77
6870	3.68
6871	3.93
6872	3.31
6873	3.5
6874	3.27
6875	3.47
6876	3.6
6877	3.3
6878	3.85
6879	3.54
6880	3.57
6881	3.56
6882	3.38
6883	3.51
6884	3.38
6885	3.69
6886	3.4
6887	3.52
6888	3.51
6889	3.76
6890	3.21
6891	3.42
6892	3.5
6893	3.74
6894	3.57
6895	3.68
6896	3.36
6897	3.53
6898	3.47
6899	3.42
6900	3.61
6901	3.53
6902	3.62
6903	3.51
6904	3.71
6905	3.72
6906	3.44
6907	3.66
6908	3.56
6909	3.71
6910	3.36
6911	3.52
6912	3.55
6913	3.81
6914	3.44
6915	3.22
6916	3.54
6917	3.06
6918	3.64
6919	3.51
6920	3.79
6921	3.73
6922	3.65
6923	3.54
6924	3.71
6925	3.38
6926	3.3
6927	3.53
6928	3.8
6929	3.78
6930	3.79
6931	3.58
6932	3.33
6933	3.41
6934	3.46
6935	3.61
6936	3.48
6937	3.5
6938	3.54
6939	3.34
6940	3.54
6941	3.66
6942	3.56
6943	3.5
6944	3.67
6945	3.49
6946	3.47
6947	3.79
6948	3.44
6949	3.4
6950	3.58
6951	3.24
6952	3.51
6953	3.47
6954	3.63
6955	3.51
6956	3.55
6957	3.62
6958	3.62
6959	3.42
6960	3.25
6961	3.53
6962	3.66
6963	3.41
6964	3.53
6965	3.2
6966	3.37
6967	3.58
6968	3.63
6969	3.62
6970	3.27
6971	3.44
6972	3.3
6973	3.63
6974	3.79
6975	3.11
6976	3.65
6977	3.49
6978	3.48
6979	3.45
6980	3.16
6981	3.34
6982	3.44
6983	3.57
6984	3.31
6985	3.61
6986	3.41
6987	3.57
6988	3.46
6989	3.65
6990	3.47
6991	3.53
6992	3.51
6993	3.38
6994	3.41
6995	3.57
6996	3.34
6997	3.47
6998	3.77
6999	3.52
7000	3.31
7001	3.61
7002	3.65
7003	3.54
7004	3.45
7005	3.35
7006	3.9
7007	3.54
7008	3.37
7009	3.33
7010	3.6
7011	3.65
7012	3.56
7013	3.77
7014	3.72
7015	3.43
7016	3.69
7017	3.03
7018	3.5
7019	3.38
7020	3.41
7021	3.58
7022	3.32
7023	3.44
7024	3.35
7025	3.57
7026	3.49
7027	3.32
7028	3.47
7029	3.55
7030	3.69
7031	3.53
7032	3.48
7033	3.32
7034	3.84
7035	3.48
7036	3.38
7037	3.58
7038	3.33
7039	3.44
7040	3.99
7041	3.79
7042	3.47
7043	3.46
7044	3.57
7045	3.56
7046	3.67
7047	3.32
7048	3.4
7049	3.4
7050	3.71
7051	3.35
7052	3.37
7053	3.31
7054	3.54
7055	3.67
7056	3.63
7057	3.35
7058	3.47
7059	3.47
7060	3.68
7061	3.71
7062	3.45
7063	3.28
7064	3.49
7065	3.33
7066	3.56
7067	3.57
7068	3.39
7069	3.29
7070	3.72
7071	3.34
7072	3.39
7073	3.61
7074	3.31
7075	3.44
7076	3.44
7077	3.64
7078	3.35
7079	3.38
7080	3.67
7081	3.6
7082	3.42
7083	3.56
7084	3.52
7085	3.39
7086	3.71
7087	3.75
7088	3.75
7089	3.57
7090	3.58
7091	3.41
7092	3.59
7093	3.91
7094	3.32
7095	3.49
7096	3.2
7097	3.69
7098	3.45
7099	3.28
7100	3.98
7101	3.36
7102	3.3
7103	3.6
7104	3.65
7105	3.54
7106	3.5
7107	3.68
7108	3.65
7109	3.53
7110	3.41
7111	3.76
7112	3.21
7113	3.47
7114	3.54
7115	3.27
7116	3.31
7117	3.38
7118	3.39
7119	3.58
7120	3.6
7121	3.32
7122	3.74
7123	3.74
7124	3.83
7125	3.28
7126	3.54
7127	3.55
7128	3.65
7129	3.47
7130	3.41
7131	3.58
7132	3.35
7133	3.2
7134	3.47
7135	3.72
7136	3.62
7137	3.52
7138	3.21
7139	3.42
7140	3.6
7141	3.49
7142	3.32
7143	3.34
7144	3.45
7145	3.73
7146	3.51
7147	3.46
7148	3.5
7149	3.54
7150	3.72
7151	3.31
7152	3.26
7153	3.39
7154	3.3
7155	3.77
7156	3.18
7157	3.61
7158	3.71
7159	3.66
7160	3.3
7161	3.48
7162	3.38
7163	3.46
7164	3.88
7165	3.2
7166	3.61
7167	3.65
7168	3.62
7169	3.46
7170	3.53
7171	3.66
7172	3.42
7173	3.29
7174	3.72
7175	3.51
7176	3.35
7177	3.49
7178	3.62
7179	3.69
7180	3.21
7181	3.5
7182	3.52
7183	3.71
7184	3.35
7185	3.37
7186	3.66
7187	3.46
7188	3.44
7189	3.56
7190	3.28
7191	3.67
7192	3.29
7193	3.46
7194	3.3
7195	3.34
7196	3.54
7197	3.94
7198	3.5
7199	3.66
7200	3.72
7201	3.48
7202	3.3
7203	3.28
7204	3.34
7205	3.21
7206	3.61
7207	3.2
7208	3.9
7209	3.66
7210	3.51
7211	3.43
7212	3.46
7213	3.38
7214	3.6
7215	3.6
7216	3.83
7217	3.73
7218	3.64
7219	3.76
7220	3.47
7221	3.59
7222	3.37
7223	3.61
7224	3.47
7225	3.44
7226	3.46
7227	3.67
7228	3.53
7229	3.53
7230	3.45
7231	3.34
7232	3.39
7233	3.34
7234	3.89
7235	3.34
7236	3.67
7237	3.66
7238	3.66
7239	3.71
7240	3.54
7241	3.45
7242	3.61
7243	3.19
7244	3.63
7245	3.38
7246	3.63
7247	3.43
7248	3.64
7249	3.36
7250	3.55
7251	3.74
7252	3.73
7253	3.57
7254	3.55
7255	3.44
7256	3.34
7257	3.77
7258	3.42
7259	3.39
7260	3.3
7261	3.61
7262	3.5
7263	3.46
7264	3.39
7265	3.5
7266	3.58
7267	3.48
7268	3.61
7269	3.68
7270	3.5
7271	3.56
7272	3.73
7273	3.55
7274	3.34
7275	3.55
7276	3.28
7277	3.61
7278	3.43
7279	3.75
7280	3.04
7281	3.56
7282	3.08
7283	3.35
7284	3.68
7285	3.35
7286	3.34
7287	3.59
7288	3.33
7289	3.68
7290	3.33
7291	3.47
7292	3.21
7293	3.4
7294	3.41
7295	3.43
7296	3.32
7297	3.38
7298	3.64
7299	3.53
7300	3.36
7301	3.28
7302	3.62
7303	3.47
7304	3.39
7305	3.17
7306	3.4
7307	3.49
7308	3.32
7309	3.53
7310	3.63
7311	3.44
7312	3.39
7313	3.66
7314	3.45
7315	3.6
7316	3.55
7317	3.51
7318	3.24
7319	3.46
7320	3.47
7321	3.4
7322	3.64
7323	3.47
7324	3.52
7325	3.47
7326	3.21
7327	3.53
7328	3.57
7329	3.51
7330	3.4
7331	3.48
7332	3.53
7333	3.67
7334	3.72
7335	3.55
7336	3.35
7337	3.26
7338	3.27
7339	3.29
7340	3.3
7341	3.67
7342	3.31
7343	3.45
7344	3.06
7345	3.54
7346	3.83
7347	3.85
7348	3.28
7349	3.53
7350	3.59
7351	3.38
7352	3.71
7353	3.59
7354	3.73
7355	3.46
7356	3.6
7357	3.74
7358	3.51
7359	3.37
7360	3.54
7361	3.38
7362	3.54
7363	3.42
7364	3.61
7365	3.47
7366	3.5
7367	3.73
7368	3.65
7369	3.61
7370	3.29
7371	3.28
7372	3.44
7373	3.44
7374	3.57
7375	3.7
7376	3.75
7377	3.77
7378	3.33
7379	3.59
7380	3.31
7381	3.25
7382	3.57
7383	3.72
7384	3.58
7385	3.36
7386	3.57
7387	3.23
7388	3.81
7389	3.55
7390	3.36
7391	3.73
7392	3.57
7393	3.24
7394	3.44
7395	3.45
7396	3.52
7397	3.63
7398	3.55
7399	3.38
7400	3.29
7401	3.28
7402	3.6
7403	3.28
7404	3.29
7405	3.39
7406	3.65
7407	3.33
7408	3.21
7409	3.64
7410	3.55
7411	3.69
7412	3.66
7413	3.63
7414	3.42
7415	3.38
7416	3.7
7417	3.43
7418	3.77
7419	3.43
7420	3.69
7421	3.43
7422	3.59
7423	3.27
7424	3.77
7425	3.54
7426	3.41
7427	3.41
7428	3.73
7429	3.57
7430	3.4
7431	3.44
7432	3.4
7433	3.53
7434	3.7
7435	3.67
7436	3.52
7437	3.61
7438	3.39
7439	3.43
7440	3.5
7441	3.64
7442	3.43
7443	3.73
7444	3.34
7445	3.42
7446	3.51
7447	3.66
7448	3.51
7449	3.43
7450	3.58
7451	3.57
7452	3.56
7453	3.32
7454	2.99
7455	3.45
7456	3.44
7457	3.63
7458	3.78
7459	3.43
7460	3.57
7461	3.55
7462	3.21
7463	3.52
7464	3.53
7465	3.71
7466	3.35
7467	3.41
7468	3.28
7469	3.44
7470	3.65
7471	3.44
7472	3.35
7473	3.42
7474	3.42
7475	3.35
7476	3.58
7477	3.59
7478	3.54
7479	3.26
7480	3.33
7481	3.43
7482	3.37
7483	3.64
7484	3.73
7485	3.18
7486	3.52
7487	3.63
7488	3.65
7489	3.83
7490	3.59
7491	3.52
7492	3.32
7493	3.53
7494	3.58
7495	3.44
7496	3.4
7497	3.51
7498	3.32
7499	3.49
7500	3.35
7501	3.24
7502	3.6
7503	3.38
7504	3.83
7505	3.74
7506	3.46
7507	3.84
7508	3.58
7509	3.84
7510	3.47
7511	3.54
7512	3.48
7513	3.57
7514	3.63
7515	3.47
7516	3.24
7517	3.34
7518	3.57
7519	3.37
7520	3.31
7521	3.36
7522	3.68
7523	3.5
7524	3.53
7525	3.2
7526	3.69
7527	3.11
7528	3.5
7529	3.48
7530	3.53
7531	3.6
7532	3.82
7533	3.46
7534	3.19
7535	3.92
7536	3.42
7537	3.56
7538	3.72
7539	3.52
7540	3.35
7541	3.39
7542	3.54
7543	3.39
7544	3.85
7545	3.74
7546	3.32
7547	3.59
7548	3.48
7549	3.34
7550	3.62
7551	3.68
7552	3.54
7553	3.52
7554	3.35
7555	3.39
7556	3.42
7557	3.25
7558	3.55
7559	3.25
7560	3.21
7561	3.4
7562	3.51
7563	3.4
7564	3.31
7565	3.39
7566	3.53
7567	3.53
7568	3.06
7569	3.43
7570	3.66
7571	3.27
7572	3.58
7573	3.46
7574	3.44
7575	3.41
7576	3.2
7577	3.65
7578	3.67
7579	3.24
7580	3.28
7581	3.5
7582	3.56
7583	3.46
7584	3.6
7585	3.81
7586	3.41
7587	3.57
7588	3.4
7589	3.78
7590	3.19
7591	3.5
7592	3.65
7593	3.33
7594	3.47
7595	3.79
7596	3.4
7597	3.47
7598	3.39
7599	3.19
7600	3.52
7601	3.54
7602	3.65
7603	3.95
7604	3.18
7605	3.18
7606	3.52
7607	3.44
7608	3.35
7609	3.04
7610	3.32
7611	3.53
7612	3.42
7613	3.46
7614	3.44
7615	3.65
7616	3.59
7617	3.52
7618	3.5
7619	3.45
7620	3.67
7621	3.38
7622	3.35
7623	3.49
7624	3.36
7625	3.57
7626	3.55
7627	3.5
7628	3.41
7629	3.4
7630	3.56
7631	3.44
7632	3.48
7633	3.7
7634	3.73
7635	3.68
7636	3.91
7637	3.53
7638	3.59
7639	3.57
7640	3.47
7641	3.65
7642	3.48
7643	3.63
7644	3.78
7645	3.58
7646	3.85
7647	3.68
7648	3.42
7649	3.4
7650	3.46
7651	3.36
7652	3.69
7653	3.2
7654	3.48
7655	3.54
7656	3.58
7657	3.68
7658	3.48
7659	3.47
7660	3.47
7661	3.4
7662	3.34
7663	3.39
7664	3.32
7665	3.14
7666	3.63
7667	3.59
7668	3.74
7669	3.68
7670	3.65
7671	3.61
7672	3.29
7673	3.23
7674	3.42
7675	3.68
7676	3.34
7677	3.25
7678	3.53
7679	3.55
7680	3.55
7681	3.63
7682	3.38
7683	3.55
7684	3.54
7685	3.36
7686	3.28
7687	3.44
7688	3.68
7689	3.32
7690	3.5
7691	3.71
7692	3.75
7693	3.52
7694	3.46
7695	3.49
7696	3.43
7697	3.76
7698	3.4
7699	3.85
7700	3.19
7701	3.41
7702	3.29
7703	3.69
7704	3.85
7705	3.76
7706	3.74
7707	3.58
7708	3.51
7709	3.68
7710	3.66
7711	3.68
7712	3.47
7713	3.33
7714	3.42
7715	3.61
7716	3.35
7717	3.43
7718	3.66
7719	3.39
7720	3.46
7721	3.36
7722	3.47
7723	3.5
7724	3.45
7725	3.4
7726	3.39
7727	3.49
7728	3.29
7729	3.41
7730	3.38
7731	3.68
7732	3.51
7733	3.35
7734	3.54
7735	3.34
7736	3.25
7737	3.74
7738	3.41
7739	3.36
7740	3.35
7741	3.56
7742	3.63
7743	3.16
7744	3.65
7745	3.11
7746	3.52
7747	3.27
7748	3.58
7749	3.48
7750	3.3
7751	3.43
7752	3.5
7753	3.53
7754	3.32
7755	3.81
7756	3.26
7757	3.55
7758	3.45
7759	3.42
7760	3.72
7761	3.51
7762	3.74
7763	3.73
7764	3.45
7765	3.38
7766	3.27
7767	3.71
7768	3.55
7769	3.55
7770	3.38
7771	3.75
7772	3.52
7773	3.62
7774	3.48
7775	3.29
7776	3.24
7777	3.65
7778	3.78
7779	3.44
7780	3.46
7781	3.53
7782	3.49
7783	3.26
7784	3.75
7785	4.06
7786	3.52
7787	3.34
7788	3.43
7789	3.49
7790	3.79
7791	3.42
7792	3.42
7793	3.8
7794	3.7
7795	3.46
7796	3.43
7797	3.55
7798	3.35
7799	3.8
7800	3.44
7801	3.47
7802	3.59
7803	3.24
7804	3.59
7805	3.18
7806	3.53
7807	3.26
7808	3.81
7809	3.75
7810	3.55
7811	3.3
7812	3.39
7813	3.69
7814	3.71
7815	3.63
7816	3.35
7817	3.42
7818	3.66
7819	3.38
7820	3.49
7821	3.45
7822	3.18
7823	3.38
7824	3.26
7825	3
7826	3.37
7827	3.12
7828	3.06
7829	3.35
7830	3.56
7831	3.4
7832	3.67
7833	3.46
7834	3.37
7835	3.27
7836	3.39
7837	3.45
7838	3.43
7839	3.48
7840	3.54
7841	3.5
7842	3.29
7843	3.76
7844	3.5
7845	3.25
7846	3.53
7847	3.42
7848	3.41
7849	3.53
7850	3.71
7851	3.46
7852	3.21
7853	3.54
7854	3.62
7855	3.53
7856	3.59
7857	3.76
7858	3.46
7859	3.28
7860	3.59
7861	3.41
7862	3.29
7863	3.73
7864	3.33
7865	3.81
7866	3.45
7867	3.74
7868	3.89
7869	3.45
7870	3.46
7871	3.51
7872	3.57
7873	3.55
7874	3.58
7875	3.23
7876	3.5
7877	3.59
7878	3.61
7879	3.65
7880	3.32
7881	3.61
7882	3.33
7883	3.28
7884	3.51
7885	3.51
7886	3.47
7887	3.48
7888	3.79
7889	3.59
7890	3.33
7891	3.5
7892	3.67
7893	3.64
7894	3.54
7895	3.42
7896	3.61
7897	3.47
7898	3.65
7899	3.59
7900	3.51
7901	3.1
7902	3.66
7903	3.48
7904	3.35
7905	3.45
7906	3.5
7907	3.25
7908	3.68
7909	3.62
7910	3.34
7911	3.5
7912	3.27
7913	3.64
7914	3.5
7915	3.75
7916	3.5
7917	3.61
7918	3.44
7919	3.34
7920	3.51
7921	3.15
7922	3.17
7923	3.65
7924	3.57
7925	3.85
7926	3.77
7927	3.62
7928	3.5
7929	3.3
7930	3.55
7931	3.26
7932	3.8
7933	3.53
7934	3.17
7935	3.77
7936	3.33
7937	3.43
7938	3.41
7939	3.64
7940	3.38
7941	3.38
7942	4
7943	3.32
7944	3.25
7945	3.32
7946	3.52
7947	3.48
7948	3.29
7949	3.49
7950	3.57
7951	3.67
7952	3.57
7953	3.74
7954	3.45
7955	3.47
7956	3.23
7957	3.36
7958	3.49
7959	3.39
7960	3.4
7961	3.68
7962	3.6
7963	3.4
7964	3.22
7965	3.2
7966	3.62
7967	3.57
7968	3.72
7969	3.48
7970	3.42
7971	3.51
7972	3.42
7973	3.48
7974	3.37
7975	3.29
7976	3.39
7977	3.3
7978	3.58
7979	3.46
7980	3.65
7981	3.42
7982	3.57
7983	3.71
7984	3.37
7985	3.49
7986	3.56
7987	3.35
7988	3.46
7989	3.55
7990	3.51
7991	3.57
7992	3.61
7993	3.5
7994	3.49
7995	3.73
7996	3.4
7997	3.78
7998	3.4
7999	3.49
8000	3.36
8001	3.53
8002	3.51
8003	3.44
8004	3.77
8005	3.72
8006	3.37
8007	3.69
8008	3.64
8009	3.46
8010	3.3
8011	3.3
8012	3.42
8013	3.61
8014	3.38
8015	3.46
8016	3.45
8017	3.56
8018	3.55
8019	3.67
8020	3.36
8021	3.08
8022	3.59
8023	3.78
8024	3.3
8025	3.24
8026	3.38
8027	3.66
8028	3.51
8029	3.42
8030	3.52
8031	3.45
8032	3.54
8033	3.61
8034	3.46
8035	3.42
8036	3.57
8037	3.35
8038	3.55
8039	3.29
8040	3.58
8041	3.66
8042	3.62
8043	3.32
8044	3.76
8045	3.6
8046	3.3
8047	3.44
8048	3.57
8049	3.46
8050	3.43
8051	3.37
8052	3.15
8053	3.39
8054	3.53
8055	3.67
8056	3.4
8057	3.52
8058	3.16
8059	3.74
8060	3.44
8061	3.62
8062	3.42
8063	3.5
8064	3.41
8065	3.5
8066	3.41
8067	3.89
8068	3.37
8069	3.45
8070	3.66
8071	3.08
8072	3.67
8073	3.73
8074	3.36
8075	3.35
8076	3.33
8077	3.25
8078	3.24
8079	3.51
8080	3.35
8081	3.54
8082	3.52
8083	3.42
8084	3.31
8085	3.56
8086	3.58
8087	3.6
8088	3.32
8089	3.69
8090	3.42
8091	3.35
8092	3.34
8093	3.77
8094	3.53
8095	3.38
8096	3.68
8097	3.33
8098	3.86
8099	3.6
8100	3.43
8101	3.3
8102	3.58
8103	2.96
8104	3.53
8105	3.45
8106	3.45
8107	3.61
8108	3.23
8109	3.68
8110	3.34
8111	3.44
8112	3.22
8113	3.55
8114	3.54
8115	3.56
8116	3.44
8117	3.45
8118	3.75
8119	3.33
8120	3.66
8121	3.64
8122	3.42
8123	3.59
8124	3.8
8125	3.57
8126	3.57
8127	3.45
8128	3.59
8129	3.49
8130	3.39
8131	3.31
8132	3.52
8133	3.72
8134	3.53
8135	3.61
8136	3.64
8137	3.73
8138	3.33
8139	3.76
8140	3.56
8141	3.47
8142	3.27
8143	3.5
8144	3.4
8145	3.22
8146	3.51
8147	3.57
8148	3.58
8149	3.51
8150	3.42
8151	3.57
8152	3.4
8153	3.79
8154	3.81
8155	3.29
8156	3.57
8157	3.37
8158	3.42
8159	3.55
8160	3.76
8161	3.25
8162	3.5
8163	3.58
8164	3.37
8165	3.49
8166	3.6
8167	3.54
8168	3.41
8169	3.6
8170	3.52
8171	3.54
8172	3.56
8173	3.3
8174	3.37
8175	3.17
8176	3.39
8177	3.66
8178	3.21
8179	3.15
8180	3.23
8181	3.36
8182	3.63
8183	3.13
8184	3.57
8185	3.33
8186	3.39
8187	3.78
8188	3.56
8189	3.7
8190	3.54
8191	3.44
8192	3.42
8193	3.37
8194	3.39
8195	3.57
8196	3.22
8197	3.3
8198	3.55
8199	3.25
8200	3.34
8201	3.52
8202	3.3
8203	3.86
8204	3.26
8205	3.48
8206	3.81
8207	3.46
8208	3.33
8209	3.49
8210	3.32
8211	3.54
8212	3.26
8213	3.65
8214	3.55
8215	3.7
8216	3.56
8217	3.57
8218	3.68
8219	3.53
8220	3.44
8221	3.56
8222	3.82
8223	3.58
8224	3.57
8225	3.76
8226	3.29
8227	3.51
8228	3.43
8229	3.39
8230	3.47
8231	3.27
8232	3.5
8233	3.48
8234	3.34
8235	3.54
8236	3.36
8237	3.59
8238	3.51
8239	3.56
8240	3.16
8241	3.27
8242	3.71
8243	3.33
8244	3.34
8245	3.3
8246	3.44
8247	3.53
8248	3.22
8249	3.66
8250	3.68
8251	3.23
8252	3.21
8253	3.64
8254	3.44
8255	3.44
8256	3.37
8257	3.29
8258	3.55
8259	3.41
8260	3.55
8261	3.5
8262	3.49
8263	3.68
8264	3.49
8265	3.05
8266	3.46
8267	3.55
8268	3.46
8269	3.52
8270	3.4
8271	3.48
8272	3.38
8273	3.53
8274	3.83
8275	3.52
8276	3.43
8277	3.51
8278	3.7
8279	3.6
8280	3.3
8281	3.78
8282	3.27
8283	3.29
8284	3.2
8285	3.71
8286	3.46
8287	3.56
8288	3.55
8289	3.33
8290	3.58
8291	3.54
8292	3.32
8293	3.42
8294	3.61
8295	3.4
8296	3.51
8297	3.44
8298	3.52
8299	3.79
8300	3.65
8301	3.22
8302	3.55
8303	3.66
8304	3.49
8305	3.57
8306	3.64
8307	3.45
8308	3.62
8309	3.24
8310	3.33
8311	3.6
8312	3.54
8313	3.53
8314	3.47
8315	3.33
8316	3.35
8317	3.43
8318	3.18
8319	3.41
8320	3.4
8321	3.15
8322	3.57
8323	3.38
8324	3.67
8325	3.22
8326	3.37
8327	3.65
8328	3.74
8329	3.63
8330	3.74
8331	3.62
8332	3.67
8333	3.78
8334	3.46
8335	3.44
8336	3.45
8337	3.32
8338	3.73
8339	3.74
8340	3.59
8341	3.6
8342	3.48
8343	3.42
8344	3.57
8345	3.7
8346	3.57
8347	3.35
8348	3.53
8349	3.33
8350	3.51
8351	3.52
8352	3.48
8353	3.86
8354	3.36
8355	3.84
8356	3.36
8357	3.62
8358	3.68
8359	3.33
8360	3.62
8361	3.48
8362	3.6
8363	3.31
8364	3.72
8365	3.68
8366	3.5
8367	3.53
8368	3.48
8369	3.61
8370	3.79
8371	3.6
8372	3.75
8373	3.52
8374	3.56
8375	3.51
8376	3.1
8377	3.72
8378	3.38
8379	3.55
8380	3.29
8381	3.54
8382	3.61
8383	3.62
8384	3.44
8385	3.69
8386	3.53
8387	3.58
8388	3.22
8389	3.46
8390	3.52
8391	3.65
8392	3.52
8393	3.6
8394	3.26
8395	3.41
8396	3.53
8397	3.51
8398	3.59
8399	3.55
8400	3.58
8401	3.62
8402	3.37
8403	3.38
8404	3.43
8405	3.46
8406	3.55
8407	3.34
8408	3.5
8409	3.52
8410	3.4
8411	3.71
8412	3.24
8413	3.44
8414	3.57
8415	3.51
8416	3.62
8417	3.64
8418	3.31
8419	3.39
8420	3.54
8421	3.31
8422	3.75
8423	3.3
8424	3.47
8425	3.42
8426	3.65
8427	3.49
8428	3.58
8429	3.46
8430	3.63
8431	3.23
8432	3.53
8433	3.53
8434	3.63
8435	3.63
8436	3.74
8437	3.61
8438	3.62
8439	3.15
8440	3.78
8441	3.17
8442	3.33
8443	3.41
8444	3.66
8445	3.34
8446	3.72
8447	3.38
8448	3.5
8449	3.76
8450	3.44
8451	3.56
8452	3.68
8453	3.58
8454	3.56
8455	3.43
8456	3.45
8457	3.56
8458	3.68
8459	3.56
8460	3.63
8461	3.14
8462	3.35
8463	3.36
8464	3.44
8465	3.54
8466	3.21
8467	3.46
8468	3.38
8469	3.55
8470	3.84
8471	3.77
8472	3.31
8473	3.42
8474	3.58
8475	3.51
8476	3.43
8477	3.57
8478	3.37
8479	3.51
8480	3.6
8481	3.51
8482	3.64
8483	3.36
8484	3.81
8485	3.66
8486	3.54
8487	3.39
8488	3.53
8489	3.18
8490	3.5
8491	3.41
8492	3.48
8493	3.57
8494	3.42
8495	3.43
8496	3.43
8497	3.55
8498	3.74
8499	3.6
8500	3.71
8501	3.37
8502	3.24
8503	3.43
8504	3.63
8505	3.6
8506	3.36
8507	3.2
8508	3.56
8509	3.72
8510	3.59
8511	3.2
8512	3.41
8513	3.49
8514	3.47
8515	3.69
8516	3.45
8517	3.54
8518	3.4
8519	3.53
8520	3.6
8521	3.18
8522	3.58
8523	3.78
8524	3.56
8525	3.72
8526	3.55
8527	3.47
8528	3.7
8529	3.28
8530	3.46
8531	3.66
8532	3.73
8533	3.36
8534	3.56
8535	3.63
8536	3.42
8537	3.57
8538	3.42
8539	3.33
8540	3.62
8541	3.52
8542	3.86
8543	3.44
8544	3.38
8545	3.89
8546	3.44
8547	3.11
8548	3.41
8549	3.62
8550	3.45
8551	3.41
8552	3.56
8553	3.47
8554	3.54
8555	3.72
8556	3.48
8557	3.52
8558	3.43
8559	3.72
8560	3.39
8561	3.16
8562	3.45
8563	3.35
8564	3.66
8565	3.63
8566	3.76
8567	3.52
8568	3.36
8569	3.49
8570	3.44
8571	3.5
8572	3.51
8573	3.53
8574	3.4
8575	3.74
8576	3.36
8577	3.6
8578	3.44
8579	3.63
8580	3.73
8581	3.38
8582	3.71
8583	3.27
8584	3.6
8585	3.6
8586	3.67
8587	3.63
8588	3.4
8589	3.33
8590	3.16
8591	3.51
8592	3.46
8593	3.63
8594	3.22
8595	3.51
8596	3.64
8597	3.43
8598	3.48
8599	3.41
8600	3.36
8601	3.62
8602	3.54
8603	3.56
8604	3.56
8605	3.5
8606	3.62
8607	3.46
8608	3.33
8609	3.6
8610	3.68
8611	3.18
8612	3.39
8613	3.36
8614	3.68
8615	3.26
8616	3.53
8617	3.82
8618	3.45
8619	3.39
8620	3.61
8621	3.28
8622	3.53
8623	3.54
8624	3.64
8625	3.56
8626	3.08
8627	3.59
8628	3.45
8629	3.47
8630	3.54
8631	3.49
8632	3.59
8633	3.62
8634	3.42
8635	3.54
8636	3.17
8637	3.31
8638	3.33
8639	3.41
8640	3.29
8641	3.72
8642	3.5
8643	3.16
8644	3.54
8645	3.72
8646	3.56
8647	3.57
8648	3.6
8649	3.57
8650	3.29
8651	3.71
8652	3.49
8653	3.43
8654	3.27
8655	3.35
8656	3.54
8657	3.3
8658	3.53
8659	3.93
8660	3.45
8661	3.52
8662	3.44
8663	3.48
8664	3.44
8665	3.31
8666	3.38
8667	3.66
8668	3.38
8669	3.25
8670	3.45
8671	3.52
8672	3.46
8673	3.38
8674	3.55
8675	3.61
8676	3.76
8677	3.59
8678	3.39
8679	3.58
8680	3.37
8681	3.24
8682	3.42
8683	3.39
8684	3.7
8685	3.76
8686	3.52
8687	3.43
8688	3.61
8689	3.07
8690	3.62
8691	3.62
8692	3.26
8693	3.59
8694	3.28
8695	3.54
8696	3.57
8697	3.41
8698	3.74
8699	3.34
8700	3.43
8701	3.63
8702	3.42
8703	3.51
8704	3.33
8705	3.62
8706	3.15
8707	3.27
8708	3.8
8709	3.32
8710	3.46
8711	3.62
8712	3.59
8713	3.28
8714	3.36
8715	3.39
8716	3.45
8717	3.41
8718	3.51
8719	3.65
8720	3.45
8721	3.56
8722	3.71
8723	3.61
8724	3.52
8725	3.48
8726	3.53
8727	3.43
8728	3.56
8729	3.52
8730	3.56
8731	3.76
8732	3.51
8733	3.68
8734	3.22
8735	3.25
8736	3.58
8737	3.4
8738	3.6
8739	3.96
8740	3.55
8741	3.54
8742	3.57
8743	3.66
8744	3.65
8745	3.62
8746	3.24
8747	3.74
8748	3.53
8749	3.54
8750	3.65
8751	3.59
8752	3.85
8753	3.56
8754	3.54
8755	3.5
8756	3.44
8757	3.7
8758	3.58
8759	3.39
8760	3.73
8761	3.51
8762	3.58
8763	3.42
8764	3.74
8765	3.41
8766	3.58
8767	3.62
8768	3.67
8769	3.5
8770	3.19
8771	3.72
8772	3.71
8773	3.37
8774	3.68
8775	3.41
8776	3.31
8777	3.65
8778	3.51
8779	3.48
8780	3.49
8781	3.11
8782	3.6
8783	3.78
8784	3.55
8785	3.82
8786	3.74
8787	3.62
8788	3.87
8789	3.69
8790	3.48
8791	3.49
8792	3.44
8793	3.63
8794	3.68
8795	3.42
8796	3.66
8797	3.36
8798	3.49
8799	3.39
8800	3.5
8801	3.39
8802	3.56
8803	3.21
8804	3.47
8805	3.17
8806	3.81
8807	3.56
8808	3.21
8809	3.53
8810	3.15
8811	3.53
8812	3.65
8813	3.6
8814	3.66
8815	3.45
8816	3.4
8817	3.28
8818	3.35
8819	3.59
8820	3.79
8821	3.46
8822	3.69
8823	3.38
8824	3.45
8825	3.49
8826	3.63
8827	3.41
8828	3.39
8829	3.4
8830	3.61
8831	3.85
8832	3.51
8833	3.46
8834	3.77
8835	3.53
8836	3.13
8837	3.62
8838	3.55
8839	3.37
8840	3.57
8841	3.5
8842	3.64
8843	3.68
8844	3.93
8845	3.37
8846	3.67
8847	3.04
8848	3.4
8849	3.39
8850	3.67
8851	3.78
8852	3.27
8853	3.73
8854	3.61
8855	3.54
8856	3.31
8857	3.47
8858	3.3
8859	3.42
8860	3.29
8861	3.48
8862	3.6
8863	3.55
8864	3.56
8865	3.52
8866	3.26
8867	3.85
8868	3.53
8869	3.52
8870	3.23
8871	3.77
8872	3.55
8873	3.41
8874	3.3
8875	3.43
8876	3.54
8877	3.47
8878	3.31
8879	3.27
8880	3.65
8881	3.5
8882	3.32
8883	3.59
8884	3.54
8885	3.57
8886	3.25
8887	3.86
8888	3.62
8889	3.63
8890	3.27
8891	3.3
8892	3.57
8893	3.64
8894	3.62
8895	3.61
8896	3.6
8897	3.34
8898	3.75
8899	3.49
8900	3.49
8901	3.71
8902	3.54
8903	3.72
8904	3.46
8905	3.68
8906	3.37
8907	3.33
8908	3.42
8909	3.4
8910	3.66
8911	3.71
8912	3.2
8913	3.34
8914	3.74
8915	3.55
8916	3.32
8917	3.72
8918	3.19
8919	3.63
8920	3.41
8921	3.7
8922	3.16
8923	3.36
8924	3.46
8925	3.33
8926	3.6
8927	3.5
8928	3.59
8929	3.2
8930	3.38
8931	3.77
8932	3.56
8933	3.97
8934	3.5
8935	3.37
8936	3.27
8937	3.41
8938	3.46
8939	3.52
8940	3.46
8941	3.25
8942	3.7
8943	3.57
8944	3.64
8945	3.3
8946	3.29
8947	3.71
8948	3.43
8949	3.39
8950	3.42
8951	3.25
8952	3.24
8953	3.24
8954	3.38
8955	3.32
8956	3.39
8957	3.52
8958	3.36
8959	3.67
8960	3.7
8961	3.45
8962	3.3
8963	3.41
8964	3.34
8965	3.71
8966	3.48
8967	3.69
8968	3.42
8969	3.57
8970	3.61
8971	3.38
8972	3.33
8973	3.6
8974	3.43
8975	3.41
8976	3.24
8977	3.24
8978	3.42
8979	3.41
8980	3.48
8981	3.46
8982	3.63
8983	3.66
8984	3.45
8985	3.64
8986	3.58
8987	3.58
8988	3.58
8989	3.48
8990	3.57
8991	3.16
8992	3.5
8993	3.59
8994	3.54
8995	3.86
8996	3.5
8997	3.55
8998	3.44
8999	3.43
9000	3.74
9001	3.72
9002	3.7
9003	3.08
9004	3.52
9005	3.4
9006	3.48
9007	3.37
9008	3.93
9009	3.48
9010	3.52
9011	3.51
9012	3.43
9013	3.73
9014	3.7
9015	3.39
9016	3.08
9017	3.44
9018	3.27
9019	3.46
9020	3.63
9021	3.4
9022	3.78
9023	3.41
9024	3.74
9025	3.46
9026	3.89
9027	3.34
9028	3.63
9029	3.39
9030	3.27
9031	3.22
9032	3.78
9033	3.41
9034	3.86
9035	3.55
9036	3.51
9037	3.6
9038	3.4
9039	3.51
9040	3.3
9041	3.43
9042	3.28
9043	3.64
9044	3.48
9045	3.51
9046	3.61
9047	3.66
9048	3.67
9049	3.28
9050	3.49
9051	3.42
9052	3.57
9053	3.66
9054	3.4
9055	3.73
9056	3.63
9057	3.65
9058	3.15
9059	3.71
9060	3.18
9061	3.24
9062	3.39
9063	3.68
9064	3.21
9065	3.39
9066	3.55
9067	3.42
9068	3.19
9069	3.41
9070	3.67
9071	3.55
9072	3.68
9073	3.56
9074	3.64
9075	3.71
9076	3.23
9077	3.4
9078	3.26
9079	3.58
9080	3.52
9081	3.43
9082	3.66
9083	3.67
9084	3.43
9085	3.79
9086	3.54
9087	3.58
9088	3.54
9089	3.69
9090	3.45
9091	3.28
9092	3.32
9093	3.36
9094	3.81
9095	3.54
9096	3.42
9097	3.41
9098	3.64
9099	3.26
9100	3.78
9101	3.56
9102	3.66
9103	3.29
9104	3.6
9105	3.41
9106	3.76
9107	3.36
9108	3.63
9109	3.29
9110	3.56
9111	3.72
9112	3.41
9113	3.87
9114	3.42
9115	3.84
9116	3.64
9117	3.38
9118	3.3
9119	3.74
9120	3.39
9121	3.87
9122	3.46
9123	3.58
9124	3.53
9125	3.68
9126	3.42
9127	3.36
9128	3.58
9129	3.72
9130	3.26
9131	3.57
9132	3.64
9133	3.44
9134	3.6
9135	3.59
9136	3.54
9137	3.3
9138	3.47
9139	3.28
9140	3.76
9141	3.55
9142	3.6
9143	3.49
9144	3.77
9145	3.7
9146	3.47
9147	3.43
9148	3.21
9149	3.62
9150	3.3
9151	3.64
9152	3.24
9153	3.57
9154	3.42
9155	3.62
9156	3.63
9157	3.65
9158	3.48
9159	3.46
9160	3.45
9161	3.3
9162	3.41
9163	3.54
9164	3.53
9165	3.47
9166	3.42
9167	3.25
9168	3.51
9169	3.66
9170	3.6
9171	3.69
9172	3.23
9173	3.66
9174	3.49
9175	3.73
9176	3.42
9177	3.62
9178	3.4
9179	3.64
9180	3.73
9181	3.37
9182	3.62
9183	3.59
9184	3.52
9185	3.38
9186	3.41
9187	3.44
9188	3.62
9189	3.77
9190	3
9191	3.47
9192	3.39
9193	3.36
9194	3.58
9195	3.2
9196	3.67
9197	3.53
9198	3.52
9199	3.47
9200	3.31
9201	3.58
9202	3.66
9203	3.35
9204	3.65
9205	3.53
9206	3.56
9207	3.82
9208	3.43
9209	3.74
9210	3.47
9211	3.18
9212	3.8
9213	3.55
9214	3.34
9215	3.48
9216	3.64
9217	3.68
9218	3.14
9219	3.52
9220	3.28
9221	3.58
9222	3.48
9223	3.52
9224	3.5
9225	3.43
9226	3.51
9227	3.43
9228	3.4
9229	3.45
9230	3.57
9231	3.45
9232	3.55
9233	3.79
9234	3.63
9235	3.65
9236	3.8
9237	3.53
9238	3.56
9239	3.63
9240	3.45
9241	3.57
9242	3.58
9243	3.55
9244	3.57
9245	3.91
9246	3.48
9247	3.67
9248	3.64
9249	3.7
9250	3.96
9251	3.55
9252	3.08
9253	3.44
9254	3.7
9255	3.53
9256	3.85
9257	3.41
9258	3.58
9259	3.33
9260	3.76
9261	3.38
9262	3.73
9263	3.65
9264	3.54
9265	3.52
9266	3.58
9267	3.64
9268	3.4
9269	3.34
9270	3.5
9271	3.57
9272	3.53
9273	3.44
9274	3.58
9275	3.77
9276	3.65
9277	3.44
9278	3.26
9279	3.42
9280	3.6
9281	3.5
9282	3.58
9283	3.48
9284	3.68
9285	3.42
9286	3.59
9287	3.55
9288	3.44
9289	3.61
9290	3.39
9291	3.18
9292	3.47
9293	3.36
9294	3.47
9295	3.07
9296	3.74
9297	3.83
9298	3.44
9299	3.73
9300	3.7
9301	3.54
9302	3.73
9303	3.38
9304	3.49
9305	3.57
9306	3.27
9307	3.25
9308	3.37
9309	3.2
9310	3.67
9311	3.61
9312	3.3
9313	3.46
9314	3.67
9315	3.49
9316	3.73
9317	3.46
9318	3.78
9319	3.63
9320	3.46
9321	3.74
9322	3.63
9323	3.2
9324	3.36
9325	3.74
9326	3.42
9327	3.54
9328	3.45
9329	3.47
9330	3.54
9331	3.49
9332	3.58
9333	3.39
9334	3.59
9335	3.51
9336	3.39
9337	3.69
9338	3.5
9339	2.95
9340	3.51
9341	3.48
9342	3.49
9343	3.5
9344	3.4
9345	3.41
9346	3.4
9347	3.55
9348	3.65
9349	3.57
9350	3.53
9351	3.39
9352	3.57
9353	3.52
9354	3.59
9355	3.5
9356	3.4
9357	3.59
9358	3.47
9359	3.59
9360	3.44
9361	3.46
9362	3.42
9363	3.74
9364	3.44
9365	3.17
9366	3.29
9367	3.5
9368	3.22
9369	3.31
9370	3.53
9371	3.14
9372	3.46
9373	3.53
9374	3.39
9375	3.64
9376	3.36
9377	3.68
9378	3.26
9379	3.61
9380	3.53
9381	3.48
9382	3.67
9383	3.04
9384	3.25
9385	3.49
9386	3.3
9387	3.51
9388	3.36
9389	3.38
9390	3.9
9391	3.48
9392	3.42
9393	3.62
9394	3.42
9395	3.77
9396	3.48
9397	3.55
9398	3.36
9399	3.29
9400	3.47
9401	3.83
9402	3.58
9403	3.7
9404	3.9
9405	3.38
9406	3.67
9407	3.17
9408	3.41
9409	3.46
9410	3.46
9411	3.49
9412	3.52
9413	3.25
9414	3.74
9415	3.31
9416	3.85
9417	3.79
9418	3.61
9419	3.38
9420	3.7
9421	3.58
9422	3.55
9423	3.79
9424	3.56
9425	3.46
9426	3.53
9427	3.64
9428	3.54
9429	3.44
9430	3.62
9431	3.6
9432	3.24
9433	3.3
9434	3.38
9435	3.33
9436	3.58
9437	3.32
9438	3.42
9439	3.66
9440	3.39
9441	3.59
9442	3.21
9443	3.25
9444	3.34
9445	3.38
9446	3.27
9447	3.23
9448	3.72
9449	3.35
9450	3.09
9451	3.55
9452	3.42
9453	3.87
9454	3.48
9455	3.54
9456	3.59
9457	3.69
9458	3.29
9459	3.65
9460	3.38
9461	3.59
9462	3.65
9463	3.34
9464	3.73
9465	3.61
9466	3.17
9467	3.45
9468	3.77
9469	3.49
9470	3.42
9471	3.56
9472	3.56
9473	3.56
9474	3.41
9475	3.31
9476	3.57
9477	3.34
9478	3.42
9479	3.6
9480	3.41
9481	3.48
9482	3.5
9483	3.55
9484	3.15
9485	3.09
9486	3.5
9487	3.14
9488	3.53
9489	3.42
9490	3.56
9491	3.53
9492	3.69
9493	3.88
9494	3.78
9495	3.36
9496	3.83
9497	3.38
9498	3.45
9499	3.55
9500	3.68
9501	2.98
9502	3.78
9503	3.73
9504	3.33
9505	3.34
9506	3.72
9507	3.35
9508	3.69
9509	3.63
9510	3.38
9511	3.88
9512	3.4
9513	3.63
9514	3.26
9515	3.62
9516	3.34
9517	3.53
9518	3.49
9519	3.47
9520	3.64
9521	3.61
9522	3.5
9523	3.74
9524	3.28
9525	3.45
9526	3.5
9527	3.37
9528	3.36
9529	3.55
9530	3.22
9531	3.68
9532	3.36
9533	3.79
9534	3.16
9535	3.32
9536	3.75
9537	3.52
9538	3.38
9539	3.47
9540	3.27
9541	3.7
9542	3.48
9543	3.46
9544	3.78
9545	3.34
9546	3.44
9547	3.45
9548	3.52
9549	3.45
9550	3.41
9551	3.33
9552	3.55
9553	3.77
9554	3.39
9555	3.62
9556	3.5
9557	3.79
9558	3.6
9559	3.57
9560	3.46
9561	3.82
9562	3.62
9563	3.41
9564	3.33
9565	3.39
9566	3.48
9567	3.68
9568	3.6
9569	3.56
9570	3.65
9571	3.64
9572	3.68
9573	3.3
9574	3.65
9575	3.29
9576	3.33
9577	3.55
9578	3.23
9579	3.57
9580	3.23
9581	3.24
9582	3.31
9583	3.54
9584	3.28
9585	3.39
9586	3.37
9587	3.88
9588	3.54
9589	3.03
9590	3.75
9591	3.07
9592	3.38
9593	3.61
9594	3.47
9595	3.67
9596	3.33
9597	3.42
9598	3.47
9599	3.54
9600	3.57
9601	3.51
9602	3.31
9603	3.48
9604	3.41
9605	3.49
9606	3.7
9607	3.5
9608	3.62
9609	3.28
9610	3.59
9611	3.47
9612	3.5
9613	3.57
9614	3.47
9615	3.23
9616	3.54
9617	3.71
9618	3.39
9619	3.35
9620	3.69
9621	3.44
9622	3.19
9623	3.43
9624	3.66
9625	3.78
9626	3.41
9627	3.6
9628	3.37
9629	3.59
9630	3.52
9631	3.56
9632	3.32
9633	3.37
9634	3.9
9635	3.58
9636	3.53
9637	3.56
9638	3.4
9639	3.68
9640	3.35
9641	3.22
9642	3.56
9643	3.34
9644	3.5
9645	3.45
9646	3.27
9647	3.65
9648	3.76
9649	3.22
9650	3.64
9651	3.64
9652	3.51
9653	3.45
9654	3.46
9655	3.51
9656	3.49
9657	3.56
9658	3.08
9659	3.55
9660	3.22
9661	3.68
9662	3.49
9663	3.48
9664	3.52
9665	3.34
9666	3.54
9667	3.73
9668	3.26
9669	3.42
9670	3.82
9671	3.52
9672	3.41
9673	3.34
9674	3.54
9675	3.49
9676	3.66
9677	3.55
9678	3.74
9679	3.58
9680	3.59
9681	3.46
9682	3.57
9683	3.38
9684	3.15
9685	3.39
9686	3.1
9687	3.7
9688	3.54
9689	3.73
9690	3.3
9691	3.59
9692	3.71
9693	3.58
9694	3.6
9695	3.55
9696	3.6
9697	3.43
9698	3.43
9699	3.61
9700	3.58
9701	3.49
9702	3.44
9703	3.64
9704	3.51
9705	3.12
9706	3.28
9707	3.8
9708	3.57
9709	3.5
9710	3.34
9711	3.21
9712	3.39
9713	3.34
9714	3.61
9715	3.86
9716	3.77
9717	3.52
9718	3.5
9719	3.56
9720	3.63
9721	3.62
9722	3.57
9723	3.24
9724	3.53
9725	3.59
9726	3.58
9727	3.47
9728	3.55
9729	3.28
9730	3.49
9731	3.62
9732	3.46
9733	3.56
9734	3.46
9735	3.22
9736	3.51
9737	3.55
9738	3.6
9739	3.24
9740	3.26
9741	3.35
9742	3.68
9743	3.45
9744	3.6
9745	3.32
9746	3.48
9747	3.43
9748	3.37
9749	3.6
9750	3.61
9751	3.61
9752	3.31
9753	3.5
9754	3.53
9755	3.31
9756	3.23
9757	3.51
9758	3.62
9759	3.74
9760	3.53
9761	3.42
9762	3.39
9763	3.42
9764	3.79
9765	3.6
9766	3.61
9767	3.36
9768	3.47
9769	3.47
9770	3.7
9771	3.68
9772	3.78
9773	3.6
9774	3.61
9775	3.3
9776	3.59
9777	3.39
9778	3.21
9779	3.27
9780	3.36
9781	3.46
9782	3.35
9783	3.39
9784	3.57
9785	3.52
9786	3.45
9787	3.39
9788	3.42
9789	3.36
9790	3.58
9791	3.7
9792	3.58
9793	3.36
9794	3.28
9795	3.55
9796	3.39
9797	3.83
9798	3.27
9799	3.44
9800	3.42
9801	3.19
9802	3.63
9803	3.76
9804	3.63
9805	3.87
9806	3.51
9807	3.38
9808	3.45
9809	3.56
9810	3.41
9811	3.41
9812	3.42
9813	3.51
9814	3.29
9815	3.67
9816	3.57
9817	3.62
9818	3.15
9819	3.28
9820	3.64
9821	3.49
9822	3.42
9823	3.17
9824	3.43
9825	3.69
9826	3.6
9827	3.75
9828	3.56
9829	3.31
9830	3.74
9831	3.76
9832	3.5
9833	3.18
9834	3.33
9835	3.82
9836	3.36
9837	3.26
9838	3.51
9839	3.4
9840	3.56
9841	3.25
9842	3.67
9843	3.75
9844	3.54
9845	3.41
9846	3.29
9847	3.34
9848	3.43
9849	3.64
9850	3.36
9851	3.18
9852	3.87
9853	3.53
9854	3.37
9855	3.55
9856	3.37
9857	3.54
9858	3.71
9859	3.16
9860	3.37
9861	3.45
9862	3.57
9863	3.44
9864	3.47
9865	3.89
9866	3.53
9867	3.37
9868	3.62
9869	3.56
9870	3.46
9871	3.25
9872	3.62
9873	3.54
9874	3.37
9875	3.27
9876	3.29
9877	3.51
9878	3.38
9879	3.35
9880	3.48
9881	3.36
9882	3.41
9883	3.51
9884	3.4
9885	3.91
9886	3.46
9887	3.9
9888	3.5
9889	3.55
9890	3.27
9891	3.86
9892	3.52
9893	3.21
9894	3.58
9895	3.52
9896	3.72
9897	3.32
9898	3.24
9899	3.48
9900	3.6
9901	3.59
9902	3.71
9903	3.59
9904	3.29
9905	3.73
9906	3.56
9907	3.62
9908	3.43
9909	3.47
9910	3.34
9911	3.78
9912	3.37
9913	3.45
9914	3.56
9915	3.43
9916	3.78
9917	3.76
9918	3.72
9919	3.54
9920	3.39
9921	3.7
9922	3.84
9923	3.81
9924	3.34
9925	3.73
9926	3.48
9927	3.82
9928	3.68
9929	3.5
9930	3.35
9931	3.43
9932	3.88
9933	3.6
9934	3.57
9935	3.36
9936	3.71
9937	3.67
9938	3.35
9939	3.38
9940	3.65
9941	3.23
9942	3.27
9943	3.63
9944	3.39
9945	3.42
9946	3.45
9947	3.42
9948	3.74
9949	3.54
9950	3.63
9951	3.5
9952	3.29
9953	3.38
9954	3.51
9955	3.33
9956	3.04
9957	3.64
9958	3.52
9959	3.57
9960	3.67
9961	3.38
9962	3.46
9963	3.38
9964	3.33
9965	3.66
9966	3.51
9967	3.46
9968	3.44
9969	3.8
9970	3.73
9971	3.58
9972	3.2
9973	3.17
9974	3.44
9975	3.53
9976	3.34
9977	3.52
9978	3.46
9979	3.5
9980	3.32
9981	3.53
9982	3.81
9983	3.83
9984	3.51
9985	3.56
9986	3.25
9987	3.18
9988	3.35
9989	3.66
9990	3.17
9991	3.49
9992	3.41
9993	3.39
9994	3.49
9995	3.45
9996	3.51
9997	3.75
9998	3.74
9999	3.37
10000	3.44
