1	4
2	4
3	5
4	1
5	4
6	2.5
7	5
8	4.5
9	3
10	5
11	4.5
12	4
13	2.5
14	1
15	5
16	5.5
17	3.5
18	3.5
19	4.5
20	3
21	4.5
22	2
23	3.5
24	1.5
25	4.5
26	3.5
27	3.5
28	3.5
29	4
30	5.5
31	3
32	3
33	4
34	3.5
35	6
36	1.5
37	4
38	3.5
39	2.5
40	4
41	2.5
42	3.5
43	4
44	2.5
45	4
46	5.5
47	3
48	2
49	1.5
50	1.5
51	2
52	2.5
53	3
54	5
55	4.5
56	2
57	6
58	2
59	4
60	1
61	3.5
62	3.5
63	5.5
64	3
65	3.5
66	3.5
67	4
68	1.5
69	4.5
70	2
71	4.5
72	3
73	3.5
74	5
75	5
76	1.5
77	4.5
78	2.5
79	3
80	5
81	5.5
82	5
83	4.5
84	4
85	4
86	2
87	4.5
88	4
89	4.5
90	4.5
91	4.5
92	1
93	2.5
94	1.5
95	5.5
96	1.5
97	1.5
98	3.5
99	3.5
100	2
101	3
102	3
103	3
104	2.5
105	3.5
106	3
107	5.5
108	2.5
109	3.5
110	5.5
111	6
112	4
113	5.5
114	5
115	5.5
116	3
117	1
118	3
119	4
120	2.5
121	1.5
122	4.5
123	4.5
124	1
125	2.5
126	1.5
127	3.5
128	2.5
129	3
130	4
131	6
132	1
133	3.5
134	4.5
135	3.5
136	2
137	3.5
138	2
139	2.5
140	3.5
141	5
142	4.5
143	4
144	3
145	4.5
146	3.5
147	3.5
148	4
149	1
150	2
151	5.5
152	3.5
153	4.5
154	3.5
155	2.5
156	3.5
157	3
158	3.5
159	3.5
160	3.5
161	1.5
162	3.5
163	6
164	2.5
165	4.5
166	3.5
167	4.5
168	5
169	3.5
170	3.5
171	5.5
172	4
173	3.5
174	3
175	1
176	3.5
177	2
178	5
179	4
180	2
181	3.5
182	5
183	4.5
184	3
185	3.5
186	5
187	3
188	2
189	1
190	1
191	3.5
192	1
193	4
194	3
195	4
196	3.5
197	3.5
198	3.5
199	2
200	3
201	3.5
202	4
203	3
204	3
205	3.5
206	5.5
207	2.5
208	4
209	2
210	3
211	4
212	3.5
213	3
214	1.5
215	4.5
216	2
217	3.5
218	3.5
219	4.5
220	4.5
221	2
222	2
223	4
224	5
225	4
226	4.5
227	2.5
228	3
229	2.5
230	2
231	4.5
232	3
233	2.5
234	3
235	2.5
236	2.5
237	5.5
238	4
239	3.5
240	5
241	3
242	2.5
243	5
244	3
245	2.5
246	2.5
247	2.5
248	2.5
249	2
250	1.5
251	2.5
252	4
253	5
254	1.5
255	2.5
256	3.5
257	4
258	3.5
259	4.5
260	3
261	4.5
262	1.5
263	4
264	5
265	2
266	2.5
267	4.5
268	3
269	3.5
270	4.5
271	5
272	3
273	3
274	2
275	4.5
276	3
277	4
278	3
279	6
280	5.5
281	3.5
282	5.5
283	4.5
284	3.5
285	1.5
286	4.5
287	2.5
288	5
289	3
290	5.5
291	2.5
292	2.5
293	4.5
294	1
295	2.5
296	3
297	5.5
298	1.5
299	2.5
300	3
301	1
302	3
303	4
304	4.5
305	3
306	3.5
307	4.5
308	3
309	4
310	3
311	6
312	2.5
313	3.5
314	5
315	3
316	5
317	3.5
318	1.5
319	5.5
320	4
321	3.5
322	3
323	3.5
324	3.5
325	3
326	4.5
327	2.5
328	1
329	3.5
330	4
331	2
332	2
333	5.5
334	6
335	3.5
336	4.5
337	4.5
338	4
339	4
340	4
341	2.5
342	4
343	2.5
344	3.5
345	3.5
346	4
347	2.5
348	5.5
349	2.5
350	3.5
351	1
352	3.5
353	3.5
354	1.5
355	4
356	3.5
357	3
358	5
359	4.5
360	3.5
361	4.5
362	3.5
363	4.5
364	4
365	1.5
366	4
367	4.5
368	2.5
369	5
370	3
371	4
372	3.5
373	1.5
374	4
375	4.5
376	3.5
377	2.5
378	4
379	2.5
380	1.5
381	3
382	5
383	3.5
384	1.5
385	3
386	2.5
387	3.5
388	4.5
389	3.5
390	4.5
391	3.5
392	4
393	3
394	5
395	5
396	2.5
397	3
398	5.5
399	3.5
400	5.5
401	2
402	3
403	3
404	4
405	3
406	4.5
407	2.5
408	3.5
409	4.5
410	5
411	5
412	4.5
413	3
414	4.5
415	4.5
416	4
417	3
418	4
419	4
420	3.5
421	2.5
422	4.5
423	3.5
424	3
425	3
426	2.5
427	2
428	1.5
429	3
430	5.5
431	2
432	4
433	1
434	5
435	1
436	3.5
437	4.5
438	1.5
439	2
440	2
441	2
442	5.5
443	2
444	3
445	1.5
446	5
447	3
448	6
449	4.5
450	2
451	2.5
452	2
453	4
454	2.5
455	2.5
456	2.5
457	4
458	3
459	2.5
460	3.5
461	4.5
462	4
463	5
464	2.5
465	3.5
466	5
467	4
468	1.5
469	3
470	3
471	4.5
472	3.5
473	2.5
474	4
475	4.5
476	3.5
477	2
478	4
479	4
480	4
481	1.5
482	4
483	4
484	4.5
485	3.5
486	3
487	4.5
488	3
489	4.5
490	5.5
491	1.5
492	4.5
493	4
494	1.5
495	5
496	4
497	4.5
498	2.5
499	6
500	3.5
501	3
502	3
503	3
504	3
505	5
506	6
507	2.5
508	3
509	5
510	2.5
511	2
512	3
513	4
514	2
515	2.5
516	3.5
517	4
518	2
519	2
520	2.5
521	4
522	1
523	4
524	3.5
525	2.5
526	5
527	2.5
528	1.5
529	2.5
530	3.5
531	3
532	6
533	1.5
534	5.5
535	3
536	3.5
537	4
538	5.5
539	3
540	4
541	4.5
542	2.5
543	6
544	4
545	4.5
546	2.5
547	2.5
548	3
549	4.5
550	3
551	4.5
552	4
553	3.5
554	1.5
555	3.5
556	1.5
557	5
558	4.5
559	4.5
560	1.5
561	2.5
562	1.5
563	4
564	1.5
565	2.5
566	2.5
567	5.5
568	3.5
569	3
570	4.5
571	3.5
572	4
573	2
574	5
575	5
576	3.5
577	2
578	5.5
579	4
580	4.5
581	2.5
582	1.5
583	4.5
584	1.5
585	4
586	4
587	4
588	3.5
589	4
590	2
591	3.5
592	2
593	3
594	4.5
595	4
596	5.5
597	3.5
598	5.5
599	4
600	2
601	4.5
602	4
603	4
604	4
605	1.5
606	5.5
607	2
608	1.5
609	4
610	4
611	4
612	5
613	5
614	3.5
615	2
616	4.5
617	4.5
618	5
619	2.5
620	4
621	3.5
622	2.5
623	4
624	5.5
625	2
626	3
627	3.5
628	3
629	3.5
630	3.5
631	3.5
632	4
633	5.5
634	3.5
635	3
636	3
637	4
638	2.5
639	5
640	2.5
641	4
642	3.5
643	3.5
644	3.5
645	1
646	2
647	4.5
648	3.5
649	2.5
650	6
651	4.5
652	3.5
653	3
654	1.5
655	2
656	4.5
657	3.5
658	3
659	3.5
660	2.5
661	1.5
662	3.5
663	2
664	1.5
665	5
666	5
667	5
668	5
669	4.5
670	2.5
671	3.5
672	4.5
673	2
674	4
675	4
676	4
677	5
678	5
679	3
680	3.5
681	3
682	3.5
683	2
684	3
685	3
686	3.5
687	6
688	4
689	4
690	2.5
691	2
692	3
693	4.5
694	2.5
695	2.5
696	4
697	4.5
698	4
699	4
700	3.5
701	5
702	2
703	3
704	4.5
705	2.5
706	4.5
707	3.5
708	5.5
709	4.5
710	3.5
711	2.5
712	3.5
713	6
714	3
715	4.5
716	4.5
717	2.5
718	5
719	3
720	3.5
721	1.5
722	1.5
723	5
724	3.5
725	4
726	1
727	4.5
728	5.5
729	3.5
730	5
731	3.5
732	1.5
733	4
734	1.5
735	4
736	2
737	4
738	4
739	2
740	4.5
741	3
742	3
743	4
744	3
745	4
746	5
747	3.5
748	4.5
749	1
750	3.5
751	4
752	5.5
753	1.5
754	5
755	3.5
756	4.5
757	1.5
758	3
759	3
760	6
761	5
762	2.5
763	2.5
764	5.5
765	2.5
766	3
767	3
768	4.5
769	3.5
770	3
771	4.5
772	3.5
773	1.5
774	1
775	5
776	4
777	5
778	2
779	2.5
780	4
781	2
782	3.5
783	2.5
784	3.5
785	2
786	3.5
787	3.5
788	5
789	1.5
790	3.5
791	3
792	2
793	4
794	3.5
795	2
796	1
797	3.5
798	3.5
799	4.5
800	3
801	3.5
802	3
803	2.5
804	5.5
805	4
806	3.5
807	5.5
808	4.5
809	3
810	2.5
811	3
812	2.5
813	5
814	6
815	3.5
816	1.5
817	1.5
818	2
819	3.5
820	4
821	4.5
822	4.5
823	3
824	4.5
825	2.5
826	3
827	5
828	5
829	3.5
830	3.5
831	3
832	5.5
833	2.5
834	3.5
835	3
836	3
837	1
838	5
839	5
840	4.5
841	5.5
842	2.5
843	2
844	2.5
845	3.5
846	4.5
847	3.5
848	1.5
849	1.5
850	5.5
851	2
852	2
853	4
854	5.5
855	4
856	5.5
857	5
858	2.5
859	5.5
860	4.5
861	5
862	4
863	3
864	4.5
865	6
866	1.5
867	3
868	3.5
869	5
870	4.5
871	3
872	5
873	2
874	3.5
875	3.5
876	2
877	2.5
878	4.5
879	5.5
880	2.5
881	1
882	4
883	3
884	5
885	3
886	3.5
887	4
888	4
889	1.5
890	6
891	3
892	3
893	3.5
894	4.5
895	5
896	2.5
897	3
898	4.5
899	5
900	4.5
901	6
902	3
903	3.5
904	1.5
905	4
906	1.5
907	3
908	3.5
909	1
910	4.5
911	3.5
912	4
913	5
914	3.5
915	4.5
916	4
917	1
918	2.5
919	5
920	4
921	5.5
922	3
923	4
924	2
925	3.5
926	2.5
927	2
928	4.5
929	2.5
930	5.5
931	2.5
932	4.5
933	4
934	4
935	3
936	2.5
937	3.5
938	3.5
939	2
940	1.5
941	4.5
942	3.5
943	2
944	3.5
945	3.5
946	2
947	4.5
948	4.5
949	4.5
950	5.5
951	4.5
952	3
953	1.5
954	3
955	6
956	1.5
957	5
958	2.5
959	2
960	4
961	1.5
962	2
963	2.5
964	5.5
965	3
966	5
967	3
968	4
969	3.5
970	3
971	3.5
972	3
973	1.5
974	4.5
975	3.5
976	5.5
977	1
978	5
979	1.5
980	3
981	2.5
982	2
983	2.5
984	6
985	2
986	3
987	3
988	3.5
989	1.5
990	3
991	2
992	6
993	4.5
994	2
995	3
996	5
997	4
998	3.5
999	1
1000	1.5
1001	3
1002	2
1003	3.5
1004	2
1005	1.5
1006	1.5
1007	5
1008	2.5
1009	2.5
1010	4.5
1011	2
1012	3.5
1013	5.5
1014	2.5
1015	2.5
1016	6
1017	3.5
1018	2.5
1019	4.5
1020	3
1021	4
1022	3
1023	1.5
1024	3
1025	4.5
1026	4.5
1027	4.5
1028	4
1029	5.5
1030	1.5
1031	2
1032	3.5
1033	3.5
1034	3
1035	2.5
1036	3
1037	5.5
1038	3
1039	3
1040	4.5
1041	2.5
1042	3
1043	1
1044	1.5
1045	1.5
1046	3
1047	2
1048	3
1049	1.5
1050	2.5
1051	4.5
1052	4.5
1053	2.5
1054	6
1055	5
1056	3
1057	2
1058	1.5
1059	4
1060	2.5
1061	3.5
1062	4.5
1063	5.5
1064	3.5
1065	4
1066	4
1067	3
1068	4.5
1069	4
1070	2.5
1071	3
1072	2.5
1073	4
1074	2
1075	3
1076	4.5
1077	5
1078	2
1079	5.5
1080	5
1081	4.5
1082	5
1083	4.5
1084	4
1085	5
1086	4
1087	6
1088	3
1089	2
1090	3
1091	4
1092	3.5
1093	5
1094	5
1095	2
1096	3
1097	1
1098	2
1099	3
1100	4.5
1101	3
1102	5
1103	3.5
1104	3.5
1105	2
1106	2.5
1107	4.5
1108	5
1109	4.5
1110	5
1111	5
1112	2
1113	6
1114	3
1115	5
1116	2
1117	2
1118	5
1119	4
1120	4.5
1121	5.5
1122	5.5
1123	4.5
1124	4
1125	6
1126	2.5
1127	3.5
1128	4
1129	4.5
1130	3.5
1131	2.5
1132	4.5
1133	2.5
1134	4.5
1135	3.5
1136	5
1137	3.5
1138	3
1139	3.5
1140	3.5
1141	2.5
1142	3
1143	4
1144	4
1145	4.5
1146	5
1147	1.5
1148	2.5
1149	1.5
1150	4
1151	2.5
1152	2.5
1153	3.5
1154	4.5
1155	4
1156	1
1157	3.5
1158	5
1159	6
1160	4.5
1161	2
1162	3.5
1163	2.5
1164	4.5
1165	5
1166	1.5
1167	3
1168	4
1169	3.5
1170	3
1171	3.5
1172	3
1173	4
1174	2
1175	4
1176	1.5
1177	4.5
1178	5
1179	2.5
1180	2.5
1181	3
1182	3
1183	4
1184	4.5
1185	1
1186	4
1187	5.5
1188	1.5
1189	4.5
1190	4
1191	3.5
1192	3
1193	5
1194	5
1195	5.5
1196	3
1197	4
1198	3.5
1199	5
1200	4.5
1201	1
1202	2
1203	3
1204	4.5
1205	5.5
1206	3.5
1207	3
1208	3.5
1209	4
1210	3
1211	3
1212	1.5
1213	3.5
1214	3.5
1215	3
1216	5
1217	2.5
1218	4.5
1219	4.5
1220	6
1221	4.5
1222	5.5
1223	3.5
1224	3
1225	1
1226	5
1227	1
1228	3
1229	2
1230	5.5
1231	4
1232	5
1233	4.5
1234	4
1235	4
1236	3.5
1237	4
1238	3.5
1239	5.5
1240	1
1241	5.5
1242	1
1243	5.5
1244	3.5
1245	1.5
1246	4
1247	5
1248	1.5
1249	3.5
1250	3
1251	4
1252	2.5
1253	3
1254	3.5
1255	2
1256	3
1257	2
1258	4.5
1259	1.5
1260	3.5
1261	1.5
1262	3.5
1263	3
1264	3.5
1265	3.5
1266	3.5
1267	4
1268	4.5
1269	3
1270	4.5
1271	4.5
1272	2
1273	5.5
1274	4
1275	1.5
1276	4
1277	3
1278	4
1279	2.5
1280	3.5
1281	4.5
1282	2.5
1283	4.5
1284	3.5
1285	5.5
1286	3
1287	3.5
1288	3
1289	4.5
1290	2.5
1291	3.5
1292	3.5
1293	3
1294	3.5
1295	4.5
1296	5
1297	3.5
1298	6
1299	1.5
1300	3
1301	4
1302	3
1303	2.5
1304	3
1305	4.5
1306	3.5
1307	2
1308	5.5
1309	4
1310	4
1311	3.5
1312	4
1313	4
1314	3
1315	5.5
1316	4.5
1317	3
1318	2.5
1319	3.5
1320	2.5
1321	2.5
1322	3.5
1323	4
1324	3.5
1325	4
1326	4.5
1327	5
1328	4.5
1329	1.5
1330	3
1331	3
1332	4.5
1333	4
1334	3.5
1335	4
1336	3.5
1337	5
1338	2
1339	3.5
1340	4
1341	4
1342	3.5
1343	5.5
1344	3
1345	4.5
1346	1.5
1347	3
1348	3.5
1349	1
1350	4
1351	2
1352	3
1353	3
1354	3.5
1355	6
1356	4
1357	1
1358	4
1359	4
1360	2
1361	3
1362	3
1363	5.5
1364	2
1365	4.5
1366	2.5
1367	2.5
1368	2.5
1369	5
1370	3.5
1371	1.5
1372	5
1373	4.5
1374	3
1375	5.5
1376	2.5
1377	5.5
1378	3
1379	4
1380	4.5
1381	4.5
1382	2
1383	2.5
1384	3.5
1385	3.5
1386	5
1387	3.5
1388	3
1389	4
1390	3
1391	2
1392	3.5
1393	2
1394	4.5
1395	5
1396	2.5
1397	3.5
1398	2
1399	6
1400	4.5
1401	1
1402	1
1403	2.5
1404	5
1405	3
1406	3.5
1407	3
1408	3
1409	6
1410	3
1411	2.5
1412	5
1413	3
1414	2.5
1415	2
1416	4.5
1417	5
1418	4.5
1419	3.5
1420	2.5
1421	1
1422	4
1423	3.5
1424	4.5
1425	1.5
1426	3.5
1427	2.5
1428	2
1429	3.5
1430	4
1431	4.5
1432	3
1433	5
1434	2.5
1435	6
1436	4
1437	5.5
1438	5
1439	3
1440	2.5
1441	3
1442	3
1443	2
1444	2.5
1445	4
1446	5
1447	5.5
1448	3.5
1449	5.5
1450	4
1451	4.5
1452	1.5
1453	4.5
1454	1
1455	3.5
1456	2
1457	5.5
1458	4.5
1459	3
1460	2
1461	3.5
1462	6
1463	6
1464	2
1465	3.5
1466	4.5
1467	3
1468	4.5
1469	1.5
1470	2.5
1471	3
1472	3.5
1473	5
1474	4.5
1475	1.5
1476	2
1477	3
1478	4
1479	2
1480	3.5
1481	1.5
1482	3.5
1483	3
1484	3.5
1485	2.5
1486	3.5
1487	1.5
1488	4.5
1489	3.5
1490	5
1491	3.5
1492	2.5
1493	1
1494	6
1495	1.5
1496	4.5
1497	4.5
1498	3
1499	3
1500	3
1501	5.5
1502	3
1503	6
1504	4.5
1505	6
1506	4
1507	3.5
1508	5
1509	1.5
1510	4.5
1511	2
1512	2.5
1513	3.5
1514	4.5
1515	5
1516	2.5
1517	5
1518	4.5
1519	3
1520	3
1521	2
1522	3
1523	3.5
1524	3.5
1525	4.5
1526	5
1527	5
1528	1
1529	5
1530	1.5
1531	6
1532	4
1533	3
1534	5
1535	2.5
1536	1.5
1537	5
1538	4
1539	3
1540	1.5
1541	1
1542	5
1543	4.5
1544	3.5
1545	4
1546	3.5
1547	4
1548	2
1549	3
1550	6
1551	3
1552	2
1553	4.5
1554	1.5
1555	3.5
1556	4
1557	4.5
1558	4
1559	1.5
1560	4.5
1561	4.5
1562	4.5
1563	4.5
1564	1.5
1565	4
1566	3
1567	2
1568	3.5
1569	6
1570	5.5
1571	2.5
1572	3.5
1573	1.5
1574	3
1575	3.5
1576	4.5
1577	3
1578	2
1579	2.5
1580	4
1581	4.5
1582	3
1583	3
1584	3.5
1585	5
1586	3.5
1587	2
1588	3.5
1589	5.5
1590	5
1591	4
1592	4.5
1593	3
1594	5
1595	2.5
1596	4
1597	5.5
1598	2.5
1599	5.5
1600	3
1601	5
1602	3.5
1603	4.5
1604	3.5
1605	4.5
1606	3.5
1607	3
1608	5
1609	3
1610	1
1611	2.5
1612	2.5
1613	1.5
1614	4.5
1615	5.5
1616	1
1617	5
1618	3
1619	2.5
1620	4
1621	2
1622	5
1623	3.5
1624	3
1625	1.5
1626	2
1627	6
1628	6
1629	3.5
1630	3
1631	1.5
1632	5
1633	3.5
1634	3
1635	3.5
1636	5
1637	4
1638	3.5
1639	3.5
1640	1
1641	3.5
1642	2.5
1643	4.5
1644	2.5
1645	5
1646	4
1647	4.5
1648	5
1649	4
1650	1.5
1651	5
1652	2
1653	3
1654	4
1655	6
1656	3
1657	3
1658	5.5
1659	4
1660	4.5
1661	2
1662	2.5
1663	4
1664	2
1665	4.5
1666	3
1667	1
1668	1
1669	3
1670	3
1671	3.5
1672	2
1673	3.5
1674	3.5
1675	3.5
1676	5.5
1677	3
1678	5
1679	5.5
1680	1.5
1681	3.5
1682	5
1683	5
1684	2.5
1685	3
1686	4
1687	3
1688	3
1689	3.5
1690	5
1691	3.5
1692	4
1693	6
1694	3.5
1695	2.5
1696	4
1697	1.5
1698	2
1699	3
1700	4.5
1701	3
1702	4.5
1703	3.5
1704	3.5
1705	2.5
1706	3
1707	3.5
1708	5
1709	1.5
1710	2
1711	4.5
1712	5
1713	1
1714	3
1715	2.5
1716	2
1717	2.5
1718	4
1719	4
1720	5.5
1721	4
1722	4.5
1723	5
1724	4.5
1725	2.5
1726	3.5
1727	2.5
1728	2.5
1729	4.5
1730	3
1731	4.5
1732	6
1733	1.5
1734	5
1735	1
1736	2
1737	4.5
1738	5
1739	3.5
1740	2
1741	4
1742	1
1743	5.5
1744	3.5
1745	3
1746	5.5
1747	3.5
1748	3.5
1749	2.5
1750	3
1751	6
1752	4.5
1753	4.5
1754	4.5
1755	6
1756	3
1757	3.5
1758	5.5
1759	3
1760	6
1761	3
1762	2.5
1763	3.5
1764	4
1765	3.5
1766	1
1767	3
1768	3
1769	3
1770	4.5
1771	1
1772	3.5
1773	3
1774	4
1775	3.5
1776	5
1777	4.5
1778	5
1779	3
1780	5.5
1781	6
1782	3
1783	2.5
1784	3.5
1785	3
1786	2.5
1787	2
1788	4
1789	5
1790	2.5
1791	3
1792	2.5
1793	2.5
1794	2.5
1795	6
1796	3.5
1797	3.5
1798	1.5
1799	2
1800	4
1801	3
1802	3
1803	3.5
1804	4
1805	4.5
1806	3.5
1807	2
1808	5
1809	2.5
1810	2.5
1811	2
1812	5
1813	2.5
1814	5
1815	3
1816	1.5
1817	2.5
1818	5
1819	2
1820	5.5
1821	3
1822	4
1823	3
1824	3.5
1825	1
1826	3.5
1827	5.5
1828	2.5
1829	1
1830	5
1831	1.5
1832	3
1833	4
1834	2.5
1835	6
1836	3
1837	3
1838	3
1839	3.5
1840	3
1841	2.5
1842	4.5
1843	1.5
1844	1
1845	5.5
1846	4.5
1847	4
1848	2.5
1849	2
1850	3
1851	1.5
1852	4
1853	3.5
1854	5.5
1855	1
1856	5.5
1857	2.5
1858	3.5
1859	4.5
1860	5.5
1861	1
1862	2
1863	5
1864	4
1865	6
1866	2.5
1867	4.5
1868	2.5
1869	2
1870	2.5
1871	3.5
1872	4
1873	2.5
1874	5.5
1875	3.5
1876	4
1877	5
1878	4
1879	3.5
1880	4
1881	3.5
1882	2.5
1883	4
1884	1.5
1885	4.5
1886	3
1887	3.5
1888	3.5
1889	4
1890	3.5
1891	3.5
1892	4.5
1893	3.5
1894	4
1895	5
1896	2
1897	5.5
1898	1
1899	5
1900	4.5
1901	4
1902	3
1903	5.5
1904	2.5
1905	3.5
1906	2.5
1907	2
1908	2.5
1909	3
1910	3
1911	2
1912	2
1913	3
1914	2.5
1915	3.5
1916	2.5
1917	1
1918	5
1919	4
1920	2
1921	5.5
1922	4
1923	2.5
1924	2
1925	5
1926	2.5
1927	1
1928	4
1929	3
1930	3.5
1931	2.5
1932	3.5
1933	3.5
1934	2.5
1935	3.5
1936	2.5
1937	3.5
1938	5
1939	1.5
1940	4.5
1941	2.5
1942	4.5
1943	5.5
1944	2.5
1945	4
1946	1.5
1947	4.5
1948	5
1949	5
1950	4
1951	4
1952	2
1953	2.5
1954	1.5
1955	3
1956	3
1957	4
1958	3.5
1959	4.5
1960	4.5
1961	3
1962	3.5
1963	5.5
1964	3
1965	4.5
1966	4
1967	1
1968	2.5
1969	2
1970	6
1971	4.5
1972	4.5
1973	4.5
1974	3
1975	3
1976	1
1977	3
1978	2.5
1979	4
1980	4
1981	4
1982	4
1983	2.5
1984	1
1985	4
1986	3.5
1987	1.5
1988	1.5
1989	4.5
1990	3
1991	3
1992	4
1993	5
1994	5.5
1995	3
1996	4
1997	5
1998	3
1999	3.5
2000	3.5
2001	2
2002	1.5
2003	5
2004	6
2005	2.5
2006	3
2007	2
2008	3
2009	5.5
2010	3.5
2011	4
2012	2
2013	3
2014	3.5
2015	5
2016	3.5
2017	3
2018	2.5
2019	5
2020	2.5
2021	2.5
2022	2.5
2023	5.5
2024	4
2025	4
2026	3
2027	4.5
2028	3.5
2029	2.5
2030	4
2031	3
2032	3
2033	1.5
2034	4
2035	4
2036	4
2037	3.5
2038	4.5
2039	3.5
2040	3.5
2041	2
2042	3
2043	3
2044	2
2045	3.5
2046	1
2047	6
2048	3.5
2049	1
2050	3.5
2051	3.5
2052	4
2053	4.5
2054	2.5
2055	2.5
2056	2.5
2057	6
2058	5
2059	3.5
2060	2.5
2061	5.5
2062	3
2063	4.5
2064	3.5
2065	3.5
2066	3
2067	2
2068	2.5
2069	3.5
2070	3
2071	4
2072	3.5
2073	3.5
2074	2.5
2075	2.5
2076	5
2077	3.5
2078	3.5
2079	4
2080	3
2081	4
2082	2.5
2083	4
2084	2.5
2085	2
2086	4
2087	3
2088	1.5
2089	1.5
2090	4
2091	3
2092	4
2093	3
2094	4.5
2095	5.5
2096	3
2097	3.5
2098	3
2099	2.5
2100	6
2101	3.5
2102	3.5
2103	3
2104	5.5
2105	2.5
2106	4.5
2107	4
2108	5.5
2109	3.5
2110	5.5
2111	3.5
2112	4
2113	5
2114	2
2115	4.5
2116	3
2117	2.5
2118	1.5
2119	5
2120	6
2121	2.5
2122	3
2123	4
2124	4
2125	1
2126	3
2127	3
2128	3.5
2129	1
2130	2.5
2131	3
2132	5
2133	5
2134	3.5
2135	5.5
2136	4
2137	4
2138	2
2139	3
2140	4.5
2141	1.5
2142	4.5
2143	3.5
2144	4.5
2145	5.5
2146	2
2147	1.5
2148	2.5
2149	6
2150	2
2151	3
2152	1.5
2153	4
2154	5.5
2155	3.5
2156	4
2157	2.5
2158	2.5
2159	4.5
2160	1.5
2161	5.5
2162	4
2163	3
2164	3.5
2165	4.5
2166	5.5
2167	5
2168	3
2169	3.5
2170	4
2171	4.5
2172	4.5
2173	2.5
2174	1
2175	4
2176	4.5
2177	2.5
2178	4
2179	4.5
2180	6
2181	1.5
2182	1.5
2183	3.5
2184	3.5
2185	2
2186	4
2187	4.5
2188	3.5
2189	2
2190	5.5
2191	3.5
2192	5
2193	3.5
2194	5
2195	3.5
2196	1.5
2197	3
2198	2
2199	3
2200	4
2201	4
2202	4.5
2203	4.5
2204	3
2205	4
2206	5.5
2207	5
2208	4
2209	4
2210	5
2211	5
2212	4
2213	3.5
2214	3
2215	5
2216	6
2217	3.5
2218	2.5
2219	2.5
2220	2
2221	3.5
2222	4.5
2223	5
2224	4.5
2225	4.5
2226	3.5
2227	2
2228	5.5
2229	3
2230	5
2231	2.5
2232	3
2233	4.5
2234	2
2235	4
2236	5
2237	1.5
2238	3
2239	3.5
2240	5
2241	3
2242	3.5
2243	1.5
2244	3.5
2245	5.5
2246	3.5
2247	2.5
2248	5.5
2249	4
2250	2
2251	5
2252	3.5
2253	2.5
2254	3
2255	4.5
2256	4.5
2257	3
2258	3.5
2259	5.5
2260	2
2261	4.5
2262	1.5
2263	3.5
2264	4
2265	5
2266	5
2267	4
2268	2
2269	3
2270	4
2271	4
2272	6
2273	2
2274	5
2275	3
2276	5
2277	3
2278	3
2279	2
2280	6
2281	3
2282	3
2283	3.5
2284	4.5
2285	2.5
2286	2
2287	5.5
2288	2.5
2289	4.5
2290	3.5
2291	3.5
2292	3.5
2293	3
2294	4
2295	3.5
2296	3.5
2297	4
2298	4.5
2299	5.5
2300	3
2301	3.5
2302	4.5
2303	4
2304	4
2305	5
2306	3.5
2307	2.5
2308	4.5
2309	5
2310	5
2311	2
2312	3
2313	6
2314	5.5
2315	3
2316	2.5
2317	5.5
2318	4
2319	3
2320	3.5
2321	2.5
2322	3.5
2323	6
2324	5.5
2325	2.5
2326	2.5
2327	3.5
2328	5
2329	5
2330	3.5
2331	1.5
2332	3.5
2333	4.5
2334	4.5
2335	5
2336	4.5
2337	4
2338	2
2339	4.5
2340	4.5
2341	2
2342	5
2343	4
2344	2.5
2345	5
2346	1.5
2347	4
2348	4
2349	3
2350	2
2351	2.5
2352	4
2353	3.5
2354	3.5
2355	4
2356	3.5
2357	3.5
2358	2
2359	3
2360	2.5
2361	4
2362	6
2363	2
2364	2
2365	3
2366	6
2367	5.5
2368	2.5
2369	5.5
2370	5
2371	2
2372	2.5
2373	1
2374	4.5
2375	4
2376	5
2377	5
2378	4.5
2379	2
2380	5.5
2381	2.5
2382	4
2383	5.5
2384	4.5
2385	2
2386	3
2387	4
2388	5
2389	3
2390	2
2391	4
2392	3.5
2393	3.5
2394	5
2395	5.5
2396	2.5
2397	3
2398	3.5
2399	3.5
2400	1
2401	4
2402	3.5
2403	5.5
2404	2.5
2405	5.5
2406	5.5
2407	3.5
2408	3.5
2409	5.5
2410	2.5
2411	3
2412	4
2413	5.5
2414	1
2415	5.5
2416	4.5
2417	3.5
2418	2.5
2419	3.5
2420	3
2421	3.5
2422	4.5
2423	5.5
2424	4
2425	1.5
2426	3.5
2427	4.5
2428	3
2429	2
2430	2
2431	3
2432	4
2433	2.5
2434	3.5
2435	4.5
2436	4
2437	4.5
2438	4
2439	3
2440	4.5
2441	2.5
2442	2.5
2443	3.5
2444	2
2445	4.5
2446	4
2447	5
2448	4
2449	4.5
2450	3.5
2451	2
2452	5.5
2453	5
2454	5
2455	4.5
2456	4
2457	3
2458	5
2459	2.5
2460	2.5
2461	4
2462	2
2463	5
2464	6
2465	4.5
2466	4.5
2467	4.5
2468	2
2469	4.5
2470	4
2471	3.5
2472	3
2473	2.5
2474	4.5
2475	4.5
2476	3.5
2477	3.5
2478	2.5
2479	5.5
2480	2
2481	1.5
2482	3.5
2483	4.5
2484	5.5
2485	4
2486	2
2487	1
2488	2
2489	2
2490	5.5
2491	1.5
2492	6
2493	3.5
2494	2.5
2495	1.5
2496	4.5
2497	2.5
2498	1
2499	3.5
2500	3
2501	4.5
2502	3.5
2503	2.5
2504	2.5
2505	2.5
2506	3
2507	5
2508	5
2509	4
2510	3.5
2511	3
2512	2.5
2513	3
2514	2.5
2515	5.5
2516	3
2517	3.5
2518	2.5
2519	5.5
2520	2
2521	3.5
2522	2
2523	4
2524	2
2525	1.5
2526	3.5
2527	2
2528	3
2529	5.5
2530	1.5
2531	3
2532	2.5
2533	3
2534	3.5
2535	5
2536	3.5
2537	3
2538	5
2539	2
2540	2
2541	3.5
2542	3.5
2543	6
2544	2
2545	3
2546	4.5
2547	5.5
2548	3.5
2549	4.5
2550	5
2551	1.5
2552	4
2553	4
2554	4
2555	3
2556	3.5
2557	4.5
2558	4
2559	4
2560	4
2561	4
2562	3.5
2563	4.5
2564	1
2565	2.5
2566	1
2567	5.5
2568	4
2569	3
2570	3
2571	6
2572	4
2573	3
2574	3
2575	4
2576	4.5
2577	3.5
2578	5
2579	4
2580	4.5
2581	5
2582	6
2583	2
2584	2
2585	4
2586	4
2587	5
2588	3.5
2589	2.5
2590	5
2591	2.5
2592	5
2593	1.5
2594	3.5
2595	3
2596	4
2597	4.5
2598	5
2599	2
2600	5
2601	2
2602	3.5
2603	4
2604	5.5
2605	4
2606	4
2607	2.5
2608	5
2609	2
2610	3.5
2611	3
2612	6
2613	3
2614	5.5
2615	2
2616	2.5
2617	3.5
2618	5
2619	4
2620	5
2621	3
2622	4.5
2623	3.5
2624	5.5
2625	4
2626	5.5
2627	3
2628	5
2629	4.5
2630	4.5
2631	5
2632	4.5
2633	3
2634	3.5
2635	4
2636	2
2637	3.5
2638	2.5
2639	4.5
2640	3
2641	4
2642	2.5
2643	5
2644	3
2645	4.5
2646	5.5
2647	3.5
2648	4.5
2649	4
2650	2
2651	3.5
2652	4.5
2653	5.5
2654	2.5
2655	3
2656	3.5
2657	1.5
2658	2
2659	3.5
2660	2.5
2661	2.5
2662	3.5
2663	2
2664	3.5
2665	2
2666	4
2667	4
2668	4
2669	2
2670	4.5
2671	2.5
2672	2.5
2673	5.5
2674	4
2675	3
2676	5.5
2677	2.5
2678	4
2679	3.5
2680	1
2681	4
2682	2
2683	1.5
2684	4
2685	3
2686	5
2687	4.5
2688	2
2689	2.5
2690	3.5
2691	2
2692	4.5
2693	4
2694	3.5
2695	4.5
2696	2
2697	3.5
2698	3
2699	2
2700	2.5
2701	4.5
2702	2
2703	3.5
2704	4
2705	3
2706	3
2707	3.5
2708	4.5
2709	5
2710	3
2711	3
2712	3
2713	4.5
2714	2
2715	2.5
2716	3
2717	5
2718	2
2719	5
2720	1
2721	5
2722	3.5
2723	4.5
2724	4
2725	4
2726	4
2727	5
2728	3.5
2729	2
2730	4.5
2731	2.5
2732	3
2733	3.5
2734	4
2735	2
2736	4.5
2737	4
2738	3
2739	6
2740	2
2741	3
2742	3
2743	4
2744	4
2745	6
2746	3
2747	3
2748	3.5
2749	4
2750	1
2751	5
2752	1
2753	2.5
2754	2.5
2755	3.5
2756	4
2757	3.5
2758	4
2759	4
2760	1.5
2761	5
2762	2
2763	2
2764	3.5
2765	3.5
2766	2.5
2767	3.5
2768	1.5
2769	5
2770	1.5
2771	2.5
2772	4.5
2773	5.5
2774	5
2775	2.5
2776	4
2777	2.5
2778	3.5
2779	3.5
2780	1
2781	1
2782	5.5
2783	4
2784	2.5
2785	3.5
2786	4
2787	2.5
2788	4
2789	3
2790	4
2791	1
2792	5
2793	2
2794	3
2795	6
2796	4
2797	4.5
2798	3
2799	3.5
2800	3
2801	5.5
2802	4.5
2803	3
2804	2.5
2805	4
2806	2.5
2807	2
2808	4.5
2809	3.5
2810	4
2811	2.5
2812	2.5
2813	4.5
2814	3.5
2815	2.5
2816	5.5
2817	4.5
2818	3
2819	6
2820	3
2821	3.5
2822	3.5
2823	4.5
2824	5
2825	2
2826	3.5
2827	3.5
2828	4
2829	4
2830	2.5
2831	3.5
2832	5
2833	5.5
2834	1
2835	3
2836	4
2837	2.5
2838	3.5
2839	3
2840	3.5
2841	4.5
2842	4
2843	3.5
2844	6
2845	3
2846	3
2847	2.5
2848	4.5
2849	2.5
2850	3.5
2851	5.5
2852	6
2853	2.5
2854	3.5
2855	3
2856	4
2857	3
2858	3.5
2859	3.5
2860	6
2861	4
2862	4.5
2863	5.5
2864	4
2865	2.5
2866	4
2867	2
2868	2.5
2869	3.5
2870	4.5
2871	3
2872	3
2873	1
2874	3.5
2875	4.5
2876	3
2877	3.5
2878	3.5
2879	4
2880	4
2881	3.5
2882	3.5
2883	5.5
2884	3.5
2885	3
2886	2.5
2887	1.5
2888	5
2889	5
2890	6
2891	2
2892	3.5
2893	5
2894	1.5
2895	3.5
2896	3.5
2897	6
2898	2.5
2899	3
2900	1.5
2901	1.5
2902	4.5
2903	3.5
2904	3.5
2905	1.5
2906	5.5
2907	4.5
2908	4
2909	5.5
2910	4.5
2911	4
2912	3.5
2913	2.5
2914	3
2915	5.5
2916	2
2917	3.5
2918	2.5
2919	3.5
2920	6
2921	2
2922	3.5
2923	5
2924	4
2925	1.5
2926	3.5
2927	3.5
2928	2.5
2929	2
2930	5
2931	4
2932	4.5
2933	1.5
2934	3
2935	1
2936	3.5
2937	1
2938	4.5
2939	4.5
2940	5
2941	5.5
2942	3
2943	6
2944	5
2945	5
2946	3
2947	3.5
2948	3.5
2949	3
2950	3.5
2951	4.5
2952	3
2953	3.5
2954	4
2955	4
2956	4
2957	1
2958	3.5
2959	2.5
2960	5
2961	1
2962	3
2963	3.5
2964	3.5
2965	3
2966	3.5
2967	2.5
2968	3.5
2969	4
2970	2.5
2971	4.5
2972	2.5
2973	2.5
2974	5
2975	3
2976	5
2977	2.5
2978	3
2979	2
2980	5.5
2981	2.5
2982	3.5
2983	1.5
2984	2.5
2985	3.5
2986	5.5
2987	2.5
2988	2.5
2989	3.5
2990	4
2991	5
2992	3.5
2993	1.5
2994	3.5
2995	1.5
2996	4.5
2997	2.5
2998	2.5
2999	4.5
3000	3.5
3001	3.5
3002	4
3003	5.5
3004	2.5
3005	5
3006	4
3007	3
3008	5.5
3009	2
3010	4
3011	1.5
3012	3
3013	3.5
3014	2.5
3015	4.5
3016	2.5
3017	4.5
3018	4.5
3019	2
3020	5.5
3021	2
3022	4
3023	3
3024	3
3025	4
3026	4
3027	4
3028	2
3029	2
3030	4
3031	4.5
3032	5.5
3033	4
3034	2.5
3035	3.5
3036	3.5
3037	5.5
3038	4.5
3039	2
3040	4
3041	6
3042	3.5
3043	2.5
3044	3.5
3045	3.5
3046	3.5
3047	2
3048	6
3049	1.5
3050	4.5
3051	5.5
3052	4.5
3053	3
3054	5.5
3055	5.5
3056	5.5
3057	6
3058	3
3059	2
3060	2
3061	3
3062	4
3063	4.5
3064	5
3065	2
3066	5
3067	3
3068	4.5
3069	4.5
3070	3
3071	3.5
3072	5.5
3073	2
3074	1
3075	5
3076	1
3077	4.5
3078	2.5
3079	3
3080	3.5
3081	3.5
3082	5.5
3083	1.5
3084	3
3085	4.5
3086	2.5
3087	3
3088	2.5
3089	4
3090	4.5
3091	2.5
3092	1.5
3093	3.5
3094	5.5
3095	4
3096	3.5
3097	2.5
3098	4.5
3099	4
3100	2.5
3101	1.5
3102	2
3103	5.5
3104	1
3105	3.5
3106	4
3107	1.5
3108	1.5
3109	5
3110	3.5
3111	2
3112	3.5
3113	4
3114	1.5
3115	4
3116	1.5
3117	3.5
3118	3
3119	3.5
3120	2.5
3121	3
3122	3.5
3123	4
3124	3.5
3125	4.5
3126	2.5
3127	3.5
3128	4.5
3129	5
3130	3.5
3131	5.5
3132	4.5
3133	3
3134	3
3135	4
3136	3
3137	4.5
3138	3.5
3139	4
3140	2
3141	4
3142	3
3143	3
3144	1.5
3145	5
3146	1.5
3147	2
3148	4.5
3149	2.5
3150	4
3151	2
3152	1.5
3153	5.5
3154	4
3155	4
3156	5
3157	3.5
3158	4
3159	4.5
3160	1.5
3161	2.5
3162	1.5
3163	3.5
3164	1.5
3165	5.5
3166	1.5
3167	2
3168	5
3169	4.5
3170	3
3171	2.5
3172	4
3173	4.5
3174	5.5
3175	3
3176	4
3177	3.5
3178	1.5
3179	2.5
3180	2
3181	4
3182	6
3183	3.5
3184	2
3185	3.5
3186	1.5
3187	1
3188	5
3189	5.5
3190	3.5
3191	2
3192	2
3193	1.5
3194	3
3195	3.5
3196	3
3197	4
3198	1
3199	3
3200	2
3201	2.5
3202	4
3203	6
3204	3
3205	5
3206	5.5
3207	3
3208	5.5
3209	2
3210	5
3211	5.5
3212	4
3213	2.5
3214	2.5
3215	3.5
3216	1
3217	5
3218	5
3219	2.5
3220	3.5
3221	3
3222	1
3223	4.5
3224	2
3225	5
3226	3
3227	5.5
3228	4
3229	3.5
3230	4.5
3231	4
3232	6
3233	4.5
3234	3.5
3235	3.5
3236	4.5
3237	4
3238	3.5
3239	4
3240	5
3241	2.5
3242	4.5
3243	2
3244	4.5
3245	5
3246	1
3247	2.5
3248	3.5
3249	5
3250	3
3251	1
3252	5.5
3253	2.5
3254	3
3255	4
3256	4.5
3257	3.5
3258	1.5
3259	6
3260	3.5
3261	2
3262	4.5
3263	5.5
3264	3
3265	3.5
3266	5
3267	4.5
3268	3.5
3269	2
3270	3.5
3271	4
3272	5.5
3273	3.5
3274	3.5
3275	3
3276	5.5
3277	2.5
3278	5
3279	3.5
3280	1
3281	3.5
3282	4.5
3283	5.5
3284	1
3285	2
3286	4.5
3287	1
3288	5.5
3289	2.5
3290	1
3291	1.5
3292	3
3293	3
3294	3.5
3295	2.5
3296	2.5
3297	3.5
3298	4
3299	5
3300	2
3301	2
3302	3
3303	4.5
3304	4
3305	4.5
3306	3.5
3307	5
3308	4
3309	3.5
3310	4.5
3311	3.5
3312	3
3313	4
3314	4.5
3315	3
3316	3.5
3317	6
3318	2.5
3319	3.5
3320	3.5
3321	2
3322	3.5
3323	3.5
3324	4.5
3325	3
3326	5.5
3327	4.5
3328	3
3329	4
3330	4.5
3331	2
3332	3.5
3333	3
3334	5.5
3335	5
3336	3
3337	5.5
3338	3.5
3339	4.5
3340	5
3341	3.5
3342	2
3343	2.5
3344	4.5
3345	3.5
3346	3
3347	3.5
3348	4
3349	3
3350	5
3351	3
3352	4
3353	4
3354	3
3355	3
3356	4
3357	3
3358	1.5
3359	2.5
3360	4.5
3361	5.5
3362	4
3363	3
3364	4.5
3365	3.5
3366	3
3367	3
3368	3
3369	4.5
3370	3
3371	3
3372	2
3373	6
3374	5.5
3375	3
3376	3.5
3377	3
3378	2
3379	1.5
3380	4.5
3381	5
3382	3
3383	4
3384	6
3385	2
3386	5
3387	2.5
3388	6
3389	2.5
3390	3
3391	3.5
3392	1.5
3393	5
3394	2
3395	5.5
3396	4
3397	4
3398	3
3399	2.5
3400	2
3401	3.5
3402	4
3403	2.5
3404	5.5
3405	2.5
3406	4
3407	4
3408	5.5
3409	3.5
3410	4
3411	3.5
3412	4.5
3413	1
3414	3.5
3415	4.5
3416	4.5
3417	1.5
3418	3.5
3419	5.5
3420	5.5
3421	4
3422	2
3423	5
3424	3
3425	3.5
3426	1.5
3427	4
3428	3
3429	1
3430	4.5
3431	6
3432	3
3433	4
3434	4.5
3435	3
3436	4
3437	4.5
3438	5
3439	2
3440	2.5
3441	3
3442	5
3443	5.5
3444	3.5
3445	1
3446	3.5
3447	3.5
3448	4.5
3449	3
3450	5.5
3451	3.5
3452	4.5
3453	3
3454	1.5
3455	3.5
3456	3.5
3457	2.5
3458	5
3459	5.5
3460	2.5
3461	2.5
3462	1.5
3463	2.5
3464	3.5
3465	2.5
3466	5.5
3467	3.5
3468	4.5
3469	5
3470	4
3471	2.5
3472	3
3473	5
3474	5
3475	2.5
3476	3
3477	4
3478	4
3479	5
3480	4.5
3481	3
3482	3.5
3483	4.5
3484	2.5
3485	2.5
3486	3.5
3487	1.5
3488	5
3489	2
3490	1.5
3491	4
3492	5.5
3493	4
3494	3
3495	4
3496	2.5
3497	4
3498	3.5
3499	4.5
3500	3
3501	4.5
3502	3.5
3503	4
3504	3.5
3505	4
3506	4.5
3507	3.5
3508	5
3509	2.5
3510	5.5
3511	1.5
3512	2.5
3513	4
3514	3
3515	3
3516	3.5
3517	3.5
3518	5.5
3519	2.5
3520	2
3521	5.5
3522	3
3523	3.5
3524	5
3525	5
3526	4
3527	5.5
3528	3
3529	4.5
3530	5
3531	5
3532	4.5
3533	3.5
3534	4.5
3535	4.5
3536	3.5
3537	2
3538	4.5
3539	5
3540	4.5
3541	3
3542	4.5
3543	2.5
3544	5.5
3545	4.5
3546	4
3547	5
3548	2.5
3549	5
3550	4
3551	2
3552	5
3553	4.5
3554	3
3555	5.5
3556	4
3557	2.5
3558	5
3559	3
3560	4
3561	2.5
3562	5
3563	4
3564	3.5
3565	4
3566	3.5
3567	1.5
3568	4
3569	3.5
3570	3.5
3571	4
3572	5.5
3573	1.5
3574	5
3575	4
3576	2.5
3577	2.5
3578	4.5
3579	4.5
3580	3
3581	2.5
3582	5.5
3583	4
3584	3
3585	4.5
3586	3.5
3587	3
3588	3
3589	2
3590	6
3591	2.5
3592	4
3593	2.5
3594	3
3595	2.5
3596	5
3597	4
3598	1.5
3599	4.5
3600	5.5
3601	1
3602	5
3603	3.5
3604	3.5
3605	3.5
3606	4
3607	4.5
3608	2
3609	3
3610	3.5
3611	2.5
3612	3.5
3613	3.5
3614	3
3615	5
3616	4
3617	5
3618	5
3619	1.5
3620	3.5
3621	5.5
3622	3
3623	1
3624	2
3625	5
3626	5.5
3627	5.5
3628	2.5
3629	4
3630	4.5
3631	1.5
3632	2.5
3633	5
3634	2.5
3635	4
3636	4.5
3637	4
3638	2.5
3639	3.5
3640	6
3641	2
3642	4
3643	5
3644	3.5
3645	4
3646	1.5
3647	1.5
3648	5.5
3649	3.5
3650	3.5
3651	2
3652	4.5
3653	3
3654	2.5
3655	2.5
3656	2.5
3657	3.5
3658	4
3659	2.5
3660	3
3661	5
3662	3.5
3663	1
3664	3.5
3665	5
3666	3
3667	6
3668	2.5
3669	3
3670	2.5
3671	4
3672	4.5
3673	4.5
3674	3.5
3675	5
3676	5.5
3677	3
3678	2
3679	3
3680	3
3681	3.5
3682	3.5
3683	4
3684	2
3685	6
3686	4
3687	4
3688	3.5
3689	2.5
3690	5
3691	2
3692	3
3693	3.5
3694	5
3695	3.5
3696	4.5
3697	4.5
3698	1.5
3699	3.5
3700	3.5
3701	3.5
3702	1
3703	2
3704	4
3705	3.5
3706	3
3707	3.5
3708	5
3709	6
3710	4.5
3711	3.5
3712	3.5
3713	2
3714	3.5
3715	2
3716	2.5
3717	1
3718	5
3719	5
3720	5
3721	5
3722	4
3723	6
3724	5
3725	3.5
3726	2
3727	3.5
3728	5
3729	3
3730	2
3731	3
3732	3.5
3733	5
3734	3.5
3735	4
3736	5.5
3737	2.5
3738	5
3739	4
3740	1.5
3741	2.5
3742	4
3743	3.5
3744	3
3745	4
3746	4
3747	1.5
3748	2.5
3749	4.5
3750	3.5
3751	4
3752	5.5
3753	4.5
3754	4
3755	3
3756	3
3757	1.5
3758	5.5
3759	4
3760	3
3761	2.5
3762	2.5
3763	1.5
3764	6
3765	4
3766	2.5
3767	2.5
3768	3.5
3769	1.5
3770	2.5
3771	1
3772	6
3773	6
3774	4
3775	1.5
3776	3
3777	1.5
3778	2.5
3779	3
3780	2
3781	2.5
3782	1.5
3783	3.5
3784	5
3785	4.5
3786	3
3787	3
3788	3.5
3789	5.5
3790	4.5
3791	5
3792	2.5
3793	5
3794	5
3795	2.5
3796	2.5
3797	3.5
3798	4
3799	3
3800	2.5
3801	2.5
3802	4.5
3803	3.5
3804	5.5
3805	3.5
3806	1.5
3807	4
3808	3.5
3809	3
3810	4.5
3811	4
3812	4
3813	3.5
3814	2.5
3815	3.5
3816	5
3817	5.5
3818	3
3819	3.5
3820	2.5
3821	4
3822	4
3823	2.5
3824	1.5
3825	5
3826	4
3827	5
3828	3.5
3829	1
3830	5.5
3831	2
3832	1
3833	5
3834	3.5
3835	2.5
3836	2
3837	5
3838	3
3839	3.5
3840	5
3841	3.5
3842	2
3843	1
3844	6
3845	5
3846	5
3847	3
3848	2.5
3849	5
3850	3
3851	4
3852	5
3853	3.5
3854	3
3855	3
3856	3.5
3857	3
3858	2
3859	5
3860	3.5
3861	4
3862	2.5
3863	2
3864	5
3865	3
3866	4.5
3867	3.5
3868	4.5
3869	4
3870	2.5
3871	4
3872	4.5
3873	4.5
3874	3
3875	4
3876	5
3877	2.5
3878	1.5
3879	2
3880	6
3881	3
3882	1.5
3883	2.5
3884	2.5
3885	3.5
3886	3.5
3887	1
3888	1.5
3889	3.5
3890	4.5
3891	3
3892	3.5
3893	2.5
3894	3
3895	3.5
3896	2
3897	3
3898	2.5
3899	2.5
3900	3.5
3901	5.5
3902	6
3903	4.5
3904	5
3905	1
3906	5
3907	4
3908	2
3909	4.5
3910	3.5
3911	4
3912	4.5
3913	3.5
3914	4
3915	4
3916	5
3917	3
3918	2.5
3919	3.5
3920	3.5
3921	1.5
3922	4.5
3923	3
3924	3.5
3925	4.5
3926	2
3927	3
3928	2.5
3929	3.5
3930	4.5
3931	2
3932	4.5
3933	5.5
3934	2
3935	2.5
3936	3.5
3937	5
3938	3
3939	3.5
3940	3
3941	3
3942	1
3943	5
3944	4.5
3945	5.5
3946	3
3947	4
3948	3
3949	3.5
3950	5
3951	5
3952	2.5
3953	4.5
3954	4
3955	5
3956	5.5
3957	2.5
3958	1.5
3959	4
3960	4.5
3961	3.5
3962	3
3963	2.5
3964	4
3965	4
3966	3.5
3967	6
3968	1
3969	3.5
3970	2.5
3971	2
3972	3
3973	1
3974	3.5
3975	3.5
3976	3.5
3977	5
3978	5
3979	4
3980	2
3981	4
3982	3
3983	2
3984	3
3985	3.5
3986	4.5
3987	2.5
3988	3
3989	2
3990	1
3991	4
3992	3.5
3993	4.5
3994	2.5
3995	5.5
3996	3
3997	3
3998	4.5
3999	3.5
4000	1
4001	1.5
4002	4.5
4003	3.5
4004	3
4005	2
4006	2
4007	3.5
4008	5.5
4009	1
4010	4
4011	4
4012	4
4013	4
4014	4.5
4015	3
4016	3
4017	5
4018	1.5
4019	3
4020	5.5
4021	3.5
4022	3
4023	6
4024	5.5
4025	3.5
4026	2
4027	3.5
4028	5.5
4029	6
4030	1.5
4031	2
4032	4
4033	2
4034	2.5
4035	4
4036	5
4037	3
4038	2
4039	3.5
4040	4.5
4041	1.5
4042	1.5
4043	5.5
4044	4
4045	5.5
4046	4
4047	1.5
4048	3.5
4049	4
4050	4.5
4051	2
4052	2.5
4053	2
4054	2.5
4055	4.5
4056	5
4057	4
4058	4
4059	3
4060	5
4061	3
4062	3
4063	2.5
4064	3.5
4065	5
4066	3
4067	3
4068	5.5
4069	3.5
4070	2
4071	2.5
4072	4
4073	2.5
4074	4.5
4075	5
4076	5
4077	5.5
4078	5
4079	4
4080	2
4081	4
4082	4
4083	2.5
4084	3.5
4085	2.5
4086	1.5
4087	2.5
4088	3.5
4089	3.5
4090	2
4091	4
4092	3.5
4093	3.5
4094	2.5
4095	5
4096	1.5
4097	3
4098	4.5
4099	1
4100	2
4101	3.5
4102	2.5
4103	6
4104	6
4105	5
4106	3.5
4107	2
4108	3.5
4109	4
4110	4
4111	3.5
4112	4
4113	3.5
4114	2
4115	3
4116	2.5
4117	3
4118	4
4119	4
4120	3.5
4121	4
4122	2
4123	5.5
4124	2.5
4125	4
4126	4
4127	2.5
4128	2
4129	4.5
4130	4.5
4131	5
4132	3
4133	1.5
4134	3.5
4135	3.5
4136	2.5
4137	4.5
4138	4
4139	4
4140	2.5
4141	4.5
4142	4.5
4143	3
4144	4.5
4145	3.5
4146	4
4147	4
4148	4
4149	3.5
4150	2.5
4151	3.5
4152	4
4153	4.5
4154	5
4155	2
4156	4
4157	4.5
4158	2.5
4159	2.5
4160	4
4161	3
4162	3.5
4163	1.5
4164	4.5
4165	3
4166	4.5
4167	3.5
4168	2
4169	4.5
4170	1.5
4171	5.5
4172	2.5
4173	5
4174	4
4175	4
4176	3.5
4177	3
4178	2
4179	3
4180	4.5
4181	5
4182	1.5
4183	2.5
4184	3.5
4185	1.5
4186	2
4187	3
4188	2
4189	3
4190	4.5
4191	5.5
4192	2.5
4193	3
4194	5.5
4195	2.5
4196	5.5
4197	4.5
4198	1.5
4199	4.5
4200	1.5
4201	3.5
4202	2.5
4203	3
4204	2.5
4205	4.5
4206	3.5
4207	3.5
4208	3.5
4209	3.5
4210	4
4211	3
4212	3.5
4213	4.5
4214	4.5
4215	2.5
4216	5.5
4217	3
4218	3.5
4219	3.5
4220	4
4221	3
4222	2.5
4223	1.5
4224	2.5
4225	4.5
4226	4.5
4227	3
4228	5
4229	2
4230	1.5
4231	3.5
4232	5
4233	3
4234	3
4235	3
4236	3.5
4237	2
4238	4
4239	5
4240	3.5
4241	4.5
4242	3
4243	4
4244	2.5
4245	3.5
4246	2.5
4247	2.5
4248	2.5
4249	4.5
4250	2
4251	3
4252	2.5
4253	3
4254	4.5
4255	4
4256	3.5
4257	2
4258	3.5
4259	4
4260	5.5
4261	3.5
4262	2.5
4263	2
4264	4
4265	3
4266	4
4267	4
4268	5.5
4269	3.5
4270	2
4271	3
4272	4.5
4273	4
4274	3
4275	5
4276	1.5
4277	4.5
4278	4.5
4279	3.5
4280	3
4281	4.5
4282	2
4283	2.5
4284	2.5
4285	4
4286	3.5
4287	3.5
4288	5.5
4289	6
4290	3
4291	3
4292	2.5
4293	4.5
4294	3
4295	2.5
4296	3
4297	4
4298	4
4299	3.5
4300	4
4301	4.5
4302	5.5
4303	5
4304	5
4305	3
4306	2
4307	3
4308	5
4309	3.5
4310	3
4311	3.5
4312	2.5
4313	4.5
4314	4
4315	2
4316	4
4317	4.5
4318	3.5
4319	3
4320	6
4321	4
4322	2
4323	3
4324	3
4325	2.5
4326	5.5
4327	2.5
4328	3.5
4329	3.5
4330	3.5
4331	1
4332	2
4333	3
4334	4
4335	4
4336	2
4337	2
4338	4
4339	5
4340	5
4341	3.5
4342	5.5
4343	3
4344	4.5
4345	2.5
4346	1
4347	3.5
4348	4
4349	5
4350	5
4351	4
4352	3
4353	2.5
4354	3.5
4355	4
4356	2
4357	5.5
4358	1.5
4359	3.5
4360	3.5
4361	5
4362	3.5
4363	3.5
4364	3.5
4365	4.5
4366	2.5
4367	2.5
4368	4.5
4369	3
4370	4.5
4371	3.5
4372	2
4373	3
4374	5.5
4375	3
4376	3.5
4377	2
4378	5
4379	1
4380	4.5
4381	4.5
4382	1.5
4383	5.5
4384	2.5
4385	3.5
4386	3
4387	3
4388	2.5
4389	2.5
4390	5.5
4391	4.5
4392	3
4393	2.5
4394	3
4395	2
4396	3
4397	2.5
4398	2.5
4399	3.5
4400	2.5
4401	2
4402	3
4403	3
4404	3.5
4405	4
4406	5
4407	3
4408	3.5
4409	2.5
4410	5.5
4411	4
4412	5
4413	3
4414	5
4415	4
4416	4
4417	2.5
4418	5
4419	3
4420	5
4421	3.5
4422	2.5
4423	3
4424	3.5
4425	3
4426	5.5
4427	2.5
4428	1
4429	2
4430	5.5
4431	5
4432	1.5
4433	3
4434	5
4435	4
4436	1
4437	2.5
4438	2.5
4439	2.5
4440	4
4441	4
4442	5
4443	4
4444	5
4445	3.5
4446	5
4447	2
4448	4
4449	2
4450	3.5
4451	5.5
4452	4
4453	3
4454	4
4455	2
4456	4.5
4457	2
4458	3.5
4459	3.5
4460	2
4461	2
4462	6
4463	3
4464	2.5
4465	4
4466	6
4467	3.5
4468	3
4469	1
4470	6
4471	5.5
4472	2.5
4473	2
4474	3
4475	4
4476	4
4477	2
4478	5.5
4479	3.5
4480	2.5
4481	2.5
4482	5.5
4483	5.5
4484	4
4485	5.5
4486	3
4487	4
4488	4
4489	3
4490	3
4491	4.5
4492	2.5
4493	3.5
4494	4
4495	5
4496	2
4497	3
4498	1
4499	2
4500	3
4501	4
4502	4.5
4503	3
4504	4
4505	4.5
4506	4.5
4507	3
4508	3.5
4509	3
4510	3.5
4511	3
4512	3
4513	4
4514	6
4515	3
4516	4
4517	4.5
4518	4
4519	4.5
4520	4
4521	3.5
4522	2
4523	2.5
4524	3.5
4525	3
4526	2
4527	4
4528	4
4529	2.5
4530	5.5
4531	1.5
4532	4.5
4533	3.5
4534	5
4535	5
4536	3
4537	4.5
4538	3
4539	3.5
4540	5.5
4541	4.5
4542	1
4543	3.5
4544	3.5
4545	2.5
4546	4
4547	2
4548	2.5
4549	3.5
4550	4.5
4551	3
4552	3.5
4553	3
4554	3
4555	4
4556	4.5
4557	5.5
4558	3.5
4559	4
4560	2
4561	4
4562	5.5
4563	3
4564	4
4565	4
4566	2.5
4567	2
4568	3.5
4569	4
4570	3.5
4571	3.5
4572	1.5
4573	6
4574	4
4575	2.5
4576	2.5
4577	5.5
4578	3.5
4579	4
4580	3.5
4581	5.5
4582	3
4583	3.5
4584	4.5
4585	4
4586	3.5
4587	2
4588	6
4589	4
4590	3.5
4591	4.5
4592	5.5
4593	3.5
4594	5
4595	6
4596	5.5
4597	3.5
4598	2
4599	4.5
4600	4
4601	5
4602	4.5
4603	3
4604	5
4605	3
4606	2
4607	2.5
4608	2.5
4609	2.5
4610	5
4611	4
4612	1.5
4613	4
4614	6
4615	1.5
4616	4.5
4617	2.5
4618	4.5
4619	5
4620	6
4621	4
4622	1.5
4623	3.5
4624	1.5
4625	5
4626	3.5
4627	2
4628	2.5
4629	5.5
4630	2
4631	5.5
4632	2.5
4633	3
4634	3
4635	2.5
4636	3.5
4637	3.5
4638	3
4639	3.5
4640	2.5
4641	4
4642	2.5
4643	5.5
4644	6
4645	4.5
4646	6
4647	6
4648	3
4649	4.5
4650	3.5
4651	2
4652	3.5
4653	4
4654	3
4655	5.5
4656	6
4657	5
4658	1.5
4659	2.5
4660	5
4661	2.5
4662	5
4663	4.5
4664	3
4665	2
4666	3
4667	3.5
4668	2
4669	4.5
4670	4
4671	5
4672	5.5
4673	2.5
4674	1.5
4675	4.5
4676	3
4677	5
4678	2.5
4679	3
4680	1.5
4681	3.5
4682	4.5
4683	4.5
4684	3
4685	3.5
4686	1.5
4687	5.5
4688	4
4689	3.5
4690	3.5
4691	3.5
4692	3
4693	2.5
4694	4
4695	2.5
4696	4.5
4697	3.5
4698	5
4699	2
4700	4.5
4701	2.5
4702	3.5
4703	6
4704	4
4705	1.5
4706	3.5
4707	4.5
4708	5.5
4709	4.5
4710	4
4711	3
4712	2
4713	4
4714	4
4715	3.5
4716	3
4717	2.5
4718	6
4719	3
4720	1.5
4721	5.5
4722	2.5
4723	1.5
4724	3.5
4725	2
4726	1
4727	1.5
4728	1.5
4729	4.5
4730	3
4731	5.5
4732	3
4733	5
4734	4
4735	5
4736	2
4737	4
4738	3.5
4739	5
4740	4
4741	1
4742	4.5
4743	3.5
4744	4
4745	2
4746	2.5
4747	3
4748	4
4749	3.5
4750	6
4751	2.5
4752	2
4753	5
4754	2
4755	3
4756	5
4757	4
4758	2
4759	3.5
4760	4.5
4761	4.5
4762	1.5
4763	3
4764	4
4765	3
4766	4
4767	3
4768	3
4769	4.5
4770	6
4771	3
4772	3.5
4773	3.5
4774	3
4775	3.5
4776	3.5
4777	6
4778	2.5
4779	2
4780	4.5
4781	3
4782	5
4783	4
4784	2.5
4785	2
4786	3.5
4787	5
4788	3
4789	3.5
4790	4.5
4791	5
4792	4.5
4793	4
4794	6
4795	3.5
4796	2.5
4797	1.5
4798	3
4799	4.5
4800	5.5
4801	3.5
4802	1
4803	6
4804	1
4805	4
4806	4
4807	4
4808	2.5
4809	2
4810	3.5
4811	2
4812	3.5
4813	2
4814	4
4815	3.5
4816	4
4817	4.5
4818	5
4819	5
4820	4.5
4821	3.5
4822	5.5
4823	4.5
4824	3.5
4825	1.5
4826	3
4827	2
4828	1
4829	3.5
4830	1.5
4831	3.5
4832	3.5
4833	4.5
4834	3.5
4835	4
4836	3
4837	3.5
4838	3
4839	4.5
4840	1.5
4841	5
4842	1.5
4843	3.5
4844	3
4845	2.5
4846	2
4847	2.5
4848	4.5
4849	2.5
4850	2
4851	5.5
4852	4.5
4853	3.5
4854	2
4855	2
4856	2.5
4857	2.5
4858	2
4859	3.5
4860	3
4861	2
4862	2
4863	5
4864	2.5
4865	3
4866	4
4867	5
4868	3.5
4869	3
4870	2.5
4871	3.5
4872	3
4873	4.5
4874	5.5
4875	1.5
4876	5
4877	1.5
4878	5.5
4879	4.5
4880	5
4881	4
4882	3.5
4883	3
4884	3
4885	4
4886	4
4887	3.5
4888	2
4889	2.5
4890	3
4891	5
4892	1.5
4893	5.5
4894	2.5
4895	2
4896	2
4897	2.5
4898	3.5
4899	1
4900	4
4901	3.5
4902	2.5
4903	2.5
4904	2
4905	2.5
4906	4
4907	2
4908	4
4909	2.5
4910	5
4911	3
4912	4
4913	1.5
4914	3.5
4915	2
4916	4
4917	5
4918	1.5
4919	2
4920	4.5
4921	4
4922	2
4923	4
4924	3
4925	3.5
4926	1.5
4927	2
4928	2
4929	3
4930	3
4931	4
4932	5
4933	3
4934	5
4935	3.5
4936	4.5
4937	6
4938	5.5
4939	5.5
4940	1
4941	5.5
4942	3
4943	2
4944	3
4945	4
4946	1.5
4947	5.5
4948	5
4949	5
4950	3.5
4951	2.5
4952	5
4953	4
4954	4.5
4955	5.5
4956	2.5
4957	1.5
4958	3
4959	5
4960	2.5
4961	5.5
4962	4
4963	5
4964	4
4965	4
4966	3.5
4967	5.5
4968	3
4969	3
4970	2.5
4971	2.5
4972	4
4973	1.5
4974	5.5
4975	3
4976	2
4977	2
4978	2
4979	2
4980	3
4981	2.5
4982	3.5
4983	2
4984	4.5
4985	3
4986	3.5
4987	4.5
4988	2
4989	4
4990	3.5
4991	2.5
4992	4
4993	5.5
4994	2.5
4995	6
4996	4
4997	4
4998	4
4999	3
5000	1.5
5001	1.5
5002	5
5003	4
5004	4.5
5005	4
5006	1
5007	4
5008	4.5
5009	2.5
5010	3.5
5011	4.5
5012	3.5
5013	3.5
5014	3
5015	2
5016	3.5
5017	2.5
5018	2.5
5019	6
5020	2.5
5021	2
5022	1.5
5023	3
5024	4.5
5025	4.5
5026	4
5027	2.5
5028	4
5029	3
5030	3
5031	3.5
5032	2.5
5033	1
5034	5
5035	4.5
5036	6
5037	5
5038	3
5039	4
5040	4
5041	3.5
5042	4.5
5043	4
5044	3.5
5045	4
5046	5.5
5047	1
5048	3
5049	4
5050	2.5
5051	2.5
5052	4.5
5053	3.5
5054	4.5
5055	3
5056	3.5
5057	4
5058	2.5
5059	3.5
5060	4
5061	5
5062	5.5
5063	6
5064	3.5
5065	3
5066	4
5067	4.5
5068	2
5069	4
5070	3.5
5071	3
5072	2.5
5073	2
5074	4.5
5075	3
5076	5
5077	1.5
5078	3
5079	4.5
5080	3.5
5081	3
5082	4
5083	4.5
5084	4
5085	4.5
5086	3.5
5087	4.5
5088	1
5089	4
5090	4
5091	5
5092	2.5
5093	3.5
5094	4.5
5095	4
5096	5.5
5097	4
5098	2
5099	5
5100	4.5
5101	2.5
5102	2.5
5103	2
5104	4
5105	4.5
5106	3
5107	1.5
5108	3.5
5109	2.5
5110	5
5111	4.5
5112	3.5
5113	4.5
5114	3.5
5115	4
5116	5.5
5117	3
5118	4
5119	3.5
5120	5
5121	2
5122	2.5
5123	4.5
5124	4
5125	2.5
5126	3
5127	4.5
5128	6
5129	3.5
5130	3
5131	2.5
5132	4.5
5133	4
5134	2.5
5135	5.5
5136	3.5
5137	2
5138	3.5
5139	2
5140	5
5141	4
5142	3
5143	3.5
5144	4.5
5145	4
5146	5
5147	2
5148	4
5149	3
5150	6
5151	3
5152	4.5
5153	2
5154	4
5155	5.5
5156	4.5
5157	4.5
5158	4
5159	4.5
5160	4.5
5161	3
5162	5.5
5163	6
5164	4
5165	6
5166	3.5
5167	1.5
5168	3.5
5169	4
5170	5.5
5171	5.5
5172	4.5
5173	4.5
5174	5
5175	3.5
5176	3.5
5177	5
5178	3
5179	2.5
5180	1
5181	1
5182	5
5183	3
5184	1.5
5185	1.5
5186	2.5
5187	4.5
5188	4.5
5189	4.5
5190	4.5
5191	2
5192	2.5
5193	3
5194	5
5195	4
5196	4
5197	4
5198	2.5
5199	1.5
5200	3
5201	2.5
5202	3
5203	3
5204	4.5
5205	3.5
5206	3.5
5207	3
5208	4.5
5209	3
5210	2.5
5211	4
5212	2.5
5213	2
5214	3.5
5215	3.5
5216	4
5217	6
5218	3.5
5219	5.5
5220	5
5221	3
5222	1.5
5223	2.5
5224	2.5
5225	3
5226	4
5227	2
5228	4
5229	3.5
5230	4.5
5231	3
5232	3.5
5233	4.5
5234	1.5
5235	2
5236	3.5
5237	3.5
5238	3.5
5239	4
5240	1.5
5241	4.5
5242	3.5
5243	3
5244	4
5245	3
5246	5
5247	2.5
5248	3.5
5249	4.5
5250	4.5
5251	3
5252	4
5253	5
5254	5
5255	5
5256	2.5
5257	4
5258	4
5259	5.5
5260	1.5
5261	4.5
5262	3
5263	2
5264	4
5265	2.5
5266	4.5
5267	3
5268	3
5269	2.5
5270	2
5271	3.5
5272	3.5
5273	1.5
5274	3
5275	2
5276	4.5
5277	6
5278	2
5279	3.5
5280	3.5
5281	4
5282	3
5283	5
5284	3.5
5285	5.5
5286	3
5287	6
5288	2.5
5289	3
5290	1.5
5291	3.5
5292	3
5293	2
5294	5.5
5295	1.5
5296	4
5297	1.5
5298	2.5
5299	5
5300	4
5301	5
5302	4
5303	1.5
5304	2
5305	2.5
5306	4
5307	3.5
5308	1
5309	5
5310	3
5311	1.5
5312	5.5
5313	3
5314	1.5
5315	3.5
5316	4
5317	4
5318	4.5
5319	5.5
5320	6
5321	2.5
5322	4.5
5323	5
5324	3.5
5325	2.5
5326	3
5327	6
5328	5
5329	4
5330	2.5
5331	5.5
5332	3.5
5333	2.5
5334	4
5335	6
5336	3
5337	3.5
5338	5
5339	4.5
5340	3
5341	6
5342	4
5343	4
5344	1
5345	2.5
5346	5
5347	2
5348	2
5349	2.5
5350	5.5
5351	3
5352	4
5353	5
5354	5.5
5355	3.5
5356	4.5
5357	4.5
5358	3.5
5359	4
5360	4.5
5361	1
5362	3
5363	3
5364	4
5365	1
5366	3.5
5367	3.5
5368	3.5
5369	3
5370	3.5
5371	1.5
5372	5.5
5373	5
5374	6
5375	4.5
5376	4.5
5377	3.5
5378	3
5379	4.5
5380	2
5381	2
5382	3
5383	3
5384	5
5385	4.5
5386	1.5
5387	2.5
5388	3.5
5389	3
5390	4.5
5391	4.5
5392	4
5393	3.5
5394	4
5395	4.5
5396	3
5397	3.5
5398	3
5399	3.5
5400	3.5
5401	3.5
5402	3.5
5403	1.5
5404	2
5405	4
5406	3.5
5407	2.5
5408	6
5409	5.5
5410	3.5
5411	4
5412	5.5
5413	2
5414	5.5
5415	3.5
5416	3.5
5417	1.5
5418	4.5
5419	3
5420	3.5
5421	4.5
5422	1
5423	3
5424	3.5
5425	5
5426	3.5
5427	3.5
5428	2
5429	3
5430	3
5431	2.5
5432	4
5433	3.5
5434	6
5435	5
5436	3
5437	3.5
5438	1.5
5439	3
5440	6
5441	5
5442	3.5
5443	4.5
5444	3
5445	3
5446	4.5
5447	1.5
5448	5
5449	3
5450	4.5
5451	6
5452	5.5
5453	2.5
5454	5
5455	3.5
5456	2.5
5457	5
5458	3
5459	4
5460	6
5461	4
5462	4
5463	2
5464	3.5
5465	3
5466	3.5
5467	3.5
5468	4
5469	2
5470	2
5471	3.5
5472	3.5
5473	4.5
5474	4.5
5475	3
5476	6
5477	3
5478	3.5
5479	5
5480	3.5
5481	1.5
5482	4
5483	5
5484	5
5485	2
5486	4
5487	4
5488	2.5
5489	2.5
5490	3.5
5491	4.5
5492	3.5
5493	2
5494	5
5495	3
5496	4
5497	3
5498	3.5
5499	3
5500	3.5
5501	2
5502	2.5
5503	4
5504	5.5
5505	3.5
5506	3
5507	2.5
5508	2.5
5509	3.5
5510	2.5
5511	2.5
5512	4.5
5513	4
5514	3.5
5515	6
5516	3
5517	5.5
5518	1.5
5519	4.5
5520	3.5
5521	4.5
5522	3.5
5523	1.5
5524	1.5
5525	3
5526	1.5
5527	4.5
5528	1
5529	3
5530	4.5
5531	5.5
5532	5
5533	4.5
5534	3
5535	3.5
5536	2
5537	5
5538	5
5539	2.5
5540	4.5
5541	4.5
5542	3.5
5543	4
5544	5
5545	4
5546	5
5547	1
5548	5.5
5549	4.5
5550	1.5
5551	2
5552	3
5553	4.5
5554	1.5
5555	2.5
5556	4
5557	3.5
5558	3.5
5559	2
5560	5
5561	4
5562	2.5
5563	3.5
5564	2.5
5565	3
5566	2.5
5567	2
5568	4
5569	2
5570	1.5
5571	4
5572	5
5573	4
5574	3
5575	6
5576	3.5
5577	3
5578	4.5
5579	4.5
5580	5
5581	2
5582	4
5583	4.5
5584	2.5
5585	5.5
5586	4.5
5587	3
5588	5
5589	3
5590	3
5591	2.5
5592	3
5593	3.5
5594	3.5
5595	2.5
5596	2
5597	5
5598	3
5599	4.5
5600	4.5
5601	3.5
5602	3.5
5603	3.5
5604	4
5605	1
5606	3.5
5607	2
5608	1.5
5609	1.5
5610	4.5
5611	3.5
5612	3.5
5613	3
5614	3.5
5615	3.5
5616	3.5
5617	3.5
5618	3
5619	3.5
5620	1.5
5621	4
5622	4
5623	1
5624	2.5
5625	3
5626	3
5627	3.5
5628	4
5629	2.5
5630	1.5
5631	4
5632	1.5
5633	2.5
5634	3
5635	4
5636	2
5637	5
5638	4.5
5639	5.5
5640	5.5
5641	2
5642	5
5643	1.5
5644	2.5
5645	4
5646	6
5647	5.5
5648	2.5
5649	4.5
5650	2.5
5651	4.5
5652	3
5653	4.5
5654	1.5
5655	2
5656	4
5657	2
5658	3.5
5659	3
5660	4
5661	5.5
5662	5.5
5663	5.5
5664	4
5665	5
5666	5.5
5667	3.5
5668	2.5
5669	5
5670	4
5671	4.5
5672	1.5
5673	2.5
5674	4.5
5675	4
5676	4.5
5677	4
5678	2.5
5679	5
5680	3
5681	3
5682	3.5
5683	3.5
5684	5
5685	3.5
5686	3.5
5687	1.5
5688	5.5
5689	2.5
5690	5
5691	4
5692	1
5693	4.5
5694	1.5
5695	5.5
5696	3
5697	5.5
5698	3.5
5699	3.5
5700	4.5
5701	4
5702	3.5
5703	5.5
5704	6
5705	5
5706	6
5707	3.5
5708	3
5709	1.5
5710	3.5
5711	4.5
5712	3.5
5713	3
5714	1
5715	4.5
5716	4.5
5717	3
5718	4
5719	4
5720	4
5721	3.5
5722	4.5
5723	2.5
5724	2
5725	4
5726	1.5
5727	3
5728	5.5
5729	2.5
5730	5.5
5731	3.5
5732	3.5
5733	3
5734	4
5735	4.5
5736	2.5
5737	3
5738	5.5
5739	5
5740	3.5
5741	2.5
5742	4
5743	3
5744	5.5
5745	4
5746	3
5747	4.5
5748	3.5
5749	3
5750	3.5
5751	2.5
5752	2.5
5753	5
5754	6
5755	3.5
5756	5
5757	5.5
5758	5
5759	3
5760	5
5761	2
5762	4
5763	3.5
5764	3.5
5765	4.5
5766	5
5767	4.5
5768	5
5769	5
5770	2.5
5771	5.5
5772	2
5773	2.5
5774	3
5775	4
5776	4
5777	3.5
5778	2
5779	3.5
5780	4.5
5781	5.5
5782	4.5
5783	3.5
5784	1.5
5785	2
5786	4
5787	4
5788	5
5789	3.5
5790	4
5791	2.5
5792	4.5
5793	3
5794	5
5795	2.5
5796	5.5
5797	3.5
5798	1.5
5799	3
5800	2.5
5801	2.5
5802	2.5
5803	5
5804	4
5805	2.5
5806	2
5807	3.5
5808	4
5809	3
5810	2
5811	5.5
5812	4.5
5813	2.5
5814	4.5
5815	5
5816	2
5817	2.5
5818	4.5
5819	2.5
5820	1.5
5821	3
5822	3
5823	4
5824	5.5
5825	3
5826	5.5
5827	5.5
5828	2
5829	3.5
5830	5.5
5831	4.5
5832	5
5833	2.5
5834	4.5
5835	4
5836	2
5837	3
5838	4
5839	3.5
5840	3
5841	5
5842	4
5843	4.5
5844	4.5
5845	4.5
5846	3.5
5847	3.5
5848	4.5
5849	4
5850	3.5
5851	4.5
5852	3
5853	4
5854	4
5855	3.5
5856	2
5857	4.5
5858	2
5859	2.5
5860	5.5
5861	2.5
5862	4.5
5863	3.5
5864	3
5865	5
5866	2
5867	4.5
5868	2.5
5869	3.5
5870	3
5871	3
5872	3
5873	1.5
5874	4.5
5875	3.5
5876	3.5
5877	3
5878	6
5879	2
5880	4
5881	2.5
5882	2
5883	2
5884	4.5
5885	5
5886	3.5
5887	3
5888	2
5889	5
5890	3.5
5891	5.5
5892	4
5893	3
5894	4.5
5895	5.5
5896	1.5
5897	3.5
5898	4
5899	5
5900	4.5
5901	5.5
5902	1.5
5903	2.5
5904	4
5905	1.5
5906	3.5
5907	3.5
5908	2
5909	2.5
5910	2
5911	1
5912	6
5913	6
5914	2.5
5915	3.5
5916	6
5917	4
5918	3.5
5919	4
5920	1
5921	1.5
5922	5.5
5923	4.5
5924	3
5925	5
5926	2
5927	3.5
5928	1.5
5929	4
5930	3.5
5931	3
5932	4
5933	5
5934	3.5
5935	5
5936	4
5937	3
5938	3
5939	3.5
5940	4.5
5941	2.5
5942	4.5
5943	4.5
5944	3.5
5945	4.5
5946	2.5
5947	4.5
5948	3
5949	3
5950	3
5951	1
5952	1.5
5953	1.5
5954	4.5
5955	3
5956	3.5
5957	2.5
5958	4
5959	4.5
5960	4
5961	2
5962	3
5963	5
5964	2.5
5965	5
5966	4
5967	4.5
5968	3
5969	3
5970	2.5
5971	4
5972	5
5973	4.5
5974	1.5
5975	4
5976	4
5977	4
5978	3.5
5979	4
5980	1.5
5981	5
5982	4
5983	4
5984	4.5
5985	3
5986	1.5
5987	4.5
5988	3
5989	5
5990	5
5991	3
5992	3
5993	3
5994	5.5
5995	3
5996	3.5
5997	2.5
5998	5
5999	5
6000	3.5
6001	4
6002	1.5
6003	5.5
6004	5
6005	2.5
6006	3.5
6007	3.5
6008	5.5
6009	3.5
6010	4
6011	3.5
6012	5
6013	4.5
6014	4
6015	4
6016	2.5
6017	3
6018	4
6019	3.5
6020	3.5
6021	5
6022	5
6023	3.5
6024	5.5
6025	4
6026	2
6027	3.5
6028	4.5
6029	3.5
6030	2
6031	5
6032	2
6033	3
6034	5.5
6035	1
6036	2.5
6037	3.5
6038	3
6039	1.5
6040	1
6041	4
6042	3.5
6043	5.5
6044	3.5
6045	2
6046	6
6047	5
6048	5.5
6049	2.5
6050	1.5
6051	3
6052	4.5
6053	3.5
6054	5
6055	2.5
6056	3
6057	5.5
6058	3.5
6059	2
6060	3
6061	5
6062	2.5
6063	3.5
6064	3.5
6065	3.5
6066	2.5
6067	4.5
6068	3
6069	3.5
6070	2
6071	4.5
6072	4.5
6073	2
6074	6
6075	4
6076	5
6077	2.5
6078	5.5
6079	3.5
6080	4
6081	3
6082	4.5
6083	5
6084	3.5
6085	6
6086	6
6087	6
6088	4
6089	3.5
6090	1.5
6091	2
6092	2
6093	2.5
6094	1.5
6095	3
6096	2.5
6097	4.5
6098	4
6099	2.5
6100	3
6101	3
6102	4
6103	4.5
6104	3
6105	5.5
6106	3
6107	3.5
6108	4.5
6109	1
6110	2
6111	3
6112	2.5
6113	6
6114	3
6115	3
6116	4
6117	3.5
6118	4.5
6119	6
6120	3
6121	5
6122	4.5
6123	4
6124	4.5
6125	1.5
6126	2.5
6127	4
6128	5.5
6129	5
6130	5
6131	5.5
6132	4
6133	4
6134	4
6135	6
6136	3
6137	3.5
6138	4
6139	3
6140	4.5
6141	3.5
6142	3.5
6143	3.5
6144	2.5
6145	4
6146	4.5
6147	5
6148	1.5
6149	3.5
6150	3
6151	3.5
6152	3
6153	4
6154	1
6155	4
6156	4
6157	3.5
6158	5
6159	3.5
6160	5.5
6161	3.5
6162	6
6163	4
6164	3.5
6165	3
6166	5
6167	3.5
6168	4.5
6169	3
6170	3
6171	5.5
6172	4
6173	3
6174	3
6175	3.5
6176	4
6177	1.5
6178	1
6179	4.5
6180	3.5
6181	4
6182	4
6183	1.5
6184	2.5
6185	4
6186	3
6187	4
6188	3.5
6189	5.5
6190	4
6191	3
6192	4.5
6193	5
6194	2.5
6195	3.5
6196	2.5
6197	2
6198	2
6199	3
6200	5.5
6201	4.5
6202	3.5
6203	4
6204	5.5
6205	4
6206	1
6207	4.5
6208	4
6209	4.5
6210	3.5
6211	4.5
6212	3
6213	4.5
6214	5.5
6215	2.5
6216	2
6217	3.5
6218	5.5
6219	3
6220	3.5
6221	4.5
6222	3.5
6223	2.5
6224	3
6225	2
6226	3.5
6227	2.5
6228	2
6229	3
6230	5.5
6231	2
6232	4
6233	3.5
6234	2
6235	4.5
6236	2.5
6237	2
6238	3.5
6239	4.5
6240	2
6241	5.5
6242	3.5
6243	4
6244	5
6245	4
6246	3
6247	5
6248	5
6249	4
6250	4
6251	5.5
6252	4
6253	4
6254	3.5
6255	2
6256	4.5
6257	4
6258	6
6259	3.5
6260	4.5
6261	1.5
6262	5
6263	3.5
6264	4
6265	2
6266	3
6267	6
6268	2.5
6269	2.5
6270	4
6271	4.5
6272	3
6273	3.5
6274	4
6275	3
6276	4.5
6277	3
6278	2
6279	4
6280	2
6281	5
6282	4
6283	5
6284	4
6285	2.5
6286	4
6287	1.5
6288	1.5
6289	2
6290	3
6291	3.5
6292	3.5
6293	5
6294	3.5
6295	4
6296	2.5
6297	3.5
6298	2
6299	2
6300	5.5
6301	2.5
6302	3.5
6303	2.5
6304	4.5
6305	3.5
6306	3.5
6307	4
6308	1.5
6309	4.5
6310	1
6311	6
6312	3.5
6313	5
6314	2.5
6315	3
6316	4.5
6317	3
6318	3
6319	1
6320	4.5
6321	2
6322	4.5
6323	3
6324	5
6325	4
6326	3
6327	3
6328	4.5
6329	3.5
6330	4
6331	4
6332	2
6333	3.5
6334	1
6335	5.5
6336	1.5
6337	5
6338	5.5
6339	1.5
6340	5.5
6341	1.5
6342	4.5
6343	6
6344	2
6345	3.5
6346	3.5
6347	3.5
6348	4
6349	4
6350	5.5
6351	4.5
6352	3.5
6353	4.5
6354	2
6355	3.5
6356	2.5
6357	3.5
6358	5.5
6359	1.5
6360	3.5
6361	3
6362	1.5
6363	6
6364	4
6365	6
6366	3.5
6367	2
6368	3
6369	2.5
6370	3
6371	5.5
6372	3.5
6373	4.5
6374	2.5
6375	2
6376	5
6377	2.5
6378	4.5
6379	3.5
6380	2.5
6381	4.5
6382	3
6383	2.5
6384	5.5
6385	4
6386	2
6387	5.5
6388	2.5
6389	3
6390	4
6391	3.5
6392	3.5
6393	3
6394	1.5
6395	4.5
6396	3.5
6397	2.5
6398	4.5
6399	5
6400	3
6401	4.5
6402	3
6403	3
6404	4
6405	3.5
6406	2
6407	3.5
6408	5
6409	3
6410	5
6411	5
6412	4
6413	5.5
6414	4.5
6415	5.5
6416	2
6417	3.5
6418	3.5
6419	1.5
6420	5
6421	2.5
6422	1.5
6423	1.5
6424	2.5
6425	2
6426	2
6427	2.5
6428	1.5
6429	3.5
6430	3.5
6431	5.5
6432	4.5
6433	5
6434	3
6435	6
6436	1.5
6437	2.5
6438	5.5
6439	5.5
6440	2.5
6441	4
6442	4.5
6443	1.5
6444	5.5
6445	1.5
6446	3
6447	3.5
6448	3.5
6449	2.5
6450	5.5
6451	3.5
6452	2.5
6453	3
6454	4
6455	3.5
6456	2
6457	2
6458	2.5
6459	2
6460	1
6461	4.5
6462	4
6463	6
6464	5
6465	1.5
6466	4
6467	3
6468	4.5
6469	3
6470	4.5
6471	3
6472	3.5
6473	3
6474	3
6475	3.5
6476	2
6477	5
6478	3
6479	3
6480	2
6481	1.5
6482	2.5
6483	1.5
6484	5.5
6485	4
6486	2.5
6487	2
6488	2.5
6489	4
6490	5
6491	2
6492	1.5
6493	4
6494	4.5
6495	4
6496	4
6497	3.5
6498	2
6499	2.5
6500	5
6501	1.5
6502	3.5
6503	4.5
6504	2.5
6505	1.5
6506	2
6507	4.5
6508	4
6509	3
6510	1
6511	2
6512	5
6513	3
6514	1.5
6515	3
6516	3.5
6517	3
6518	4
6519	6
6520	5.5
6521	3.5
6522	3.5
6523	3.5
6524	3.5
6525	3
6526	2
6527	3
6528	3
6529	4
6530	4
6531	4
6532	4
6533	4
6534	5.5
6535	3.5
6536	1
6537	5
6538	2.5
6539	3.5
6540	4
6541	4.5
6542	3
6543	2
6544	1.5
6545	3.5
6546	2
6547	2
6548	3
6549	4
6550	5.5
6551	6
6552	5.5
6553	2.5
6554	1.5
6555	3.5
6556	3.5
6557	2
6558	1.5
6559	4.5
6560	3
6561	4
6562	3.5
6563	3.5
6564	3.5
6565	2.5
6566	2.5
6567	5
6568	4
6569	4.5
6570	2
6571	3.5
6572	2.5
6573	2
6574	2
6575	5.5
6576	3.5
6577	4.5
6578	3
6579	1
6580	3.5
6581	4
6582	4
6583	1.5
6584	3.5
6585	3.5
6586	2
6587	3
6588	3.5
6589	2
6590	1
6591	5
6592	2
6593	5
6594	3.5
6595	3
6596	4
6597	3.5
6598	4.5
6599	3
6600	4.5
6601	2
6602	4.5
6603	4.5
6604	1.5
6605	3
6606	3.5
6607	6
6608	2
6609	4
6610	4
6611	3
6612	4.5
6613	1.5
6614	4.5
6615	3.5
6616	5
6617	3
6618	4
6619	2.5
6620	2.5
6621	1.5
6622	5.5
6623	3.5
6624	3
6625	6
6626	4
6627	2
6628	3.5
6629	5
6630	2.5
6631	5.5
6632	4.5
6633	3.5
6634	1.5
6635	2
6636	4
6637	4
6638	4
6639	5.5
6640	1
6641	3
6642	2.5
6643	3.5
6644	2.5
6645	4
6646	3
6647	1.5
6648	2.5
6649	3.5
6650	3
6651	2
6652	5
6653	4
6654	2.5
6655	5.5
6656	3.5
6657	3.5
6658	1.5
6659	3
6660	5.5
6661	3
6662	2
6663	3.5
6664	2.5
6665	3
6666	4.5
6667	4
6668	4.5
6669	2
6670	4
6671	4.5
6672	5
6673	4
6674	4.5
6675	5
6676	1.5
6677	5
6678	3.5
6679	3
6680	5
6681	2.5
6682	3.5
6683	3
6684	4
6685	5.5
6686	3
6687	4.5
6688	4.5
6689	4
6690	4.5
6691	6
6692	2
6693	5
6694	3.5
6695	2
6696	6
6697	3.5
6698	4.5
6699	4.5
6700	3.5
6701	3
6702	3
6703	3.5
6704	5.5
6705	4
6706	5
6707	4.5
6708	1.5
6709	3
6710	1.5
6711	1.5
6712	3
6713	5.5
6714	3
6715	3
6716	4.5
6717	1
6718	2.5
6719	4
6720	3.5
6721	4.5
6722	4
6723	4
6724	5
6725	5
6726	3.5
6727	4.5
6728	4
6729	5
6730	1.5
6731	3.5
6732	5
6733	5
6734	3
6735	1.5
6736	2.5
6737	3
6738	2.5
6739	3.5
6740	5
6741	2
6742	1.5
6743	2.5
6744	4.5
6745	4
6746	1.5
6747	2.5
6748	1
6749	3.5
6750	4.5
6751	1.5
6752	3
6753	3
6754	1.5
6755	1.5
6756	5.5
6757	2
6758	6
6759	3.5
6760	5.5
6761	2
6762	2.5
6763	1
6764	5
6765	2
6766	4
6767	4
6768	2
6769	1.5
6770	5
6771	4
6772	4.5
6773	5
6774	4.5
6775	3
6776	2
6777	3.5
6778	5
6779	4.5
6780	3
6781	5
6782	4
6783	2.5
6784	2.5
6785	3
6786	3.5
6787	5.5
6788	4
6789	5.5
6790	3
6791	3.5
6792	4
6793	4
6794	2.5
6795	4.5
6796	2
6797	5
6798	4.5
6799	3
6800	2
6801	2.5
6802	4
6803	3.5
6804	3.5
6805	2
6806	4
6807	1.5
6808	5.5
6809	2
6810	4
6811	3.5
6812	1
6813	4
6814	2.5
6815	5
6816	3.5
6817	3.5
6818	2.5
6819	2.5
6820	4
6821	5.5
6822	2.5
6823	3.5
6824	1.5
6825	5.5
6826	4
6827	4.5
6828	3.5
6829	4.5
6830	1.5
6831	2
6832	1.5
6833	1.5
6834	2
6835	3.5
6836	3
6837	1.5
6838	3
6839	3.5
6840	2.5
6841	3.5
6842	4.5
6843	3
6844	6
6845	4.5
6846	6
6847	5.5
6848	1.5
6849	5.5
6850	5
6851	4.5
6852	4
6853	3.5
6854	2.5
6855	2.5
6856	3
6857	2.5
6858	4.5
6859	4
6860	5.5
6861	3.5
6862	5.5
6863	1.5
6864	5
6865	3.5
6866	5.5
6867	2.5
6868	3.5
6869	3.5
6870	3
6871	3
6872	3
6873	3.5
6874	4
6875	5
6876	1.5
6877	2
6878	5
6879	4.5
6880	4.5
6881	3.5
6882	2
6883	2
6884	4.5
6885	5
6886	4.5
6887	3
6888	4
6889	5
6890	1.5
6891	2.5
6892	5.5
6893	3
6894	4
6895	3
6896	5
6897	4.5
6898	1.5
6899	2.5
6900	3
6901	3
6902	6
6903	2.5
6904	2.5
6905	2
6906	4.5
6907	5.5
6908	5
6909	2
6910	3
6911	6
6912	3
6913	2.5
6914	1.5
6915	5.5
6916	2.5
6917	3
6918	2
6919	4.5
6920	3.5
6921	4
6922	5.5
6923	3
6924	2
6925	4.5
6926	3.5
6927	4
6928	1
6929	5
6930	3
6931	5.5
6932	3.5
6933	5
6934	5
6935	1
6936	3.5
6937	4.5
6938	3.5
6939	6
6940	4
6941	2
6942	2.5
6943	3.5
6944	2.5
6945	5
6946	4
6947	5.5
6948	6
6949	2.5
6950	4
6951	5
6952	5
6953	4.5
6954	5
6955	2
6956	4.5
6957	3.5
6958	4.5
6959	3
6960	2.5
6961	2
6962	2
6963	2.5
6964	1.5
6965	5
6966	3.5
6967	2
6968	5.5
6969	1
6970	5
6971	2.5
6972	4.5
6973	4
6974	4.5
6975	2
6976	2
6977	4.5
6978	3.5
6979	2.5
6980	4
6981	5.5
6982	5.5
6983	3.5
6984	3
6985	4
6986	3.5
6987	4.5
6988	3.5
6989	2
6990	2
6991	3.5
6992	2.5
6993	4
6994	4
6995	4.5
6996	3
6997	3
6998	3
6999	2.5
7000	2
7001	3.5
7002	4.5
7003	2
7004	2.5
7005	3.5
7006	6
7007	2
7008	4.5
7009	3
7010	2
7011	4
7012	3
7013	3
7014	2.5
7015	2.5
7016	4
7017	4.5
7018	2.5
7019	4
7020	4
7021	1.5
7022	2
7023	4.5
7024	2
7025	4.5
7026	2.5
7027	4
7028	2
7029	5
7030	3
7031	3
7032	4
7033	4.5
7034	3.5
7035	4
7036	3
7037	3.5
7038	3.5
7039	2
7040	2
7041	1
7042	2.5
7043	3.5
7044	2.5
7045	3.5
7046	4
7047	3.5
7048	2.5
7049	2.5
7050	4.5
7051	5.5
7052	2.5
7053	2.5
7054	5
7055	6
7056	3
7057	3
7058	4
7059	2
7060	3.5
7061	1.5
7062	1.5
7063	3
7064	3.5
7065	6
7066	2
7067	4.5
7068	3.5
7069	3.5
7070	1
7071	1.5
7072	2
7073	4
7074	2
7075	2.5
7076	4
7077	2.5
7078	3.5
7079	5
7080	6
7081	2
7082	1.5
7083	2
7084	4.5
7085	4.5
7086	3
7087	1.5
7088	2.5
7089	1.5
7090	2
7091	4
7092	3
7093	5
7094	3
7095	4
7096	3.5
7097	3
7098	2.5
7099	4.5
7100	2.5
7101	3.5
7102	4
7103	3.5
7104	5.5
7105	3.5
7106	3.5
7107	1
7108	4
7109	3
7110	1
7111	3.5
7112	2.5
7113	1.5
7114	2
7115	2.5
7116	4.5
7117	4.5
7118	5.5
7119	3.5
7120	3.5
7121	6
7122	4
7123	4.5
7124	2
7125	5.5
7126	3.5
7127	4
7128	5.5
7129	6
7130	1.5
7131	5.5
7132	4
7133	3.5
7134	3.5
7135	4
7136	5.5
7137	2.5
7138	2
7139	3.5
7140	4
7141	4
7142	5.5
7143	4
7144	3.5
7145	3
7146	2.5
7147	3.5
7148	3
7149	3.5
7150	3
7151	3
7152	4
7153	2.5
7154	1
7155	3
7156	4
7157	4.5
7158	1.5
7159	5
7160	5.5
7161	3.5
7162	3.5
7163	2
7164	1.5
7165	3.5
7166	5.5
7167	5.5
7168	1
7169	4
7170	3.5
7171	2.5
7172	4
7173	4.5
7174	3.5
7175	3.5
7176	2
7177	2.5
7178	1.5
7179	5.5
7180	3
7181	3.5
7182	4.5
7183	4.5
7184	1.5
7185	4.5
7186	2
7187	5.5
7188	4.5
7189	4
7190	4
7191	3
7192	3.5
7193	1
7194	4
7195	3.5
7196	2.5
7197	4
7198	3.5
7199	4.5
7200	4.5
7201	4
7202	3
7203	3
7204	6
7205	4
7206	3.5
7207	2.5
7208	3.5
7209	3.5
7210	5.5
7211	4.5
7212	3.5
7213	3.5
7214	3.5
7215	2.5
7216	4.5
7217	6
7218	2.5
7219	2
7220	3.5
7221	2.5
7222	4
7223	1.5
7224	2.5
7225	3
7226	4
7227	6
7228	3.5
7229	4.5
7230	4.5
7231	1
7232	3.5
7233	2
7234	2.5
7235	4.5
7236	2.5
7237	4.5
7238	3
7239	3.5
7240	4.5
7241	4.5
7242	3
7243	5.5
7244	4.5
7245	3.5
7246	4
7247	3.5
7248	4
7249	3.5
7250	2.5
7251	3
7252	1.5
7253	3
7254	2
7255	2.5
7256	1
7257	3.5
7258	4.5
7259	5
7260	5
7261	6
7262	3
7263	4
7264	4
7265	3.5
7266	1.5
7267	4.5
7268	3
7269	3.5
7270	4.5
7271	1
7272	4
7273	5.5
7274	2
7275	5
7276	4.5
7277	2
7278	1
7279	4.5
7280	3.5
7281	1.5
7282	4.5
7283	5.5
7284	4.5
7285	3.5
7286	4
7287	3.5
7288	3
7289	5
7290	5.5
7291	3.5
7292	2.5
7293	4.5
7294	5
7295	5.5
7296	4
7297	3.5
7298	4
7299	3
7300	2.5
7301	4
7302	3.5
7303	2
7304	4.5
7305	5.5
7306	2.5
7307	4
7308	6
7309	3
7310	3.5
7311	3
7312	2
7313	2.5
7314	5.5
7315	3
7316	4
7317	1.5
7318	6
7319	3.5
7320	3
7321	3
7322	3.5
7323	3.5
7324	2.5
7325	2
7326	4
7327	2
7328	2.5
7329	3
7330	5
7331	3
7332	3
7333	4
7334	5.5
7335	3.5
7336	2.5
7337	3
7338	2.5
7339	3
7340	4.5
7341	3.5
7342	5.5
7343	3
7344	4
7345	4.5
7346	2
7347	2.5
7348	4
7349	3
7350	3.5
7351	2.5
7352	3.5
7353	3.5
7354	2.5
7355	2
7356	5
7357	3.5
7358	3.5
7359	1.5
7360	4
7361	3.5
7362	2.5
7363	3.5
7364	4.5
7365	2.5
7366	3
7367	1
7368	1.5
7369	4
7370	2.5
7371	3.5
7372	1.5
7373	2
7374	2.5
7375	4
7376	4
7377	4.5
7378	3.5
7379	5
7380	5.5
7381	3
7382	3
7383	1.5
7384	2
7385	3.5
7386	3
7387	4
7388	5
7389	5
7390	2
7391	4.5
7392	2.5
7393	5.5
7394	4.5
7395	4
7396	3
7397	1
7398	2
7399	1
7400	5.5
7401	4
7402	6
7403	4.5
7404	3
7405	2.5
7406	3.5
7407	2
7408	4.5
7409	5.5
7410	5.5
7411	3
7412	2
7413	5.5
7414	4
7415	3.5
7416	3.5
7417	1
7418	4.5
7419	2.5
7420	3
7421	4.5
7422	1
7423	1.5
7424	3.5
7425	4.5
7426	3.5
7427	2
7428	5.5
7429	2
7430	3
7431	5
7432	5
7433	3
7434	3.5
7435	2
7436	3
7437	3
7438	3.5
7439	6
7440	3.5
7441	2
7442	2.5
7443	4.5
7444	3
7445	4
7446	1.5
7447	3
7448	4
7449	2
7450	3.5
7451	3
7452	2
7453	2
7454	4
7455	4.5
7456	5
7457	2
7458	2
7459	1.5
7460	5
7461	4.5
7462	3.5
7463	4.5
7464	5
7465	2.5
7466	3
7467	5.5
7468	1
7469	4.5
7470	2.5
7471	1.5
7472	4
7473	5.5
7474	2.5
7475	1.5
7476	6
7477	3.5
7478	3.5
7479	4.5
7480	5
7481	2.5
7482	3
7483	4.5
7484	3.5
7485	4
7486	5.5
7487	3
7488	3.5
7489	6
7490	5
7491	3.5
7492	3.5
7493	4.5
7494	4
7495	5
7496	2.5
7497	2
7498	3
7499	3.5
7500	3.5
7501	4
7502	3.5
7503	2.5
7504	2.5
7505	4
7506	4
7507	3.5
7508	3
7509	4.5
7510	4.5
7511	3.5
7512	4
7513	2.5
7514	4
7515	3.5
7516	3.5
7517	4
7518	5
7519	1
7520	3
7521	3.5
7522	5.5
7523	3.5
7524	2.5
7525	4.5
7526	3.5
7527	2
7528	3
7529	4
7530	1.5
7531	5
7532	2
7533	6
7534	2
7535	4
7536	4
7537	5
7538	4.5
7539	3.5
7540	5
7541	3
7542	5
7543	1.5
7544	4
7545	4
7546	3
7547	2
7548	2
7549	3.5
7550	5
7551	3.5
7552	1.5
7553	3
7554	3.5
7555	5
7556	3.5
7557	3.5
7558	3
7559	5
7560	3
7561	4
7562	1.5
7563	4
7564	1
7565	3
7566	3
7567	6
7568	2
7569	3.5
7570	2.5
7571	4
7572	3.5
7573	3.5
7574	3.5
7575	1.5
7576	3.5
7577	3.5
7578	3.5
7579	2.5
7580	5
7581	3.5
7582	3.5
7583	5
7584	4.5
7585	6
7586	5
7587	3
7588	4
7589	2
7590	5
7591	6
7592	6
7593	3.5
7594	3
7595	4.5
7596	3.5
7597	3.5
7598	4.5
7599	5
7600	2.5
7601	3.5
7602	3.5
7603	4
7604	1.5
7605	3.5
7606	5
7607	6
7608	1.5
7609	4
7610	4
7611	3.5
7612	5
7613	4
7614	4
7615	4
7616	5.5
7617	4.5
7618	2
7619	5
7620	3
7621	5.5
7622	2.5
7623	2
7624	4
7625	4.5
7626	2.5
7627	3.5
7628	4
7629	4
7630	3.5
7631	2.5
7632	5
7633	2
7634	3
7635	4.5
7636	4
7637	1.5
7638	5.5
7639	1
7640	3
7641	1.5
7642	2
7643	5.5
7644	3
7645	4
7646	4
7647	2
7648	3.5
7649	2.5
7650	2.5
7651	3
7652	5
7653	2
7654	3.5
7655	3.5
7656	5
7657	5
7658	4.5
7659	3.5
7660	5
7661	2.5
7662	2.5
7663	2
7664	4
7665	2.5
7666	3
7667	3.5
7668	2.5
7669	3.5
7670	3.5
7671	1.5
7672	3.5
7673	4
7674	4.5
7675	5
7676	4.5
7677	3.5
7678	4.5
7679	4.5
7680	2.5
7681	3.5
7682	5
7683	2.5
7684	4.5
7685	4
7686	3
7687	4
7688	4.5
7689	2
7690	1
7691	4.5
7692	3
7693	2.5
7694	4
7695	2.5
7696	5.5
7697	5
7698	3.5
7699	5.5
7700	5
7701	2.5
7702	1
7703	4.5
7704	5.5
7705	4
7706	5.5
7707	4
7708	3.5
7709	3
7710	3.5
7711	5.5
7712	3
7713	2.5
7714	4
7715	1
7716	2.5
7717	3.5
7718	3.5
7719	3
7720	4
7721	2.5
7722	5
7723	3
7724	3.5
7725	4.5
7726	2
7727	2
7728	3.5
7729	2
7730	5
7731	3.5
7732	5
7733	2.5
7734	4
7735	3
7736	3.5
7737	4.5
7738	4
7739	5.5
7740	4
7741	2.5
7742	3.5
7743	4.5
7744	4
7745	4.5
7746	4
7747	3
7748	3
7749	5
7750	2
7751	2
7752	3.5
7753	5
7754	4.5
7755	4.5
7756	2.5
7757	4.5
7758	4
7759	3
7760	3
7761	4
7762	5.5
7763	2.5
7764	4
7765	2.5
7766	4
7767	1
7768	2.5
7769	2.5
7770	4
7771	4
7772	3
7773	3
7774	1.5
7775	4
7776	3.5
7777	4
7778	4
7779	4
7780	2.5
7781	2.5
7782	3.5
7783	3.5
7784	3
7785	2.5
7786	3
7787	3.5
7788	5
7789	3
7790	2
7791	4
7792	4.5
7793	5
7794	2
7795	3.5
7796	2.5
7797	4.5
7798	5
7799	5
7800	4
7801	3.5
7802	5
7803	2
7804	4.5
7805	5
7806	3.5
7807	2.5
7808	4.5
7809	5.5
7810	2.5
7811	3
7812	2.5
7813	4
7814	1.5
7815	4
7816	2.5
7817	2.5
7818	1.5
7819	4
7820	2.5
7821	3
7822	5.5
7823	3
7824	1.5
7825	4
7826	5
7827	5
7828	4.5
7829	3
7830	1.5
7831	1
7832	3
7833	1.5
7834	4
7835	3.5
7836	3
7837	3.5
7838	4.5
7839	4
7840	4
7841	4.5
7842	4
7843	5
7844	3.5
7845	3
7846	3
7847	3.5
7848	2
7849	4.5
7850	5
7851	3
7852	4
7853	4.5
7854	4
7855	4
7856	3
7857	1
7858	3.5
7859	4
7860	3
7861	2.5
7862	1.5
7863	2.5
7864	3.5
7865	4.5
7866	3
7867	4.5
7868	3
7869	4
7870	5
7871	6
7872	2.5
7873	3
7874	5.5
7875	5.5
7876	4.5
7877	4.5
7878	3.5
7879	5
7880	4.5
7881	4.5
7882	6
7883	5
7884	3.5
7885	2
7886	3.5
7887	5
7888	4.5
7889	5
7890	1.5
7891	5.5
7892	3
7893	4
7894	1.5
7895	3
7896	3.5
7897	4.5
7898	4.5
7899	3
7900	2.5
7901	5.5
7902	1.5
7903	1.5
7904	3.5
7905	5
7906	3.5
7907	5
7908	5.5
7909	3.5
7910	2.5
7911	4
7912	5.5
7913	4
7914	5.5
7915	2.5
7916	4.5
7917	1.5
7918	3.5
7919	4.5
7920	2
7921	3
7922	4.5
7923	4
7924	2
7925	3
7926	5
7927	5
7928	2.5
7929	3.5
7930	5
7931	5.5
7932	1
7933	3.5
7934	2.5
7935	3.5
7936	3.5
7937	2
7938	5
7939	4
7940	2
7941	3.5
7942	3
7943	4
7944	3
7945	2.5
7946	3.5
7947	2.5
7948	1.5
7949	2.5
7950	3.5
7951	2.5
7952	2
7953	3.5
7954	5
7955	3.5
7956	4.5
7957	4
7958	5
7959	2
7960	3.5
7961	5
7962	3
7963	2.5
7964	2
7965	3
7966	2
7967	4
7968	3.5
7969	3
7970	6
7971	3.5
7972	3
7973	1
7974	1
7975	4.5
7976	4
7977	2.5
7978	3
7979	3.5
7980	5.5
7981	2
7982	3.5
7983	2
7984	3
7985	4.5
7986	3.5
7987	3
7988	3.5
7989	3.5
7990	6
7991	3.5
7992	1.5
7993	1.5
7994	3
7995	3.5
7996	3
7997	2.5
7998	3.5
7999	2.5
8000	5.5
8001	4
8002	2
8003	3
8004	4
8005	4
8006	1
8007	3
8008	3
8009	1.5
8010	3
8011	3
8012	3.5
8013	1.5
8014	4
8015	2.5
8016	5.5
8017	3
8018	5
8019	3
8020	3.5
8021	3
8022	3.5
8023	2.5
8024	3
8025	1.5
8026	4
8027	5.5
8028	4
8029	2
8030	2.5
8031	3.5
8032	4
8033	2.5
8034	3.5
8035	3.5
8036	4.5
8037	5.5
8038	3.5
8039	4.5
8040	5.5
8041	4.5
8042	3
8043	4
8044	5
8045	3.5
8046	1.5
8047	1
8048	6
8049	3
8050	3.5
8051	5.5
8052	3.5
8053	4
8054	2.5
8055	2.5
8056	4
8057	3
8058	3
8059	4.5
8060	4.5
8061	4.5
8062	6
8063	4
8064	2.5
8065	1
8066	4.5
8067	4
8068	3
8069	5.5
8070	3
8071	2.5
8072	1
8073	2.5
8074	1.5
8075	2
8076	2.5
8077	5.5
8078	3
8079	1.5
8080	5
8081	2
8082	3.5
8083	1.5
8084	3
8085	5
8086	3
8087	2.5
8088	5
8089	4
8090	2.5
8091	3
8092	4.5
8093	3.5
8094	4.5
8095	1.5
8096	4
8097	4
8098	3.5
8099	3.5
8100	2.5
8101	5
8102	2.5
8103	3.5
8104	3.5
8105	1.5
8106	3
8107	4.5
8108	4.5
8109	1.5
8110	3
8111	2
8112	2
8113	6
8114	4.5
8115	5.5
8116	2
8117	3
8118	3.5
8119	6
8120	4.5
8121	2.5
8122	3
8123	4.5
8124	3
8125	2.5
8126	5.5
8127	2
8128	3.5
8129	3.5
8130	3
8131	4
8132	3
8133	2.5
8134	4
8135	4
8136	2
8137	3
8138	4
8139	2.5
8140	1.5
8141	5
8142	2.5
8143	3.5
8144	5.5
8145	5
8146	1
8147	3.5
8148	2.5
8149	4
8150	2.5
8151	3.5
8152	1.5
8153	5
8154	5
8155	5
8156	2
8157	3
8158	4
8159	5
8160	3.5
8161	4.5
8162	4
8163	5
8164	4
8165	2.5
8166	3
8167	3.5
8168	2
8169	5
8170	2.5
8171	3
8172	4
8173	3.5
8174	5.5
8175	4
8176	4
8177	2.5
8178	5
8179	2
8180	4.5
8181	3.5
8182	2.5
8183	3
8184	5
8185	5.5
8186	5
8187	5.5
8188	3.5
8189	3.5
8190	4
8191	1.5
8192	3
8193	4
8194	3
8195	5
8196	5
8197	5.5
8198	5
8199	6
8200	5
8201	2
8202	5
8203	5
8204	3
8205	2
8206	3.5
8207	3.5
8208	3
8209	2
8210	3.5
8211	3.5
8212	5
8213	3.5
8214	4
8215	4.5
8216	5.5
8217	3.5
8218	4
8219	4
8220	4
8221	3.5
8222	3.5
8223	2
8224	4.5
8225	2.5
8226	6
8227	2
8228	3
8229	2
8230	5.5
8231	3
8232	2
8233	2
8234	1.5
8235	4.5
8236	1
8237	2
8238	2
8239	4.5
8240	4.5
8241	4.5
8242	6
8243	4.5
8244	3.5
8245	3
8246	3
8247	2
8248	4
8249	4.5
8250	4.5
8251	4
8252	3
8253	5.5
8254	5.5
8255	3.5
8256	5
8257	4
8258	3
8259	4.5
8260	4
8261	4
8262	4
8263	3
8264	4
8265	2.5
8266	2.5
8267	3
8268	5.5
8269	3
8270	2.5
8271	2.5
8272	2.5
8273	5
8274	2
8275	5
8276	3.5
8277	4
8278	4
8279	4.5
8280	3
8281	2.5
8282	3
8283	4.5
8284	2.5
8285	4.5
8286	1.5
8287	5.5
8288	2.5
8289	1
8290	3.5
8291	2.5
8292	2.5
8293	4
8294	4
8295	4
8296	3.5
8297	4
8298	2.5
8299	1
8300	2.5
8301	1
8302	3
8303	2
8304	6
8305	1.5
8306	3
8307	2.5
8308	3.5
8309	4.5
8310	4.5
8311	3.5
8312	4
8313	5.5
8314	1.5
8315	5
8316	3
8317	3
8318	4
8319	4
8320	4
8321	3
8322	3
8323	4
8324	3.5
8325	3.5
8326	4.5
8327	2.5
8328	3.5
8329	4.5
8330	4
8331	3.5
8332	3.5
8333	4
8334	4
8335	3.5
8336	2.5
8337	4.5
8338	4.5
8339	3.5
8340	2
8341	2
8342	4
8343	5.5
8344	3
8345	2.5
8346	3.5
8347	3
8348	4.5
8349	3.5
8350	4.5
8351	2.5
8352	4
8353	3.5
8354	3
8355	1.5
8356	2.5
8357	3.5
8358	2
8359	2.5
8360	2
8361	4.5
8362	3
8363	3.5
8364	4.5
8365	2
8366	4
8367	4.5
8368	2.5
8369	5
8370	5.5
8371	1
8372	2.5
8373	3.5
8374	2.5
8375	5
8376	5
8377	2.5
8378	5
8379	3
8380	1
8381	3
8382	5
8383	5
8384	4.5
8385	4
8386	3.5
8387	5
8388	3.5
8389	3
8390	5
8391	2.5
8392	4
8393	3
8394	3.5
8395	4
8396	3
8397	2
8398	3.5
8399	3
8400	3.5
8401	3
8402	2
8403	2
8404	3
8405	2.5
8406	3.5
8407	3.5
8408	5.5
8409	2.5
8410	5
8411	3.5
8412	4.5
8413	4
8414	3
8415	3
8416	3
8417	4.5
8418	2.5
8419	5.5
8420	2
8421	4
8422	3.5
8423	2.5
8424	5
8425	6
8426	2.5
8427	3.5
8428	4
8429	3.5
8430	5.5
8431	1
8432	4
8433	2.5
8434	4
8435	6
8436	4.5
8437	5
8438	3
8439	6
8440	3
8441	3
8442	3.5
8443	4
8444	1
8445	3.5
8446	5
8447	5.5
8448	4
8449	4
8450	4.5
8451	1
8452	4
8453	4.5
8454	4.5
8455	1.5
8456	1.5
8457	3
8458	2.5
8459	5.5
8460	4.5
8461	4
8462	4.5
8463	4
8464	3
8465	5
8466	1.5
8467	2.5
8468	3.5
8469	5
8470	5.5
8471	2.5
8472	3
8473	3.5
8474	4.5
8475	4
8476	4.5
8477	3
8478	4
8479	1.5
8480	4
8481	5
8482	5.5
8483	2.5
8484	2.5
8485	2.5
8486	4
8487	3
8488	2.5
8489	3.5
8490	4
8491	4.5
8492	2.5
8493	5
8494	2
8495	1
8496	5.5
8497	4
8498	3
8499	4
8500	3
8501	3.5
8502	3
8503	4
8504	4.5
8505	3
8506	5
8507	3.5
8508	5.5
8509	3.5
8510	5
8511	4
8512	2
8513	2.5
8514	3.5
8515	3
8516	3.5
8517	1.5
8518	5.5
8519	6
8520	2.5
8521	5.5
8522	2.5
8523	2.5
8524	5.5
8525	1.5
8526	3.5
8527	3.5
8528	2
8529	3.5
8530	5
8531	5
8532	4.5
8533	5
8534	3.5
8535	2.5
8536	3.5
8537	2.5
8538	4
8539	2
8540	5.5
8541	4.5
8542	6
8543	5.5
8544	3.5
8545	3
8546	2
8547	5
8548	4.5
8549	4
8550	2.5
8551	3.5
8552	2.5
8553	2.5
8554	4.5
8555	1.5
8556	4
8557	2.5
8558	2.5
8559	4
8560	5
8561	2
8562	5.5
8563	1.5
8564	3.5
8565	4
8566	5.5
8567	3
8568	5
8569	3.5
8570	2.5
8571	3.5
8572	1
8573	4.5
8574	5
8575	3
8576	2.5
8577	4.5
8578	3.5
8579	3
8580	4
8581	3.5
8582	4
8583	5
8584	5.5
8585	5
8586	1.5
8587	2
8588	3.5
8589	1.5
8590	5
8591	3.5
8592	5
8593	3.5
8594	4
8595	3.5
8596	2
8597	4
8598	4
8599	3
8600	2.5
8601	3
8602	2
8603	4.5
8604	3
8605	2.5
8606	3
8607	4.5
8608	2.5
8609	3
8610	4.5
8611	3.5
8612	5
8613	2.5
8614	6
8615	5
8616	4.5
8617	4
8618	4.5
8619	1.5
8620	4
8621	3
8622	3.5
8623	2.5
8624	3
8625	6
8626	3
8627	3.5
8628	2
8629	5
8630	4.5
8631	4
8632	3
8633	3.5
8634	3.5
8635	3
8636	3.5
8637	2.5
8638	3.5
8639	2.5
8640	4
8641	4.5
8642	3.5
8643	2.5
8644	4
8645	2
8646	3
8647	3.5
8648	2.5
8649	3.5
8650	2.5
8651	2.5
8652	4.5
8653	3
8654	3
8655	3.5
8656	3.5
8657	3.5
8658	4.5
8659	2
8660	4.5
8661	2.5
8662	3.5
8663	4.5
8664	2
8665	1.5
8666	4
8667	5
8668	3
8669	6
8670	1.5
8671	4.5
8672	2.5
8673	3.5
8674	4
8675	4.5
8676	3
8677	2
8678	6
8679	3.5
8680	2
8681	3
8682	2.5
8683	2
8684	4.5
8685	3
8686	2.5
8687	2
8688	4
8689	2
8690	4
8691	2.5
8692	2.5
8693	3
8694	3.5
8695	3.5
8696	1.5
8697	5
8698	3
8699	4
8700	2.5
8701	4
8702	4
8703	2
8704	4.5
8705	4.5
8706	4
8707	6
8708	3
8709	6
8710	2.5
8711	5
8712	4.5
8713	1.5
8714	2.5
8715	3
8716	3
8717	4.5
8718	4.5
8719	4
8720	2
8721	4.5
8722	1.5
8723	2.5
8724	4.5
8725	6
8726	3.5
8727	1.5
8728	3.5
8729	2.5
8730	2
8731	2
8732	2
8733	5
8734	3.5
8735	5
8736	3.5
8737	4.5
8738	1
8739	3
8740	4
8741	5
8742	5
8743	6
8744	2
8745	3.5
8746	5
8747	5.5
8748	3.5
8749	3
8750	4
8751	1.5
8752	1.5
8753	1
8754	3
8755	2
8756	2
8757	4
8758	5.5
8759	4.5
8760	3.5
8761	5.5
8762	5.5
8763	2.5
8764	5.5
8765	4.5
8766	2
8767	3.5
8768	4.5
8769	1.5
8770	1.5
8771	3
8772	4
8773	5.5
8774	4.5
8775	4.5
8776	3.5
8777	2.5
8778	5
8779	3.5
8780	4.5
8781	2.5
8782	4.5
8783	3
8784	3
8785	3.5
8786	3
8787	2
8788	6
8789	6
8790	2.5
8791	2.5
8792	3.5
8793	2
8794	3
8795	2
8796	2
8797	3.5
8798	3.5
8799	5
8800	5.5
8801	1.5
8802	5.5
8803	3.5
8804	4.5
8805	2
8806	4
8807	4.5
8808	2
8809	4.5
8810	4.5
8811	3.5
8812	5
8813	2.5
8814	3
8815	1.5
8816	3
8817	5.5
8818	3
8819	2
8820	3.5
8821	3
8822	3.5
8823	4
8824	5.5
8825	5
8826	1
8827	3
8828	3.5
8829	5.5
8830	1
8831	5
8832	3.5
8833	5
8834	4.5
8835	3.5
8836	3.5
8837	4
8838	2.5
8839	5.5
8840	3.5
8841	1.5
8842	3.5
8843	3.5
8844	4
8845	3.5
8846	6
8847	4.5
8848	5.5
8849	3
8850	4
8851	3
8852	5.5
8853	3
8854	1.5
8855	3.5
8856	6
8857	2.5
8858	2
8859	1.5
8860	2
8861	2.5
8862	3.5
8863	2
8864	1.5
8865	5.5
8866	2.5
8867	4
8868	4.5
8869	3.5
8870	2
8871	3.5
8872	1.5
8873	3
8874	5
8875	4
8876	3.5
8877	2.5
8878	2
8879	4
8880	3.5
8881	5
8882	4.5
8883	4
8884	1.5
8885	2
8886	4.5
8887	4.5
8888	3.5
8889	6
8890	2.5
8891	2
8892	5
8893	3.5
8894	2
8895	4
8896	2.5
8897	5.5
8898	2.5
8899	1.5
8900	2
8901	2
8902	2.5
8903	5
8904	5
8905	4.5
8906	4
8907	4
8908	2.5
8909	3
8910	4
8911	5
8912	2
8913	1.5
8914	4.5
8915	3
8916	5.5
8917	5
8918	4
8919	3.5
8920	2.5
8921	5.5
8922	5
8923	4
8924	2
8925	3.5
8926	3.5
8927	3.5
8928	2.5
8929	4.5
8930	4
8931	5
8932	5.5
8933	3.5
8934	4
8935	5.5
8936	3.5
8937	2
8938	3.5
8939	2.5
8940	6
8941	1
8942	4.5
8943	4
8944	3
8945	3
8946	1
8947	5
8948	4
8949	2.5
8950	2.5
8951	1.5
8952	4.5
8953	3
8954	2.5
8955	2.5
8956	4
8957	3.5
8958	1
8959	4.5
8960	4.5
8961	2.5
8962	5
8963	4
8964	3
8965	2
8966	4.5
8967	5.5
8968	4
8969	4.5
8970	4.5
8971	5
8972	4
8973	3.5
8974	4.5
8975	3.5
8976	6
8977	4.5
8978	5.5
8979	3.5
8980	3.5
8981	1
8982	3
8983	2
8984	4
8985	4.5
8986	4.5
8987	4.5
8988	3
8989	2
8990	5.5
8991	3.5
8992	4.5
8993	3.5
8994	3
8995	3
8996	5.5
8997	6
8998	6
8999	5
9000	2.5
9001	3.5
9002	3
9003	3.5
9004	4
9005	1.5
9006	3
9007	4.5
9008	3.5
9009	4
9010	3.5
9011	5
9012	2.5
9013	1
9014	4.5
9015	2
9016	2
9017	4
9018	5
9019	5.5
9020	4
9021	4.5
9022	1
9023	3
9024	4
9025	5
9026	3.5
9027	3
9028	3.5
9029	4
9030	2
9031	6
9032	6
9033	6
9034	3.5
9035	4.5
9036	4.5
9037	4
9038	1.5
9039	1.5
9040	1.5
9041	4.5
9042	4.5
9043	2.5
9044	2
9045	4
9046	4
9047	2
9048	5
9049	4
9050	2.5
9051	5.5
9052	4
9053	4
9054	5.5
9055	2.5
9056	2.5
9057	4.5
9058	4.5
9059	4
9060	1
9061	5
9062	3
9063	4.5
9064	3
9065	1.5
9066	3.5
9067	4.5
9068	4
9069	3
9070	3.5
9071	2
9072	3.5
9073	2.5
9074	4.5
9075	3.5
9076	4
9077	5.5
9078	5
9079	3
9080	3
9081	1
9082	5.5
9083	4.5
9084	3.5
9085	3
9086	2.5
9087	4.5
9088	4
9089	5
9090	5
9091	2.5
9092	4
9093	4
9094	2
9095	2.5
9096	3
9097	3.5
9098	4
9099	4.5
9100	3
9101	2.5
9102	1
9103	2.5
9104	2.5
9105	3
9106	4
9107	3
9108	5.5
9109	4
9110	5.5
9111	3
9112	3
9113	2
9114	3.5
9115	1.5
9116	2.5
9117	3
9118	2
9119	3
9120	4.5
9121	1.5
9122	5.5
9123	2
9124	3.5
9125	2
9126	3
9127	2.5
9128	4.5
9129	4
9130	4
9131	4.5
9132	5
9133	4
9134	2.5
9135	4.5
9136	3
9137	3.5
9138	3.5
9139	3.5
9140	5
9141	4.5
9142	5
9143	4.5
9144	4.5
9145	3.5
9146	6
9147	3.5
9148	3.5
9149	5
9150	5
9151	4
9152	3
9153	5.5
9154	5
9155	5
9156	3
9157	3.5
9158	3.5
9159	2
9160	3
9161	4
9162	2.5
9163	2
9164	3
9165	3
9166	4.5
9167	3
9168	2.5
9169	3
9170	5.5
9171	4
9172	1.5
9173	4
9174	3
9175	2
9176	2
9177	4
9178	4.5
9179	3.5
9180	3.5
9181	4.5
9182	2.5
9183	4
9184	5.5
9185	4
9186	2
9187	3.5
9188	2.5
9189	3
9190	6
9191	1.5
9192	3.5
9193	4
9194	4
9195	4
9196	3.5
9197	3
9198	3
9199	3.5
9200	1
9201	5.5
9202	4.5
9203	2.5
9204	2.5
9205	3
9206	3
9207	3.5
9208	3.5
9209	4
9210	3
9211	3
9212	1
9213	2.5
9214	3.5
9215	3
9216	5.5
9217	2.5
9218	3
9219	4
9220	5.5
9221	5
9222	1.5
9223	4
9224	2.5
9225	4
9226	2.5
9227	5.5
9228	2
9229	3.5
9230	3.5
9231	3.5
9232	2
9233	2
9234	3.5
9235	3.5
9236	3
9237	3.5
9238	4.5
9239	3
9240	2.5
9241	3.5
9242	3.5
9243	2
9244	2.5
9245	5.5
9246	2.5
9247	4
9248	3
9249	4
9250	3.5
9251	2
9252	4.5
9253	5
9254	3
9255	4
9256	3.5
9257	3.5
9258	4.5
9259	4
9260	3.5
9261	2
9262	3
9263	3
9264	3
9265	3.5
9266	2.5
9267	4
9268	3.5
9269	2.5
9270	4
9271	1.5
9272	5
9273	4
9274	2
9275	3
9276	4
9277	5.5
9278	3.5
9279	3
9280	3
9281	5.5
9282	5.5
9283	3.5
9284	1.5
9285	1
9286	3.5
9287	3.5
9288	3.5
9289	6
9290	4
9291	5
9292	1.5
9293	3.5
9294	4.5
9295	6
9296	5
9297	3.5
9298	2
9299	5.5
9300	3
9301	3.5
9302	3.5
9303	1.5
9304	4
9305	3.5
9306	5.5
9307	4.5
9308	4.5
9309	3.5
9310	1
9311	3.5
9312	5
9313	3.5
9314	4.5
9315	3.5
9316	3.5
9317	4.5
9318	4
9319	3.5
9320	3
9321	2
9322	3.5
9323	2
9324	2.5
9325	5.5
9326	2.5
9327	4
9328	4
9329	1
9330	2.5
9331	4
9332	4.5
9333	5
9334	2
9335	4.5
9336	3
9337	3.5
9338	4
9339	1.5
9340	3.5
9341	3.5
9342	2.5
9343	3
9344	5
9345	6
9346	4
9347	4
9348	2
9349	1.5
9350	6
9351	3.5
9352	4.5
9353	3.5
9354	3.5
9355	3
9356	5.5
9357	3.5
9358	3
9359	3.5
9360	3
9361	5
9362	3.5
9363	1.5
9364	3
9365	3.5
9366	5
9367	4
9368	2.5
9369	3.5
9370	2.5
9371	5
9372	4.5
9373	1
9374	4.5
9375	4
9376	2.5
9377	6
9378	4
9379	2
9380	3
9381	5
9382	4.5
9383	3.5
9384	3.5
9385	3
9386	3
9387	2.5
9388	2.5
9389	3.5
9390	3.5
9391	1.5
9392	4.5
9393	3.5
9394	1.5
9395	3
9396	3.5
9397	1.5
9398	2.5
9399	3
9400	4
9401	1
9402	4
9403	5.5
9404	1
9405	3
9406	3.5
9407	5
9408	6
9409	5.5
9410	2
9411	3.5
9412	4
9413	1
9414	3
9415	5
9416	3
9417	3
9418	5
9419	3
9420	3
9421	4
9422	3
9423	3.5
9424	4.5
9425	1
9426	4
9427	3.5
9428	3
9429	3.5
9430	2
9431	4
9432	2
9433	4.5
9434	3
9435	2.5
9436	3.5
9437	3
9438	4
9439	3.5
9440	4
9441	4.5
9442	3.5
9443	3.5
9444	3.5
9445	4
9446	4
9447	3.5
9448	2
9449	4.5
9450	3.5
9451	3.5
9452	3.5
9453	2.5
9454	2.5
9455	4.5
9456	2
9457	4
9458	4
9459	4.5
9460	3
9461	5.5
9462	2
9463	2.5
9464	3.5
9465	1.5
9466	1.5
9467	4
9468	3
9469	2.5
9470	2.5
9471	3
9472	3
9473	3
9474	5
9475	2
9476	2.5
9477	2
9478	1
9479	4
9480	3
9481	3
9482	5.5
9483	2
9484	4.5
9485	4.5
9486	3
9487	3.5
9488	5
9489	4
9490	4
9491	2
9492	1
9493	2.5
9494	2
9495	4
9496	2.5
9497	6
9498	3.5
9499	2
9500	4
9501	5.5
9502	5
9503	3.5
9504	4.5
9505	3.5
9506	4
9507	5.5
9508	2.5
9509	3
9510	4
9511	4.5
9512	4.5
9513	5
9514	3
9515	4
9516	2.5
9517	3.5
9518	3.5
9519	5
9520	3.5
9521	5
9522	3.5
9523	4
9524	4
9525	4.5
9526	3.5
9527	3.5
9528	4
9529	3.5
9530	3
9531	2.5
9532	4
9533	2
9534	4.5
9535	4.5
9536	5.5
9537	4
9538	3.5
9539	3.5
9540	2.5
9541	6
9542	4
9543	5
9544	2.5
9545	3.5
9546	1
9547	1.5
9548	2.5
9549	4.5
9550	4
9551	4.5
9552	5
9553	4
9554	2
9555	4
9556	4
9557	3.5
9558	3.5
9559	4.5
9560	1
9561	4.5
9562	4
9563	5
9564	3
9565	2.5
9566	5.5
9567	4
9568	4.5
9569	3.5
9570	3.5
9571	3.5
9572	2.5
9573	4
9574	1.5
9575	3.5
9576	5
9577	3.5
9578	3.5
9579	5.5
9580	3.5
9581	3.5
9582	5.5
9583	3.5
9584	3
9585	3.5
9586	2
9587	2
9588	4
9589	4.5
9590	4
9591	1.5
9592	5
9593	1
9594	5
9595	3.5
9596	3.5
9597	2.5
9598	4
9599	3.5
9600	1.5
9601	1.5
9602	2.5
9603	2.5
9604	2.5
9605	2.5
9606	1
9607	2
9608	2
9609	3
9610	2.5
9611	3.5
9612	3
9613	1.5
9614	3.5
9615	5
9616	4
9617	5
9618	3.5
9619	3.5
9620	2.5
9621	3.5
9622	4
9623	4
9624	3
9625	3
9626	4
9627	2
9628	5.5
9629	1.5
9630	4
9631	5.5
9632	3.5
9633	2.5
9634	3
9635	4.5
9636	2.5
9637	2
9638	5
9639	3
9640	4.5
9641	3
9642	2
9643	2.5
9644	1.5
9645	5
9646	2.5
9647	3
9648	5
9649	3.5
9650	3
9651	4
9652	5.5
9653	3.5
9654	4.5
9655	3.5
9656	6
9657	1.5
9658	6
9659	4
9660	4.5
9661	3
9662	3.5
9663	3
9664	3.5
9665	4.5
9666	5
9667	5.5
9668	5.5
9669	5
9670	3
9671	4
9672	3.5
9673	4.5
9674	1
9675	4
9676	4.5
9677	3.5
9678	3
9679	3
9680	2.5
9681	4.5
9682	4.5
9683	2.5
9684	6
9685	5.5
9686	3.5
9687	3.5
9688	2.5
9689	5
9690	4
9691	2
9692	2.5
9693	4.5
9694	2.5
9695	1.5
9696	3.5
9697	4
9698	2.5
9699	2
9700	3
9701	4.5
9702	3.5
9703	4
9704	6
9705	6
9706	2
9707	4.5
9708	4
9709	3.5
9710	4.5
9711	4.5
9712	2.5
9713	4
9714	4.5
9715	4
9716	3
9717	2.5
9718	1.5
9719	2.5
9720	2.5
9721	5
9722	6
9723	5.5
9724	2
9725	2.5
9726	2.5
9727	4
9728	5
9729	4
9730	3.5
9731	3.5
9732	3.5
9733	6
9734	5.5
9735	4.5
9736	1
9737	3.5
9738	4
9739	3
9740	5.5
9741	5
9742	3
9743	2.5
9744	5.5
9745	4
9746	3
9747	4
9748	4
9749	4
9750	3
9751	5
9752	2
9753	3
9754	2
9755	2
9756	5.5
9757	3.5
9758	3.5
9759	3.5
9760	4
9761	6
9762	1
9763	2.5
9764	1
9765	1
9766	3.5
9767	3
9768	4
9769	3
9770	3
9771	3.5
9772	2.5
9773	4
9774	3
9775	4
9776	4
9777	3.5
9778	4.5
9779	3
9780	3.5
9781	3
9782	2
9783	4
9784	2
9785	3.5
9786	4
9787	3
9788	4.5
9789	5
9790	4.5
9791	5.5
9792	5.5
9793	5
9794	5.5
9795	3
9796	5.5
9797	4
9798	2
9799	2.5
9800	2.5
9801	4.5
9802	4
9803	4
9804	4
9805	3.5
9806	1.5
9807	4
9808	5
9809	4
9810	4
9811	3
9812	3.5
9813	2
9814	6
9815	4
9816	1
9817	4
9818	5
9819	4.5
9820	6
9821	4
9822	5
9823	3.5
9824	1.5
9825	2.5
9826	3.5
9827	3.5
9828	5
9829	3
9830	2.5
9831	3.5
9832	2
9833	3.5
9834	6
9835	5
9836	3.5
9837	5
9838	4
9839	3
9840	4.5
9841	6
9842	3.5
9843	2.5
9844	5
9845	6
9846	1
9847	3
9848	4
9849	3.5
9850	3
9851	4
9852	2.5
9853	3.5
9854	5
9855	3
9856	3.5
9857	3
9858	5
9859	2.5
9860	3.5
9861	3.5
9862	3.5
9863	3.5
9864	5.5
9865	3.5
9866	2
9867	3
9868	3
9869	5
9870	4.5
9871	2.5
9872	2.5
9873	4.5
9874	4
9875	4.5
9876	3
9877	4.5
9878	5
9879	3.5
9880	3
9881	2.5
9882	3
9883	3.5
9884	3.5
9885	3.5
9886	3.5
9887	1.5
9888	4.5
9889	4
9890	2
9891	4.5
9892	3.5
9893	3
9894	5.5
9895	2.5
9896	5
9897	5.5
9898	3.5
9899	4.5
9900	2.5
9901	1
9902	4.5
9903	2
9904	5
9905	4.5
9906	4
9907	2.5
9908	4.5
9909	1.5
9910	4
9911	2
9912	5.5
9913	4.5
9914	4.5
9915	3.5
9916	4.5
9917	3.5
9918	4.5
9919	6
9920	3.5
9921	1
9922	5.5
9923	4
9924	1.5
9925	1
9926	6
9927	1.5
9928	1.5
9929	5.5
9930	3
9931	4.5
9932	3.5
9933	3.5
9934	5
9935	3
9936	4.5
9937	4.5
9938	4
9939	1
9940	4
9941	4
9942	5.5
9943	4
9944	4.5
9945	2.5
9946	6
9947	5.5
9948	3
9949	3.5
9950	4
9951	2
9952	4
9953	4
9954	2.5
9955	1
9956	2.5
9957	3.5
9958	6
9959	2
9960	3.5
9961	3.5
9962	6
9963	5.5
9964	2
9965	5
9966	2
9967	3.5
9968	4.5
9969	1.5
9970	2.5
9971	4.5
9972	3.5
9973	2.5
9974	4
9975	3.5
9976	2.5
9977	5.5
9978	1.5
9979	3.5
9980	5
9981	5
9982	3.5
9983	1
9984	5
9985	3
9986	3.5
9987	4
9988	3
9989	4
9990	4.5
9991	5
9992	4
9993	3
9994	5.5
9995	3.5
9996	1.5
9997	3
9998	4
9999	5.5
10000	4.5
