1	3.6
2	4
3	3.4
4	4
5	3.2
6	4
7	3.9
8	3.1
9	3.3
10	2.7
11	3.4
12	3
13	3.8
14	3.1
15	4.2
16	3.3
17	4.6
18	3.9
19	3
20	2.4
21	3
22	4
23	5.2
24	2.7
25	2.8
26	2.9
27	3.7
28	2.7
29	4.2
30	2.8
31	3.9
32	3.4
33	3.6
34	4
35	3.4
36	3.3
37	3.9
38	2.4
39	3.1
40	3.1
41	3.4
42	3.4
43	3.3
44	3.6
45	3.4
46	2.9
47	3.1
48	4.1
49	3.2
50	2.2
51	3.1
52	3.7
53	3.4
54	3.6
55	3.5
56	4.3
57	3.7
58	4.1
59	2.6
60	3.1
61	3.1
62	3.6
63	4
64	3.9
65	3.3
66	3.1
67	3.8
68	4.2
69	3.2
70	3.6
71	2.7
72	3.9
73	3.6
74	3.8
75	3.5
76	2.8
77	3.2
78	3.7
79	4.1
80	4
81	3
82	4
83	4.3
84	3.7
85	3.3
86	2.9
87	2.6
88	2.7
89	2.8
90	4.1
91	2.7
92	3.1
93	3.9
94	3.3
95	3.8
96	3.5
97	3.5
98	4.1
99	3.3
100	4.1
101	3.4
102	3.8
103	2.7
104	2.8
105	3
106	3
107	3.8
108	4
109	4.3
110	3.1
111	3.4
112	3.4
113	2.4
114	3.8
115	3.9
116	3.9
117	2.8
118	3.5
119	3.4
120	4.1
121	3.6
122	3.4
123	3.9
124	4.1
125	3.5
126	3.3
127	3.9
128	3.4
129	3.1
130	3.7
131	2.9
132	3.4
133	2.7
134	4.4
135	3.6
136	4.1
137	2.9
138	4
139	2.9
140	4
141	3.4
142	4.3
143	3.9
144	3.7
145	3.1
146	3.9
147	2.9
148	3.3
149	3.4
150	3.5
151	3.9
152	3.6
153	3.6
154	3.4
155	3.1
156	3.5
157	2.7
158	3.4
159	2.9
160	3.1
161	3.7
162	3.8
163	4
164	2.5
165	3.8
166	4
167	3.5
168	3.7
169	3.2
170	3.3
171	3.5
172	4.6
173	4.5
174	3.5
175	3.4
176	3.4
177	3.2
178	3.8
179	3.8
180	3.9
181	3.6
182	2.7
183	4.1
184	3.3
185	3.6
186	3.4
187	3.6
188	2.6
189	3.4
190	4.2
191	3.6
192	3
193	2.9
194	3.7
195	3.2
196	3.2
197	3
198	2.8
199	3.5
200	3
201	2.4
202	3.2
203	3.2
204	3.9
205	3.2
206	4
207	2.9
208	3.8
209	1.9
210	2.4
211	4.5
212	2.6
213	4.2
214	3.6
215	2.9
216	4.4
217	4.6
218	3.6
219	3.9
220	2.7
221	3.4
222	4.3
223	4.2
224	3.5
225	5.1
226	3.6
227	3.5
228	3.7
229	3.6
230	2.9
231	3.4
232	4
233	3.5
234	3
235	3.3
236	3.2
237	3.1
238	3.9
239	4.4
240	4
241	3.2
242	3.4
243	2.9
244	4.5
245	3.5
246	3.3
247	4.3
248	3.5
249	3.4
250	3.4
251	3
252	2.9
253	3
254	3.9
255	3.5
256	3.4
257	4.1
258	3.3
259	3.6
260	3.8
261	3.4
262	3.8
263	4
264	3.2
265	3.5
266	3.7
267	3.8
268	3.6
269	4.1
270	2.6
271	3.5
272	3
273	3.6
274	3.2
275	3.9
276	3.9
277	3.2
278	3.7
279	3.4
280	3.7
281	2.5
282	3.7
283	3
284	4
285	2.9
286	3.1
287	4.2
288	4
289	2.9
290	4.7
291	3
292	3.4
293	4.2
294	3.2
295	3.5
296	2.9
297	2.8
298	3.6
299	2.9
300	3.6
301	5
302	3.7
303	3.5
304	3.6
305	3.3
306	3.5
307	4.1
308	3
309	3.6
310	3.7
311	2.9
312	3.7
313	3.8
314	4
315	2.8
316	3.2
317	3.8
318	3.9
319	3.8
320	4.1
321	4.2
322	3.1
323	3.3
324	3.1
325	3
326	4.1
327	3.3
328	3.4
329	3.6
330	3.8
331	4
332	4
333	3
334	2.2
335	3.2
336	4.1
337	3.8
338	3.7
339	3.9
340	3
341	3.4
342	3
343	3.2
344	3.6
345	4.1
346	3.2
347	3.6
348	3.4
349	3.4
350	3.6
351	5.1
352	4.2
353	3.3
354	2.9
355	3
356	4.6
357	3.6
358	3.2
359	3.3
360	2.9
361	3.6
362	3.1
363	3.5
364	3.3
365	2.9
366	3.5
367	3.4
368	3.1
369	3
370	3.2
371	3.1
372	4.3
373	3.6
374	2.8
375	3.8
376	4.1
377	3.2
378	3.5
379	4.1
380	3.6
381	3.7
382	2.6
383	2.6
384	2.9
385	3.8
386	2.8
387	3.1
388	3.4
389	3.8
390	4
391	2.6
392	3.9
393	3.9
394	3.1
395	3.9
396	2.9
397	3.1
398	2.8
399	4.1
400	3.8
401	3.4
402	3.4
403	3.5
404	3.3
405	3.7
406	3.5
407	3.1
408	3.8
409	2.7
410	3
411	3.4
412	3.9
413	4
414	2.8
415	3.2
416	3.8
417	3
418	2.8
419	4
420	3.6
421	3.6
422	4.6
423	3.8
424	3.6
425	2.9
426	2.6
427	4.4
428	3.5
429	3.9
430	2.8
431	3.5
432	3
433	4.1
434	4.2
435	3.3
436	4.3
437	2.4
438	3.9
439	4.1
440	2.7
441	4
442	4.7
443	4.1
444	3.3
445	4.4
446	3.8
447	3.2
448	3.6
449	3.4
450	3.5
451	3.7
452	3.7
453	3.7
454	3.6
455	4
456	3.8
457	3.3
458	3.6
459	3.5
460	4.1
461	4.2
462	4.1
463	3.9
464	3.7
465	4
466	3.9
467	3.8
468	3.9
469	3.7
470	2.9
471	3.5
472	2.9
473	3.4
474	4.9
475	2.8
476	4.4
477	3.7
478	3.4
479	4.3
480	2.7
481	4.2
482	4.1
483	3.8
484	3.4
485	3.8
486	3
487	3.5
488	4
489	3
490	4.2
491	4.4
492	3.4
493	4.3
494	3.9
495	3.6
496	3.4
497	3.8
498	2.5
499	3
500	2.9
501	3.1
502	4.1
503	3.3
504	3.3
505	2.6
506	3.1
507	3.4
508	3.1
509	3.6
510	4.6
511	3.3
512	4
513	3.1
514	3.3
515	4
516	4.3
517	3.8
518	4
519	3.1
520	4.1
521	3.8
522	3.4
523	3.9
524	4
525	4.1
526	4.5
527	4
528	3.1
529	3.8
530	3.9
531	3.8
532	2.6
533	2.7
534	3.7
535	3.5
536	3.3
537	2.9
538	3.5
539	3.7
540	2.6
541	3.4
542	3.8
543	3
544	3.2
545	4.2
546	3.8
547	3
548	3.9
549	4
550	2.9
551	2.9
552	3.4
553	3.2
554	2.8
555	4
556	2.9
557	3.3
558	3.5
559	3.4
560	3.6
561	3.9
562	3.3
563	3.1
564	4.4
565	3.7
566	3.5
567	3.6
568	3.3
569	4.2
570	3.2
571	4.1
572	4
573	4.1
574	3.3
575	3
576	3.6
577	3.8
578	4
579	3.1
580	3.3
581	2.9
582	4.8
583	3.7
584	3.5
585	3.2
586	3.3
587	2.8
588	3.7
589	4.9
590	3.3
591	3.8
592	3.2
593	2.8
594	3.2
595	3.5
596	3.6
597	2.7
598	3.6
599	3
600	3.5
601	4.1
602	3.7
603	3
604	3.8
605	3.2
606	3.2
607	4
608	3.9
609	3.8
610	3.5
611	4.8
612	3.7
613	3.7
614	4
615	3.4
616	2.9
617	3.6
618	3.3
619	3.4
620	3.4
621	2.7
622	3.1
623	3
624	2.8
625	3.7
626	3.8
627	4
628	3.4
629	3.3
630	2.9
631	3.4
632	3.7
633	2.9
634	3.2
635	3.9
636	2.7
637	3.8
638	3.3
639	2.4
640	2.6
641	4.1
642	4.2
643	3.6
644	3.4
645	3.1
646	4.1
647	4.3
648	4.2
649	3.7
650	3
651	3.2
652	3.8
653	3.7
654	3.7
655	3.9
656	3.5
657	3.3
658	2.9
659	2.7
660	3.4
661	3.6
662	4.1
663	3.6
664	3.8
665	3.3
666	4.3
667	3.8
668	4.3
669	3.2
670	3.7
671	3.4
672	3.1
673	4.1
674	3.3
675	3.9
676	2.9
677	4
678	3.8
679	3.5
680	3.1
681	3.6
682	4.2
683	3.4
684	4.1
685	3.5
686	2.8
687	4.1
688	3.6
689	3.6
690	4
691	3.2
692	3.8
693	2.5
694	4.5
695	3.6
696	4.1
697	3.2
698	2.7
699	4.1
700	3.5
701	3.9
702	4.2
703	2.8
704	3.4
705	4.4
706	4.4
707	4.4
708	3.9
709	4
710	4.1
711	4
712	3.7
713	3.8
714	3.2
715	4
716	3.4
717	3.9
718	3.5
719	2.9
720	4.1
721	3.3
722	3.4
723	3.5
724	3.8
725	3.3
726	4.4
727	3.1
728	4.1
729	3.7
730	3.1
731	2.9
732	3.1
733	3.6
734	3.4
735	4.3
736	3.3
737	3.8
738	3.8
739	3.4
740	3.5
741	2.8
742	4.4
743	2.9
744	3.7
745	4.7
746	3.1
747	3.8
748	3.7
749	3.4
750	3.2
751	4.2
752	3.4
753	3.3
754	2.5
755	3.7
756	2.4
757	3.4
758	3.9
759	4
760	3.1
761	3.9
762	3.3
763	3.5
764	3.9
765	3.4
766	3.8
767	2.8
768	3.7
769	3.5
770	3.7
771	3.7
772	3.4
773	3.3
774	3.8
775	4
776	3.4
777	2.6
778	2.8
779	3.1
780	2.7
781	4.4
782	3.8
783	4
784	3.5
785	3.4
786	3.1
787	3.3
788	3.6
789	3.8
790	3.7
791	4.2
792	3.6
793	3.4
794	3.3
795	2.6
796	3.9
797	3.1
798	2.6
799	4
800	3
801	2.9
802	3.2
803	3.9
804	3.6
805	4.3
806	3.7
807	2.9
808	3.6
809	3.6
810	3.5
811	2.7
812	4.2
813	3.4
814	3.4
815	3.7
816	4.3
817	3.3
818	2.6
819	3.7
820	2.4
821	4.6
822	3.4
823	3.2
824	3.4
825	3.6
826	3.5
827	3.3
828	3.5
829	4
830	3.6
831	3.8
832	3.5
833	3.1
834	3.2
835	4.2
836	3.2
837	2.8
838	2.9
839	3.8
840	3.5
841	3.2
842	3.6
843	3.6
844	3.9
845	2.8
846	3.2
847	3.5
848	3.6
849	3.5
850	2.8
851	3.4
852	3.7
853	3
854	3.8
855	3.9
856	3.4
857	3.1
858	4.3
859	3.1
860	3.7
861	4.6
862	3.3
863	3.3
864	4.2
865	2.9
866	3.7
867	2.8
868	3.6
869	3.8
870	3.7
871	3.4
872	3.2
873	4
874	3.4
875	3.4
876	3.2
877	3.5
878	3.3
879	3
880	2.8
881	3.1
882	3.9
883	4.2
884	3.9
885	3.1
886	3.3
887	3.7
888	2.5
889	4.3
890	3.3
891	3.7
892	3.1
893	3.5
894	3.9
895	3.4
896	3.5
897	4.6
898	3.4
899	3.9
900	2.2
901	4
902	3.5
903	3.8
904	4.2
905	2.9
906	3.6
907	3.9
908	3.9
909	3
910	3.3
911	3.3
912	3.9
913	4.1
914	3.1
915	3.5
916	3.8
917	4.1
918	3.8
919	4.9
920	3.9
921	4.1
922	2.9
923	3.4
924	4.5
925	3.1
926	3.1
927	3.3
928	3.2
929	4.5
930	4.6
931	3.6
932	4
933	3.4
934	3.4
935	3.8
936	3
937	3.8
938	3.6
939	3.1
940	3.9
941	3.5
942	4.4
943	3.3
944	3.2
945	3
946	2.3
947	4.5
948	3.7
949	3
950	3.8
951	2.9
952	3.8
953	3.2
954	4.1
955	3.3
956	3.7
957	3.3
958	3.9
959	4.6
960	3.4
961	3.1
962	3.2
963	3
964	4.6
965	3.7
966	2.2
967	3.8
968	3.1
969	3.1
970	2.7
971	3.5
972	2.7
973	2.9
974	3.6
975	3.6
976	4.3
977	3.5
978	3
979	3.3
980	2.6
981	2.6
982	3.5
983	2.8
984	3.4
985	3.3
986	2.3
987	4.1
988	4.5
989	3.5
990	4.1
991	4.3
992	2.9
993	4.5
994	3.5
995	3.3
996	2.2
997	3.1
998	3.5
999	4.1
1000	3.3
1001	3.8
1002	3.1
1003	3.3
1004	3.4
1005	3.1
1006	3.3
1007	3.3
1008	4.4
1009	3.9
1010	3.2
1011	3.6
1012	3.5
1013	4.6
1014	3.6
1015	3
1016	3.5
1017	4
1018	3.4
1019	3.9
1020	4.2
1021	3.1
1022	3.1
1023	4
1024	4.2
1025	3.1
1026	4
1027	3.8
1028	3.2
1029	3.8
1030	4
1031	3.8
1032	4.4
1033	4.9
1034	3.6
1035	4.6
1036	3
1037	2.4
1038	4.1
1039	3.3
1040	3
1041	3.3
1042	3.3
1043	3.1
1044	4.8
1045	2.5
1046	3.6
1047	2.9
1048	3.2
1049	3.6
1050	4
1051	4.4
1052	3.5
1053	3.2
1054	3
1055	2.7
1056	3.9
1057	4.2
1058	3.2
1059	3.1
1060	3.4
1061	3
1062	3.3
1063	3
1064	4.8
1065	3.6
1066	4.1
1067	4.3
1068	3.8
1069	3.5
1070	3.4
1071	4.2
1072	4.2
1073	2.4
1074	3.4
1075	4.5
1076	3.5
1077	3.5
1078	3
1079	4.1
1080	3.3
1081	2.9
1082	4.2
1083	4.1
1084	3.2
1085	3.4
1086	3
1087	4.2
1088	3.4
1089	3.8
1090	3.7
1091	4.5
1092	4.1
1093	3.3
1094	3
1095	3.8
1096	4.2
1097	3.5
1098	3.3
1099	3.6
1100	3.4
1101	3.5
1102	2.8
1103	4.1
1104	3.6
1105	2.8
1106	2.9
1107	4.3
1108	3.8
1109	4.2
1110	3.5
1111	2.7
1112	3.6
1113	3.1
1114	2.4
1115	4.4
1116	4.1
1117	3.7
1118	3.7
1119	3
1120	3.8
1121	3.1
1122	2.6
1123	3.4
1124	3
1125	2.9
1126	2.9
1127	3
1128	4.5
1129	3
1130	4.2
1131	3.1
1132	3.3
1133	5.1
1134	4.1
1135	3.4
1136	3.8
1137	3.7
1138	3.6
1139	3.3
1140	4
1141	4.8
1142	3.5
1143	3.3
1144	3.9
1145	3.3
1146	3.6
1147	3.7
1148	3.9
1149	3.8
1150	3.5
1151	3.9
1152	4.7
1153	3.5
1154	4.4
1155	3.4
1156	3.5
1157	3.4
1158	4.1
1159	3.5
1160	3.2
1161	3.3
1162	2.9
1163	4.4
1164	2.6
1165	3.7
1166	4.4
1167	4.1
1168	3.1
1169	4.5
1170	3.8
1171	3.8
1172	3.3
1173	3.7
1174	3.1
1175	3.1
1176	3.7
1177	3.2
1178	3.4
1179	4.5
1180	3.7
1181	3
1182	2.7
1183	3.8
1184	3.7
1185	3.9
1186	2.9
1187	4.1
1188	3.6
1189	3.9
1190	3.2
1191	2.3
1192	3.7
1193	3.5
1194	3.4
1195	3.8
1196	3.4
1197	4.1
1198	3.8
1199	3.5
1200	3.9
1201	3.7
1202	4
1203	4.2
1204	3.3
1205	4.6
1206	3.1
1207	3.3
1208	2.3
1209	3.7
1210	4.1
1211	3.7
1212	3.4
1213	3.6
1214	3.1
1215	4.2
1216	4.1
1217	4.4
1218	4.2
1219	2.2
1220	3.3
1221	4
1222	2.8
1223	3.5
1224	4.2
1225	3.9
1226	4.4
1227	4.7
1228	3.6
1229	3.4
1230	3.5
1231	3.1
1232	4.3
1233	4
1234	3.8
1235	3.8
1236	2.9
1237	3.2
1238	4
1239	3.7
1240	3
1241	4.3
1242	3.5
1243	4
1244	3.5
1245	3.1
1246	3.3
1247	3.2
1248	2.9
1249	4.4
1250	4.2
1251	3.8
1252	4.5
1253	3.2
1254	3.6
1255	3.6
1256	3.1
1257	4.1
1258	2.4
1259	3.9
1260	3.1
1261	3.3
1262	2.9
1263	4
1264	3.2
1265	3.7
1266	3.6
1267	3.2
1268	3.8
1269	3.5
1270	4.1
1271	3.6
1272	3.3
1273	4.1
1274	2.8
1275	3.6
1276	3.6
1277	3.9
1278	3.4
1279	3.2
1280	3.7
1281	3.6
1282	3.7
1283	4.9
1284	3.1
1285	2
1286	2.6
1287	4.8
1288	3.5
1289	3.4
1290	3.6
1291	3.3
1292	1.9
1293	4.2
1294	3.8
1295	3.2
1296	3
1297	3
1298	3.2
1299	3.2
1300	3.4
1301	2.7
1302	2.9
1303	2.9
1304	4.4
1305	3.4
1306	3.2
1307	4.2
1308	3.2
1309	2.9
1310	3.3
1311	3.8
1312	2.9
1313	3.4
1314	3.6
1315	3.1
1316	3.1
1317	3.3
1318	2.3
1319	3.7
1320	3.9
1321	3.1
1322	3.9
1323	3.4
1324	3.4
1325	3.9
1326	3.4
1327	3.4
1328	3.7
1329	3.1
1330	2.7
1331	3.8
1332	3.4
1333	2.8
1334	3.8
1335	4.6
1336	3.6
1337	3.7
1338	4.1
1339	3.7
1340	4.4
1341	3.8
1342	3.1
1343	3.2
1344	3.1
1345	4.5
1346	3.7
1347	3.6
1348	3.3
1349	2.9
1350	2.6
1351	2.1
1352	4.5
1353	2.5
1354	3.3
1355	4.2
1356	3.6
1357	3.4
1358	4.3
1359	3.7
1360	3.3
1361	3.1
1362	3.4
1363	3.2
1364	3.2
1365	3.7
1366	3.6
1367	2.1
1368	2.7
1369	4.3
1370	4.7
1371	3.4
1372	3.9
1373	3.8
1374	3.6
1375	3.7
1376	3.5
1377	3.4
1378	3.6
1379	3.6
1380	3.3
1381	3.2
1382	4
1383	3.7
1384	3.1
1385	3.8
1386	3.3
1387	4
1388	4.3
1389	3.1
1390	4.4
1391	4.3
1392	3.6
1393	2.6
1394	3.4
1395	3.5
1396	3.3
1397	4.3
1398	3.1
1399	3.7
1400	2.7
1401	3.2
1402	3.5
1403	3
1404	3.8
1405	2.9
1406	3.3
1407	3.8
1408	2.8
1409	2.6
1410	3.4
1411	4.3
1412	3.1
1413	3.1
1414	2.9
1415	2.4
1416	4.2
1417	2.9
1418	2.1
1419	3.8
1420	3.2
1421	4
1422	2.5
1423	2.4
1424	4.3
1425	4.4
1426	4.1
1427	4.1
1428	3.5
1429	4
1430	3.1
1431	2.7
1432	4.1
1433	2.8
1434	3.9
1435	3.6
1436	2.9
1437	3.7
1438	4
1439	3
1440	3.8
1441	4
1442	3.7
1443	3.5
1444	3.7
1445	2.7
1446	4.5
1447	2.7
1448	3.6
1449	4.2
1450	3.5
1451	2.4
1452	3.8
1453	4.1
1454	3.4
1455	3.5
1456	3.1
1457	3.9
1458	4.2
1459	4.2
1460	3.4
1461	3.9
1462	3.8
1463	3.2
1464	3.6
1465	2.9
1466	3.3
1467	3.8
1468	3.1
1469	4.1
1470	3
1471	2.8
1472	3.5
1473	3.3
1474	2.4
1475	2.7
1476	4.5
1477	2.6
1478	3.8
1479	4.2
1480	2.5
1481	4
1482	4.2
1483	3.6
1484	2.9
1485	3
1486	3.2
1487	3.7
1488	3.8
1489	3.2
1490	2.8
1491	3.1
1492	3.1
1493	4
1494	3.3
1495	3
1496	4.5
1497	3.5
1498	4.6
1499	4.1
1500	2.9
1501	3.3
1502	3.9
1503	3.5
1504	3.3
1505	3.9
1506	2.8
1507	3.8
1508	4.4
1509	3.5
1510	3.1
1511	3.3
1512	3.6
1513	2.7
1514	3.4
1515	3.2
1516	3.6
1517	4.5
1518	3.8
1519	4.6
1520	3.8
1521	3.2
1522	4.1
1523	4.1
1524	4
1525	3.7
1526	3.5
1527	3.4
1528	3
1529	3.2
1530	2.9
1531	3.4
1532	4.6
1533	2.7
1534	3.2
1535	3.7
1536	3.9
1537	3.9
1538	2.9
1539	3.3
1540	4.9
1541	3.5
1542	3.9
1543	3.2
1544	3.3
1545	3.7
1546	2.9
1547	3.6
1548	4.3
1549	3.8
1550	3.4
1551	3.9
1552	3.4
1553	3.7
1554	2.8
1555	3.1
1556	3.6
1557	3
1558	3.3
1559	3.8
1560	4.2
1561	4
1562	3.7
1563	3
1564	2.6
1565	3.4
1566	3.8
1567	2.6
1568	3.8
1569	4
1570	3.6
1571	3.9
1572	2.9
1573	2.9
1574	3.9
1575	4.5
1576	4.4
1577	4.2
1578	3.9
1579	3.4
1580	3.6
1581	3.4
1582	4
1583	4.3
1584	3.2
1585	3.3
1586	4.2
1587	3.2
1588	3.3
1589	3.2
1590	2.7
1591	3.3
1592	3.8
1593	3.1
1594	3.7
1595	2.6
1596	3.7
1597	3
1598	3.9
1599	2.6
1600	3.4
1601	3.4
1602	2.3
1603	2.9
1604	4
1605	2.7
1606	3.6
1607	3.4
1608	4.7
1609	4
1610	3
1611	3.6
1612	3.8
1613	3.6
1614	4
1615	1.9
1616	3.5
1617	3
1618	3.4
1619	3.4
1620	3.5
1621	3.2
1622	3.3
1623	4
1624	3.8
1625	3.1
1626	3.5
1627	3.5
1628	2.6
1629	4.3
1630	2.7
1631	4
1632	3.5
1633	4
1634	3.2
1635	4
1636	3.6
1637	3.9
1638	4.3
1639	3.3
1640	5.3
1641	3.4
1642	3.1
1643	4.1
1644	4.2
1645	3.2
1646	3.7
1647	2.6
1648	2.8
1649	4.3
1650	3.6
1651	4.3
1652	4.1
1653	3.5
1654	3.3
1655	3.4
1656	3.8
1657	3.4
1658	2.8
1659	3.4
1660	2.7
1661	2.7
1662	3.6
1663	3.9
1664	3.6
1665	3.4
1666	3.8
1667	3.7
1668	3.4
1669	3.4
1670	3.8
1671	2.9
1672	2.5
1673	3.5
1674	4.3
1675	2.9
1676	3.3
1677	4.3
1678	4
1679	3.4
1680	3
1681	2.5
1682	4
1683	3.6
1684	3.5
1685	4.2
1686	3.8
1687	3.5
1688	4.3
1689	3
1690	4.6
1691	3.1
1692	3.4
1693	4.1
1694	3.6
1695	3.5
1696	3.4
1697	3.6
1698	3.4
1699	3
1700	3.9
1701	3.6
1702	4.5
1703	3
1704	3.8
1705	3.5
1706	3.5
1707	4.1
1708	3.5
1709	4.5
1710	3.6
1711	2.9
1712	3.6
1713	3.3
1714	3.9
1715	3.4
1716	3.5
1717	4.6
1718	2.7
1719	3.9
1720	3.1
1721	3
1722	3.5
1723	4.4
1724	3.7
1725	3.6
1726	3.6
1727	3.4
1728	3.2
1729	3.3
1730	3
1731	3.3
1732	3.6
1733	2.8
1734	3.9
1735	3.8
1736	3.3
1737	3
1738	2.9
1739	3
1740	3.2
1741	3.8
1742	4.3
1743	3.3
1744	3.6
1745	3.8
1746	2.6
1747	3.5
1748	3.2
1749	4.3
1750	4.2
1751	1.8
1752	3.9
1753	4.7
1754	2.6
1755	4.3
1756	3.8
1757	3.3
1758	3.9
1759	2.6
1760	3.9
1761	3.4
1762	3.9
1763	3.1
1764	3.4
1765	4.2
1766	2.8
1767	4.3
1768	3.8
1769	3.2
1770	4.6
1771	3.3
1772	2.8
1773	3
1774	3.3
1775	3.4
1776	3.1
1777	3.4
1778	4.2
1779	3.3
1780	2.8
1781	3.8
1782	3.5
1783	3.2
1784	4.1
1785	4
1786	3.6
1787	4.7
1788	3.5
1789	3.1
1790	3
1791	2.8
1792	3.5
1793	3.3
1794	4.6
1795	4.1
1796	4.6
1797	2.9
1798	3.9
1799	3.5
1800	5
1801	3.1
1802	3.7
1803	3
1804	4.1
1805	3.5
1806	3.2
1807	5.2
1808	2.6
1809	3.5
1810	3.5
1811	4.3
1812	3.3
1813	3.4
1814	3.7
1815	3.2
1816	4.1
1817	3.5
1818	4.2
1819	3
1820	3.6
1821	2.3
1822	4.4
1823	2.6
1824	3
1825	2.9
1826	3.6
1827	4.1
1828	3.7
1829	4.4
1830	4.6
1831	4.5
1832	3
1833	2.9
1834	3.7
1835	2.9
1836	3.5
1837	4.1
1838	3.4
1839	3.4
1840	2.8
1841	3.6
1842	3.4
1843	2.6
1844	4.1
1845	3.4
1846	3.4
1847	2.9
1848	3.3
1849	3.4
1850	3.4
1851	3.7
1852	3.8
1853	2.9
1854	3.3
1855	3.1
1856	3.8
1857	3.4
1858	4.1
1859	4.1
1860	3.8
1861	3.2
1862	3.8
1863	4
1864	3.7
1865	3.1
1866	2.8
1867	4
1868	3.1
1869	4
1870	3.5
1871	3.6
1872	3.7
1873	3.3
1874	3.5
1875	3.8
1876	3.5
1877	3.9
1878	3
1879	2.8
1880	2.9
1881	2.9
1882	4.4
1883	3.3
1884	3.4
1885	3.2
1886	3.2
1887	3.2
1888	3.6
1889	3.8
1890	3.5
1891	3.3
1892	3.5
1893	3
1894	2.7
1895	3.2
1896	2.5
1897	3.9
1898	3.9
1899	2.3
1900	3.6
1901	4.4
1902	3.8
1903	4.2
1904	3.6
1905	4.2
1906	3.5
1907	3.5
1908	3.8
1909	4.2
1910	2.7
1911	3.9
1912	3.3
1913	3.8
1914	4.2
1915	3
1916	4.2
1917	3.8
1918	3.3
1919	3.2
1920	3
1921	2.3
1922	2.1
1923	3.3
1924	3.7
1925	3.5
1926	3.4
1927	3.8
1928	3.4
1929	2.8
1930	3.4
1931	4.2
1932	4.4
1933	3.5
1934	4.8
1935	3.4
1936	3.3
1937	4.6
1938	3.7
1939	2.6
1940	3
1941	4.8
1942	3.7
1943	3.9
1944	2.4
1945	4.2
1946	3.8
1947	4.6
1948	3.4
1949	4
1950	3.6
1951	2.8
1952	4
1953	2.3
1954	3.3
1955	3.4
1956	3.7
1957	2.9
1958	4.2
1959	4.9
1960	3.3
1961	4
1962	3.7
1963	3.7
1964	4.1
1965	3.3
1966	3.5
1967	4
1968	4
1969	4.6
1970	2.9
1971	3.6
1972	3.5
1973	3.9
1974	3.5
1975	3.6
1976	3.8
1977	3.2
1978	3.1
1979	3.8
1980	4.2
1981	3.4
1982	3.3
1983	4
1984	4.4
1985	2.6
1986	3.5
1987	3.9
1988	3.6
1989	4.1
1990	4.4
1991	2.7
1992	3.5
1993	4.4
1994	2.8
1995	3.6
1996	3.6
1997	3.5
1998	3.8
1999	4.2
2000	3.7
2001	2.8
2002	3.7
2003	3.8
2004	3.8
2005	4.1
2006	3.5
2007	3
2008	2.8
2009	3.2
2010	3.4
2011	4.1
2012	3.2
2013	4.4
2014	3.4
2015	3.2
2016	3.2
2017	3.6
2018	3.5
2019	4.8
2020	3.8
2021	3.3
2022	3
2023	3.2
2024	3.6
2025	3
2026	3.2
2027	3.8
2028	4.2
2029	3.4
2030	3.8
2031	2.9
2032	4.5
2033	3.8
2034	4.1
2035	2.7
2036	3
2037	3.6
2038	3.9
2039	3.2
2040	3.3
2041	3.4
2042	3.2
2043	3.1
2044	3.8
2045	3.6
2046	3.3
2047	3.4
2048	4.2
2049	4.8
2050	3.7
2051	3.2
2052	3.8
2053	3.5
2054	3
2055	3.3
2056	4.3
2057	3.8
2058	4.2
2059	3.5
2060	4.6
2061	2.1
2062	3.7
2063	3.2
2064	4
2065	3.6
2066	3.3
2067	4.1
2068	3.5
2069	3.4
2070	3.1
2071	4
2072	3.7
2073	3.6
2074	3.4
2075	2.6
2076	3.4
2077	3.9
2078	3.5
2079	3.3
2080	2.6
2081	4.3
2082	3.9
2083	2.9
2084	3.8
2085	3.5
2086	3.9
2087	3.2
2088	3.7
2089	3.1
2090	4
2091	3.8
2092	2.6
2093	3.1
2094	4
2095	3.1
2096	3.3
2097	2.7
2098	3.2
2099	3.1
2100	4
2101	4
2102	3.5
2103	3.1
2104	2.9
2105	3.9
2106	4.2
2107	3.7
2108	4.6
2109	3.1
2110	3.4
2111	3.8
2112	3.2
2113	3
2114	3
2115	3.7
2116	4.1
2117	3.5
2118	3
2119	4.2
2120	4
2121	3
2122	3.2
2123	3.5
2124	3
2125	3.2
2126	4.3
2127	3.7
2128	3.8
2129	3.5
2130	3.3
2131	3.6
2132	3.7
2133	2.7
2134	4
2135	3.4
2136	2.9
2137	3
2138	3.7
2139	4.4
2140	3.6
2141	2.5
2142	2.9
2143	3.6
2144	3.7
2145	3.7
2146	3.5
2147	3.6
2148	3.8
2149	3.2
2150	3.6
2151	3.4
2152	3.4
2153	3.6
2154	3
2155	4.4
2156	4
2157	4.2
2158	4.5
2159	3.8
2160	4.7
2161	3.1
2162	4.1
2163	3
2164	2.8
2165	4.5
2166	3.8
2167	3.6
2168	2.4
2169	3.2
2170	2.5
2171	3.9
2172	3
2173	3.5
2174	4.4
2175	3.1
2176	3.4
2177	3.2
2178	3.5
2179	4.5
2180	4.2
2181	2.9
2182	4.5
2183	1.9
2184	4
2185	2.5
2186	3.3
2187	2.7
2188	2.7
2189	3.5
2190	2.8
2191	2.8
2192	2.8
2193	4
2194	3.9
2195	2.7
2196	3.3
2197	2.5
2198	3.8
2199	3.2
2200	3.3
2201	4.3
2202	3.9
2203	3.1
2204	2.6
2205	3.1
2206	3.3
2207	3
2208	2.6
2209	4.1
2210	3.3
2211	2.5
2212	3.3
2213	3.9
2214	2.7
2215	3.3
2216	4.1
2217	3.9
2218	3
2219	3
2220	3.5
2221	2.6
2222	2.9
2223	4.3
2224	3.6
2225	3.6
2226	4
2227	3.7
2228	4
2229	2.6
2230	3.7
2231	4.5
2232	4.1
2233	4
2234	3.4
2235	3.6
2236	3.5
2237	4.3
2238	3.6
2239	3.5
2240	3.3
2241	4.3
2242	3.6
2243	2.9
2244	3.7
2245	3.5
2246	3.6
2247	3.3
2248	3.5
2249	3.9
2250	2.9
2251	4.1
2252	3.1
2253	3
2254	3.6
2255	2.8
2256	3.7
2257	4.8
2258	3.5
2259	3.7
2260	4.4
2261	2.7
2262	3.6
2263	3.2
2264	3.9
2265	3.6
2266	3.1
2267	2.5
2268	3.9
2269	3.5
2270	3.5
2271	3.7
2272	3.4
2273	3.2
2274	3.1
2275	3.9
2276	2.6
2277	2.8
2278	3.8
2279	2.8
2280	4
2281	2.4
2282	3.8
2283	3.6
2284	2.9
2285	4.6
2286	3.9
2287	3
2288	4.1
2289	4.2
2290	2.4
2291	4.5
2292	3.5
2293	3
2294	4.2
2295	3.3
2296	2.8
2297	3.4
2298	3.7
2299	2.6
2300	2.4
2301	3
2302	3.5
2303	4.4
2304	3.8
2305	3
2306	4
2307	3.3
2308	2
2309	3.2
2310	3.5
2311	3.3
2312	4.3
2313	3.3
2314	3.3
2315	3.8
2316	4
2317	3.4
2318	2.6
2319	3.7
2320	4
2321	2.9
2322	3.7
2323	3.4
2324	4.9
2325	3.4
2326	3.8
2327	3.3
2328	2.6
2329	3.3
2330	4
2331	4.2
2332	3.7
2333	4.5
2334	4.3
2335	2.6
2336	3.9
2337	3.3
2338	2.7
2339	2.5
2340	3.1
2341	4
2342	3.6
2343	3.2
2344	4
2345	2.6
2346	3.3
2347	3.8
2348	4.3
2349	2.6
2350	3.4
2351	4.3
2352	3.3
2353	3.9
2354	3.4
2355	3.6
2356	3.3
2357	3.6
2358	3.1
2359	3.9
2360	2.6
2361	3.5
2362	3.5
2363	3.2
2364	4
2365	2.2
2366	4.5
2367	3.8
2368	3.5
2369	4.2
2370	4.4
2371	3.2
2372	3.4
2373	3.6
2374	4.3
2375	4
2376	4.1
2377	3.5
2378	3.2
2379	3.7
2380	3.8
2381	4
2382	3.4
2383	3.8
2384	3.9
2385	3.5
2386	3.3
2387	3.5
2388	3.4
2389	2.6
2390	2.9
2391	3.7
2392	3.8
2393	3.5
2394	3.6
2395	3.6
2396	3.8
2397	3.7
2398	3.3
2399	2.4
2400	4.1
2401	3
2402	3.9
2403	3.2
2404	2.6
2405	3.6
2406	2.6
2407	3.4
2408	3.7
2409	3.4
2410	3.9
2411	3.7
2412	3.8
2413	2.7
2414	3.3
2415	4
2416	3.5
2417	3.1
2418	3.6
2419	3.8
2420	3.8
2421	3.8
2422	3.7
2423	3.5
2424	3.7
2425	3.7
2426	2.5
2427	3.2
2428	2.2
2429	4.2
2430	3.3
2431	3.5
2432	4.1
2433	3
2434	3.2
2435	3.9
2436	3.1
2437	3.1
2438	3.4
2439	3.6
2440	3.4
2441	3.6
2442	4.9
2443	2.7
2444	2.9
2445	3.7
2446	4.4
2447	3
2448	2.9
2449	3.1
2450	3.7
2451	3.7
2452	2.8
2453	2.8
2454	3.6
2455	4.2
2456	2.7
2457	3.9
2458	3.7
2459	2.3
2460	3.4
2461	3.4
2462	2.9
2463	3.3
2464	2.8
2465	3.9
2466	3.6
2467	3.8
2468	3.5
2469	3.9
2470	3.8
2471	2.7
2472	3.9
2473	4.7
2474	3.3
2475	3.3
2476	3.7
2477	4
2478	2.9
2479	3.4
2480	2.9
2481	3.5
2482	2.6
2483	4
2484	4.4
2485	4.2
2486	3.4
2487	3.9
2488	4.9
2489	4.4
2490	3.6
2491	3
2492	3.9
2493	3.8
2494	2.5
2495	2.5
2496	3.4
2497	4.2
2498	3.2
2499	3.5
2500	2.7
2501	3.5
2502	3.1
2503	2.8
2504	2.7
2505	3.4
2506	3.8
2507	3
2508	3.9
2509	3.5
2510	3.1
2511	3.8
2512	3.4
2513	3.4
2514	3.9
2515	3.6
2516	3.7
2517	2.6
2518	3.8
2519	3.7
2520	3.7
2521	3.5
2522	4.1
2523	2.9
2524	3.7
2525	4.6
2526	4.7
2527	3.2
2528	3.1
2529	3.2
2530	4.2
2531	3.6
2532	3
2533	4.6
2534	3.9
2535	2.7
2536	3.5
2537	4.1
2538	3.7
2539	3.5
2540	4.2
2541	1.8
2542	3
2543	4
2544	3.8
2545	4.3
2546	3.9
2547	4.2
2548	3.2
2549	4.5
2550	3.4
2551	2.6
2552	3.1
2553	3.6
2554	2.5
2555	3.6
2556	4
2557	3.4
2558	2.8
2559	3.2
2560	3.6
2561	4.1
2562	3.7
2563	3.5
2564	2.6
2565	2.8
2566	3.3
2567	4.5
2568	3.2
2569	3.7
2570	3.5
2571	2.6
2572	3.5
2573	3.1
2574	4.3
2575	2.8
2576	3.1
2577	3.8
2578	2.8
2579	4
2580	3.5
2581	3
2582	3.7
2583	3
2584	3.8
2585	4.2
2586	3.6
2587	3.1
2588	4.8
2589	3
2590	2.9
2591	3.8
2592	3.5
2593	3.5
2594	3.2
2595	4.5
2596	3.3
2597	3
2598	3.8
2599	3.3
2600	3.4
2601	3.9
2602	2.7
2603	3.4
2604	3.3
2605	4.4
2606	3.8
2607	3.8
2608	2.8
2609	3.7
2610	3.2
2611	3
2612	4
2613	3.2
2614	4.2
2615	3.6
2616	3.4
2617	3.1
2618	3.2
2619	3.2
2620	4.7
2621	4.7
2622	3.2
2623	4.1
2624	3.7
2625	4.2
2626	2.5
2627	3.5
2628	3.8
2629	4.1
2630	3.3
2631	4.1
2632	3.2
2633	4.2
2634	3.3
2635	4.2
2636	3.8
2637	4.2
2638	3.5
2639	3.8
2640	3.3
2641	3.9
2642	2.9
2643	4
2644	3.5
2645	3.6
2646	3.8
2647	3.4
2648	4
2649	3.3
2650	2.5
2651	3.6
2652	3.7
2653	3.5
2654	4.1
2655	3.9
2656	3.3
2657	3
2658	4.2
2659	3.5
2660	4.4
2661	4.1
2662	4.1
2663	3.3
2664	3
2665	4.7
2666	4.4
2667	4.8
2668	3.3
2669	3.7
2670	3.2
2671	3.8
2672	3.9
2673	2.6
2674	3.3
2675	3.3
2676	2.9
2677	2.9
2678	4.7
2679	4.1
2680	4.3
2681	3.1
2682	3.6
2683	3.3
2684	4.4
2685	4.3
2686	3.2
2687	3.2
2688	3.8
2689	3.1
2690	3.5
2691	3.8
2692	2.5
2693	3.3
2694	2.9
2695	3.5
2696	4
2697	3
2698	3.5
2699	3.5
2700	3.8
2701	3.9
2702	3.5
2703	2.9
2704	3.5
2705	3.5
2706	4.4
2707	3.7
2708	3.5
2709	3.5
2710	3
2711	3.5
2712	3.9
2713	3.8
2714	3.1
2715	4
2716	4.5
2717	3.9
2718	4.6
2719	4.5
2720	4.3
2721	3.1
2722	3.4
2723	4.6
2724	3.1
2725	2.8
2726	3.2
2727	4.3
2728	3.4
2729	3.4
2730	4.5
2731	2.6
2732	4
2733	3.1
2734	3.6
2735	3.9
2736	3.9
2737	3.4
2738	3
2739	3
2740	2.2
2741	4.4
2742	3.6
2743	3.7
2744	2.5
2745	3.7
2746	2.3
2747	4.2
2748	3.4
2749	3.6
2750	4.1
2751	2.9
2752	4.3
2753	4.8
2754	3
2755	3.8
2756	4.1
2757	3
2758	4.1
2759	4.4
2760	3.1
2761	2.1
2762	3.4
2763	3
2764	4.5
2765	4.4
2766	3.2
2767	3.2
2768	3.5
2769	3.5
2770	3.6
2771	3.5
2772	3
2773	2.9
2774	4.2
2775	3.6
2776	3.9
2777	2.1
2778	3
2779	3.4
2780	4.6
2781	4
2782	5.1
2783	4.7
2784	4.2
2785	2.9
2786	3.3
2787	4.3
2788	3.9
2789	2.6
2790	4.1
2791	3.6
2792	3.6
2793	2.8
2794	3
2795	3.1
2796	4.6
2797	3.9
2798	4
2799	3.4
2800	3.8
2801	3.9
2802	3.7
2803	3.4
2804	4.3
2805	3.9
2806	3.4
2807	3.7
2808	3.9
2809	3.8
2810	3.3
2811	3.8
2812	4.1
2813	3.6
2814	3.4
2815	3.2
2816	3.7
2817	3.6
2818	3.2
2819	3.6
2820	3.3
2821	3.5
2822	4.3
2823	2.7
2824	4.8
2825	3.1
2826	3.6
2827	3.5
2828	3.1
2829	3.5
2830	3.5
2831	3.6
2832	2.9
2833	2.8
2834	3.9
2835	4.2
2836	2.4
2837	2.9
2838	2.9
2839	3
2840	4.9
2841	3.9
2842	4.3
2843	4.5
2844	2.8
2845	2.6
2846	3.3
2847	2.3
2848	5
2849	3.5
2850	3.5
2851	4.3
2852	2.5
2853	4.1
2854	2.8
2855	4.5
2856	3.1
2857	4.5
2858	4.1
2859	3
2860	3.7
2861	3.3
2862	4
2863	3.6
2864	3.7
2865	2.9
2866	3.1
2867	3.9
2868	4
2869	3.3
2870	4.4
2871	4.6
2872	3.2
2873	3.6
2874	2.9
2875	2.8
2876	3.5
2877	2.8
2878	2.4
2879	3.4
2880	2.9
2881	3.3
2882	3
2883	3.5
2884	3.6
2885	3.9
2886	3.2
2887	3.5
2888	3.1
2889	3.5
2890	3.4
2891	3.2
2892	3.7
2893	3.6
2894	3.2
2895	3
2896	3.9
2897	3.8
2898	3.8
2899	3.1
2900	4.3
2901	4
2902	4.1
2903	3.8
2904	4.7
2905	4.2
2906	3.6
2907	3.7
2908	3.5
2909	3.7
2910	3.7
2911	3.9
2912	4.3
2913	3.3
2914	3.5
2915	4
2916	2.9
2917	4.1
2918	3.8
2919	3.8
2920	3.5
2921	3.4
2922	3.6
2923	3.9
2924	3.1
2925	3.6
2926	3.1
2927	3.2
2928	3.7
2929	3.3
2930	3.6
2931	3.2
2932	3.6
2933	3.7
2934	3.1
2935	3.9
2936	3.4
2937	2.5
2938	3.7
2939	3.5
2940	4.4
2941	3.6
2942	2.9
2943	3.4
2944	3.4
2945	4.3
2946	4.2
2947	3.2
2948	3
2949	3.1
2950	3
2951	3.3
2952	2.4
2953	3.4
2954	3.5
2955	3.4
2956	3.4
2957	4.2
2958	3.3
2959	3
2960	3.7
2961	3
2962	2.6
2963	4
2964	3.1
2965	3.8
2966	2.3
2967	2.2
2968	3.7
2969	3.5
2970	4.8
2971	3.7
2972	2.7
2973	4.3
2974	2.6
2975	4.1
2976	3.7
2977	3.5
2978	3.7
2979	3.6
2980	3.6
2981	3.4
2982	3.3
2983	2.9
2984	4.6
2985	3.8
2986	4
2987	3
2988	3.3
2989	3.6
2990	3.3
2991	2.9
2992	4
2993	4
2994	3.3
2995	3.7
2996	2.8
2997	3.3
2998	4
2999	3.4
3000	3.3
3001	4.1
3002	3.3
3003	3.1
3004	4.2
3005	3.4
3006	3.2
3007	3.6
3008	4
3009	4
3010	4.2
3011	3.9
3012	3.3
3013	3
3014	3.1
3015	3.3
3016	3.3
3017	3.3
3018	3.5
3019	3.2
3020	3.6
3021	4.7
3022	3.7
3023	3.2
3024	3.6
3025	3.5
3026	3.4
3027	3.2
3028	3.8
3029	3.5
3030	3.5
3031	3.7
3032	3.9
3033	3
3034	3.7
3035	3.9
3036	3.7
3037	4
3038	3.7
3039	2.9
3040	3.4
3041	3.4
3042	3.2
3043	3.8
3044	2.2
3045	3.4
3046	3.7
3047	4
3048	4.2
3049	4.1
3050	2.9
3051	3.8
3052	4
3053	3.9
3054	3.6
3055	3.5
3056	4.7
3057	2.3
3058	3.9
3059	3.4
3060	3
3061	4.2
3062	3.7
3063	3.6
3064	4.3
3065	4.2
3066	2.8
3067	3.1
3068	3.9
3069	3.1
3070	4.5
3071	3.1
3072	3.3
3073	3.6
3074	3.5
3075	3.6
3076	3.9
3077	3.3
3078	3.3
3079	2.3
3080	3.5
3081	3.3
3082	3.4
3083	3.7
3084	4
3085	3.3
3086	4
3087	3.6
3088	3.2
3089	3.6
3090	2.8
3091	3.6
3092	3.9
3093	3
3094	4.2
3095	3.8
3096	3
3097	3.3
3098	3.3
3099	2.9
3100	3.9
3101	3.3
3102	3.5
3103	3.8
3104	4
3105	3.9
3106	4.1
3107	3.1
3108	3
3109	3.6
3110	4.3
3111	3.3
3112	4.2
3113	3.9
3114	3.4
3115	3.4
3116	3.4
3117	3.2
3118	3.5
3119	3.5
3120	3.3
3121	3.1
3122	3.5
3123	3.9
3124	3
3125	3.4
3126	3.4
3127	3.5
3128	2.9
3129	4.1
3130	4.5
3131	3.8
3132	3.5
3133	3.2
3134	2.8
3135	5
3136	3.4
3137	3.4
3138	3.5
3139	3.6
3140	3.9
3141	2.5
3142	4.1
3143	4.7
3144	3.7
3145	4.2
3146	4
3147	4
3148	3.2
3149	3.4
3150	3.1
3151	2.2
3152	4.1
3153	3.6
3154	4
3155	4.9
3156	3.8
3157	2.8
3158	3.9
3159	3.6
3160	4.7
3161	3
3162	4.1
3163	4.3
3164	3.4
3165	4.9
3166	2.9
3167	3.4
3168	3.7
3169	4.6
3170	4.1
3171	3.7
3172	3.1
3173	3.5
3174	2.7
3175	3.8
3176	3.4
3177	3.2
3178	3.1
3179	3.8
3180	4.4
3181	3.7
3182	4.8
3183	4.3
3184	4
3185	3.3
3186	3.4
3187	3.3
3188	4.3
3189	3.2
3190	3.4
3191	3
3192	3
3193	4.2
3194	3
3195	3.8
3196	3
3197	3
3198	3.1
3199	3.9
3200	2.8
3201	3.4
3202	3.9
3203	3.6
3204	4.7
3205	3.4
3206	3.6
3207	3.6
3208	3.8
3209	3.7
3210	3.5
3211	3.6
3212	3.8
3213	3.2
3214	3.8
3215	4.7
3216	3.2
3217	3.4
3218	2.7
3219	2.7
3220	2.4
3221	3.3
3222	3.7
3223	3.9
3224	3.1
3225	4.1
3226	3.6
3227	3.9
3228	3.6
3229	4.2
3230	3.6
3231	3.7
3232	3.3
3233	3.7
3234	3.6
3235	4
3236	3.6
3237	2.7
3238	3
3239	3
3240	3.2
3241	2.2
3242	2.8
3243	2.8
3244	3.2
3245	3.7
3246	4
3247	4.4
3248	3.4
3249	4.3
3250	4
3251	3.6
3252	4.1
3253	4
3254	2.4
3255	4
3256	2.7
3257	3.6
3258	4
3259	3.7
3260	2.9
3261	2.6
3262	2.9
3263	3.4
3264	2.8
3265	4.5
3266	4.1
3267	3.9
3268	3.5
3269	4
3270	3.2
3271	3.7
3272	3.9
3273	3.3
3274	4.2
3275	3.5
3276	4.6
3277	3.3
3278	4.1
3279	2.9
3280	4.1
3281	4.2
3282	2.9
3283	3.3
3284	2.8
3285	3.5
3286	3.5
3287	4.9
3288	4.2
3289	4.4
3290	3.8
3291	3.4
3292	4.2
3293	2.5
3294	2.5
3295	2.9
3296	2.6
3297	2.9
3298	4.3
3299	3.6
3300	3.4
3301	4.2
3302	4.2
3303	4.2
3304	4
3305	2.6
3306	3.2
3307	3.7
3308	2.3
3309	3.5
3310	3.6
3311	4.2
3312	3
3313	3.9
3314	3.8
3315	3.6
3316	3.4
3317	3.7
3318	1.9
3319	4.3
3320	4.3
3321	4.8
3322	2.3
3323	3.3
3324	3.9
3325	2.6
3326	2.9
3327	3.4
3328	4
3329	3.8
3330	3
3331	4.4
3332	4.1
3333	3.4
3334	3.4
3335	3.1
3336	2.7
3337	3.3
3338	2.7
3339	3.1
3340	3.4
3341	2.6
3342	3.7
3343	3.8
3344	4.1
3345	3.5
3346	3.2
3347	4.3
3348	4
3349	2.6
3350	2.8
3351	3.9
3352	3
3353	3.6
3354	3
3355	4.3
3356	2.9
3357	4.2
3358	3.3
3359	4
3360	3.2
3361	3.6
3362	3.8
3363	3.6
3364	3.4
3365	3.9
3366	3.7
3367	2.9
3368	2.9
3369	3.2
3370	2.5
3371	4.2
3372	3.6
3373	4.7
3374	3.1
3375	3.1
3376	4.2
3377	3.2
3378	3.1
3379	2.8
3380	4.5
3381	3.9
3382	2.6
3383	2.8
3384	4.7
3385	3.6
3386	3.8
3387	3.1
3388	3.9
3389	3
3390	3.6
3391	3.7
3392	4.6
3393	3.9
3394	2.6
3395	4.6
3396	2.4
3397	3.1
3398	3.6
3399	3.6
3400	3
3401	3.8
3402	4.1
3403	3.9
3404	3.5
3405	2.9
3406	4.2
3407	3.4
3408	4.2
3409	3.6
3410	3.9
3411	3.4
3412	4.3
3413	4.2
3414	4.1
3415	3
3416	4
3417	3.9
3418	3.6
3419	2.4
3420	3.3
3421	3.5
3422	3.3
3423	4.9
3424	3.6
3425	3.4
3426	3.4
3427	3.1
3428	3.4
3429	3.5
3430	4.4
3431	3.3
3432	3.8
3433	2.6
3434	3.2
3435	3.4
3436	2.6
3437	4.6
3438	3.2
3439	3.1
3440	4.3
3441	3.9
3442	3.5
3443	3.3
3444	3.3
3445	4.2
3446	3.4
3447	2.6
3448	3.3
3449	4.4
3450	3.7
3451	3.6
3452	3.4
3453	4.2
3454	3.1
3455	3.1
3456	3.6
3457	4
3458	3.5
3459	2.9
3460	3.6
3461	3.9
3462	3.4
3463	3
3464	2.9
3465	3.1
3466	3.4
3467	2.6
3468	4.5
3469	3.5
3470	3.9
3471	3
3472	3.1
3473	3.5
3474	3.8
3475	4.4
3476	4
3477	3.4
3478	3.2
3479	3.4
3480	3.7
3481	3.6
3482	2.9
3483	4.3
3484	2.8
3485	3.9
3486	3.9
3487	4.1
3488	2.6
3489	3.7
3490	4.3
3491	3.2
3492	3.7
3493	3.3
3494	3.6
3495	2.8
3496	3
3497	3.7
3498	2.8
3499	3.9
3500	4.1
3501	3.1
3502	4.5
3503	3.8
3504	4
3505	2.2
3506	2.6
3507	3.6
3508	2.5
3509	4
3510	3.2
3511	4.3
3512	3.8
3513	3.1
3514	2.1
3515	3.8
3516	3.4
3517	3.6
3518	3.3
3519	2.9
3520	3.2
3521	4.3
3522	3.9
3523	3.3
3524	3.5
3525	2.7
3526	2.8
3527	3.3
3528	3.3
3529	3.7
3530	3.2
3531	3.8
3532	3.5
3533	4.4
3534	4.3
3535	4.2
3536	3.3
3537	2.9
3538	2.7
3539	3.7
3540	3
3541	4.3
3542	3.6
3543	3.4
3544	3.3
3545	4.2
3546	4.4
3547	4.1
3548	3.7
3549	3.9
3550	5
3551	2.8
3552	3.8
3553	3.3
3554	3.4
3555	3.7
3556	3.5
3557	3.1
3558	3
3559	3.7
3560	2.3
3561	3.6
3562	3.7
3563	4.1
3564	3.3
3565	4.3
3566	3.8
3567	3.4
3568	2.4
3569	4.2
3570	4.1
3571	3.6
3572	3.8
3573	3.8
3574	2.9
3575	3.7
3576	4
3577	3
3578	3.5
3579	3.8
3580	3.7
3581	3.4
3582	4
3583	4.4
3584	3.9
3585	3.4
3586	3.2
3587	3.5
3588	4.3
3589	3.1
3590	4.3
3591	3.4
3592	3.6
3593	4
3594	3
3595	4
3596	3.6
3597	3.9
3598	3.5
3599	3.8
3600	4.2
3601	3.7
3602	3.8
3603	3
3604	3.8
3605	3.3
3606	2.7
3607	3.1
3608	3.1
3609	3.5
3610	4.3
3611	3.8
3612	3
3613	3.7
3614	4.2
3615	3.6
3616	3.3
3617	4.7
3618	3.8
3619	3.6
3620	3.1
3621	3.5
3622	3
3623	3.3
3624	4.5
3625	2
3626	3.2
3627	3.8
3628	3.6
3629	4.1
3630	3.9
3631	3.9
3632	3
3633	4.1
3634	3.8
3635	4.2
3636	3.5
3637	4.1
3638	4
3639	3.1
3640	4.8
3641	3.6
3642	3.5
3643	3.2
3644	3.4
3645	3.7
3646	3.8
3647	3.7
3648	3.7
3649	3.6
3650	4
3651	3.2
3652	3.9
3653	3
3654	2.2
3655	3.4
3656	3.5
3657	3.6
3658	3.6
3659	3.8
3660	4.3
3661	4.4
3662	3.1
3663	3.6
3664	2.5
3665	3.4
3666	3.8
3667	2.9
3668	3.8
3669	4.2
3670	4
3671	3.3
3672	3.3
3673	3.7
3674	4.6
3675	3.4
3676	3.1
3677	3.8
3678	2.7
3679	3.5
3680	2.3
3681	2.5
3682	3.9
3683	3.5
3684	3
3685	4
3686	3.3
3687	4.5
3688	3.6
3689	4.1
3690	3.5
3691	3.1
3692	4.3
3693	3.9
3694	3.1
3695	4.5
3696	3
3697	3
3698	2.7
3699	5
3700	4
3701	4.4
3702	3.3
3703	3.5
3704	3.2
3705	3.1
3706	4.2
3707	2.8
3708	2.8
3709	4
3710	3.1
3711	3.5
3712	2.9
3713	3.3
3714	2.9
3715	2.9
3716	2.9
3717	3.6
3718	2.6
3719	3.1
3720	3.8
3721	4.1
3722	2.8
3723	3.7
3724	4
3725	4.7
3726	3.5
3727	3.6
3728	3.6
3729	3.1
3730	3.6
3731	3.9
3732	3
3733	3.1
3734	4.4
3735	4.1
3736	3.6
3737	2.9
3738	3.2
3739	3
3740	3.5
3741	3.5
3742	3.1
3743	3.7
3744	3.3
3745	3.8
3746	4.2
3747	2.1
3748	3.5
3749	2.7
3750	3.4
3751	2.6
3752	3.3
3753	3.9
3754	3.2
3755	3.9
3756	2.8
3757	4.1
3758	3.2
3759	2.5
3760	3.8
3761	3.1
3762	3.5
3763	3.1
3764	3
3765	3.2
3766	2.7
3767	3.3
3768	3.2
3769	3.2
3770	2.9
3771	3.1
3772	3.8
3773	3.1
3774	3.2
3775	3.4
3776	3.4
3777	3.3
3778	3.4
3779	3.3
3780	4.4
3781	3.8
3782	3.5
3783	3.7
3784	3.8
3785	3.6
3786	2.4
3787	3.7
3788	2.5
3789	3
3790	2.6
3791	4.8
3792	3.1
3793	3.9
3794	3.6
3795	3.4
3796	2.8
3797	3.8
3798	4.1
3799	4.3
3800	3.2
3801	4.5
3802	2.9
3803	3.7
3804	3
3805	3.5
3806	2.8
3807	3.4
3808	3.8
3809	2.8
3810	3.3
3811	4.2
3812	2.7
3813	2.7
3814	2.8
3815	4
3816	3.8
3817	3.2
3818	3
3819	2.6
3820	3.8
3821	3.8
3822	4
3823	2.7
3824	4.4
3825	4.1
3826	3.5
3827	2.9
3828	3.5
3829	3.9
3830	4
3831	2.8
3832	2.9
3833	3.7
3834	3.4
3835	3.8
3836	4
3837	4.2
3838	3.8
3839	3.2
3840	3.6
3841	4.1
3842	3.8
3843	4
3844	3.6
3845	3.1
3846	4.2
3847	4.4
3848	3.1
3849	3.6
3850	3.5
3851	3.1
3852	3
3853	4.1
3854	3.8
3855	3.4
3856	3.5
3857	2.5
3858	2.7
3859	3.9
3860	3.5
3861	2.7
3862	3.6
3863	3.8
3864	4.4
3865	3
3866	3
3867	2.7
3868	3.4
3869	3.5
3870	1.7
3871	3.3
3872	4.1
3873	3.2
3874	2.6
3875	4
3876	2.5
3877	3.9
3878	2.4
3879	2.5
3880	3.8
3881	3.7
3882	3.4
3883	4
3884	3.2
3885	3.1
3886	3.7
3887	3.5
3888	3.9
3889	3.4
3890	3.2
3891	3.6
3892	4.4
3893	2.8
3894	3.4
3895	3.5
3896	3.4
3897	2.9
3898	3.8
3899	3.6
3900	3.3
3901	3
3902	3.1
3903	3
3904	4.2
3905	3.2
3906	3.8
3907	3.7
3908	2.9
3909	3.2
3910	3.3
3911	3.5
3912	4.2
3913	2.9
3914	3.7
3915	3.6
3916	4.6
3917	3.2
3918	4.4
3919	4.3
3920	3.2
3921	3.6
3922	2.7
3923	3.4
3924	3.3
3925	3.5
3926	3.6
3927	4
3928	3.8
3929	3.6
3930	2.5
3931	4
3932	3
3933	3.9
3934	4.2
3935	4.1
3936	3.9
3937	3.5
3938	4.2
3939	4
3940	3
3941	3.1
3942	3
3943	4.1
3944	3.5
3945	3.6
3946	2.4
3947	2.2
3948	3.4
3949	3.9
3950	3.2
3951	3
3952	4.1
3953	3.7
3954	3.7
3955	4.4
3956	3.8
3957	3.2
3958	3.6
3959	3.9
3960	3.2
3961	5.4
3962	3.9
3963	4.7
3964	2.6
3965	3.3
3966	3.3
3967	3.7
3968	4.2
3969	2.9
3970	3.8
3971	3.5
3972	3.1
3973	3.7
3974	3.3
3975	3.3
3976	3.7
3977	3.6
3978	3.2
3979	4
3980	3.3
3981	4.2
3982	3.5
3983	3
3984	2.7
3985	4
3986	3.5
3987	2.6
3988	3.5
3989	3.3
3990	2.3
3991	2.7
3992	3.1
3993	3.4
3994	3.3
3995	3.4
3996	3.3
3997	3.1
3998	4.2
3999	3.4
4000	3.1
4001	3.1
4002	3.7
4003	3.6
4004	3.8
4005	3.5
4006	4.6
4007	2.5
4008	4.1
4009	4.3
4010	3.7
4011	2.9
4012	3.3
4013	3
4014	3.2
4015	3.9
4016	4.2
4017	3.4
4018	3.6
4019	3.7
4020	2.7
4021	3.9
4022	3.8
4023	3.5
4024	2.8
4025	4.8
4026	4.4
4027	4
4028	3.3
4029	2.7
4030	3.1
4031	3.5
4032	2.7
4033	3.2
4034	4
4035	3.5
4036	2.9
4037	2.2
4038	3.4
4039	3.2
4040	3.8
4041	3.8
4042	3.2
4043	3.7
4044	3.9
4045	4.1
4046	2.8
4047	3.1
4048	3.1
4049	3.5
4050	4.4
4051	4
4052	4
4053	3.9
4054	3.7
4055	4.2
4056	2.8
4057	3.8
4058	3.5
4059	3.1
4060	3.9
4061	4.4
4062	3.3
4063	3.2
4064	3
4065	2.8
4066	3
4067	3.8
4068	3.1
4069	4.9
4070	3.6
4071	3.6
4072	3.6
4073	3.8
4074	2.6
4075	3
4076	3
4077	2.9
4078	3.1
4079	2.2
4080	3.2
4081	3.8
4082	4
4083	3.4
4084	3.9
4085	3.3
4086	3.6
4087	2.8
4088	3.9
4089	4.2
4090	3
4091	4
4092	3.5
4093	2.8
4094	3.1
4095	3.8
4096	3.2
4097	3.7
4098	3.6
4099	3.4
4100	4.7
4101	3.5
4102	3.5
4103	3.8
4104	3.4
4105	2.2
4106	3.3
4107	3.5
4108	3.3
4109	2.3
4110	3.3
4111	2.3
4112	3
4113	3.1
4114	3.6
4115	2.7
4116	4.3
4117	3.1
4118	3.5
4119	3.5
4120	2.7
4121	3.4
4122	2.8
4123	3.8
4124	3.9
4125	3.8
4126	3.6
4127	3.5
4128	3.6
4129	2.7
4130	3.4
4131	2.8
4132	3
4133	2.6
4134	3.8
4135	2.7
4136	3.5
4137	3.7
4138	3
4139	3.2
4140	2.6
4141	3.4
4142	2
4143	3.3
4144	3.2
4145	2.9
4146	3.9
4147	4.3
4148	4
4149	3.5
4150	3.2
4151	3.3
4152	3
4153	4.1
4154	2.8
4155	2.8
4156	4.4
4157	3.7
4158	3.1
4159	3
4160	3.9
4161	3.6
4162	3.1
4163	3.3
4164	3.6
4165	3
4166	4.2
4167	3.3
4168	3.2
4169	4.1
4170	3.4
4171	2.7
4172	3.1
4173	5
4174	2.7
4175	3.1
4176	3
4177	4.6
4178	3.7
4179	3
4180	2.1
4181	4.1
4182	2.5
4183	3.7
4184	3.7
4185	3.6
4186	4
4187	4.2
4188	3.6
4189	3.7
4190	2.9
4191	2.2
4192	4
4193	3.1
4194	4.1
4195	2.2
4196	3.5
4197	3.6
4198	3.3
4199	3.7
4200	2.4
4201	3.3
4202	2.9
4203	3.1
4204	3.5
4205	4.4
4206	3.9
4207	3.4
4208	3.4
4209	4.3
4210	3.5
4211	4.1
4212	4
4213	3.7
4214	4.2
4215	4
4216	3.3
4217	4.2
4218	3.8
4219	3.8
4220	4.3
4221	2.8
4222	3.8
4223	4.2
4224	3.4
4225	2.9
4226	3.2
4227	3.5
4228	3.7
4229	3.5
4230	3.5
4231	3.1
4232	3.4
4233	3.1
4234	4
4235	2.8
4236	3.2
4237	3.8
4238	3.3
4239	3.7
4240	3.9
4241	3.3
4242	4
4243	3.2
4244	3.3
4245	3.8
4246	3.6
4247	3.7
4248	3.5
4249	3.3
4250	4.2
4251	3
4252	3.6
4253	3.9
4254	3.2
4255	3.3
4256	4.3
4257	1.8
4258	3.8
4259	3.2
4260	2.9
4261	3.2
4262	3.5
4263	3.4
4264	2.3
4265	4
4266	3.2
4267	2.9
4268	3.5
4269	3.8
4270	3.6
4271	2.7
4272	3.1
4273	3.5
4274	3.4
4275	3.6
4276	2.9
4277	3.1
4278	2.8
4279	3.4
4280	3.1
4281	3.4
4282	3.6
4283	3.5
4284	3.1
4285	3.6
4286	3.4
4287	4.1
4288	3.4
4289	2.7
4290	3
4291	3.1
4292	2.9
4293	3.3
4294	3.6
4295	4.2
4296	3.8
4297	2.9
4298	3.5
4299	4.6
4300	3.9
4301	2.7
4302	2.8
4303	3.3
4304	3.8
4305	3.3
4306	3.8
4307	3.3
4308	4.4
4309	3
4310	3.3
4311	2.8
4312	3.3
4313	3.2
4314	3.4
4315	3.7
4316	4.1
4317	4
4318	3.7
4319	4.4
4320	4.1
4321	3.8
4322	2.8
4323	4.4
4324	3.1
4325	4.1
4326	4.3
4327	3.2
4328	4
4329	3.4
4330	3.2
4331	3.6
4332	3.2
4333	2.8
4334	3.9
4335	3.3
4336	3.5
4337	3.9
4338	3.2
4339	2.9
4340	4.1
4341	5
4342	2.5
4343	3.1
4344	2.7
4345	3.2
4346	3.1
4347	3.5
4348	2.7
4349	3
4350	3.8
4351	4.1
4352	3.8
4353	4
4354	4
4355	4.1
4356	3.8
4357	4.7
4358	4.1
4359	3
4360	3.5
4361	3.2
4362	2.5
4363	4.2
4364	3.5
4365	3.3
4366	2.9
4367	3.5
4368	3.1
4369	3.3
4370	3.2
4371	3.9
4372	3.9
4373	2.6
4374	3.3
4375	4
4376	3.6
4377	3.2
4378	3.3
4379	4.6
4380	3.7
4381	4.3
4382	3.7
4383	2.8
4384	3.4
4385	4.5
4386	3.2
4387	2.7
4388	4.2
4389	2.7
4390	3.8
4391	3.7
4392	3.8
4393	3.3
4394	2.9
4395	3.7
4396	2.6
4397	3.9
4398	3.3
4399	2.8
4400	4
4401	3.5
4402	4.8
4403	3.6
4404	2.9
4405	3.6
4406	3
4407	3.2
4408	3.7
4409	3.6
4410	3.4
4411	3.7
4412	3.9
4413	3.2
4414	4
4415	2.9
4416	3.6
4417	4
4418	3.6
4419	4.5
4420	3.1
4421	3.4
4422	4.3
4423	3.7
4424	3.4
4425	3.1
4426	3.3
4427	4.3
4428	3.3
4429	3.9
4430	4.5
4431	4.5
4432	4.1
4433	3.8
4434	4.4
4435	3.1
4436	4
4437	2.1
4438	4.4
4439	3.6
4440	2.7
4441	2.8
4442	3.4
4443	3.2
4444	4.5
4445	4.2
4446	3.4
4447	4.2
4448	2.7
4449	4.3
4450	3.4
4451	3
4452	3
4453	3
4454	3.5
4455	4.4
4456	3.7
4457	2.9
4458	3.3
4459	3.3
4460	3.5
4461	3.9
4462	4.9
4463	4.6
4464	4
4465	2.9
4466	3.6
4467	3.1
4468	3.4
4469	3.8
4470	2.7
4471	3.8
4472	3.1
4473	3.8
4474	4
4475	3.9
4476	3
4477	3.4
4478	2.7
4479	3.8
4480	3.6
4481	2.8
4482	3.6
4483	3
4484	3.7
4485	3.6
4486	3.4
4487	4.4
4488	3.7
4489	2.7
4490	3.8
4491	2.9
4492	2.4
4493	3.7
4494	3
4495	3
4496	2.9
4497	3.5
4498	3.8
4499	2.7
4500	3
4501	4.2
4502	3.8
4503	3.7
4504	3.5
4505	3.7
4506	3.6
4507	2.9
4508	2.8
4509	3
4510	3.6
4511	3
4512	3.4
4513	3.6
4514	3.9
4515	3.7
4516	5
4517	3.3
4518	4.2
4519	3.1
4520	4.2
4521	3.9
4522	3.8
4523	3
4524	4.1
4525	2.9
4526	2.4
4527	4.1
4528	4.5
4529	3.9
4530	3.1
4531	2.7
4532	3.5
4533	3.3
4534	3
4535	3.3
4536	3
4537	2.2
4538	4
4539	3.1
4540	3.5
4541	3.2
4542	3.5
4543	3.9
4544	3.8
4545	4.2
4546	2.8
4547	3.4
4548	4.6
4549	4
4550	3.7
4551	3.2
4552	3.9
4553	2.9
4554	3.5
4555	3.1
4556	3.8
4557	3.3
4558	2.8
4559	3
4560	3.8
4561	4.7
4562	3.9
4563	3.7
4564	3.8
4565	3.9
4566	2.5
4567	3.9
4568	2.7
4569	1.9
4570	2.9
4571	2.8
4572	3.1
4573	3.5
4574	2.5
4575	4.4
4576	4
4577	4
4578	3
4579	4.3
4580	2.7
4581	3.5
4582	4.4
4583	3.6
4584	4.2
4585	3.2
4586	2.9
4587	2.9
4588	2.1
4589	3.3
4590	3.4
4591	3.6
4592	3.6
4593	2.8
4594	2.3
4595	3.4
4596	3.6
4597	3.8
4598	3.6
4599	2.5
4600	3
4601	3.7
4602	4.2
4603	3.5
4604	4
4605	2.8
4606	4.2
4607	3.1
4608	4.1
4609	3.5
4610	4
4611	3.5
4612	2.4
4613	4
4614	4.2
4615	2.6
4616	3.5
4617	4.1
4618	4
4619	3.5
4620	4.4
4621	4
4622	4
4623	3.7
4624	3.2
4625	2.5
4626	3.2
4627	3.8
4628	3.6
4629	3.1
4630	3.2
4631	3.2
4632	2.2
4633	3.4
4634	3.3
4635	3.6
4636	3
4637	4.2
4638	4.2
4639	3.3
4640	3.7
4641	4
4642	3.5
4643	4
4644	3.8
4645	3.3
4646	3.7
4647	3.6
4648	3
4649	3.1
4650	4.1
4651	2.9
4652	3.1
4653	4.2
4654	3.9
4655	3.5
4656	4
4657	3.1
4658	2.6
4659	3
4660	3.7
4661	3.8
4662	3.6
4663	3.3
4664	4
4665	3.4
4666	3.8
4667	4
4668	2.8
4669	3.6
4670	3.5
4671	2.9
4672	3.3
4673	3
4674	3.8
4675	3.3
4676	3.7
4677	3.3
4678	4.1
4679	3.4
4680	2.6
4681	3.4
4682	3
4683	3.1
4684	3.3
4685	2.8
4686	4.9
4687	3.4
4688	4.9
4689	3.4
4690	3.4
4691	3.3
4692	3.8
4693	3.1
4694	3.2
4695	3.7
4696	3.6
4697	4.6
4698	4
4699	4
4700	3
4701	2.8
4702	3.9
4703	4.1
4704	3.3
4705	3.7
4706	4.3
4707	3.7
4708	3.1
4709	4.8
4710	2.4
4711	5
4712	4
4713	3.5
4714	2.2
4715	2.7
4716	3.2
4717	3.9
4718	3.8
4719	3.4
4720	3.8
4721	4
4722	4.4
4723	3.4
4724	3.4
4725	3.7
4726	3.4
4727	3.1
4728	4.3
4729	4.5
4730	3.9
4731	4.1
4732	3.6
4733	3.7
4734	3.5
4735	4.2
4736	3.6
4737	3.7
4738	3.8
4739	3.7
4740	3.8
4741	2.7
4742	2.9
4743	4.2
4744	4.1
4745	4.1
4746	4.3
4747	3.4
4748	4
4749	3.5
4750	3
4751	4.6
4752	3.3
4753	3.8
4754	4.2
4755	4
4756	4.5
4757	2.9
4758	3.8
4759	4.5
4760	3.8
4761	2.6
4762	3.4
4763	4
4764	2.7
4765	3.5
4766	3.6
4767	3.1
4768	2.4
4769	2.9
4770	3.9
4771	3.2
4772	3.1
4773	3.6
4774	3.9
4775	3.9
4776	4.8
4777	4.1
4778	2.6
4779	2.7
4780	4.5
4781	3
4782	3.6
4783	2.5
4784	3.6
4785	3.8
4786	3.6
4787	4.1
4788	2.8
4789	3.8
4790	3.5
4791	3
4792	3.3
4793	2.9
4794	3.6
4795	2.3
4796	3.5
4797	2.7
4798	3.4
4799	3.4
4800	4.3
4801	3.7
4802	3.1
4803	2.8
4804	4.3
4805	4
4806	3.4
4807	3.8
4808	2.8
4809	4.1
4810	2.6
4811	3.8
4812	2.9
4813	4
4814	3.6
4815	3.9
4816	3
4817	3.4
4818	3.8
4819	2.4
4820	2.7
4821	4.1
4822	3.2
4823	2.6
4824	3.2
4825	3.8
4826	2.6
4827	3.5
4828	3.8
4829	4
4830	3.9
4831	3.6
4832	3
4833	2.6
4834	3.9
4835	3.4
4836	3.4
4837	3
4838	3.7
4839	3.1
4840	4.9
4841	2.2
4842	3.5
4843	3.1
4844	3.6
4845	4.1
4846	3.9
4847	3.3
4848	3.1
4849	3.9
4850	3.7
4851	2.8
4852	4.8
4853	3.6
4854	3.9
4855	3.8
4856	3.8
4857	4.3
4858	4.1
4859	2.8
4860	2.6
4861	2.8
4862	4.6
4863	3.2
4864	2.7
4865	2.6
4866	4.1
4867	2.7
4868	4.1
4869	3.1
4870	3.4
4871	4
4872	3.3
4873	3.6
4874	3.3
4875	4
4876	3.5
4877	3.2
4878	4.7
4879	3.8
4880	4
4881	4.3
4882	3.2
4883	3.8
4884	4.9
4885	3.9
4886	3.5
4887	4
4888	4.1
4889	3.4
4890	3.7
4891	3.2
4892	2.9
4893	3.5
4894	3
4895	3.8
4896	4.1
4897	3.6
4898	3.2
4899	2.7
4900	4
4901	3.7
4902	2.8
4903	3.1
4904	3.6
4905	2.3
4906	4.2
4907	4.1
4908	3.4
4909	3.9
4910	4.1
4911	3.3
4912	4
4913	4.9
4914	3.5
4915	3
4916	3.8
4917	3.4
4918	2.9
4919	2.8
4920	4.3
4921	3.7
4922	3.8
4923	4.3
4924	3.8
4925	3
4926	4.4
4927	3.9
4928	2.3
4929	3.5
4930	3.4
4931	3.1
4932	3.2
4933	2.9
4934	3.3
4935	3.3
4936	3.7
4937	3
4938	3.3
4939	4.6
4940	3.3
4941	3.6
4942	3.6
4943	2.7
4944	3.7
4945	3.5
4946	4
4947	4.1
4948	2.9
4949	4.5
4950	3.9
4951	3.9
4952	3.8
4953	3.6
4954	4.3
4955	4
4956	3.8
4957	3.8
4958	4
4959	3.7
4960	3.1
4961	4
4962	4
4963	2.5
4964	2.8
4965	3.9
4966	3.9
4967	3.3
4968	3.8
4969	2.8
4970	3.6
4971	2.9
4972	3.1
4973	4.7
4974	3.9
4975	3.2
4976	3.7
4977	3.6
4978	4.1
4979	3.1
4980	3.7
4981	3
4982	3.8
4983	4.2
4984	3.7
4985	2.9
4986	3.8
4987	3.7
4988	3.2
4989	4
4990	4.6
4991	3.7
4992	3.6
4993	4.4
4994	2.3
4995	4.1
4996	2.8
4997	4.4
4998	4.5
4999	3.9
5000	3.1
5001	3.9
5002	2.8
5003	3.1
5004	3
5005	3.9
5006	2.2
5007	3.5
5008	3.6
5009	4
5010	4.5
5011	4
5012	3.2
5013	2.5
5014	3.4
5015	2.6
5016	3.1
5017	3.2
5018	3.9
5019	3.9
5020	2.6
5021	3.1
5022	3.2
5023	3.2
5024	3
5025	3.8
5026	3.5
5027	4.1
5028	4.1
5029	3.8
5030	3.1
5031	4.3
5032	3.7
5033	3.9
5034	3.9
5035	3.2
5036	3.4
5037	4.1
5038	3.8
5039	3.8
5040	3.2
5041	2.5
5042	3.1
5043	4
5044	3.5
5045	4.6
5046	4.1
5047	3.7
5048	3.4
5049	3.9
5050	3.4
5051	4
5052	3.5
5053	2.5
5054	4
5055	4.2
5056	4
5057	3.8
5058	3.1
5059	3.1
5060	3.7
5061	3.4
5062	4.1
5063	3.5
5064	3.1
5065	3.1
5066	3
5067	3
5068	3
5069	3.6
5070	3.6
5071	2.9
5072	3.4
5073	3.8
5074	3.7
5075	3.3
5076	3.9
5077	3.1
5078	3.9
5079	3
5080	3.7
5081	2.8
5082	2.5
5083	3.7
5084	4.5
5085	3.2
5086	3.5
5087	3
5088	3
5089	3.3
5090	3.6
5091	3.4
5092	3.8
5093	3.6
5094	2.8
5095	3.9
5096	4
5097	3.7
5098	4.2
5099	3.5
5100	3
5101	3.5
5102	2.7
5103	3.6
5104	3.4
5105	3.4
5106	3.3
5107	4.2
5108	3.5
5109	3.1
5110	3.2
5111	3.7
5112	2.9
5113	3.9
5114	3.4
5115	3.1
5116	2.6
5117	2.1
5118	3.6
5119	3.5
5120	2.5
5121	4.2
5122	2.5
5123	3.9
5124	3.3
5125	3.1
5126	2.9
5127	3.6
5128	2.9
5129	3.8
5130	2.6
5131	3.5
5132	3.3
5133	2.9
5134	3.5
5135	3.4
5136	3.4
5137	3.7
5138	3.6
5139	2.9
5140	3.8
5141	3.2
5142	3.7
5143	2.8
5144	3.1
5145	3.4
5146	4.1
5147	3.4
5148	3.6
5149	3.5
5150	3.7
5151	2.9
5152	3.7
5153	3.6
5154	3.8
5155	3
5156	4
5157	3
5158	3.3
5159	3.8
5160	3.7
5161	3.5
5162	3.3
5163	3.4
5164	3.7
5165	2.8
5166	2.7
5167	3.9
5168	2.8
5169	3.2
5170	3.3
5171	3.4
5172	3.9
5173	3.6
5174	3.1
5175	3.6
5176	4
5177	3.5
5178	4.5
5179	2.6
5180	3.1
5181	4
5182	4
5183	3.7
5184	3.5
5185	2.8
5186	3.8
5187	2.9
5188	3.4
5189	3.2
5190	3.2
5191	3
5192	3.2
5193	3
5194	3
5195	3.3
5196	4
5197	3.7
5198	3.9
5199	3.5
5200	3.1
5201	4.1
5202	2.7
5203	3.2
5204	3.7
5205	2.7
5206	3.6
5207	3
5208	3.4
5209	2.8
5210	3.1
5211	4
5212	3.8
5213	3.8
5214	3.7
5215	2.9
5216	3.8
5217	4.1
5218	3.5
5219	2.9
5220	2.7
5221	4.3
5222	4.3
5223	4.1
5224	4.2
5225	3.7
5226	4
5227	2.8
5228	3.4
5229	3.9
5230	4.1
5231	3.1
5232	3.5
5233	4.1
5234	3.4
5235	4.2
5236	4.3
5237	2.7
5238	3.5
5239	3.7
5240	4.1
5241	3.3
5242	4.3
5243	3.7
5244	3.9
5245	4
5246	3.3
5247	3.1
5248	3.1
5249	3.1
5250	4.1
5251	3.1
5252	2.6
5253	3.6
5254	4.5
5255	2.8
5256	4.2
5257	2.6
5258	3.3
5259	3.8
5260	3.3
5261	3.9
5262	4.1
5263	3.8
5264	2.8
5265	3.8
5266	3.3
5267	3.7
5268	3.1
5269	4.3
5270	3.7
5271	3.7
5272	3.7
5273	2.7
5274	4.5
5275	2.8
5276	3.5
5277	3.1
5278	3.2
5279	3.9
5280	3.2
5281	3.2
5282	3.6
5283	3.8
5284	3
5285	4.2
5286	3.1
5287	3.6
5288	3
5289	3.9
5290	3.1
5291	2.7
5292	3.1
5293	3.4
5294	3.4
5295	4.2
5296	3.3
5297	3.3
5298	3
5299	2.3
5300	4
5301	3.7
5302	3
5303	2.8
5304	2.8
5305	2.8
5306	4.2
5307	3.7
5308	4.3
5309	3.2
5310	4.2
5311	3.3
5312	4.2
5313	2.9
5314	3
5315	4.5
5316	3.3
5317	3.5
5318	3.7
5319	3
5320	3.7
5321	4.2
5322	2.9
5323	2.6
5324	3.8
5325	3
5326	3.5
5327	3
5328	2.4
5329	2
5330	3.3
5331	3.2
5332	2.9
5333	4.2
5334	4.6
5335	3.5
5336	3
5337	2.6
5338	4.3
5339	3.3
5340	3.6
5341	2.7
5342	3.2
5343	3
5344	5.2
5345	3.8
5346	4.3
5347	3.4
5348	4.2
5349	2.4
5350	3.2
5351	2.9
5352	2.9
5353	3.5
5354	3
5355	3.2
5356	3.7
5357	3.3
5358	3.6
5359	3.6
5360	3
5361	2.6
5362	3.8
5363	3.7
5364	4
5365	3.9
5366	3.9
5367	3.6
5368	2.8
5369	3.4
5370	3
5371	3.5
5372	4.2
5373	3.5
5374	3.5
5375	3.4
5376	3.1
5377	3.2
5378	3.7
5379	3.3
5380	2.2
5381	3.1
5382	2.7
5383	3.9
5384	3.5
5385	2.8
5386	3.3
5387	4.2
5388	3.4
5389	3.3
5390	4.1
5391	4
5392	4.2
5393	3.5
5394	3.3
5395	3
5396	4.4
5397	3.5
5398	2.9
5399	4
5400	2.9
5401	2.1
5402	3.8
5403	2.9
5404	3.8
5405	3.3
5406	4.4
5407	3.7
5408	3.1
5409	3.9
5410	3.6
5411	2.4
5412	3.4
5413	3
5414	3.6
5415	2.9
5416	3.9
5417	2.9
5418	3.3
5419	3.9
5420	3.4
5421	2.3
5422	2.6
5423	3.2
5424	2.9
5425	3.2
5426	3
5427	3.6
5428	4.1
5429	3.1
5430	3.9
5431	3.3
5432	4.1
5433	2.6
5434	4.5
5435	3.1
5436	3.4
5437	3.1
5438	3.6
5439	3.1
5440	3.6
5441	3.3
5442	3
5443	3.4
5444	3.1
5445	3.7
5446	3
5447	4.1
5448	3.2
5449	2.8
5450	4.2
5451	3.7
5452	3.7
5453	3.4
5454	3.7
5455	3.7
5456	4
5457	3.5
5458	4.1
5459	3.5
5460	2.9
5461	3.9
5462	3.5
5463	3.6
5464	3
5465	3.8
5466	3.3
5467	3.7
5468	4
5469	3.5
5470	3.3
5471	3.5
5472	4.2
5473	3.2
5474	3.7
5475	3.2
5476	4.7
5477	4.5
5478	4.3
5479	3.8
5480	2.4
5481	3
5482	2.8
5483	3.9
5484	3.5
5485	3.1
5486	3.8
5487	3.5
5488	4.6
5489	2.9
5490	2.2
5491	3.8
5492	3.8
5493	3.2
5494	3.9
5495	2.7
5496	2.8
5497	3.5
5498	4
5499	3.6
5500	2.8
5501	3.8
5502	4
5503	2.7
5504	4.1
5505	3.2
5506	3.4
5507	3.9
5508	2.9
5509	3.5
5510	4.7
5511	2.5
5512	4.2
5513	3.2
5514	3.4
5515	3
5516	3.1
5517	2.9
5518	3.9
5519	3.7
5520	3.8
5521	3
5522	3.2
5523	4
5524	3.9
5525	4
5526	3.4
5527	3.8
5528	3.7
5529	4.6
5530	4.1
5531	3.1
5532	3.9
5533	2.7
5534	2.6
5535	3.1
5536	3.7
5537	3.3
5538	3.3
5539	3.3
5540	4.1
5541	3.1
5542	2.9
5543	2.9
5544	3.5
5545	3.2
5546	4.1
5547	3.2
5548	4.4
5549	3.2
5550	2.9
5551	4.2
5552	3.6
5553	3.3
5554	4.1
5555	4.4
5556	3.8
5557	2.2
5558	3
5559	3.3
5560	3.7
5561	2.5
5562	3.7
5563	4.8
5564	2.9
5565	4.1
5566	4.2
5567	2.7
5568	3
5569	3.4
5570	3.4
5571	3.3
5572	3.5
5573	3.2
5574	4.4
5575	4
5576	4.3
5577	2.7
5578	4.1
5579	3.6
5580	3
5581	3
5582	2.7
5583	3.1
5584	3.1
5585	3.8
5586	3.6
5587	3.5
5588	3.5
5589	3.9
5590	3.8
5591	3.2
5592	3.7
5593	3.5
5594	4.1
5595	3
5596	3.6
5597	4.4
5598	2.5
5599	3.9
5600	3.3
5601	2.6
5602	3.8
5603	3.5
5604	3.1
5605	3.7
5606	4.5
5607	4
5608	4
5609	2.9
5610	3.6
5611	3.6
5612	3.1
5613	4.2
5614	4.1
5615	3.1
5616	3.6
5617	3.2
5618	4.2
5619	2.2
5620	3
5621	3.3
5622	3.4
5623	3.6
5624	3.5
5625	3.6
5626	3.5
5627	3
5628	3.2
5629	3.7
5630	3.8
5631	3.4
5632	3.6
5633	3.1
5634	3.9
5635	2.2
5636	3.5
5637	4
5638	2.9
5639	3
5640	3.2
5641	3.5
5642	3.9
5643	3.3
5644	2.8
5645	3.6
5646	3.9
5647	3.5
5648	2.8
5649	3.4
5650	3.1
5651	3.9
5652	4.4
5653	4.1
5654	3.8
5655	3.6
5656	3.6
5657	3.6
5658	3.7
5659	3.8
5660	3.5
5661	3.6
5662	4.3
5663	4.2
5664	3.4
5665	4.2
5666	3.4
5667	4.6
5668	3.5
5669	3.7
5670	3.4
5671	4.2
5672	4.5
5673	3.5
5674	4.7
5675	4.1
5676	4.6
5677	4.7
5678	4.4
5679	4.3
5680	3.1
5681	3.7
5682	2.8
5683	3.1
5684	3.5
5685	4.3
5686	3
5687	3.4
5688	3.4
5689	3.5
5690	3.3
5691	3.4
5692	2.7
5693	3.9
5694	3.6
5695	3.4
5696	4
5697	3.3
5698	3.4
5699	3.8
5700	4.3
5701	3
5702	3.5
5703	3.6
5704	4.3
5705	4.4
5706	2.8
5707	3.9
5708	3.3
5709	3.2
5710	4.2
5711	3.8
5712	3
5713	2.8
5714	3.4
5715	4.2
5716	4
5717	3.6
5718	3.6
5719	2.6
5720	4.7
5721	3.6
5722	4.5
5723	2.7
5724	4.2
5725	3
5726	3.7
5727	4.7
5728	3.8
5729	3.8
5730	4
5731	4.4
5732	3.8
5733	4
5734	2.6
5735	3.3
5736	2.9
5737	4.1
5738	2
5739	2.5
5740	3.4
5741	3.7
5742	4
5743	3.3
5744	3.7
5745	3.4
5746	2.7
5747	3.6
5748	3.9
5749	3.7
5750	3.6
5751	3.2
5752	3.5
5753	3.2
5754	2.8
5755	3.8
5756	3.6
5757	3.6
5758	3.6
5759	3.6
5760	2.6
5761	3.9
5762	3.9
5763	3.7
5764	3.2
5765	3.4
5766	3.3
5767	5
5768	2.9
5769	4
5770	3.6
5771	3
5772	3.9
5773	3.4
5774	4.1
5775	4.1
5776	3.7
5777	3.7
5778	3.2
5779	2.5
5780	2.7
5781	3.6
5782	3.1
5783	3.6
5784	4.6
5785	3
5786	4.3
5787	3.1
5788	3
5789	3.6
5790	2.9
5791	3.7
5792	4.3
5793	3.5
5794	3.7
5795	4.1
5796	3.3
5797	2.2
5798	2.5
5799	4.1
5800	3.4
5801	2.6
5802	3.3
5803	3.8
5804	3.2
5805	3.9
5806	2.9
5807	3.1
5808	2.9
5809	3.8
5810	3.3
5811	2.7
5812	3.7
5813	4.7
5814	3.5
5815	3.8
5816	4.6
5817	2.8
5818	4.5
5819	3.7
5820	3.7
5821	4.1
5822	3.4
5823	3.2
5824	3.3
5825	3.5
5826	3.5
5827	4.3
5828	2.9
5829	3.7
5830	4.1
5831	3.5
5832	3.1
5833	4.1
5834	4.2
5835	3.9
5836	3.3
5837	4.3
5838	3.3
5839	3.1
5840	2.9
5841	3.3
5842	3.6
5843	3.4
5844	3.6
5845	3.4
5846	3
5847	2.7
5848	3.2
5849	3.1
5850	3.2
5851	4
5852	2.7
5853	3.4
5854	3.1
5855	2.8
5856	3.5
5857	4
5858	2.9
5859	3
5860	4.2
5861	3.5
5862	2.7
5863	2.6
5864	4.2
5865	3.3
5866	3.2
5867	3
5868	4.6
5869	4.2
5870	2.3
5871	3
5872	3.4
5873	3.4
5874	3.3
5875	3.3
5876	2.9
5877	3.1
5878	3.8
5879	3.8
5880	3.8
5881	4.2
5882	3.3
5883	3.1
5884	3.8
5885	4.1
5886	3.7
5887	3.7
5888	4.3
5889	3.3
5890	4
5891	3.2
5892	4.1
5893	3.4
5894	4
5895	3.1
5896	3.5
5897	3.7
5898	3.8
5899	3.9
5900	2.9
5901	3.2
5902	3.2
5903	3
5904	2.5
5905	3.6
5906	3.1
5907	3
5908	3.3
5909	3.5
5910	3.8
5911	4.1
5912	3.7
5913	3.2
5914	2.4
5915	4.1
5916	2.8
5917	2.6
5918	3.7
5919	3.9
5920	4
5921	2.9
5922	3.9
5923	3.6
5924	4.5
5925	4
5926	3.3
5927	3.8
5928	3.2
5929	3.4
5930	2.7
5931	3.9
5932	4.4
5933	3.8
5934	3.5
5935	2.7
5936	3.3
5937	4.5
5938	3.6
5939	4.4
5940	3.7
5941	3.2
5942	3.9
5943	3.9
5944	3.4
5945	2.8
5946	2.8
5947	2.9
5948	3.8
5949	3.4
5950	3
5951	2.8
5952	3.8
5953	3
5954	3.6
5955	2.6
5956	2.9
5957	3.6
5958	2.6
5959	3.9
5960	3.6
5961	4.5
5962	3.9
5963	4
5964	3.3
5965	2.8
5966	3.7
5967	4.3
5968	4.3
5969	4.2
5970	3.8
5971	4.4
5972	2.9
5973	3.9
5974	2.4
5975	4
5976	2.8
5977	3.7
5978	3.5
5979	3.3
5980	4
5981	3.6
5982	3.6
5983	4.6
5984	3.8
5985	3.2
5986	3.9
5987	4.2
5988	3.5
5989	2.6
5990	3.4
5991	3.5
5992	2.6
5993	3.7
5994	4.4
5995	3.8
5996	3.2
5997	4
5998	4.3
5999	2.6
6000	4.3
6001	4.1
6002	3.3
6003	3.8
6004	3.8
6005	3.2
6006	3.8
6007	3.9
6008	3
6009	3.1
6010	3.5
6011	3.7
6012	3.9
6013	3
6014	2.5
6015	3.8
6016	3.7
6017	4
6018	3.2
6019	3.1
6020	3.6
6021	3.8
6022	5.1
6023	3.9
6024	2.5
6025	3.7
6026	4
6027	2.5
6028	3.1
6029	2.8
6030	3.1
6031	3.8
6032	4.4
6033	3.6
6034	4.1
6035	2.8
6036	4.6
6037	4.2
6038	3.7
6039	3.2
6040	4.3
6041	3.5
6042	3.2
6043	3.4
6044	3.4
6045	3.2
6046	4.2
6047	3.2
6048	3.3
6049	3.9
6050	3.6
6051	3
6052	4.1
6053	3
6054	4.1
6055	3.1
6056	4.2
6057	3.8
6058	2.9
6059	1.9
6060	3.4
6061	4
6062	3
6063	3.3
6064	4
6065	3.4
6066	3.3
6067	4.1
6068	3.9
6069	2.9
6070	3.9
6071	4
6072	2.7
6073	3.8
6074	2.5
6075	2.9
6076	3.2
6077	4.2
6078	3.7
6079	3.2
6080	3.3
6081	4.4
6082	4.8
6083	3.8
6084	3.8
6085	2.4
6086	3.8
6087	2.5
6088	2.5
6089	3.8
6090	4
6091	4.3
6092	3.5
6093	3.4
6094	3.6
6095	3.2
6096	4.1
6097	4
6098	3.8
6099	3.7
6100	3.6
6101	3
6102	3.4
6103	3.5
6104	3.3
6105	3.3
6106	3
6107	3.5
6108	4.2
6109	2.9
6110	2.8
6111	4.1
6112	3.4
6113	3.9
6114	4.7
6115	3.5
6116	3.4
6117	3.1
6118	3
6119	3.8
6120	4
6121	3.5
6122	3.4
6123	3.3
6124	2.9
6125	3.2
6126	2.4
6127	3.6
6128	4
6129	2.5
6130	2.7
6131	4.1
6132	4.3
6133	3.1
6134	3.8
6135	3.3
6136	3.1
6137	2.6
6138	2.9
6139	3.1
6140	4.1
6141	3.9
6142	2.4
6143	3.7
6144	3.5
6145	4.1
6146	4.4
6147	3.4
6148	4.1
6149	3.9
6150	3.6
6151	3.3
6152	3.6
6153	4.3
6154	4.1
6155	3.9
6156	2.8
6157	3.4
6158	3.2
6159	3.6
6160	2.8
6161	3.1
6162	3.4
6163	4.2
6164	3.1
6165	3.4
6166	3.6
6167	3.9
6168	3.2
6169	3.2
6170	3.7
6171	3.4
6172	3
6173	3.5
6174	5
6175	4.6
6176	2.7
6177	3.1
6178	3.6
6179	3.4
6180	3.2
6181	3.6
6182	2.7
6183	3.6
6184	3
6185	3.3
6186	4.6
6187	3
6188	3.3
6189	3.6
6190	3
6191	3.8
6192	3.1
6193	3.1
6194	3.8
6195	2.5
6196	3.3
6197	3.2
6198	4
6199	3.7
6200	2.8
6201	2.5
6202	3.6
6203	3.2
6204	3.5
6205	3.1
6206	4
6207	3.2
6208	3.9
6209	3.3
6210	3.4
6211	2.8
6212	3.7
6213	4
6214	3.4
6215	4.9
6216	3.5
6217	4.1
6218	2.5
6219	4.1
6220	3.3
6221	2.8
6222	3.3
6223	3.6
6224	4.1
6225	3.6
6226	4
6227	2.9
6228	3.4
6229	3.1
6230	3.8
6231	3
6232	3.9
6233	3.3
6234	4.2
6235	3.7
6236	3.7
6237	3.1
6238	4.2
6239	2.9
6240	3.2
6241	4
6242	3.1
6243	3.3
6244	3.4
6245	3.9
6246	2.9
6247	4.1
6248	3.3
6249	3.7
6250	4.2
6251	3.1
6252	4.2
6253	3.7
6254	3.7
6255	3.1
6256	3.6
6257	3.5
6258	3.9
6259	3.2
6260	3.2
6261	2.4
6262	3.7
6263	3.8
6264	3.8
6265	3.1
6266	2
6267	4.1
6268	3.9
6269	3.4
6270	4
6271	2.8
6272	2.5
6273	2.9
6274	4.5
6275	3.3
6276	3.6
6277	4.1
6278	4.3
6279	3.9
6280	3.7
6281	3.4
6282	2.9
6283	2.9
6284	4.2
6285	3.7
6286	4.5
6287	4.1
6288	4.1
6289	3.5
6290	4.2
6291	3.5
6292	3.5
6293	3.4
6294	3.9
6295	3.1
6296	4.1
6297	3.7
6298	4.3
6299	3.1
6300	3.9
6301	3.5
6302	3.4
6303	3.4
6304	3.3
6305	3.2
6306	4
6307	4.2
6308	3.9
6309	4
6310	3
6311	3.9
6312	2.6
6313	2.8
6314	3
6315	3
6316	3.2
6317	4.2
6318	4
6319	3.5
6320	4.2
6321	4.5
6322	3.5
6323	3.3
6324	3.8
6325	2.6
6326	3.4
6327	3.3
6328	3
6329	2.7
6330	3.2
6331	3.9
6332	3.4
6333	3.2
6334	3.4
6335	3.9
6336	3.6
6337	3.5
6338	2.9
6339	3.5
6340	4.4
6341	3.9
6342	3.3
6343	3.2
6344	3.3
6345	2.6
6346	3.7
6347	3.7
6348	4
6349	3.6
6350	3.3
6351	4.1
6352	3
6353	3.4
6354	3.4
6355	3.9
6356	3.3
6357	3.2
6358	3.5
6359	4.1
6360	3.2
6361	3.5
6362	4.4
6363	3.4
6364	3.8
6365	2.1
6366	4.5
6367	3.8
6368	3.2
6369	4.5
6370	3.7
6371	2.6
6372	3.4
6373	3.7
6374	3.6
6375	3.6
6376	2.9
6377	3
6378	3.6
6379	3.8
6380	3.1
6381	3
6382	3.6
6383	4.3
6384	4.2
6385	4.5
6386	2.9
6387	3.5
6388	3
6389	4.1
6390	2.9
6391	3.8
6392	3
6393	3.4
6394	2.8
6395	4
6396	3
6397	4.4
6398	3.8
6399	3.4
6400	3.3
6401	3
6402	3.7
6403	3.1
6404	3.7
6405	3
6406	4
6407	2.5
6408	3.1
6409	5
6410	3.7
6411	3.1
6412	3.8
6413	3.6
6414	3.6
6415	2.8
6416	4.5
6417	2.7
6418	2.4
6419	3.4
6420	3.3
6421	4.1
6422	2.1
6423	3.1
6424	3.2
6425	2.8
6426	4.7
6427	3
6428	3.7
6429	2.9
6430	3.9
6431	4.2
6432	3.5
6433	3.4
6434	3.2
6435	3.1
6436	2.3
6437	2.9
6438	2.8
6439	3.8
6440	3
6441	3
6442	3.4
6443	4
6444	3.3
6445	2.9
6446	3.6
6447	3.5
6448	4.6
6449	2.7
6450	4
6451	3.7
6452	3.1
6453	3.9
6454	4.2
6455	2.4
6456	3.8
6457	4.4
6458	3.8
6459	2.7
6460	3.7
6461	3.5
6462	4.3
6463	2.8
6464	2.6
6465	3.8
6466	3.2
6467	2.5
6468	3.3
6469	3.7
6470	3
6471	4.4
6472	3.9
6473	3.8
6474	3.8
6475	3.7
6476	3.5
6477	3.7
6478	3.5
6479	4.6
6480	3.6
6481	3.3
6482	3.9
6483	4.2
6484	3.9
6485	3.3
6486	3.4
6487	3.3
6488	3.3
6489	3.8
6490	3.9
6491	4.3
6492	4.2
6493	3.7
6494	3.9
6495	3.3
6496	3.1
6497	3.3
6498	3
6499	3
6500	2.9
6501	4.2
6502	3.4
6503	4.8
6504	3.4
6505	4
6506	2.6
6507	3.1
6508	3.9
6509	3.1
6510	3.4
6511	3.8
6512	3.8
6513	3.8
6514	3.5
6515	3.5
6516	3.4
6517	2.8
6518	3.9
6519	3.9
6520	4.1
6521	3.4
6522	3.7
6523	3.1
6524	3.6
6525	3.9
6526	4.5
6527	3.2
6528	2.8
6529	3.4
6530	2.9
6531	2.8
6532	4.4
6533	3.3
6534	3.4
6535	3.5
6536	3.2
6537	3.2
6538	4.1
6539	4.1
6540	3.2
6541	4.8
6542	2.9
6543	4
6544	2.8
6545	3.7
6546	3.1
6547	2.4
6548	4.4
6549	2.8
6550	4
6551	3.5
6552	3.6
6553	3.9
6554	3.2
6555	3.3
6556	3.7
6557	4.1
6558	4.3
6559	3.1
6560	2.8
6561	3.2
6562	3.5
6563	2.9
6564	3.1
6565	2.7
6566	3
6567	4
6568	3.6
6569	2.9
6570	3.5
6571	3.3
6572	3.4
6573	2.4
6574	3.1
6575	4.4
6576	4.3
6577	4.4
6578	3.1
6579	3.3
6580	2.6
6581	3.5
6582	3.3
6583	3.8
6584	4.4
6585	3.9
6586	2.7
6587	4.1
6588	3
6589	3.3
6590	3.3
6591	3.8
6592	2.7
6593	2.9
6594	3.9
6595	3.4
6596	3.3
6597	4.4
6598	2.4
6599	3.6
6600	4.4
6601	3.5
6602	4.7
6603	3.2
6604	3
6605	4.1
6606	2.3
6607	3.7
6608	3.2
6609	3.5
6610	3.1
6611	3.6
6612	3.1
6613	4.4
6614	3.9
6615	4.3
6616	4.1
6617	4.2
6618	3.9
6619	3.9
6620	4.6
6621	3.8
6622	4
6623	3.7
6624	4.1
6625	3.3
6626	3.4
6627	3.4
6628	3.1
6629	3.8
6630	3.3
6631	2.9
6632	3.3
6633	3.3
6634	2.8
6635	2.9
6636	3.5
6637	3.9
6638	3.9
6639	3.4
6640	3.7
6641	4.7
6642	3
6643	3.7
6644	3.8
6645	3.4
6646	2.5
6647	4
6648	3.4
6649	3.3
6650	5.2
6651	4.2
6652	2.9
6653	3.7
6654	4
6655	3.9
6656	3.2
6657	3.8
6658	3.3
6659	3.9
6660	2.9
6661	3.6
6662	4.1
6663	3.1
6664	3.6
6665	4.1
6666	2.8
6667	3.2
6668	3.8
6669	4.2
6670	4
6671	4.1
6672	3
6673	2.9
6674	3.3
6675	4.2
6676	3.7
6677	3.3
6678	3.2
6679	4.5
6680	3.6
6681	3.5
6682	4.1
6683	3.7
6684	4.2
6685	3.5
6686	4
6687	4.1
6688	2.6
6689	3.7
6690	3.8
6691	3.2
6692	2.4
6693	3
6694	4.3
6695	4.2
6696	3
6697	2.4
6698	3.2
6699	3.3
6700	4.1
6701	4.1
6702	4.1
6703	2
6704	3.5
6705	2.9
6706	2.8
6707	2.8
6708	2.8
6709	2.9
6710	2.9
6711	4
6712	3.9
6713	4.6
6714	3.5
6715	4.2
6716	5.1
6717	4.4
6718	3.1
6719	4.5
6720	4.5
6721	3.9
6722	4
6723	3.6
6724	4.1
6725	3.1
6726	2.9
6727	2.9
6728	2.4
6729	3.1
6730	3.2
6731	2.8
6732	3.7
6733	3.3
6734	3
6735	3.2
6736	3.2
6737	4.7
6738	2.3
6739	2.9
6740	3.4
6741	3.3
6742	2.9
6743	2.6
6744	3.4
6745	3.6
6746	3.2
6747	3.2
6748	4.1
6749	2.2
6750	3.6
6751	3.1
6752	2.7
6753	3.6
6754	3.2
6755	4
6756	3.3
6757	3.5
6758	3.6
6759	3.6
6760	3.5
6761	3.9
6762	4
6763	3
6764	4.3
6765	2.5
6766	2.1
6767	3.3
6768	2.6
6769	4.5
6770	3.7
6771	3.5
6772	3.4
6773	2.6
6774	3.4
6775	3.5
6776	4.2
6777	3.4
6778	3.5
6779	3.3
6780	2.8
6781	3.3
6782	2.6
6783	3.3
6784	3.3
6785	3.4
6786	3.3
6787	3.8
6788	3.1
6789	3.8
6790	2.7
6791	3.7
6792	3.1
6793	3.6
6794	3.4
6795	5
6796	4.4
6797	3.2
6798	3.1
6799	3.6
6800	3.3
6801	3.3
6802	3.4
6803	4.1
6804	4.1
6805	3.8
6806	3.6
6807	3.6
6808	3.6
6809	3
6810	3.6
6811	4.1
6812	3.1
6813	3.8
6814	3.8
6815	4.8
6816	4
6817	4
6818	2.7
6819	4.6
6820	3
6821	4.1
6822	4.5
6823	3.5
6824	3.1
6825	4.2
6826	5.2
6827	3.3
6828	3.6
6829	3.4
6830	3.3
6831	3.9
6832	3.4
6833	3.7
6834	2.6
6835	5
6836	4.5
6837	2.8
6838	4.1
6839	4.1
6840	3.1
6841	4.2
6842	4.1
6843	3.7
6844	3.3
6845	2.8
6846	3.1
6847	2.8
6848	3.3
6849	3.3
6850	3
6851	4.1
6852	3.7
6853	3.1
6854	3.4
6855	3.4
6856	4.5
6857	3.4
6858	3.2
6859	3.6
6860	4.7
6861	3.3
6862	2.8
6863	4
6864	2.9
6865	3.7
6866	3.7
6867	3.9
6868	4.2
6869	3
6870	3.4
6871	3.9
6872	3.3
6873	4
6874	3.6
6875	3.6
6876	3.3
6877	3.7
6878	3.3
6879	4.4
6880	4
6881	4
6882	3.1
6883	4.1
6884	3.4
6885	3.1
6886	3.9
6887	4.2
6888	3.5
6889	3
6890	3.7
6891	4
6892	3.7
6893	3.1
6894	3.6
6895	3.8
6896	4.2
6897	3.8
6898	2.9
6899	3.5
6900	2.3
6901	3.3
6902	3.5
6903	3.3
6904	3.7
6905	2.9
6906	4.1
6907	2.7
6908	2.6
6909	3.4
6910	3.4
6911	3.8
6912	4.1
6913	3.9
6914	3.9
6915	3.7
6916	3.6
6917	3.4
6918	3.9
6919	2.9
6920	3.7
6921	4.2
6922	4.3
6923	4
6924	3.6
6925	3.3
6926	3.7
6927	3.4
6928	3.5
6929	4.3
6930	3.7
6931	4.3
6932	2
6933	3
6934	3.5
6935	3.4
6936	2.9
6937	3.6
6938	2.7
6939	3.4
6940	3.2
6941	4.1
6942	2.5
6943	2.6
6944	2.8
6945	3.7
6946	4.2
6947	3.1
6948	3.4
6949	3.2
6950	3.3
6951	3.7
6952	4.1
6953	3.7
6954	2.9
6955	3.1
6956	3.5
6957	3.5
6958	4.1
6959	3.4
6960	3
6961	3.3
6962	3.5
6963	3.8
6964	3.9
6965	3.6
6966	3.5
6967	2.3
6968	3.1
6969	3.6
6970	3.8
6971	4.2
6972	3.9
6973	3.3
6974	3.1
6975	3.7
6976	3.6
6977	3.8
6978	3.6
6979	3.4
6980	4.3
6981	2.9
6982	3.6
6983	3.8
6984	3.5
6985	3
6986	3.5
6987	2.7
6988	4.6
6989	3.8
6990	4.1
6991	2.8
6992	3.6
6993	4.6
6994	2.5
6995	3.7
6996	3.2
6997	3.5
6998	3
6999	3.7
7000	2.9
7001	2.7
7002	2.6
7003	3.1
7004	3.3
7005	4.1
7006	3.8
7007	3.2
7008	3.1
7009	2.8
7010	3.9
7011	3
7012	3.5
7013	3
7014	3.9
7015	3.6
7016	3.9
7017	3.1
7018	3.2
7019	3.7
7020	2.4
7021	4.1
7022	3.4
7023	3.1
7024	2.7
7025	2.6
7026	2.7
7027	3.1
7028	3.8
7029	4.3
7030	3.1
7031	3.1
7032	4.1
7033	3.8
7034	3.6
7035	3.4
7036	3.6
7037	4.8
7038	3.4
7039	4.8
7040	3.2
7041	3.7
7042	3.1
7043	3.8
7044	3.1
7045	3.8
7046	4.3
7047	3.3
7048	2.7
7049	3.7
7050	4
7051	4.1
7052	2.4
7053	4.8
7054	3.1
7055	3.5
7056	4.1
7057	4.6
7058	2.6
7059	4.9
7060	2.9
7061	3.5
7062	3.1
7063	3.4
7064	2.9
7065	3.5
7066	3.6
7067	3.8
7068	3.7
7069	3.1
7070	4.2
7071	3.8
7072	3.8
7073	3.5
7074	3.1
7075	3
7076	3.3
7077	3.3
7078	4.1
7079	2.1
7080	3.4
7081	3.7
7082	4.1
7083	3.2
7084	3.4
7085	3.4
7086	2.7
7087	3.3
7088	3.7
7089	2.4
7090	3.3
7091	3.7
7092	4.3
7093	3.1
7094	3.6
7095	3.4
7096	3.1
7097	4.2
7098	3.4
7099	3
7100	2.6
7101	2.9
7102	3.6
7103	3.4
7104	3
7105	3.2
7106	3.7
7107	4.1
7108	4
7109	3.5
7110	4.1
7111	4
7112	4.1
7113	3.5
7114	3.1
7115	4.5
7116	3.9
7117	3.9
7118	3.5
7119	3.1
7120	4.1
7121	3.1
7122	3.4
7123	3.7
7124	3.9
7125	3.6
7126	3
7127	4.2
7128	3.1
7129	3.3
7130	3.7
7131	2.7
7132	3.7
7133	2.9
7134	3.2
7135	3.2
7136	3.6
7137	3
7138	3.1
7139	3
7140	3.1
7141	3.6
7142	2.3
7143	3.6
7144	3.7
7145	3.3
7146	2.9
7147	4.6
7148	3.3
7149	3.5
7150	4.1
7151	2.5
7152	3.6
7153	4.7
7154	3.6
7155	2.9
7156	4.1
7157	3.8
7158	3.7
7159	3.8
7160	3.7
7161	3.4
7162	3.3
7163	2.3
7164	3.5
7165	2.8
7166	3.9
7167	3.6
7168	3.5
7169	3.4
7170	3.8
7171	4.6
7172	3.7
7173	2.7
7174	4.2
7175	2.9
7176	3.4
7177	3.9
7178	4.2
7179	4.2
7180	4.3
7181	3.3
7182	3.1
7183	3.1
7184	4.1
7185	4.1
7186	4.3
7187	4.1
7188	3.1
7189	3.2
7190	2.8
7191	3.3
7192	3.3
7193	3.1
7194	4.2
7195	3.2
7196	3.3
7197	2.8
7198	3.5
7199	2.6
7200	3.8
7201	3.8
7202	4.3
7203	2.9
7204	2.6
7205	3.9
7206	3.4
7207	3.6
7208	3.3
7209	3.1
7210	3.5
7211	3.2
7212	3.6
7213	3.3
7214	3.3
7215	3.5
7216	3.4
7217	3.1
7218	3.4
7219	3.3
7220	3
7221	4.1
7222	3.4
7223	3.5
7224	3.6
7225	3.1
7226	4
7227	4
7228	3.6
7229	3.9
7230	3.9
7231	3.8
7232	4.1
7233	3.7
7234	3.6
7235	4.2
7236	3.1
7237	4.1
7238	4.2
7239	3.3
7240	2.5
7241	3.3
7242	3.1
7243	3.5
7244	4.4
7245	3.6
7246	3.5
7247	3
7248	3.1
7249	3.7
7250	3.8
7251	2.4
7252	3.5
7253	3.9
7254	3.3
7255	4.1
7256	3.3
7257	3.1
7258	4.1
7259	3.5
7260	3.4
7261	3.6
7262	2.9
7263	2.8
7264	3.4
7265	4.4
7266	4
7267	2.3
7268	3.2
7269	3.1
7270	3
7271	3.2
7272	4.4
7273	3.4
7274	3.1
7275	2.3
7276	4.1
7277	3.2
7278	4.2
7279	3.8
7280	3.2
7281	4
7282	3.9
7283	4.4
7284	3.3
7285	3.7
7286	2.9
7287	3.7
7288	2.2
7289	4.1
7290	3.1
7291	3.7
7292	3.3
7293	4
7294	3.6
7295	3.7
7296	3.6
7297	3.2
7298	2.5
7299	2.7
7300	3.4
7301	3.4
7302	4
7303	3.4
7304	4.1
7305	3.1
7306	3.2
7307	3.2
7308	3.8
7309	4.2
7310	3.5
7311	2.6
7312	3
7313	3.5
7314	4.1
7315	3.3
7316	4.8
7317	3.1
7318	3.9
7319	3.2
7320	3.4
7321	4.2
7322	3.1
7323	2.9
7324	2.9
7325	3.8
7326	3.3
7327	3.6
7328	2.7
7329	4.2
7330	2.9
7331	3.2
7332	4.6
7333	3.9
7334	4.4
7335	3
7336	2.7
7337	3.2
7338	4.1
7339	3.8
7340	3.4
7341	3.7
7342	3.7
7343	3.1
7344	3.2
7345	3.7
7346	3.4
7347	3.3
7348	4.3
7349	3.4
7350	3.2
7351	2.9
7352	3.7
7353	3.6
7354	2.8
7355	3.5
7356	4
7357	3
7358	3.8
7359	3.8
7360	4.5
7361	4.3
7362	3.6
7363	3.4
7364	3.5
7365	2.7
7366	3.5
7367	3.5
7368	3.7
7369	3.5
7370	4.1
7371	3.7
7372	4.4
7373	4.3
7374	3.2
7375	3.9
7376	2.8
7377	3.6
7378	4.7
7379	3
7380	3.7
7381	3.6
7382	3.5
7383	3.8
7384	3.4
7385	3.8
7386	3.2
7387	2.6
7388	3.4
7389	3.4
7390	4.4
7391	3.8
7392	3.2
7393	4.1
7394	4.2
7395	3.9
7396	3.1
7397	3.1
7398	4.6
7399	4
7400	3.5
7401	2.9
7402	3.1
7403	3.9
7404	3.5
7405	3.9
7406	3.1
7407	3.5
7408	3.4
7409	3.5
7410	3.7
7411	2.8
7412	4.2
7413	3.9
7414	3.9
7415	3
7416	3.5
7417	2.1
7418	3.9
7419	3.7
7420	3
7421	3.6
7422	3.5
7423	4.5
7424	3.6
7425	3.2
7426	3.1
7427	3.1
7428	4.2
7429	3.2
7430	3.9
7431	3.2
7432	3.1
7433	4.4
7434	3.6
7435	3.6
7436	2.8
7437	3
7438	4.3
7439	3.3
7440	3.8
7441	4.1
7442	3.7
7443	3.6
7444	4.7
7445	3.4
7446	3.4
7447	4.2
7448	3.9
7449	3.4
7450	2.9
7451	3.6
7452	4.2
7453	4
7454	5
7455	3.9
7456	3.4
7457	3.4
7458	2.8
7459	3
7460	2.9
7461	3.9
7462	3.8
7463	2.8
7464	3.9
7465	3.7
7466	3
7467	3.8
7468	2.9
7469	4.9
7470	4
7471	3.3
7472	4.4
7473	3.8
7474	3.8
7475	3.8
7476	3.1
7477	2.6
7478	3.8
7479	3.2
7480	2.8
7481	3.6
7482	3.4
7483	2.8
7484	3.5
7485	3.3
7486	3.5
7487	3.9
7488	3.4
7489	3.3
7490	3.4
7491	4.1
7492	3.9
7493	3.3
7494	2.7
7495	3.7
7496	3.8
7497	4.5
7498	2.7
7499	2.2
7500	3.5
7501	2.1
7502	3.5
7503	3
7504	2.8
7505	2.7
7506	3
7507	3.9
7508	3.4
7509	4
7510	3.8
7511	3.7
7512	2.8
7513	3.4
7514	4.5
7515	3.4
7516	2.8
7517	4.8
7518	3.4
7519	3.3
7520	5
7521	3.1
7522	3.3
7523	3.6
7524	3.5
7525	3.7
7526	2.4
7527	3.3
7528	3.2
7529	3.6
7530	3.2
7531	3.5
7532	2.8
7533	3.5
7534	4
7535	3.9
7536	2.9
7537	3.8
7538	4.4
7539	2.8
7540	3.1
7541	3
7542	3.2
7543	2.8
7544	2.6
7545	4.2
7546	3.5
7547	3.8
7548	3.1
7549	3.3
7550	3.9
7551	4.3
7552	3.6
7553	3.2
7554	2.9
7555	3.7
7556	3.9
7557	3.5
7558	2.6
7559	2.3
7560	4.1
7561	2.4
7562	3.5
7563	3.1
7564	3.4
7565	3
7566	3.4
7567	3
7568	4.4
7569	4.2
7570	3.7
7571	4.2
7572	3.1
7573	3.4
7574	2.6
7575	4.1
7576	3.7
7577	3.4
7578	3.9
7579	3.2
7580	3.6
7581	2.9
7582	3.1
7583	3.7
7584	2.9
7585	3.2
7586	2.9
7587	3
7588	3.1
7589	3.6
7590	3.3
7591	2.7
7592	3.7
7593	2.9
7594	4.3
7595	3.5
7596	3.6
7597	3.6
7598	2.4
7599	2.8
7600	4.1
7601	2.9
7602	3
7603	2.6
7604	3.6
7605	2.9
7606	3.7
7607	2.7
7608	3.6
7609	3.4
7610	3.5
7611	3.9
7612	4.1
7613	3
7614	3.1
7615	3.3
7616	4.6
7617	3.4
7618	3.9
7619	3.6
7620	2.6
7621	3.1
7622	3.9
7623	2.6
7624	3.7
7625	4.1
7626	3.6
7627	3.3
7628	3.8
7629	3.1
7630	3.1
7631	3.7
7632	3.2
7633	3.2
7634	3.3
7635	3.7
7636	3.6
7637	4.2
7638	3.1
7639	2.7
7640	2.1
7641	3.4
7642	3.8
7643	4.1
7644	4.1
7645	3.7
7646	3.4
7647	2.4
7648	4.1
7649	4
7650	4.2
7651	4
7652	4
7653	3.8
7654	5.1
7655	3.5
7656	4
7657	3.3
7658	4
7659	3.3
7660	3.5
7661	3.1
7662	3.8
7663	3.1
7664	4
7665	3
7666	3.3
7667	2.9
7668	3
7669	3.2
7670	3.6
7671	4.5
7672	3.4
7673	3.9
7674	2.9
7675	3.4
7676	4.2
7677	4.1
7678	2.4
7679	3.1
7680	3.9
7681	3.5
7682	4.3
7683	3.8
7684	2.9
7685	3.2
7686	3.7
7687	3.6
7688	3.5
7689	4.4
7690	4
7691	4.2
7692	2.7
7693	4.2
7694	2.9
7695	3.1
7696	3.5
7697	3.4
7698	3.3
7699	3
7700	3.3
7701	3.6
7702	4.1
7703	4.3
7704	3.5
7705	3.7
7706	3.3
7707	3.2
7708	3.5
7709	3.1
7710	3
7711	3.4
7712	3.2
7713	3.9
7714	3.4
7715	3.6
7716	3.5
7717	3.2
7718	4.2
7719	2.7
7720	3.7
7721	3.4
7722	3.8
7723	3.6
7724	4
7725	3.7
7726	3.6
7727	3.4
7728	3.8
7729	3.5
7730	3.6
7731	3.3
7732	3.7
7733	3.1
7734	3.9
7735	2.8
7736	3.7
7737	2.6
7738	2.9
7739	3.3
7740	2.3
7741	2.9
7742	3.6
7743	4
7744	3.1
7745	3.1
7746	3.3
7747	3.4
7748	3.2
7749	4.1
7750	3.1
7751	3.4
7752	3.4
7753	3.9
7754	4
7755	3.6
7756	4.6
7757	3.4
7758	3.7
7759	4.2
7760	2.5
7761	3.5
7762	2.8
7763	3.2
7764	4.5
7765	3.3
7766	4.1
7767	2.8
7768	3.8
7769	3.8
7770	3.6
7771	3.5
7772	3.3
7773	3.1
7774	2.2
7775	3.8
7776	2.9
7777	3
7778	3.3
7779	3.7
7780	2.5
7781	3
7782	3.7
7783	3.6
7784	3.5
7785	3.4
7786	3.4
7787	4.5
7788	3.5
7789	2.7
7790	3.3
7791	3.2
7792	2.9
7793	3.6
7794	3.4
7795	4.4
7796	3.7
7797	3.3
7798	3.4
7799	2.9
7800	3.4
7801	4.2
7802	3.9
7803	4
7804	3.6
7805	2.9
7806	3.1
7807	4.7
7808	3.5
7809	3.4
7810	2.8
7811	3.6
7812	3.6
7813	3.5
7814	3.5
7815	3.4
7816	2.5
7817	2.8
7818	3.1
7819	3.6
7820	3.5
7821	3.9
7822	1.9
7823	3.2
7824	3
7825	4
7826	3
7827	3.5
7828	3
7829	3.4
7830	3.3
7831	3.7
7832	3.4
7833	3.1
7834	4.1
7835	3.4
7836	3.1
7837	2.6
7838	4.2
7839	4.2
7840	4.2
7841	4
7842	3.5
7843	4
7844	3.6
7845	3.9
7846	3.4
7847	3.2
7848	3.6
7849	3.4
7850	3.3
7851	3.3
7852	3.1
7853	3.5
7854	3.4
7855	3.5
7856	3.4
7857	3.7
7858	3.6
7859	3.2
7860	3.4
7861	4.2
7862	3.1
7863	3.3
7864	4.9
7865	2.7
7866	3.9
7867	3.1
7868	2
7869	3.3
7870	4
7871	3.7
7872	3.7
7873	2.6
7874	2.8
7875	2.7
7876	3.8
7877	4
7878	3.8
7879	4
7880	3.9
7881	3.7
7882	4.1
7883	3.8
7884	4.1
7885	4.8
7886	3.3
7887	3.6
7888	3
7889	3.1
7890	4.1
7891	3.7
7892	2.7
7893	4.3
7894	3.6
7895	3.1
7896	3
7897	4.2
7898	4.6
7899	3.7
7900	3.1
7901	3.1
7902	3.7
7903	3.3
7904	2.4
7905	3.1
7906	2.8
7907	3.8
7908	2.9
7909	4.3
7910	4.3
7911	4.1
7912	4.2
7913	4.1
7914	4.6
7915	3.6
7916	3.2
7917	3.4
7918	3.1
7919	3
7920	4
7921	3.1
7922	2.4
7923	3
7924	2.7
7925	3.4
7926	3.5
7927	3.6
7928	4.6
7929	3.3
7930	3.9
7931	3.9
7932	4
7933	4.3
7934	4.1
7935	4
7936	3.5
7937	2.1
7938	4
7939	4.2
7940	3.5
7941	2.9
7942	4.3
7943	4.5
7944	3.3
7945	3.3
7946	4
7947	2.6
7948	4.1
7949	4.7
7950	3
7951	4.4
7952	4.6
7953	3.1
7954	2.9
7955	4.2
7956	3.7
7957	4
7958	4.2
7959	3.3
7960	3.8
7961	4.3
7962	4.3
7963	3.8
7964	3.9
7965	4.4
7966	3.2
7967	4.1
7968	4.6
7969	3.2
7970	3.2
7971	3.4
7972	3.9
7973	4.5
7974	3.1
7975	4.2
7976	2.7
7977	4.2
7978	3.2
7979	3.3
7980	4.1
7981	3.5
7982	2.9
7983	3.2
7984	2.8
7985	3.2
7986	3.7
7987	3.5
7988	3.4
7989	2.6
7990	3.5
7991	3.9
7992	3
7993	2
7994	4.6
7995	3.8
7996	3.8
7997	3.4
7998	3.8
7999	3.3
8000	3.7
8001	4
8002	3.1
8003	3.1
8004	3.6
8005	3.2
8006	4.4
8007	3.7
8008	3.1
8009	3.7
8010	3.7
8011	2.4
8012	4
8013	3.8
8014	3.8
8015	2.9
8016	3.3
8017	3.5
8018	2.9
8019	2.7
8020	3
8021	4.3
8022	4.1
8023	3.5
8024	3.4
8025	2.4
8026	3.3
8027	3.8
8028	3.2
8029	3
8030	3.9
8031	3.6
8032	3.2
8033	3.9
8034	3.6
8035	2.8
8036	3.6
8037	3.9
8038	4.4
8039	3.7
8040	3.7
8041	3.3
8042	3.3
8043	3.5
8044	4.1
8045	4.7
8046	3.7
8047	3.3
8048	3
8049	4.1
8050	4.5
8051	2.3
8052	3.9
8053	3.8
8054	2.3
8055	3.6
8056	4.1
8057	4.2
8058	2.8
8059	4.3
8060	3.3
8061	3.7
8062	3
8063	4.4
8064	3.5
8065	4.1
8066	4
8067	3.8
8068	3.2
8069	3.9
8070	3.8
8071	3.9
8072	3.4
8073	3
8074	2.6
8075	2.4
8076	3.7
8077	4.6
8078	4.3
8079	4.7
8080	2.8
8081	4.1
8082	3.4
8083	4.6
8084	4.2
8085	3.1
8086	4.1
8087	4.2
8088	3.4
8089	3.6
8090	3.2
8091	3.4
8092	3.7
8093	3.1
8094	2.7
8095	3.5
8096	2.7
8097	3.5
8098	3
8099	3.1
8100	2.9
8101	3.5
8102	3.4
8103	3.4
8104	2.7
8105	4.5
8106	2.7
8107	2.6
8108	3
8109	4.1
8110	3.2
8111	2.7
8112	3.6
8113	3.6
8114	3.8
8115	3.5
8116	3.7
8117	3.2
8118	4.1
8119	3.8
8120	3.7
8121	3
8122	3.3
8123	2.8
8124	4.3
8125	2.3
8126	2.7
8127	3.6
8128	3.5
8129	3.7
8130	4
8131	3.6
8132	3.9
8133	3.6
8134	4.1
8135	4.1
8136	3.9
8137	3.3
8138	4.1
8139	3.6
8140	4.8
8141	2.7
8142	4
8143	3.6
8144	3.5
8145	3.2
8146	4.3
8147	3.8
8148	3.3
8149	3
8150	2.8
8151	3.8
8152	3.6
8153	3.4
8154	2.8
8155	3.7
8156	3.7
8157	4
8158	2.9
8159	3.2
8160	2.4
8161	3.2
8162	3.2
8163	2.8
8164	3.3
8165	3.8
8166	4.3
8167	3.3
8168	3.1
8169	3
8170	4.2
8171	3
8172	3.2
8173	3.7
8174	4.2
8175	3.3
8176	3.1
8177	2.6
8178	4.6
8179	3.1
8180	3.6
8181	2.8
8182	3.8
8183	3.3
8184	3.7
8185	4
8186	3.5
8187	3.1
8188	4.8
8189	3.9
8190	3.4
8191	3.9
8192	4
8193	3.6
8194	3.4
8195	3.1
8196	3.5
8197	3.8
8198	2.5
8199	3.1
8200	3.6
8201	4.4
8202	3.5
8203	3.9
8204	3.9
8205	4.1
8206	3.4
8207	3.5
8208	2.9
8209	3.2
8210	2.9
8211	3.4
8212	2.6
8213	3.6
8214	3.8
8215	4
8216	3.7
8217	3.3
8218	4.2
8219	2.6
8220	3.4
8221	3.6
8222	4.7
8223	3.8
8224	4
8225	2.7
8226	2.9
8227	2.6
8228	4.1
8229	4.3
8230	2.7
8231	3.4
8232	3.5
8233	3.2
8234	4.5
8235	3.6
8236	4.2
8237	4.5
8238	3.2
8239	3.1
8240	3.5
8241	4.1
8242	3.7
8243	2.8
8244	3.6
8245	3.2
8246	4.1
8247	3.7
8248	3.5
8249	3.7
8250	2.8
8251	4.4
8252	3.6
8253	3.8
8254	3.8
8255	4
8256	3.5
8257	3.3
8258	3.9
8259	3.7
8260	3
8261	3.2
8262	2.5
8263	3.4
8264	3.1
8265	3.1
8266	3.9
8267	3.6
8268	3.7
8269	4.2
8270	3
8271	3.8
8272	3.9
8273	2.3
8274	3.4
8275	3.5
8276	3.5
8277	3.3
8278	3.8
8279	2.9
8280	2.6
8281	2.8
8282	3.3
8283	4.2
8284	3.1
8285	4
8286	3
8287	4.2
8288	3.6
8289	3.9
8290	3.2
8291	2.7
8292	2.8
8293	2.9
8294	2.6
8295	3.6
8296	3.8
8297	2.8
8298	4.3
8299	3.5
8300	3.1
8301	3.7
8302	4.3
8303	3.8
8304	3
8305	3.7
8306	4.4
8307	3.8
8308	3.3
8309	3.5
8310	3.3
8311	2.5
8312	4.4
8313	2.9
8314	3.4
8315	3.6
8316	3.7
8317	4.3
8318	3.4
8319	3.2
8320	4.5
8321	4.2
8322	4
8323	4.3
8324	2.9
8325	3
8326	3.2
8327	4
8328	3.8
8329	3.5
8330	3.1
8331	2.9
8332	3.4
8333	3.7
8334	4.6
8335	3.2
8336	4
8337	3.8
8338	3.3
8339	3.6
8340	3.1
8341	4.1
8342	2.6
8343	3
8344	3.6
8345	3.5
8346	3.7
8347	1.9
8348	3.7
8349	3.8
8350	3.5
8351	3.6
8352	4
8353	3.3
8354	3
8355	4.2
8356	3.7
8357	2.9
8358	3.7
8359	3.1
8360	2.9
8361	4.2
8362	3.3
8363	4.3
8364	3.9
8365	4.3
8366	3.2
8367	3.1
8368	4.3
8369	4.5
8370	4
8371	3.8
8372	3.3
8373	3.8
8374	3.3
8375	3.1
8376	3.9
8377	4.2
8378	3.7
8379	3.8
8380	4.1
8381	3.3
8382	3.3
8383	3.3
8384	3
8385	3.6
8386	3.8
8387	2.3
8388	3.5
8389	3.6
8390	3.8
8391	4.1
8392	4.2
8393	3.4
8394	3.5
8395	3.1
8396	4.2
8397	3.3
8398	3.1
8399	2.8
8400	3.9
8401	3.6
8402	3.2
8403	3.3
8404	3.9
8405	2.8
8406	4.4
8407	3.5
8408	3.9
8409	2.5
8410	3.3
8411	3.6
8412	2.8
8413	2.9
8414	3.7
8415	3.1
8416	3.8
8417	4.4
8418	3.4
8419	3.6
8420	3.3
8421	2.9
8422	3.3
8423	3.4
8424	3.6
8425	3.4
8426	3.2
8427	5.2
8428	2.5
8429	4.5
8430	3.6
8431	2.7
8432	4.2
8433	2.8
8434	4.2
8435	4.3
8436	3.7
8437	4.1
8438	3.2
8439	3.3
8440	2.8
8441	4.4
8442	3.8
8443	3.7
8444	3.4
8445	2.9
8446	3
8447	3.2
8448	4.1
8449	3.4
8450	3.6
8451	3
8452	3.1
8453	3.1
8454	2.7
8455	4.1
8456	4.4
8457	3
8458	3.7
8459	2.4
8460	4
8461	4
8462	3.6
8463	3.7
8464	3.5
8465	4.4
8466	3.5
8467	4.2
8468	3.8
8469	3.4
8470	3.5
8471	3.3
8472	2.8
8473	3.9
8474	4.2
8475	2.8
8476	3.5
8477	3.3
8478	2.5
8479	4.4
8480	3.1
8481	3.8
8482	4
8483	3.8
8484	3.2
8485	3.1
8486	2.7
8487	4.1
8488	3.4
8489	2.8
8490	3.3
8491	2.5
8492	2.4
8493	4.2
8494	3.9
8495	3.9
8496	3.5
8497	3.7
8498	4.1
8499	3.2
8500	2.4
8501	3.1
8502	3.2
8503	2.5
8504	2.8
8505	4.1
8506	3.7
8507	3.2
8508	3.8
8509	3.5
8510	3.3
8511	3.2
8512	3.2
8513	4
8514	3
8515	3.4
8516	2.6
8517	3.7
8518	2.9
8519	3
8520	3.4
8521	2.4
8522	4.5
8523	3.9
8524	3.1
8525	3
8526	3
8527	3.8
8528	3.5
8529	3.9
8530	2.1
8531	3.4
8532	3.6
8533	3.3
8534	2.4
8535	2.9
8536	3.7
8537	4.2
8538	3.2
8539	3.3
8540	2.6
8541	3.9
8542	3
8543	3.5
8544	4.1
8545	2.6
8546	4
8547	2.2
8548	3.6
8549	2.8
8550	3.8
8551	3.1
8552	2.7
8553	3.3
8554	3.6
8555	4.6
8556	2.8
8557	3.6
8558	2.7
8559	2.7
8560	2.7
8561	3
8562	3.2
8563	3.2
8564	3.7
8565	3.9
8566	2.9
8567	2.7
8568	4.1
8569	4.6
8570	3.6
8571	2.9
8572	4.3
8573	2.5
8574	3.1
8575	3.8
8576	2.9
8577	3.1
8578	3.6
8579	2.4
8580	4.2
8581	3.1
8582	2.6
8583	3.8
8584	4.5
8585	3
8586	3.2
8587	3.1
8588	3.9
8589	2.7
8590	2.9
8591	3.7
8592	3.8
8593	3.4
8594	3.3
8595	3.5
8596	3.6
8597	3.5
8598	3.2
8599	3.6
8600	3.5
8601	3.6
8602	3.9
8603	4
8604	3.4
8605	3.2
8606	4.5
8607	2.3
8608	3.4
8609	3.6
8610	4.1
8611	2.6
8612	4
8613	4.1
8614	3.8
8615	2.5
8616	2.5
8617	3.7
8618	3.9
8619	2.8
8620	2.6
8621	2.8
8622	3.4
8623	4.5
8624	3.6
8625	3.3
8626	3.7
8627	4.4
8628	2.7
8629	3.3
8630	3.4
8631	3
8632	2.9
8633	4
8634	4.8
8635	3.6
8636	2.6
8637	4.9
8638	3.5
8639	4
8640	4
8641	2.8
8642	3.2
8643	3.8
8644	3.8
8645	3.7
8646	3.6
8647	2.4
8648	3.7
8649	3.5
8650	4.2
8651	3.7
8652	3.1
8653	2.6
8654	3.9
8655	2.7
8656	3.4
8657	4
8658	2.9
8659	3.8
8660	3.8
8661	3.1
8662	3.6
8663	3
8664	2.8
8665	3.6
8666	3.9
8667	4.1
8668	4.1
8669	4.2
8670	3
8671	4.1
8672	4.5
8673	3
8674	2.9
8675	2.8
8676	4.6
8677	2.7
8678	4.2
8679	3.2
8680	3.6
8681	3.9
8682	4
8683	3.5
8684	3.8
8685	2.8
8686	3.7
8687	2.8
8688	3.6
8689	2.8
8690	3.5
8691	4
8692	3.1
8693	3.4
8694	3
8695	4.6
8696	3.8
8697	3.4
8698	3.1
8699	2.4
8700	3
8701	3.7
8702	3.1
8703	3.4
8704	3.7
8705	2.9
8706	3.5
8707	3.5
8708	3.6
8709	4
8710	3.7
8711	2.8
8712	3.8
8713	3.4
8714	4.2
8715	4.1
8716	3.7
8717	3.5
8718	3.2
8719	2
8720	3.8
8721	2.9
8722	3.8
8723	3
8724	4.3
8725	3.3
8726	4.5
8727	3.2
8728	4
8729	3
8730	3.4
8731	3.4
8732	3.7
8733	3.6
8734	3.3
8735	3.7
8736	4.2
8737	3.2
8738	3.5
8739	3.6
8740	3.5
8741	3.1
8742	2.2
8743	2.9
8744	3.6
8745	3.3
8746	3.4
8747	4.1
8748	3.7
8749	3.1
8750	2.7
8751	3.2
8752	2.9
8753	3
8754	3.3
8755	2.7
8756	3.7
8757	3.4
8758	3
8759	2.3
8760	4.1
8761	3.1
8762	3.9
8763	3.4
8764	3.8
8765	4
8766	3.2
8767	4.1
8768	4.2
8769	3.5
8770	3.2
8771	4
8772	4.7
8773	2.6
8774	3.8
8775	2.1
8776	3.8
8777	4.2
8778	3.7
8779	3
8780	3.8
8781	4
8782	3.6
8783	4.2
8784	4.1
8785	3.3
8786	4.1
8787	3.2
8788	3.3
8789	4.1
8790	4.5
8791	3.8
8792	2.9
8793	4.2
8794	3.2
8795	3.6
8796	3.7
8797	2.7
8798	3
8799	3.5
8800	3
8801	4
8802	4
8803	2.5
8804	3.7
8805	2.6
8806	4
8807	4.4
8808	3.1
8809	3.5
8810	4.3
8811	4
8812	3.8
8813	2.6
8814	3.7
8815	3.3
8816	3.5
8817	3.8
8818	3.6
8819	3.8
8820	3.6
8821	2.8
8822	3.2
8823	2.9
8824	2.6
8825	3.4
8826	4.2
8827	3.5
8828	3.8
8829	4.8
8830	3.1
8831	4.5
8832	3.3
8833	4.4
8834	3.1
8835	3.8
8836	3.4
8837	3.3
8838	4.7
8839	1.9
8840	4.5
8841	3.3
8842	3.6
8843	3.4
8844	4.1
8845	2.9
8846	3.5
8847	2.7
8848	3.3
8849	4
8850	3.4
8851	3.6
8852	3.2
8853	3.6
8854	4.1
8855	4
8856	4.8
8857	3.6
8858	4
8859	3.4
8860	3.6
8861	3.6
8862	3.4
8863	3.2
8864	3.5
8865	2.8
8866	3.7
8867	3.7
8868	3.7
8869	3.4
8870	4.6
8871	3.5
8872	3.5
8873	3.9
8874	3.2
8875	3.5
8876	3.3
8877	2.6
8878	4
8879	4.2
8880	3
8881	4.3
8882	4.4
8883	3.9
8884	3.1
8885	4.2
8886	3.7
8887	3.8
8888	2.7
8889	3.4
8890	2.9
8891	3.9
8892	4.7
8893	3.6
8894	3.1
8895	2.5
8896	2.7
8897	3
8898	3.3
8899	3.8
8900	4.2
8901	3.9
8902	2.8
8903	3.3
8904	3.6
8905	3.8
8906	3.1
8907	3.4
8908	3.9
8909	4.1
8910	3.2
8911	3.5
8912	3.7
8913	3.2
8914	3.3
8915	3.9
8916	3.8
8917	3.5
8918	4
8919	2.7
8920	3.7
8921	3.4
8922	3.2
8923	3.5
8924	3.2
8925	3.2
8926	4
8927	2.8
8928	3.2
8929	3.1
8930	4.6
8931	2.8
8932	3
8933	3.1
8934	3.8
8935	2.6
8936	4.1
8937	3.2
8938	3.9
8939	3.4
8940	4.1
8941	3.8
8942	4.1
8943	3
8944	3.6
8945	3
8946	3.9
8947	3.5
8948	2.4
8949	3.8
8950	3.3
8951	2.4
8952	3.9
8953	3.3
8954	3.7
8955	3.7
8956	3.5
8957	4.4
8958	2.6
8959	3.5
8960	3.2
8961	3.2
8962	3.7
8963	2.8
8964	3.3
8965	3.5
8966	4
8967	2.7
8968	3.6
8969	3.4
8970	4.2
8971	3.5
8972	3.8
8973	4.1
8974	2.5
8975	3.9
8976	4.5
8977	3.4
8978	3
8979	3
8980	3.1
8981	3.2
8982	3.2
8983	4
8984	2.9
8985	3.4
8986	2.2
8987	3.4
8988	3.8
8989	3.8
8990	4
8991	3.7
8992	3.7
8993	3.7
8994	4.1
8995	3.9
8996	3.4
8997	4
8998	3.4
8999	3
9000	3.3
9001	3.2
9002	2.8
9003	3.7
9004	4.3
9005	3.3
9006	3.7
9007	3.6
9008	3.5
9009	3.5
9010	3.7
9011	3.6
9012	3.9
9013	3.9
9014	3.3
9015	4.5
9016	3.5
9017	3.5
9018	3.8
9019	4.3
9020	3.6
9021	3.4
9022	4
9023	2.8
9024	3.9
9025	3.8
9026	4.8
9027	4.5
9028	3.1
9029	3.3
9030	3.7
9031	3.3
9032	4
9033	3.4
9034	2.9
9035	5.1
9036	3.2
9037	3.3
9038	3.4
9039	4.3
9040	2.8
9041	2.5
9042	2
9043	4.3
9044	2.5
9045	4.3
9046	3.2
9047	3
9048	3.9
9049	3.9
9050	3
9051	3.7
9052	2.4
9053	3.6
9054	3.7
9055	3.9
9056	3.3
9057	2.4
9058	3.6
9059	2.9
9060	3.3
9061	3.7
9062	2.5
9063	2.9
9064	3.2
9065	3.3
9066	3.9
9067	3.2
9068	4.1
9069	3.2
9070	3.3
9071	3.5
9072	2.5
9073	4.4
9074	3.9
9075	3.4
9076	3.5
9077	3.2
9078	4.9
9079	4.5
9080	3.7
9081	3
9082	4.1
9083	2.4
9084	4.5
9085	4.1
9086	3.2
9087	3.2
9088	3.9
9089	2.3
9090	3.6
9091	4.1
9092	2.9
9093	3.3
9094	3.5
9095	3.9
9096	3.1
9097	3
9098	4.8
9099	3.3
9100	4.1
9101	3.4
9102	4
9103	4.1
9104	3.5
9105	4.1
9106	3.8
9107	3.6
9108	2.6
9109	3.2
9110	4.8
9111	4.4
9112	3.9
9113	4.1
9114	3.5
9115	4
9116	2.7
9117	4
9118	3.7
9119	3
9120	3.7
9121	3.4
9122	3.6
9123	4.1
9124	3.3
9125	3.5
9126	3.3
9127	3.8
9128	3.1
9129	4.3
9130	4
9131	3.3
9132	4.1
9133	3.5
9134	4.5
9135	3.6
9136	3.2
9137	4
9138	3.6
9139	3.4
9140	3.6
9141	3.3
9142	4.1
9143	1.9
9144	4.5
9145	3.5
9146	3.2
9147	4.4
9148	4.9
9149	3.9
9150	3.2
9151	3.3
9152	2.8
9153	4
9154	3.9
9155	2.6
9156	3.2
9157	2.8
9158	4.1
9159	3.2
9160	3.6
9161	2.9
9162	2.7
9163	3.2
9164	4
9165	2.8
9166	3.9
9167	3.8
9168	3.7
9169	4.2
9170	3.1
9171	3.1
9172	3.7
9173	4
9174	3.4
9175	4.1
9176	4
9177	3.1
9178	4.2
9179	3
9180	3
9181	2.6
9182	3.1
9183	3.4
9184	2.9
9185	3.5
9186	3.9
9187	2.9
9188	4.2
9189	3.9
9190	3.5
9191	3.6
9192	3.3
9193	2.7
9194	2.7
9195	3.4
9196	4.2
9197	3.5
9198	3
9199	3.2
9200	4.1
9201	4.3
9202	3.7
9203	4
9204	2.8
9205	2
9206	4.1
9207	3.9
9208	3.7
9209	2.5
9210	3.6
9211	4.6
9212	3.5
9213	3.9
9214	3.3
9215	2.8
9216	3.6
9217	4.4
9218	3.9
9219	3.3
9220	2.8
9221	3.9
9222	3.6
9223	3.4
9224	3.1
9225	4.1
9226	4.6
9227	3.9
9228	3.6
9229	3.7
9230	3.1
9231	4.2
9232	3
9233	3.4
9234	3.6
9235	3.9
9236	3.9
9237	4.1
9238	4.3
9239	2.6
9240	4.3
9241	3.9
9242	3.8
9243	3.4
9244	3.8
9245	3
9246	4.4
9247	2.6
9248	3.6
9249	3.2
9250	4
9251	3.6
9252	3.5
9253	2.5
9254	2.4
9255	4.1
9256	3.3
9257	2.3
9258	3.7
9259	4.8
9260	3.9
9261	4.2
9262	3.7
9263	3
9264	3.7
9265	3.1
9266	2.7
9267	3.8
9268	3.2
9269	4.3
9270	3.3
9271	3.7
9272	2.9
9273	2.3
9274	3
9275	3.9
9276	2.8
9277	3.3
9278	2.9
9279	3.7
9280	3.8
9281	3
9282	3.5
9283	3.6
9284	3.1
9285	3.2
9286	3.6
9287	3.9
9288	4.1
9289	4.7
9290	3.6
9291	4
9292	3.4
9293	3.1
9294	3.6
9295	3.5
9296	4
9297	3
9298	2.6
9299	2.6
9300	3.8
9301	2.9
9302	4.2
9303	3.5
9304	2.9
9305	3.4
9306	4.5
9307	3.7
9308	3.4
9309	4
9310	2.8
9311	3.8
9312	3
9313	3.4
9314	2.9
9315	2.8
9316	3.4
9317	3.9
9318	4.3
9319	4.1
9320	3.7
9321	2.8
9322	4
9323	3.1
9324	3.8
9325	3.2
9326	3.1
9327	3.8
9328	3.5
9329	2.9
9330	4
9331	3
9332	3.4
9333	4
9334	3.4
9335	4.3
9336	2.6
9337	3.5
9338	3.1
9339	3.7
9340	4.5
9341	3.4
9342	3.4
9343	3.9
9344	3.3
9345	3.8
9346	4.2
9347	2.4
9348	3.4
9349	3
9350	3.6
9351	4
9352	3.3
9353	3
9354	3.3
9355	3.7
9356	4.1
9357	3.7
9358	4
9359	3.2
9360	3.2
9361	3
9362	3.3
9363	3.6
9364	4.5
9365	3.1
9366	3
9367	2.3
9368	3.3
9369	3.7
9370	2.9
9371	3.8
9372	2.6
9373	3.9
9374	3.2
9375	3.6
9376	4.5
9377	3.7
9378	3.2
9379	2.6
9380	3
9381	3.2
9382	3
9383	3.1
9384	3.3
9385	4.2
9386	3.7
9387	3.6
9388	2.9
9389	3.2
9390	3.9
9391	3.2
9392	3.4
9393	2.4
9394	2.6
9395	2.5
9396	2.8
9397	3.7
9398	2.8
9399	3.5
9400	2.7
9401	4.1
9402	3.1
9403	4.3
9404	4.3
9405	3
9406	4.1
9407	3.4
9408	4.2
9409	3.3
9410	3.8
9411	3.1
9412	3
9413	4.3
9414	3.5
9415	3.1
9416	3.6
9417	4.5
9418	3.8
9419	1.9
9420	3.2
9421	2.9
9422	3.1
9423	3.1
9424	4.2
9425	3.2
9426	3
9427	3.3
9428	3.8
9429	2.8
9430	3.4
9431	3.6
9432	3.1
9433	3.8
9434	3.9
9435	2.6
9436	2.9
9437	2.7
9438	4
9439	3.5
9440	3.8
9441	4.5
9442	2.8
9443	4.5
9444	2.6
9445	3.8
9446	3.6
9447	4.6
9448	4.2
9449	3.1
9450	2.9
9451	3
9452	3
9453	2.8
9454	2.8
9455	3.3
9456	3.7
9457	4.4
9458	3.2
9459	2.7
9460	3.5
9461	3.8
9462	3.1
9463	3.4
9464	2.8
9465	3.6
9466	4.4
9467	2.6
9468	4.9
9469	3
9470	3.6
9471	3.6
9472	4
9473	4.4
9474	3.3
9475	3.2
9476	3.6
9477	4.5
9478	4.8
9479	4.4
9480	3.1
9481	4
9482	3.8
9483	4
9484	4.6
9485	4.4
9486	3.4
9487	2.7
9488	3.3
9489	3.6
9490	4
9491	3.4
9492	4.7
9493	3.8
9494	3.4
9495	2.8
9496	4.7
9497	2.8
9498	4.1
9499	3.9
9500	4
9501	3.3
9502	2.6
9503	3.8
9504	3.9
9505	3.8
9506	3.1
9507	4.5
9508	3.3
9509	3.8
9510	3.6
9511	3.6
9512	3.1
9513	3.3
9514	3.8
9515	3.8
9516	3.9
9517	3.9
9518	3.9
9519	3
9520	3.8
9521	2.9
9522	3.1
9523	4
9524	3.1
9525	3.4
9526	3.6
9527	3.5
9528	3
9529	3.8
9530	3.4
9531	3.5
9532	3.8
9533	3.3
9534	3.2
9535	2.8
9536	4.3
9537	3.9
9538	3.7
9539	3.4
9540	3.1
9541	3.7
9542	4.2
9543	4.7
9544	3.3
9545	4.2
9546	2.7
9547	3.4
9548	3.6
9549	4.3
9550	4.7
9551	3.4
9552	4.1
9553	4
9554	3.4
9555	3.9
9556	3.5
9557	3.7
9558	2.8
9559	3.7
9560	3.2
9561	3.2
9562	3.8
9563	4.2
9564	3.1
9565	3.2
9566	4.3
9567	3.5
9568	3.5
9569	3
9570	3.6
9571	4
9572	3.1
9573	3.2
9574	3.6
9575	3.4
9576	4.2
9577	3.9
9578	2.8
9579	3.2
9580	2.6
9581	4.3
9582	3.1
9583	3.3
9584	2.3
9585	3.4
9586	4.5
9587	3
9588	2.5
9589	3.6
9590	4.1
9591	3.4
9592	2.8
9593	3
9594	4
9595	3
9596	4
9597	2.4
9598	3.2
9599	3.4
9600	4.3
9601	3.3
9602	3.8
9603	4.2
9604	4
9605	2.7
9606	3.8
9607	3.3
9608	3
9609	3.4
9610	3.1
9611	3.3
9612	3.9
9613	3.5
9614	3.1
9615	3.8
9616	3.8
9617	3.8
9618	4.2
9619	3.1
9620	4.3
9621	4.2
9622	4
9623	4.2
9624	4
9625	3.5
9626	4.1
9627	3.4
9628	2.6
9629	3.3
9630	3.3
9631	3.6
9632	3.7
9633	3.4
9634	3.5
9635	2.6
9636	3.6
9637	3.6
9638	2.7
9639	3.2
9640	4.3
9641	4.9
9642	3.4
9643	3.7
9644	3.2
9645	4.7
9646	4.1
9647	4.1
9648	3.5
9649	2.8
9650	4.3
9651	3.7
9652	2.6
9653	3.7
9654	3.7
9655	4.1
9656	3.3
9657	2.6
9658	2.9
9659	2.3
9660	4.1
9661	3.8
9662	3.6
9663	3.2
9664	3.4
9665	3.3
9666	3.2
9667	3.5
9668	3.5
9669	2.5
9670	3.1
9671	3.1
9672	4.2
9673	3.3
9674	3.3
9675	3
9676	3.5
9677	3.4
9678	3.2
9679	4.3
9680	3.5
9681	3.5
9682	3.8
9683	3.1
9684	3.5
9685	3.8
9686	3
9687	4
9688	3.7
9689	3
9690	3.1
9691	3.4
9692	3.7
9693	3.6
9694	3
9695	3.3
9696	4.4
9697	4
9698	4
9699	4.1
9700	3.9
9701	3.5
9702	3.4
9703	4.1
9704	3.8
9705	3.6
9706	3.6
9707	3.1
9708	2.5
9709	4.1
9710	3.4
9711	2.4
9712	4.2
9713	4.1
9714	3.9
9715	4.3
9716	4.2
9717	3.7
9718	3.2
9719	3.4
9720	3.8
9721	3.4
9722	4.3
9723	3.7
9724	2.1
9725	4
9726	3.4
9727	4.2
9728	3.4
9729	4.4
9730	4
9731	3.7
9732	3.1
9733	3.4
9734	3.8
9735	3.6
9736	4
9737	4.1
9738	3.6
9739	3.2
9740	2.4
9741	4.1
9742	3.7
9743	4.3
9744	3.3
9745	3.1
9746	3.6
9747	4.3
9748	3.9
9749	3.9
9750	3.5
9751	3.7
9752	2.9
9753	3.1
9754	4.2
9755	2.6
9756	3.4
9757	3.9
9758	3.3
9759	3.3
9760	3.4
9761	4.4
9762	4
9763	3.7
9764	3.1
9765	2.6
9766	3.1
9767	4.5
9768	3.7
9769	3
9770	3.7
9771	3
9772	4.5
9773	3.1
9774	4.2
9775	4.4
9776	3.7
9777	4.1
9778	3.2
9779	3.5
9780	2.6
9781	3.5
9782	3.8
9783	4.2
9784	3.4
9785	3.6
9786	3.6
9787	3.3
9788	3.5
9789	3.5
9790	2.8
9791	3
9792	3.3
9793	4
9794	3
9795	3.4
9796	3.5
9797	3.1
9798	3.5
9799	3.3
9800	4.2
9801	3.9
9802	3.6
9803	4.1
9804	4
9805	3.9
9806	4.3
9807	4.3
9808	4.5
9809	3
9810	3.2
9811	4
9812	3.8
9813	2.6
9814	3.2
9815	3.6
9816	3.5
9817	3.8
9818	4
9819	4
9820	3
9821	4.5
9822	4.3
9823	2.9
9824	4.2
9825	4.2
9826	3.5
9827	3.1
9828	2.8
9829	3.2
9830	4
9831	3.2
9832	3.5
9833	3.1
9834	4.5
9835	3.6
9836	3.7
9837	2.9
9838	3.5
9839	3.4
9840	3.7
9841	3.5
9842	4.5
9843	2.8
9844	3.7
9845	3.4
9846	4
9847	3.3
9848	3.2
9849	3.8
9850	4.2
9851	2.7
9852	3.5
9853	3.7
9854	5
9855	4.3
9856	4.5
9857	3.7
9858	4.3
9859	2.9
9860	3.2
9861	2.8
9862	4.3
9863	2.9
9864	3.8
9865	3.6
9866	2.5
9867	3
9868	3.5
9869	3.3
9870	3.1
9871	3.3
9872	3.1
9873	4.4
9874	2.9
9875	3.8
9876	3.3
9877	2.3
9878	4
9879	4
9880	4
9881	3.2
9882	3.8
9883	3.4
9884	3.1
9885	3.2
9886	3.8
9887	4.7
9888	4.1
9889	4.1
9890	3.1
9891	3.6
9892	3.7
9893	3.4
9894	4.1
9895	3.9
9896	3.3
9897	4.1
9898	2.8
9899	3.8
9900	3.2
9901	3.8
9902	2.7
9903	2.9
9904	3.9
9905	2.8
9906	3.4
9907	3.9
9908	3
9909	3.6
9910	3.4
9911	4.4
9912	3.2
9913	3.6
9914	3.6
9915	3.8
9916	3.1
9917	2.6
9918	3.4
9919	3.6
9920	2.7
9921	3.4
9922	2.9
9923	4.4
9924	3.4
9925	2.6
9926	3.6
9927	2.9
9928	3.6
9929	3
9930	3.9
9931	3.8
9932	3.4
9933	2.7
9934	3.4
9935	3.8
9936	3.6
9937	3.9
9938	4.3
9939	2.7
9940	3
9941	3.5
9942	2.7
9943	3.9
9944	3.6
9945	4.1
9946	2.5
9947	3.4
9948	4.5
9949	3.6
9950	3.1
9951	3.5
9952	3.1
9953	3
9954	3.6
9955	3.3
9956	3.4
9957	2.5
9958	3.5
9959	3.5
9960	3.3
9961	4.1
9962	3.7
9963	2.4
9964	3.1
9965	3
9966	3.7
9967	3.6
9968	4.1
9969	4
9970	3.4
9971	2.6
9972	2.9
9973	4.1
9974	3.3
9975	3.6
9976	4.1
9977	3.8
9978	3.2
9979	3.6
9980	3
9981	3.8
9982	4.1
9983	4.4
9984	2.9
9985	2.8
9986	4
9987	3.9
9988	3.7
9989	3.3
9990	2.8
9991	3.3
9992	3.8
9993	3.5
9994	3.9
9995	4
9996	3.1
9997	3.1
9998	2.6
9999	3.6
10000	4.5
