         0.5           0   -0.969884  0.00170854  -0.0267202    0.100006    0.351619   0.0133553      74.522      1.5708
        0.51           0   -0.967777  0.00166565   0.0070266   0.0882649    0.360796   0.0123514     71.9116     1.48461
        0.52           0   -0.962559   0.0016401   0.0174562   0.0646588    0.377847  0.00840417     66.5584     1.43728
        0.53           0   -0.958997  0.00172128  -0.0196342   0.0523792    0.387126  0.00744764     63.1022     1.54563
        0.54           0   -0.956262  0.00169804    0.005786    0.048533    0.389153  0.00616576     60.3191     1.51932
        0.55           0   -0.952735  0.00176273   0.0134294   0.0511249    0.396961  0.00502374     57.3775      1.5415
        0.56           0   -0.948914  0.00165093  -0.0201822   0.0499531    0.397121  0.00449598     53.9156      1.3914
        0.57           0   -0.945446  0.00151751   0.0122662   0.0437807    0.401067  0.00514765     51.2135     1.36166
        0.58           0   -0.941174  0.00150867   0.0102798   0.0472153    0.405833   0.0050848     48.0618     1.29757
        0.59           0   -0.938223  0.00148207  -0.0237096   0.0523307    0.408623  0.00470543     46.1203     1.19804
         0.6           0   -0.933416  0.00143622  -0.0280456   0.0476576    0.409568  0.00765594     42.8296     1.05411
        0.61           0   -0.929142  0.00127828  -0.0805916   0.0431188    0.419775  0.00762345     40.6011    0.894561
        0.62           0   -0.925635  0.00108961   -0.075592   0.0398874    0.423915  0.00802381     38.8253    0.672459
        0.63           0   -0.920652 0.000909345  -0.0598732   0.0356336    0.419942  0.00805043     36.0069    0.555475
        0.64           0   -0.916666 0.000910943  -0.0531972   0.0323383    0.422895  0.00667562     34.0054     0.43523
        0.65           0   -0.913428  0.00124959  -0.0418334   0.0292915    0.425598   0.0064825     32.7755    0.763541
        0.66           0   -0.909032  0.00102655  -0.0568804   0.0276191     0.42677  0.00617336     30.7698    0.668885
        0.67           0   -0.905576  0.00118762  -0.0560484   0.0307869    0.434502  0.00571674     29.8358    0.697257
        0.68           0   -0.900464  0.00131666   -0.055168   0.0267106    0.431764  0.00597486      27.709    0.797229
        0.69           0   -0.896364  0.00132629  -0.0490424   0.0219236    0.431755  0.00459329     26.1964    0.778113
         0.7           0   -0.891328  0.00111326  -0.0381724   0.0209115    0.431025  0.00545418     24.2756    0.605697
        0.71           0   -0.886977  0.00112313   -0.024784   0.0184439    0.437609  0.00491048      23.173    0.606743
        0.72           0   -0.882934  0.00115325   -0.020047   0.0161582    0.432851  0.00569908     21.8184    0.621768
        0.73           0    -0.87866  0.00095028  -0.0090204   0.0154969    0.432176  0.00623023     20.8727     0.56887
        0.74           0   -0.875274 0.000810748  -0.0109438   0.0162238    0.438338  0.00569869     20.4511    0.468038
        0.75           0   -0.870696 0.000831649  -0.0011358   0.0136237    0.437978  0.00484995     19.4793    0.419261
        0.76           0    -0.86612 0.000788931   -0.006847   0.0126466    0.435099  0.00465394     18.3752    0.362507
        0.77           0   -0.861315 0.000759844  -0.0089798   0.0147878    0.437894   0.0054685     17.3697    0.338004
        0.78           0   -0.856794 0.000785564  -0.0152868   0.0133625    0.439122  0.00508401     16.7372    0.323825
        0.79           0   -0.852271 0.000783971  -0.0151782   0.0123569    0.440012  0.00499334     15.9702    0.327311
         0.8           0    -0.84787 0.000739001  -0.0088448   0.0120585    0.437707  0.00483245     15.0921    0.302476
        0.81           0   -0.843472 0.000609071  -0.0105994   0.0125876    0.439485  0.00470345     14.4184     0.24936
        0.82           0   -0.839321 0.000584315  -0.0038378    0.012131    0.440702  0.00435107     13.7963    0.250873
        0.83           0   -0.834626 0.000489827   0.0008928   0.0126238    0.440539  0.00423566     13.2498    0.219441
        0.84           0   -0.830009 0.000538522   0.0017172   0.0121162    0.442311  0.00399167     12.6447    0.224259
        0.85           0   -0.825505 0.000505864    0.003605    0.011155    0.441817  0.00327255      12.066    0.205074
        0.86           0   -0.820688 0.000623726   0.0015188   0.0107884    0.439874  0.00286186     11.5499    0.199661
        0.87           0   -0.816409 0.000630268  -0.0004866   0.0104971    0.437493  0.00314541     11.0748    0.206189
        0.88           0   -0.812585 0.000668328   -0.003309   0.0108052    0.436991  0.00303371     10.9071    0.176504
        0.89           0   -0.808423 0.000683767  -0.0028086  0.00987828    0.436407  0.00289852     10.5541    0.168876
         0.9           0    -0.80444 0.000626065   0.0004502   0.0093941    0.434286  0.00312411     10.1739    0.167371
        0.91           0   -0.800646 0.000572326  -0.0023608  0.00889973    0.432037  0.00341323     9.92036    0.157051
        0.92           0    -0.79603 0.000509369  -0.0009628  0.00814497     0.43111  0.00383888     9.51454    0.147912
        0.93           0   -0.791615 0.000484787  -0.0001468  0.00808503    0.428335  0.00389124     9.11263    0.149683
        0.94           0   -0.787256   0.0005021  -0.0003372  0.00710064    0.426754  0.00399946     8.83301    0.137839
        0.95           0   -0.782599 0.000400889   0.0019554  0.00723388    0.424448  0.00365393     8.46649    0.138524
        0.96           0    -0.77818 0.000442664   0.0043254  0.00718842    0.424065  0.00324575     8.21783    0.132977
        0.97           0   -0.774087 0.000389658   0.0036666  0.00684189    0.422372  0.00278386     8.00396    0.121815
        0.98           0   -0.769799 0.000437448    2.58e-05  0.00661926    0.420917  0.00241493     7.72252    0.113822
        0.99           0   -0.765638 0.000490951   0.0011548  0.00616348    0.417711  0.00220398     7.51659     0.11726
           1           0   -0.761366 0.000531766   0.0037796  0.00632701    0.417848  0.00212948     7.32007     0.10069
        1.01           0   -0.757364 0.000555362   0.0029258  0.00608142    0.416193  0.00210717     7.10585    0.080566
        1.02           0   -0.753277 0.000592377   0.0013006  0.00512933    0.414024  0.00197265     6.87955   0.0793299
        1.03           0   -0.749768  0.00062834   0.0019348  0.00482217    0.412727  0.00174594     6.75762   0.0722744
        1.04           0    -0.74565 0.000618308   0.0018168  0.00489519    0.409756  0.00188926     6.57586   0.0790536
        1.05           0   -0.741542 0.000684282   0.0023542  0.00487098    0.406952  0.00193224     6.39388   0.0856409
        1.06           0    -0.73756 0.000636255   0.0020296  0.00481816     0.40361  0.00189261     6.22802   0.0808699
        1.07           0   -0.733619 0.000628118    -0.00018  0.00457743    0.402111  0.00153967     6.07809   0.0727699
        1.08           0   -0.729417 0.000585822  -0.0012566   0.0043801    0.400599  0.00189005     5.88024   0.0710885
        1.09           0   -0.725524 0.000601413   0.0013076  0.00453434    0.399646  0.00193797     5.73322   0.0758194
         1.1           0   -0.721557 0.000652084     0.00343  0.00453044    0.397364  0.00167567     5.59255     0.06977
        1.11           0   -0.717624 0.000628307    0.002056  0.00430985    0.394761  0.00154914     5.44724   0.0675952
        1.12           0   -0.713769 0.000603587    0.001566  0.00413852     0.39159  0.00177909     5.32768   0.0684573
        1.13           0   -0.709639 0.000592593   0.0008416  0.00406101    0.389553  0.00169941     5.17995   0.0613795
        1.14           0   -0.705764   0.0005386   0.0020228   0.0038395    0.387003  0.00171076     5.08649   0.0593025
        1.15           0   -0.701713   0.0005234   0.0028752  0.00422551    0.384574  0.00163327      4.9643   0.0563559
        1.16           0   -0.697682 0.000448714   0.0038654  0.00412837    0.382267  0.00147968     4.85121   0.0567023
        1.17           0   -0.694149 0.000424016   0.0041694  0.00435328    0.380236  0.00149021     4.72961   0.0484565
        1.18           0   -0.690333  0.00039167    0.004563  0.00408485    0.378413  0.00166539     4.60857   0.0434371
        1.19           0   -0.686676 0.000437093   0.0060298  0.00397651    0.375493  0.00186903     4.50704   0.0412817
         1.2           0   -0.682921 0.000494823   0.0058566  0.00392768    0.372708  0.00177288     4.41656   0.0363584
        1.21           0   -0.679368 0.000526295   0.0056778  0.00391254    0.369213  0.00173097     4.32978   0.0385956
        1.22           0   -0.675794 0.000511401   0.0053958  0.00396893     0.36602  0.00190916     4.24454   0.0333137
        1.23           0   -0.672181 0.000522044    0.005412  0.00381332    0.362444  0.00157942     4.16615    0.032633
        1.24           0   -0.668482 0.000521415   0.0055184  0.00395117    0.359631  0.00156785     4.06731    0.034194
        1.25           0   -0.665132  0.00049234   0.0051922   0.0039624    0.356867  0.00151888     3.99554   0.0337375
        1.26           0   -0.661312 0.000500765   0.0052842  0.00377484    0.354432  0.00163306     3.90035   0.0324804
        1.27           0   -0.657526 0.000511101    0.006085  0.00343827    0.351554  0.00187147     3.82314   0.0318819
        1.28           0    -0.65398 0.000510986   0.0058546  0.00319858    0.348671  0.00170692      3.7514   0.0313212
        1.29           0   -0.650423 0.000516158   0.0051868  0.00309894    0.345914  0.00175021      3.6759   0.0283928
         1.3           0   -0.646946 0.000506429   0.0048448  0.00312807    0.342445  0.00154789     3.60672   0.0255338
        1.31           0   -0.643366 0.000461705   0.0039924  0.00278138    0.340031  0.00167366     3.52797   0.0251325
        1.32           0    -0.63995 0.000450506   0.0029312  0.00285397    0.338231  0.00162839     3.46267   0.0237099
        1.33           0   -0.636511 0.000425744     0.00211  0.00274855    0.334632  0.00144793     3.39108   0.0239675
        1.34           0   -0.633353 0.000395737    0.002328  0.00261734    0.331755  0.00139583     3.33147   0.0252897
        1.35           0   -0.630014 0.000440826   0.0026434  0.00240833    0.329155  0.00125342     3.27724   0.0265749
        1.36           0   -0.626676 0.000427487   0.0023846  0.00249494    0.325943  0.00135131     3.20974   0.0238544
        1.37           0   -0.623292 0.000380885   0.0024556  0.00255361    0.324303  0.00137465     3.15105   0.0238732
        1.38           0   -0.620229 0.000359284   0.0020266  0.00257257    0.322018  0.00129607     3.10536   0.0236885
        1.39           0   -0.617095 0.000333428   0.0016038  0.00254663    0.319325  0.00121907     3.04156   0.0227844
         1.4           0   -0.614007 0.000325754   0.0009174  0.00247619    0.316414  0.00106997     2.98311   0.0203136
        1.41           0   -0.610663 0.000317762   0.0005488  0.00245765    0.314666  0.00105622     2.93234   0.0224649
        1.42           0   -0.607562 0.000317911   0.0005996  0.00251623    0.312519  0.00106791      2.8911   0.0211674
        1.43           0   -0.604357 0.000358908   0.0002878  0.00251371    0.310335  0.00108515     2.84392    0.019839
        1.44           0   -0.601174 0.000327954    5.28e-05  0.00258924    0.307695  0.00107609     2.78953   0.0179839
        1.45           0   -0.597986 0.000326593   0.0008498  0.00259484    0.305077  0.00100687     2.74464   0.0185271
        1.46           0   -0.594925 0.000330788   0.0012506  0.00269847    0.303284   0.0010502     2.70705   0.0185216
        1.47           0   -0.592015 0.000330933   0.0016368  0.00261553    0.300947  0.00102319     2.66516   0.0160382
        1.48           0   -0.588797 0.000330301   0.0016818  0.00254848    0.299029  0.00098225     2.61756   0.0154739
        1.49           0   -0.585816 0.000326542    0.001881  0.00253253    0.296716  0.00102732     2.56646   0.0144355
         1.5           0   -0.582837 0.000344534   0.0020294  0.00250747    0.294553 0.000908829     2.52166   0.0143985
        1.51           0   -0.579795 0.000360121   0.0013782  0.00251336    0.291821 0.000894862      2.4771   0.0159534
        1.52           0   -0.576918 0.000378921   0.0014522  0.00247829     0.28942 0.000936682     2.44933   0.0158676
        1.53           0   -0.574159 0.000382008   0.0013948  0.00244378    0.287148  0.00107467     2.41331   0.0149459
        1.54           0   -0.571269 0.000409332   0.0015438  0.00229161    0.284735  0.00109501     2.38776   0.0153659
        1.55           0   -0.568485 0.000401392   0.0016372  0.00236917    0.282619   0.0010351     2.35485    0.015079
        1.56           0   -0.565728  0.00042876   0.0014378  0.00226067    0.280309  0.00118491     2.31844   0.0142944
        1.57           0   -0.562947 0.000424929   0.0014042   0.0022638    0.278194  0.00118495     2.28058   0.0147694
        1.58           0   -0.560176 0.000413494   0.0013476  0.00210371    0.275683  0.00124654     2.24955   0.0127702
        1.59           0   -0.557302 0.000408497   0.0017178  0.00199268    0.273635  0.00108991      2.2193   0.0123151
         1.6           0   -0.554602 0.000401429   0.0020742  0.00191693    0.271514  0.00101418     2.18434   0.0106009
        1.61           0   -0.551814 0.000400858    0.002205  0.00191489    0.269478 0.000993536     2.15178   0.0101894
        1.62           0   -0.549088 0.000405288   0.0019266  0.00190437    0.267221  0.00104317      2.1217   0.0114297
        1.63           0    -0.54654 0.000415028   0.0018934  0.00193905    0.265196  0.00120379     2.09813   0.0110092
        1.64           0   -0.543856 0.000405569    0.001573  0.00206913    0.263086  0.00128627     2.06808   0.0109942
        1.65           0   -0.541298 0.000390786   0.0017608  0.00203714    0.260984  0.00135447     2.03844   0.0106049
        1.66           0   -0.538712 0.000387114    0.001492   0.0020668    0.259076  0.00128489     2.01102   0.0104104
        1.67           0   -0.536204 0.000367053   0.0013244  0.00214227    0.256878  0.00120066     1.98832   0.0107522
        1.68           0   -0.533662 0.000361398   0.0013222   0.0021937    0.254645  0.00117326     1.95959   0.0110796
        1.69           0   -0.530945 0.000361425   0.0015864  0.00214741    0.252561  0.00116879     1.92866   0.0109908
         1.7           0   -0.528348 0.000355891   0.0015382  0.00216096      0.2502  0.00112684     1.89814   0.0111563
        1.71           0   -0.525882 0.000362736   0.0017146  0.00209161    0.248237  0.00106911     1.87255   0.0108763
        1.72           0   -0.523276 0.000400598   0.0019078  0.00203675    0.246162  0.00109701     1.85053   0.0106201
        1.73           0   -0.520814 0.000400341   0.0014366   0.0020214     0.24391   0.0011756     1.82337   0.0109502
        1.74           0   -0.518435 0.000402126      0.0012  0.00202455    0.241931   0.0011634     1.80199   0.0105684
        1.75           0   -0.516036 0.000411234   0.0013626    0.001883    0.239885  0.00113794      1.7802   0.0102807
        1.76           0   -0.513676 0.000429316   0.0013772  0.00189502    0.238005  0.00112141     1.75687   0.0095213
        1.77           0   -0.511277 0.000435729    0.001558  0.00193041    0.236332  0.00111078     1.73649  0.00977187
        1.78           0   -0.509016 0.000436441   0.0016118  0.00184867    0.234586   0.0011438     1.71947  0.00969703
        1.79           0   -0.506804 0.000420245   0.0018044  0.00184647    0.232339  0.00119778     1.69694    0.009566
         1.8           0   -0.504541 0.000417269   0.0020698  0.00182405    0.230268  0.00119613     1.67825  0.00927755
        1.81           0   -0.502232 0.000406348   0.0020928  0.00181535    0.228543  0.00115382     1.65827  0.00893259
        1.82           0   -0.499962  0.00038834   0.0022244  0.00174757    0.226933  0.00111106     1.63736  0.00853367
        1.83           0   -0.497787 0.000392962   0.0022958  0.00174926    0.225516   0.0010784     1.62091  0.00801559
        1.84           0   -0.495515  0.00040714   0.0018252  0.00172433     0.22356  0.00103903     1.60222  0.00795743
        1.85           0   -0.493262 0.000416097    0.001665   0.0016868    0.222133  0.00107023     1.58558  0.00822776
        1.86           0   -0.491161 0.000404586   0.0015646  0.00177569    0.220322  0.00105408     1.56773  0.00808756
        1.87           0   -0.488838  0.00040118   0.0014236   0.0016992    0.218612  0.00104144     1.54579  0.00873664
        1.88           0     -0.4866  0.00040841    0.001349  0.00170121     0.21694   0.0010301     1.52985  0.00814473
        1.89           0    -0.48438 0.000381865   0.0013168  0.00175608    0.215003 0.000967876     1.51213  0.00819016
         1.9           0   -0.482302 0.000398247   0.0013588  0.00176318    0.213459 0.000961045     1.49376  0.00731679
        1.91           0   -0.480298 0.000404366   0.0012312  0.00178671    0.211957 0.000956841     1.47871  0.00779752
        1.92           0   -0.478205 0.000396191    0.001235  0.00183116    0.210565  0.00095101     1.46391  0.00735608
        1.93           0   -0.476129 0.000391624   0.0013478  0.00182607    0.208683 0.000907351     1.45013  0.00712534
        1.94           0   -0.474148 0.000384272   0.0010864  0.00180449    0.206991 0.000930599      1.4336   0.0072282
        1.95           0   -0.471947 0.000393232    0.000738  0.00179828    0.205192 0.000939688     1.41825  0.00708033
        1.96           0   -0.469893  0.00037083   0.0008338  0.00183648    0.203838 0.000905099      1.4039  0.00648657
        1.97           0   -0.467876 0.000355064   0.0008202   0.0017995    0.202237 0.000908879     1.38882  0.00581212
        1.98           0   -0.465884 0.000353134    0.000989  0.00182622    0.200887 0.000861156     1.37526  0.00594594
        1.99           0   -0.463871 0.000354805   0.0008266  0.00176679    0.199252  0.00080258     1.35899  0.00564718
